CRITICAL - 2021-08-02 13:17:31 --> Unable to load template 'file:../mainTemplate.tpl' in 'ujFeladat.tpl'
#0 /opt/lampp/htdocs/CodeIgniter/ci-TodoApp2/vendor/smarty/smarty/libs/sysplugins/smarty_internal_template.php(385): Smarty_Internal_Template->render()
#1 /opt/lampp/htdocs/CodeIgniter/ci-TodoApp2/vendor/smarty/smarty/libs/sysplugins/smarty_internal_runtime_inheritance.php(116): Smarty_Internal_Template->_subTemplateRender('../mainTemplate...', NULL, NULL, 0, 3600, Array, 2, false, NULL, NULL)
#2 /opt/lampp/htdocs/CodeIgniter/ci-TodoApp2/writable/smarty/templates_c/b70a4bcf1482209d8feeb724e43812b891fbf739_0.file.ujFeladat.tpl.php(36): Smarty_Internal_Runtime_Inheritance->endChild(Object(Smarty_Internal_Template), '../mainTemplate...')
#3 /opt/lampp/htdocs/CodeIgniter/ci-TodoApp2/vendor/smarty/smarty/libs/sysplugins/smarty_template_resource_base.php(123): content_610836bbcf3621_76042598(Object(Smarty_Internal_Template))
#4 /opt/lampp/htdocs/CodeIgniter/ci-TodoApp2/vendor/smarty/smarty/libs/sysplugins/smarty_template_compiled.php(114): Smarty_Template_Resource_Base->getRenderedTemplateCode(Object(Smarty_Internal_Template))
#5 /opt/lampp/htdocs/CodeIgniter/ci-TodoApp2/vendor/smarty/smarty/libs/sysplugins/smarty_internal_template.php(216): Smarty_Template_Compiled->render(Object(Smarty_Internal_Template))
#6 /opt/lampp/htdocs/CodeIgniter/ci-TodoApp2/vendor/smarty/smarty/libs/sysplugins/smarty_internal_templatebase.php(232): Smarty_Internal_Template->render(false, 1)
#7 /opt/lampp/htdocs/CodeIgniter/ci-TodoApp2/vendor/smarty/smarty/libs/sysplugins/smarty_internal_templatebase.php(134): Smarty_Internal_TemplateBase->_execute(Object(Smarty_Internal_Template), NULL, NULL, NULL, 1)
#8 /opt/lampp/htdocs/CodeIgniter/ci-TodoApp2/app/Controllers/TodoAppController.php(74): Smarty_Internal_TemplateBase->display('ujFeladat.tpl')
#9 /opt/lampp/htdocs/CodeIgniter/ci-TodoApp2/vendor/codeigniter4/framework/system/CodeIgniter.php(928): App\Controllers\TodoAppController->ujFeladat()
#10 /opt/lampp/htdocs/CodeIgniter/ci-TodoApp2/vendor/codeigniter4/framework/system/CodeIgniter.php(436): CodeIgniter\CodeIgniter->runController(Object(App\Controllers\TodoAppController))
#11 /opt/lampp/htdocs/CodeIgniter/ci-TodoApp2/vendor/codeigniter4/framework/system/CodeIgniter.php(336): CodeIgniter\CodeIgniter->handleRequest(NULL, Object(Config\Cache), false)
#12 /opt/lampp/htdocs/CodeIgniter/ci-TodoApp2/public/index.php(37): CodeIgniter\CodeIgniter->run()
#13 /opt/lampp/htdocs/CodeIgniter/ci-TodoApp2/vendor/codeigniter4/framework/system/Commands/Server/rewrite.php(45): require_once('/opt/lampp/htdo...')
#14 {main}
CRITICAL - 2021-08-02 13:55:38 --> Trying to get property 'fleiras' of non-object
#0 /opt/lampp/htdocs/CodeIgniter/ci-TodoApp2/writable/smarty/templates_c/244d005c70dd2cb0179cd176fa3ded0d4b26f1e5_0.file.mainTemplate.tpl.php(166): CodeIgniter\Debug\Exceptions->errorHandler(8, 'Trying to get p...', '/opt/lampp/htdo...', 166, Array)
#1 /opt/lampp/htdocs/CodeIgniter/ci-TodoApp2/vendor/smarty/smarty/libs/sysplugins/smarty_internal_runtime_inheritance.php(248): Block_46719586561083faaa4b848_22549066->callBlock(Object(Smarty_Internal_Template))
#2 /opt/lampp/htdocs/CodeIgniter/ci-TodoApp2/vendor/smarty/smarty/libs/sysplugins/smarty_internal_runtime_inheritance.php(184): Smarty_Internal_Runtime_Inheritance->callBlock(Object(Block_46719586561083faaa4b848_22549066), Object(Smarty_Internal_Template))
#3 /opt/lampp/htdocs/CodeIgniter/ci-TodoApp2/vendor/smarty/smarty/libs/sysplugins/smarty_internal_runtime_inheritance.php(156): Smarty_Internal_Runtime_Inheritance->process(Object(Smarty_Internal_Template), Object(Block_46719586561083faaa4b848_22549066))
#4 /opt/lampp/htdocs/CodeIgniter/ci-TodoApp2/writable/smarty/templates_c/244d005c70dd2cb0179cd176fa3ded0d4b26f1e5_0.file.mainTemplate.tpl.php(80): Smarty_Internal_Runtime_Inheritance->instanceBlock(Object(Smarty_Internal_Template), 'Block_467195865...', 'BodyMain')
#5 /opt/lampp/htdocs/CodeIgniter/ci-TodoApp2/vendor/smarty/smarty/libs/sysplugins/smarty_template_resource_base.php(123): content_61083faaa5bd38_43668116(Object(Smarty_Internal_Template))
#6 /opt/lampp/htdocs/CodeIgniter/ci-TodoApp2/vendor/smarty/smarty/libs/sysplugins/smarty_template_compiled.php(114): Smarty_Template_Resource_Base->getRenderedTemplateCode(Object(Smarty_Internal_Template))
#7 /opt/lampp/htdocs/CodeIgniter/ci-TodoApp2/vendor/smarty/smarty/libs/sysplugins/smarty_internal_template.php(216): Smarty_Template_Compiled->render(Object(Smarty_Internal_Template))
#8 /opt/lampp/htdocs/CodeIgniter/ci-TodoApp2/vendor/smarty/smarty/libs/sysplugins/smarty_internal_templatebase.php(232): Smarty_Internal_Template->render(false, 1)
#9 /opt/lampp/htdocs/CodeIgniter/ci-TodoApp2/vendor/smarty/smarty/libs/sysplugins/smarty_internal_templatebase.php(134): Smarty_Internal_TemplateBase->_execute(Object(Smarty_Internal_Template), NULL, NULL, NULL, 1)
#10 /opt/lampp/htdocs/CodeIgniter/ci-TodoApp2/app/Controllers/TodoAppController.php(63): Smarty_Internal_TemplateBase->display('mainTemplate.tp...')
#11 /opt/lampp/htdocs/CodeIgniter/ci-TodoApp2/vendor/codeigniter4/framework/system/CodeIgniter.php(928): App\Controllers\TodoAppController->TodoApp()
#12 /opt/lampp/htdocs/CodeIgniter/ci-TodoApp2/vendor/codeigniter4/framework/system/CodeIgniter.php(436): CodeIgniter\CodeIgniter->runController(Object(App\Controllers\TodoAppController))
#13 /opt/lampp/htdocs/CodeIgniter/ci-TodoApp2/vendor/codeigniter4/framework/system/CodeIgniter.php(336): CodeIgniter\CodeIgniter->handleRequest(NULL, Object(Config\Cache), false)
#14 /opt/lampp/htdocs/CodeIgniter/ci-TodoApp2/public/index.php(37): CodeIgniter\CodeIgniter->run()
#15 /opt/lampp/htdocs/CodeIgniter/ci-TodoApp2/vendor/codeigniter4/framework/system/Commands/Server/rewrite.php(45): require_once('/opt/lampp/htdo...')
#16 {main}
