CRITICAL - 2021-07-20 10:41:59 --> assets filter must have a matching alias defined.
#0 /opt/lampp/htdocs/CodeIgniter/ci-TodoApp/vendor/codeigniter4/framework/system/Filters/Filters.php(546): CodeIgniter\Filters\Exceptions\FilterException::forNoAlias('assets')
#1 /opt/lampp/htdocs/CodeIgniter/ci-TodoApp/vendor/codeigniter4/framework/system/Filters/Filters.php(265): CodeIgniter\Filters\Filters->processAliasesToClass('after')
#2 /opt/lampp/htdocs/CodeIgniter/ci-TodoApp/vendor/codeigniter4/framework/system/Filters/Filters.php(168): CodeIgniter\Filters\Filters->initialize('/')
#3 /opt/lampp/htdocs/CodeIgniter/ci-TodoApp/vendor/codeigniter4/framework/system/CodeIgniter.php(407): CodeIgniter\Filters\Filters->run('/', 'before')
#4 /opt/lampp/htdocs/CodeIgniter/ci-TodoApp/vendor/codeigniter4/framework/system/CodeIgniter.php(336): CodeIgniter\CodeIgniter->handleRequest(NULL, Object(Config\Cache), false)
#5 /opt/lampp/htdocs/CodeIgniter/ci-TodoApp/public/index.php(37): CodeIgniter\CodeIgniter->run()
#6 {main}
CRITICAL - 2021-07-20 11:43:59 --> assets filter must have a matching alias defined.
#0 /opt/lampp/htdocs/CodeIgniter/ci-TodoApp/vendor/codeigniter4/framework/system/Filters/Filters.php(546): CodeIgniter\Filters\Exceptions\FilterException::forNoAlias('assets')
#1 /opt/lampp/htdocs/CodeIgniter/ci-TodoApp/vendor/codeigniter4/framework/system/Filters/Filters.php(265): CodeIgniter\Filters\Filters->processAliasesToClass('after')
#2 /opt/lampp/htdocs/CodeIgniter/ci-TodoApp/vendor/codeigniter4/framework/system/Filters/Filters.php(168): CodeIgniter\Filters\Filters->initialize('/')
#3 /opt/lampp/htdocs/CodeIgniter/ci-TodoApp/vendor/codeigniter4/framework/system/CodeIgniter.php(407): CodeIgniter\Filters\Filters->run('/', 'before')
#4 /opt/lampp/htdocs/CodeIgniter/ci-TodoApp/vendor/codeigniter4/framework/system/CodeIgniter.php(336): CodeIgniter\CodeIgniter->handleRequest(NULL, Object(Config\Cache), false)
#5 /opt/lampp/htdocs/CodeIgniter/ci-TodoApp/public/index.php(37): CodeIgniter\CodeIgniter->run()
#6 {main}
CRITICAL - 2021-07-20 11:55:53 --> Class 'Tatter\Assets\Filters\AssetsFilter' not found
#0 /opt/lampp/htdocs/CodeIgniter/ci-TodoApp/vendor/codeigniter4/framework/system/CodeIgniter.php(454): CodeIgniter\Filters\Filters->run('/', 'after')
#1 /opt/lampp/htdocs/CodeIgniter/ci-TodoApp/vendor/codeigniter4/framework/system/CodeIgniter.php(336): CodeIgniter\CodeIgniter->handleRequest(NULL, Object(Config\Cache), false)
#2 /opt/lampp/htdocs/CodeIgniter/ci-TodoApp/public/index.php(37): CodeIgniter\CodeIgniter->run()
#3 {main}
CRITICAL - 2021-07-20 11:56:15 --> Class 'Config\AssetsFilter' not found
#0 /opt/lampp/htdocs/CodeIgniter/ci-TodoApp/vendor/codeigniter4/framework/system/CodeIgniter.php(454): CodeIgniter\Filters\Filters->run('/', 'after')
#1 /opt/lampp/htdocs/CodeIgniter/ci-TodoApp/vendor/codeigniter4/framework/system/CodeIgniter.php(336): CodeIgniter\CodeIgniter->handleRequest(NULL, Object(Config\Cache), false)
#2 /opt/lampp/htdocs/CodeIgniter/ci-TodoApp/public/index.php(37): CodeIgniter\CodeIgniter->run()
#3 {main}
CRITICAL - 2021-07-20 11:56:44 --> Class 'Tatter\Assets\Filters\AssetsFilter' not found
#0 /opt/lampp/htdocs/CodeIgniter/ci-TodoApp/vendor/codeigniter4/framework/system/CodeIgniter.php(454): CodeIgniter\Filters\Filters->run('/', 'after')
#1 /opt/lampp/htdocs/CodeIgniter/ci-TodoApp/vendor/codeigniter4/framework/system/CodeIgniter.php(336): CodeIgniter\CodeIgniter->handleRequest(NULL, Object(Config\Cache), false)
#2 /opt/lampp/htdocs/CodeIgniter/ci-TodoApp/public/index.php(37): CodeIgniter\CodeIgniter->run()
#3 {main}
CRITICAL - 2021-07-20 12:53:49 --> Class 'Tatter\Assets\Asset' not found
#0 /opt/lampp/htdocs/CodeIgniter/ci-TodoApp/vendor/codeigniter4/framework/system/CodeIgniter.php(928): App\Controllers\TodoAppController->ujFeladat()
#1 /opt/lampp/htdocs/CodeIgniter/ci-TodoApp/vendor/codeigniter4/framework/system/CodeIgniter.php(436): CodeIgniter\CodeIgniter->runController(Object(App\Controllers\TodoAppController))
#2 /opt/lampp/htdocs/CodeIgniter/ci-TodoApp/vendor/codeigniter4/framework/system/CodeIgniter.php(336): CodeIgniter\CodeIgniter->handleRequest(NULL, Object(Config\Cache), false)
#3 /opt/lampp/htdocs/CodeIgniter/ci-TodoApp/public/index.php(37): CodeIgniter\CodeIgniter->run()
#4 /opt/lampp/htdocs/CodeIgniter/ci-TodoApp/vendor/codeigniter4/framework/system/Commands/Server/rewrite.php(45): require_once('/opt/lampp/htdo...')
#5 {main}
CRITICAL - 2021-07-20 12:58:30 --> Class 'Tatter\Assets\Asset' not found
#0 /opt/lampp/htdocs/CodeIgniter/ci-TodoApp/vendor/codeigniter4/framework/system/CodeIgniter.php(928): App\Controllers\TodoAppController->ujFeladat()
#1 /opt/lampp/htdocs/CodeIgniter/ci-TodoApp/vendor/codeigniter4/framework/system/CodeIgniter.php(436): CodeIgniter\CodeIgniter->runController(Object(App\Controllers\TodoAppController))
#2 /opt/lampp/htdocs/CodeIgniter/ci-TodoApp/vendor/codeigniter4/framework/system/CodeIgniter.php(336): CodeIgniter\CodeIgniter->handleRequest(NULL, Object(Config\Cache), false)
#3 /opt/lampp/htdocs/CodeIgniter/ci-TodoApp/public/index.php(37): CodeIgniter\CodeIgniter->run()
#4 /opt/lampp/htdocs/CodeIgniter/ci-TodoApp/vendor/codeigniter4/framework/system/Commands/Server/rewrite.php(45): require_once('/opt/lampp/htdo...')
#5 {main}
CRITICAL - 2021-07-20 12:58:32 --> Class 'Config\AssetsFilter' not found
#0 /opt/lampp/htdocs/CodeIgniter/ci-TodoApp/vendor/codeigniter4/framework/system/CodeIgniter.php(454): CodeIgniter\Filters\Filters->run('/', 'after')
#1 /opt/lampp/htdocs/CodeIgniter/ci-TodoApp/vendor/codeigniter4/framework/system/CodeIgniter.php(336): CodeIgniter\CodeIgniter->handleRequest(NULL, Object(Config\Cache), false)
#2 /opt/lampp/htdocs/CodeIgniter/ci-TodoApp/public/index.php(37): CodeIgniter\CodeIgniter->run()
#3 {main}
CRITICAL - 2021-07-20 12:58:35 --> Class 'Config\AssetsFilter' not found
#0 /opt/lampp/htdocs/CodeIgniter/ci-TodoApp/vendor/codeigniter4/framework/system/CodeIgniter.php(454): CodeIgniter\Filters\Filters->run('/', 'after')
#1 /opt/lampp/htdocs/CodeIgniter/ci-TodoApp/vendor/codeigniter4/framework/system/CodeIgniter.php(336): CodeIgniter\CodeIgniter->handleRequest(NULL, Object(Config\Cache), false)
#2 /opt/lampp/htdocs/CodeIgniter/ci-TodoApp/public/index.php(37): CodeIgniter\CodeIgniter->run()
#3 {main}
CRITICAL - 2021-07-20 13:04:43 --> Class 'Config\AssetsFilter' not found
#0 /opt/lampp/htdocs/CodeIgniter/ci-TodoApp/vendor/codeigniter4/framework/system/CodeIgniter.php(454): CodeIgniter\Filters\Filters->run('/', 'after')
#1 /opt/lampp/htdocs/CodeIgniter/ci-TodoApp/vendor/codeigniter4/framework/system/CodeIgniter.php(336): CodeIgniter\CodeIgniter->handleRequest(NULL, Object(Config\Cache), false)
#2 /opt/lampp/htdocs/CodeIgniter/ci-TodoApp/public/index.php(37): CodeIgniter\CodeIgniter->run()
#3 {main}
CRITICAL - 2021-07-20 13:06:25 --> Class 'Tatter\Assets\Filter\AssetsFilter' not found
#0 /opt/lampp/htdocs/CodeIgniter/ci-TodoApp/vendor/codeigniter4/framework/system/CodeIgniter.php(454): CodeIgniter\Filters\Filters->run('/', 'after')
#1 /opt/lampp/htdocs/CodeIgniter/ci-TodoApp/vendor/codeigniter4/framework/system/CodeIgniter.php(336): CodeIgniter\CodeIgniter->handleRequest(NULL, Object(Config\Cache), false)
#2 /opt/lampp/htdocs/CodeIgniter/ci-TodoApp/public/index.php(37): CodeIgniter\CodeIgniter->run()
#3 {main}
CRITICAL - 2021-07-20 13:12:30 --> Class 'App\Controllers\Asset' not found
#0 /opt/lampp/htdocs/CodeIgniter/ci-TodoApp/vendor/codeigniter4/framework/system/CodeIgniter.php(928): App\Controllers\TodoAppController->ujFeladat()
#1 /opt/lampp/htdocs/CodeIgniter/ci-TodoApp/vendor/codeigniter4/framework/system/CodeIgniter.php(436): CodeIgniter\CodeIgniter->runController(Object(App\Controllers\TodoAppController))
#2 /opt/lampp/htdocs/CodeIgniter/ci-TodoApp/vendor/codeigniter4/framework/system/CodeIgniter.php(336): CodeIgniter\CodeIgniter->handleRequest(NULL, Object(Config\Cache), false)
#3 /opt/lampp/htdocs/CodeIgniter/ci-TodoApp/public/index.php(37): CodeIgniter\CodeIgniter->run()
#4 /opt/lampp/htdocs/CodeIgniter/ci-TodoApp/vendor/codeigniter4/framework/system/Commands/Server/rewrite.php(45): require_once('/opt/lampp/htdo...')
#5 {main}
CRITICAL - 2021-07-20 13:21:21 --> Class 'App\Controllers\Asset' not found
#0 /opt/lampp/htdocs/CodeIgniter/ci-TodoApp/vendor/codeigniter4/framework/system/CodeIgniter.php(928): App\Controllers\TodoAppController->ujFeladat()
#1 /opt/lampp/htdocs/CodeIgniter/ci-TodoApp/vendor/codeigniter4/framework/system/CodeIgniter.php(436): CodeIgniter\CodeIgniter->runController(Object(App\Controllers\TodoAppController))
#2 /opt/lampp/htdocs/CodeIgniter/ci-TodoApp/vendor/codeigniter4/framework/system/CodeIgniter.php(336): CodeIgniter\CodeIgniter->handleRequest(NULL, Object(Config\Cache), false)
#3 /opt/lampp/htdocs/CodeIgniter/ci-TodoApp/public/index.php(37): CodeIgniter\CodeIgniter->run()
#4 /opt/lampp/htdocs/CodeIgniter/ci-TodoApp/vendor/codeigniter4/framework/system/Commands/Server/rewrite.php(45): require_once('/opt/lampp/htdo...')
#5 {main}
CRITICAL - 2021-07-20 13:22:26 --> Class 'Config\AssetsConfig' not found
#0 /opt/lampp/htdocs/CodeIgniter/ci-TodoApp/vendor/codeigniter4/framework/system/Autoloader/Autoloader.php(300): include_once()
#1 /opt/lampp/htdocs/CodeIgniter/ci-TodoApp/vendor/codeigniter4/framework/system/Autoloader/Autoloader.php(273): CodeIgniter\Autoloader\Autoloader->includeFile('/opt/lampp/htdo...')
#2 /opt/lampp/htdocs/CodeIgniter/ci-TodoApp/vendor/codeigniter4/framework/system/Autoloader/Autoloader.php(247): CodeIgniter\Autoloader\Autoloader->loadInNamespace('Config\\Filters')
#3 [internal function]: CodeIgniter\Autoloader\Autoloader->loadClass('Config\\Filters')
#4 [internal function]: spl_autoload_call('Config\\Filters')
#5 /opt/lampp/htdocs/CodeIgniter/ci-TodoApp/vendor/codeigniter4/framework/system/Config/Factories.php(149): class_exists('Config\\Filters')
#6 /opt/lampp/htdocs/CodeIgniter/ci-TodoApp/vendor/codeigniter4/framework/system/Config/Factories.php(115): CodeIgniter\Config\Factories::locateClass(Array, 'Filters')
#7 /opt/lampp/htdocs/CodeIgniter/ci-TodoApp/vendor/codeigniter4/framework/system/Common.php(228): CodeIgniter\Config\Factories::__callStatic('config', Array)
#8 /opt/lampp/htdocs/CodeIgniter/ci-TodoApp/vendor/codeigniter4/framework/system/Config/Services.php(305): config('Filters')
#9 /opt/lampp/htdocs/CodeIgniter/ci-TodoApp/vendor/codeigniter4/framework/system/Config/BaseService.php(263): CodeIgniter\Config\Services::filters(NULL, false)
#10 /opt/lampp/htdocs/CodeIgniter/ci-TodoApp/vendor/codeigniter4/framework/system/Config/BaseService.php(192): CodeIgniter\Config\BaseService::__callStatic('filters', Array)
#11 /opt/lampp/htdocs/CodeIgniter/ci-TodoApp/vendor/codeigniter4/framework/system/Config/Services.php(302): CodeIgniter\Config\BaseService::getSharedInstance('filters', NULL)
#12 /opt/lampp/htdocs/CodeIgniter/ci-TodoApp/vendor/codeigniter4/framework/system/Config/BaseService.php(263): CodeIgniter\Config\Services::filters()
#13 /opt/lampp/htdocs/CodeIgniter/ci-TodoApp/vendor/codeigniter4/framework/system/CodeIgniter.php(392): CodeIgniter\Config\BaseService::__callStatic('filters', Array)
#14 /opt/lampp/htdocs/CodeIgniter/ci-TodoApp/vendor/codeigniter4/framework/system/CodeIgniter.php(336): CodeIgniter\CodeIgniter->handleRequest(NULL, Object(Config\Cache), false)
#15 /opt/lampp/htdocs/CodeIgniter/ci-TodoApp/public/index.php(37): CodeIgniter\CodeIgniter->run()
#16 {main}
CRITICAL - 2021-07-20 13:22:49 --> Class 'Tatter\Assets\Filters\AssetsFilter' not found
#0 /opt/lampp/htdocs/CodeIgniter/ci-TodoApp/vendor/codeigniter4/framework/system/CodeIgniter.php(454): CodeIgniter\Filters\Filters->run('/', 'after')
#1 /opt/lampp/htdocs/CodeIgniter/ci-TodoApp/vendor/codeigniter4/framework/system/CodeIgniter.php(336): CodeIgniter\CodeIgniter->handleRequest(NULL, Object(Config\Cache), false)
#2 /opt/lampp/htdocs/CodeIgniter/ci-TodoApp/public/index.php(37): CodeIgniter\CodeIgniter->run()
#3 {main}
CRITICAL - 2021-07-20 13:22:50 --> Class 'Tatter\Assets\Filters\AssetsFilter' not found
#0 /opt/lampp/htdocs/CodeIgniter/ci-TodoApp/vendor/codeigniter4/framework/system/CodeIgniter.php(454): CodeIgniter\Filters\Filters->run('/', 'after')
#1 /opt/lampp/htdocs/CodeIgniter/ci-TodoApp/vendor/codeigniter4/framework/system/CodeIgniter.php(336): CodeIgniter\CodeIgniter->handleRequest(NULL, Object(Config\Cache), false)
#2 /opt/lampp/htdocs/CodeIgniter/ci-TodoApp/public/index.php(37): CodeIgniter\CodeIgniter->run()
#3 {main}
CRITICAL - 2021-07-20 13:23:00 --> Class 'App\Controllers\Asset' not found
#0 /opt/lampp/htdocs/CodeIgniter/ci-TodoApp/vendor/codeigniter4/framework/system/CodeIgniter.php(928): App\Controllers\TodoAppController->ujFeladat()
#1 /opt/lampp/htdocs/CodeIgniter/ci-TodoApp/vendor/codeigniter4/framework/system/CodeIgniter.php(436): CodeIgniter\CodeIgniter->runController(Object(App\Controllers\TodoAppController))
#2 /opt/lampp/htdocs/CodeIgniter/ci-TodoApp/vendor/codeigniter4/framework/system/CodeIgniter.php(336): CodeIgniter\CodeIgniter->handleRequest(NULL, Object(Config\Cache), false)
#3 /opt/lampp/htdocs/CodeIgniter/ci-TodoApp/public/index.php(37): CodeIgniter\CodeIgniter->run()
#4 /opt/lampp/htdocs/CodeIgniter/ci-TodoApp/vendor/codeigniter4/framework/system/Commands/Server/rewrite.php(45): require_once('/opt/lampp/htdo...')
#5 {main}
CRITICAL - 2021-07-20 13:23:01 --> Class 'Tatter\Assets\Filters\AssetsFilter' not found
#0 /opt/lampp/htdocs/CodeIgniter/ci-TodoApp/vendor/codeigniter4/framework/system/CodeIgniter.php(454): CodeIgniter\Filters\Filters->run('/', 'after')
#1 /opt/lampp/htdocs/CodeIgniter/ci-TodoApp/vendor/codeigniter4/framework/system/CodeIgniter.php(336): CodeIgniter\CodeIgniter->handleRequest(NULL, Object(Config\Cache), false)
#2 /opt/lampp/htdocs/CodeIgniter/ci-TodoApp/public/index.php(37): CodeIgniter\CodeIgniter->run()
#3 {main}
CRITICAL - 2021-07-20 13:23:02 --> Class 'Tatter\Assets\Filters\AssetsFilter' not found
#0 /opt/lampp/htdocs/CodeIgniter/ci-TodoApp/vendor/codeigniter4/framework/system/CodeIgniter.php(454): CodeIgniter\Filters\Filters->run('/', 'after')
#1 /opt/lampp/htdocs/CodeIgniter/ci-TodoApp/vendor/codeigniter4/framework/system/CodeIgniter.php(336): CodeIgniter\CodeIgniter->handleRequest(NULL, Object(Config\Cache), false)
#2 /opt/lampp/htdocs/CodeIgniter/ci-TodoApp/public/index.php(37): CodeIgniter\CodeIgniter->run()
#3 {main}
CRITICAL - 2021-07-20 13:27:47 --> Class 'Tatter\Assets\Filters\AssetsFilter' not found
#0 /opt/lampp/htdocs/CodeIgniter/ci-TodoApp/vendor/codeigniter4/framework/system/CodeIgniter.php(454): CodeIgniter\Filters\Filters->run('/', 'after')
#1 /opt/lampp/htdocs/CodeIgniter/ci-TodoApp/vendor/codeigniter4/framework/system/CodeIgniter.php(336): CodeIgniter\CodeIgniter->handleRequest(NULL, Object(Config\Cache), false)
#2 /opt/lampp/htdocs/CodeIgniter/ci-TodoApp/public/index.php(37): CodeIgniter\CodeIgniter->run()
#3 {main}
CRITICAL - 2021-07-20 13:27:49 --> Class 'Tatter\Assets\Filters\AssetsFilter' not found
#0 /opt/lampp/htdocs/CodeIgniter/ci-TodoApp/vendor/codeigniter4/framework/system/CodeIgniter.php(454): CodeIgniter\Filters\Filters->run('/', 'after')
#1 /opt/lampp/htdocs/CodeIgniter/ci-TodoApp/vendor/codeigniter4/framework/system/CodeIgniter.php(336): CodeIgniter\CodeIgniter->handleRequest(NULL, Object(Config\Cache), false)
#2 /opt/lampp/htdocs/CodeIgniter/ci-TodoApp/public/index.php(37): CodeIgniter\CodeIgniter->run()
#3 {main}
CRITICAL - 2021-07-20 13:27:50 --> Class 'Tatter\Assets\Filters\AssetsFilter' not found
#0 /opt/lampp/htdocs/CodeIgniter/ci-TodoApp/vendor/codeigniter4/framework/system/CodeIgniter.php(454): CodeIgniter\Filters\Filters->run('/', 'after')
#1 /opt/lampp/htdocs/CodeIgniter/ci-TodoApp/vendor/codeigniter4/framework/system/CodeIgniter.php(336): CodeIgniter\CodeIgniter->handleRequest(NULL, Object(Config\Cache), false)
#2 /opt/lampp/htdocs/CodeIgniter/ci-TodoApp/public/index.php(37): CodeIgniter\CodeIgniter->run()
#3 {main}
CRITICAL - 2021-07-20 13:28:04 --> Class 'Tatter\Assets\Filters\AssetsFilter' not found
#0 /opt/lampp/htdocs/CodeIgniter/ci-TodoApp/vendor/codeigniter4/framework/system/CodeIgniter.php(454): CodeIgniter\Filters\Filters->run('/', 'after')
#1 /opt/lampp/htdocs/CodeIgniter/ci-TodoApp/vendor/codeigniter4/framework/system/CodeIgniter.php(336): CodeIgniter\CodeIgniter->handleRequest(NULL, Object(Config\Cache), false)
#2 /opt/lampp/htdocs/CodeIgniter/ci-TodoApp/public/index.php(37): CodeIgniter\CodeIgniter->run()
#3 {main}
CRITICAL - 2021-07-20 13:28:08 --> Class 'Tatter\Assets\Filters\AssetsFilter' not found
#0 /opt/lampp/htdocs/CodeIgniter/ci-TodoApp/vendor/codeigniter4/framework/system/CodeIgniter.php(454): CodeIgniter\Filters\Filters->run('/', 'after')
#1 /opt/lampp/htdocs/CodeIgniter/ci-TodoApp/vendor/codeigniter4/framework/system/CodeIgniter.php(336): CodeIgniter\CodeIgniter->handleRequest(NULL, Object(Config\Cache), false)
#2 /opt/lampp/htdocs/CodeIgniter/ci-TodoApp/public/index.php(37): CodeIgniter\CodeIgniter->run()
#3 /opt/lampp/htdocs/CodeIgniter/ci-TodoApp/vendor/codeigniter4/framework/system/Commands/Server/rewrite.php(45): require_once('/opt/lampp/htdo...')
#4 {main}
CRITICAL - 2021-07-20 13:28:19 --> Class 'Tatter\Assets\Filters\AssetsFilter' not found
#0 /opt/lampp/htdocs/CodeIgniter/ci-TodoApp/vendor/codeigniter4/framework/system/CodeIgniter.php(454): CodeIgniter\Filters\Filters->run('/', 'after')
#1 /opt/lampp/htdocs/CodeIgniter/ci-TodoApp/vendor/codeigniter4/framework/system/CodeIgniter.php(336): CodeIgniter\CodeIgniter->handleRequest(NULL, Object(Config\Cache), false)
#2 /opt/lampp/htdocs/CodeIgniter/ci-TodoApp/public/index.php(37): CodeIgniter\CodeIgniter->run()
#3 /opt/lampp/htdocs/CodeIgniter/ci-TodoApp/vendor/codeigniter4/framework/system/Commands/Server/rewrite.php(45): require_once('/opt/lampp/htdo...')
#4 {main}
CRITICAL - 2021-07-20 13:28:20 --> Class 'Tatter\Assets\Filters\AssetsFilter' not found
#0 /opt/lampp/htdocs/CodeIgniter/ci-TodoApp/vendor/codeigniter4/framework/system/CodeIgniter.php(454): CodeIgniter\Filters\Filters->run('/', 'after')
#1 /opt/lampp/htdocs/CodeIgniter/ci-TodoApp/vendor/codeigniter4/framework/system/CodeIgniter.php(336): CodeIgniter\CodeIgniter->handleRequest(NULL, Object(Config\Cache), false)
#2 /opt/lampp/htdocs/CodeIgniter/ci-TodoApp/public/index.php(37): CodeIgniter\CodeIgniter->run()
#3 /opt/lampp/htdocs/CodeIgniter/ci-TodoApp/vendor/codeigniter4/framework/system/Commands/Server/rewrite.php(45): require_once('/opt/lampp/htdo...')
#4 {main}
CRITICAL - 2021-07-20 13:39:19 --> Class 'Tatter\Assets\Filters\AssetsFilter' not found
#0 /opt/lampp/htdocs/CodeIgniter/ci-TodoApp/vendor/codeigniter4/framework/system/CodeIgniter.php(454): CodeIgniter\Filters\Filters->run('/', 'after')
#1 /opt/lampp/htdocs/CodeIgniter/ci-TodoApp/vendor/codeigniter4/framework/system/CodeIgniter.php(336): CodeIgniter\CodeIgniter->handleRequest(NULL, Object(Config\Cache), false)
#2 /opt/lampp/htdocs/CodeIgniter/ci-TodoApp/public/index.php(37): CodeIgniter\CodeIgniter->run()
#3 /opt/lampp/htdocs/CodeIgniter/ci-TodoApp/vendor/codeigniter4/framework/system/Commands/Server/rewrite.php(45): require_once('/opt/lampp/htdo...')
#4 {main}
CRITICAL - 2021-07-20 13:39:27 --> Class 'Tatter\Assets\Filters\AssetsFilter' not found
#0 /opt/lampp/htdocs/CodeIgniter/ci-TodoApp/vendor/codeigniter4/framework/system/CodeIgniter.php(454): CodeIgniter\Filters\Filters->run('/', 'after')
#1 /opt/lampp/htdocs/CodeIgniter/ci-TodoApp/vendor/codeigniter4/framework/system/CodeIgniter.php(336): CodeIgniter\CodeIgniter->handleRequest(NULL, Object(Config\Cache), false)
#2 /opt/lampp/htdocs/CodeIgniter/ci-TodoApp/public/index.php(37): CodeIgniter\CodeIgniter->run()
#3 {main}
CRITICAL - 2021-07-20 13:48:07 --> Class 'Tatter\Assets\Filters\AssetsFilter' not found
#0 /opt/lampp/htdocs/CodeIgniter/ci-TodoApp/vendor/codeigniter4/framework/system/CodeIgniter.php(454): CodeIgniter\Filters\Filters->run('/', 'after')
#1 /opt/lampp/htdocs/CodeIgniter/ci-TodoApp/vendor/codeigniter4/framework/system/CodeIgniter.php(336): CodeIgniter\CodeIgniter->handleRequest(NULL, Object(Config\Cache), false)
#2 /opt/lampp/htdocs/CodeIgniter/ci-TodoApp/public/index.php(37): CodeIgniter\CodeIgniter->run()
#3 {main}
CRITICAL - 2021-07-20 13:48:09 --> Class 'Tatter\Assets\Filters\AssetsFilter' not found
#0 /opt/lampp/htdocs/CodeIgniter/ci-TodoApp/vendor/codeigniter4/framework/system/CodeIgniter.php(454): CodeIgniter\Filters\Filters->run('/', 'after')
#1 /opt/lampp/htdocs/CodeIgniter/ci-TodoApp/vendor/codeigniter4/framework/system/CodeIgniter.php(336): CodeIgniter\CodeIgniter->handleRequest(NULL, Object(Config\Cache), false)
#2 /opt/lampp/htdocs/CodeIgniter/ci-TodoApp/public/index.php(37): CodeIgniter\CodeIgniter->run()
#3 {main}
CRITICAL - 2021-07-20 13:48:09 --> Class 'Tatter\Assets\Filters\AssetsFilter' not found
#0 /opt/lampp/htdocs/CodeIgniter/ci-TodoApp/vendor/codeigniter4/framework/system/CodeIgniter.php(454): CodeIgniter\Filters\Filters->run('/', 'after')
#1 /opt/lampp/htdocs/CodeIgniter/ci-TodoApp/vendor/codeigniter4/framework/system/CodeIgniter.php(336): CodeIgniter\CodeIgniter->handleRequest(NULL, Object(Config\Cache), false)
#2 /opt/lampp/htdocs/CodeIgniter/ci-TodoApp/public/index.php(37): CodeIgniter\CodeIgniter->run()
#3 {main}
CRITICAL - 2021-07-20 13:48:40 --> Class 'Tatter\Assets\Filters\AssetsFilter' not found
#0 /opt/lampp/htdocs/CodeIgniter/ci-TodoApp/vendor/codeigniter4/framework/system/CodeIgniter.php(454): CodeIgniter\Filters\Filters->run('/', 'after')
#1 /opt/lampp/htdocs/CodeIgniter/ci-TodoApp/vendor/codeigniter4/framework/system/CodeIgniter.php(336): CodeIgniter\CodeIgniter->handleRequest(NULL, Object(Config\Cache), false)
#2 /opt/lampp/htdocs/CodeIgniter/ci-TodoApp/public/index.php(37): CodeIgniter\CodeIgniter->run()
#3 {main}
CRITICAL - 2021-07-20 13:48:41 --> Class 'Tatter\Assets\Filters\AssetsFilter' not found
#0 /opt/lampp/htdocs/CodeIgniter/ci-TodoApp/vendor/codeigniter4/framework/system/CodeIgniter.php(454): CodeIgniter\Filters\Filters->run('/', 'after')
#1 /opt/lampp/htdocs/CodeIgniter/ci-TodoApp/vendor/codeigniter4/framework/system/CodeIgniter.php(336): CodeIgniter\CodeIgniter->handleRequest(NULL, Object(Config\Cache), false)
#2 /opt/lampp/htdocs/CodeIgniter/ci-TodoApp/public/index.php(37): CodeIgniter\CodeIgniter->run()
#3 {main}
CRITICAL - 2021-07-20 13:49:42 --> Class 'Tatter\Assets\Filters\AssetsFilter' not found
#0 /opt/lampp/htdocs/CodeIgniter/ci-TodoApp/vendor/codeigniter4/framework/system/CodeIgniter.php(454): CodeIgniter\Filters\Filters->run('/', 'after')
#1 /opt/lampp/htdocs/CodeIgniter/ci-TodoApp/vendor/codeigniter4/framework/system/CodeIgniter.php(336): CodeIgniter\CodeIgniter->handleRequest(NULL, Object(Config\Cache), false)
#2 /opt/lampp/htdocs/CodeIgniter/ci-TodoApp/public/index.php(37): CodeIgniter\CodeIgniter->run()
#3 {main}
CRITICAL - 2021-07-20 13:49:43 --> Class 'Tatter\Assets\Filters\AssetsFilter' not found
#0 /opt/lampp/htdocs/CodeIgniter/ci-TodoApp/vendor/codeigniter4/framework/system/CodeIgniter.php(454): CodeIgniter\Filters\Filters->run('/', 'after')
#1 /opt/lampp/htdocs/CodeIgniter/ci-TodoApp/vendor/codeigniter4/framework/system/CodeIgniter.php(336): CodeIgniter\CodeIgniter->handleRequest(NULL, Object(Config\Cache), false)
#2 /opt/lampp/htdocs/CodeIgniter/ci-TodoApp/public/index.php(37): CodeIgniter\CodeIgniter->run()
#3 {main}
CRITICAL - 2021-07-20 13:50:33 --> Class 'Tatter\Assets\Filters\AssetsFilter' not found
#0 /opt/lampp/htdocs/CodeIgniter/ci-TodoApp/vendor/codeigniter4/framework/system/CodeIgniter.php(454): CodeIgniter\Filters\Filters->run('/', 'after')
#1 /opt/lampp/htdocs/CodeIgniter/ci-TodoApp/vendor/codeigniter4/framework/system/CodeIgniter.php(336): CodeIgniter\CodeIgniter->handleRequest(NULL, Object(Config\Cache), false)
#2 /opt/lampp/htdocs/CodeIgniter/ci-TodoApp/public/index.php(37): CodeIgniter\CodeIgniter->run()
#3 {main}
CRITICAL - 2021-07-20 13:50:34 --> Class 'Tatter\Assets\Filters\AssetsFilter' not found
#0 /opt/lampp/htdocs/CodeIgniter/ci-TodoApp/vendor/codeigniter4/framework/system/CodeIgniter.php(454): CodeIgniter\Filters\Filters->run('/', 'after')
#1 /opt/lampp/htdocs/CodeIgniter/ci-TodoApp/vendor/codeigniter4/framework/system/CodeIgniter.php(336): CodeIgniter\CodeIgniter->handleRequest(NULL, Object(Config\Cache), false)
#2 /opt/lampp/htdocs/CodeIgniter/ci-TodoApp/public/index.php(37): CodeIgniter\CodeIgniter->run()
#3 {main}
CRITICAL - 2021-07-20 13:53:31 --> Class 'Tatter\Assets\Filters\AssetsFilter' not found
#0 /opt/lampp/htdocs/CodeIgniter/ci-TodoApp/vendor/codeigniter4/framework/system/CodeIgniter.php(454): CodeIgniter\Filters\Filters->run('/', 'after')
#1 /opt/lampp/htdocs/CodeIgniter/ci-TodoApp/vendor/codeigniter4/framework/system/CodeIgniter.php(336): CodeIgniter\CodeIgniter->handleRequest(NULL, Object(Config\Cache), false)
#2 /opt/lampp/htdocs/CodeIgniter/ci-TodoApp/public/index.php(37): CodeIgniter\CodeIgniter->run()
#3 {main}
CRITICAL - 2021-07-20 13:54:23 --> Class 'Tatter\Assets\Filters\AssetsFilter' not found
#0 /opt/lampp/htdocs/CodeIgniter/ci-TodoApp/vendor/codeigniter4/framework/system/CodeIgniter.php(454): CodeIgniter\Filters\Filters->run('/', 'after')
#1 /opt/lampp/htdocs/CodeIgniter/ci-TodoApp/vendor/codeigniter4/framework/system/CodeIgniter.php(336): CodeIgniter\CodeIgniter->handleRequest(NULL, Object(Config\Cache), false)
#2 /opt/lampp/htdocs/CodeIgniter/ci-TodoApp/public/index.php(37): CodeIgniter\CodeIgniter->run()
#3 {main}
CRITICAL - 2021-07-20 13:59:03 --> Class 'Tatter\Asset\Filters\AssetsFilter' not found
#0 /opt/lampp/htdocs/CodeIgniter/ci-TodoApp/vendor/codeigniter4/framework/system/CodeIgniter.php(454): CodeIgniter\Filters\Filters->run('/', 'after')
#1 /opt/lampp/htdocs/CodeIgniter/ci-TodoApp/vendor/codeigniter4/framework/system/CodeIgniter.php(336): CodeIgniter\CodeIgniter->handleRequest(NULL, Object(Config\Cache), false)
#2 /opt/lampp/htdocs/CodeIgniter/ci-TodoApp/public/index.php(37): CodeIgniter\CodeIgniter->run()
#3 {main}
CRITICAL - 2021-07-20 13:59:05 --> Class 'Tatter\Asset\Filters\AssetsFilter' not found
#0 /opt/lampp/htdocs/CodeIgniter/ci-TodoApp/vendor/codeigniter4/framework/system/CodeIgniter.php(454): CodeIgniter\Filters\Filters->run('/', 'after')
#1 /opt/lampp/htdocs/CodeIgniter/ci-TodoApp/vendor/codeigniter4/framework/system/CodeIgniter.php(336): CodeIgniter\CodeIgniter->handleRequest(NULL, Object(Config\Cache), false)
#2 /opt/lampp/htdocs/CodeIgniter/ci-TodoApp/public/index.php(37): CodeIgniter\CodeIgniter->run()
#3 {main}
CRITICAL - 2021-07-20 13:59:20 --> Class 'Config\AssetsFilter' not found
#0 /opt/lampp/htdocs/CodeIgniter/ci-TodoApp/vendor/codeigniter4/framework/system/CodeIgniter.php(454): CodeIgniter\Filters\Filters->run('/', 'after')
#1 /opt/lampp/htdocs/CodeIgniter/ci-TodoApp/vendor/codeigniter4/framework/system/CodeIgniter.php(336): CodeIgniter\CodeIgniter->handleRequest(NULL, Object(Config\Cache), false)
#2 /opt/lampp/htdocs/CodeIgniter/ci-TodoApp/public/index.php(37): CodeIgniter\CodeIgniter->run()
#3 {main}
CRITICAL - 2021-07-20 13:59:22 --> Class 'Config\AssetsFilter' not found
#0 /opt/lampp/htdocs/CodeIgniter/ci-TodoApp/vendor/codeigniter4/framework/system/CodeIgniter.php(454): CodeIgniter\Filters\Filters->run('/', 'after')
#1 /opt/lampp/htdocs/CodeIgniter/ci-TodoApp/vendor/codeigniter4/framework/system/CodeIgniter.php(336): CodeIgniter\CodeIgniter->handleRequest(NULL, Object(Config\Cache), false)
#2 /opt/lampp/htdocs/CodeIgniter/ci-TodoApp/public/index.php(37): CodeIgniter\CodeIgniter->run()
#3 {main}
CRITICAL - 2021-07-20 13:59:59 --> Class 'Config\AssetsFilter' not found
#0 /opt/lampp/htdocs/CodeIgniter/ci-TodoApp/vendor/codeigniter4/framework/system/CodeIgniter.php(454): CodeIgniter\Filters\Filters->run('/', 'after')
#1 /opt/lampp/htdocs/CodeIgniter/ci-TodoApp/vendor/codeigniter4/framework/system/CodeIgniter.php(336): CodeIgniter\CodeIgniter->handleRequest(NULL, Object(Config\Cache), false)
#2 /opt/lampp/htdocs/CodeIgniter/ci-TodoApp/public/index.php(37): CodeIgniter\CodeIgniter->run()
#3 {main}
CRITICAL - 2021-07-20 14:00:21 --> Class 'Tatter\Asset\Filters\AssetFilter' not found
#0 /opt/lampp/htdocs/CodeIgniter/ci-TodoApp/vendor/codeigniter4/framework/system/CodeIgniter.php(454): CodeIgniter\Filters\Filters->run('/', 'after')
#1 /opt/lampp/htdocs/CodeIgniter/ci-TodoApp/vendor/codeigniter4/framework/system/CodeIgniter.php(336): CodeIgniter\CodeIgniter->handleRequest(NULL, Object(Config\Cache), false)
#2 /opt/lampp/htdocs/CodeIgniter/ci-TodoApp/public/index.php(37): CodeIgniter\CodeIgniter->run()
#3 {main}
CRITICAL - 2021-07-20 14:02:10 --> Class 'Tatter\assets\Filters\AssetFilter' not found
#0 /opt/lampp/htdocs/CodeIgniter/ci-TodoApp/vendor/codeigniter4/framework/system/CodeIgniter.php(454): CodeIgniter\Filters\Filters->run('/', 'after')
#1 /opt/lampp/htdocs/CodeIgniter/ci-TodoApp/vendor/codeigniter4/framework/system/CodeIgniter.php(336): CodeIgniter\CodeIgniter->handleRequest(NULL, Object(Config\Cache), false)
#2 /opt/lampp/htdocs/CodeIgniter/ci-TodoApp/public/index.php(37): CodeIgniter\CodeIgniter->run()
#3 {main}
CRITICAL - 2021-07-20 14:03:14 --> Class 'Tatter\Assets\Filter\AssetFilter' not found
#0 /opt/lampp/htdocs/CodeIgniter/ci-TodoApp/vendor/codeigniter4/framework/system/CodeIgniter.php(454): CodeIgniter\Filters\Filters->run('/', 'after')
#1 /opt/lampp/htdocs/CodeIgniter/ci-TodoApp/vendor/codeigniter4/framework/system/CodeIgniter.php(336): CodeIgniter\CodeIgniter->handleRequest(NULL, Object(Config\Cache), false)
#2 /opt/lampp/htdocs/CodeIgniter/ci-TodoApp/public/index.php(37): CodeIgniter\CodeIgniter->run()
#3 {main}
CRITICAL - 2021-07-20 14:03:29 --> Class 'Config\AssetFilter' not found
#0 /opt/lampp/htdocs/CodeIgniter/ci-TodoApp/vendor/codeigniter4/framework/system/CodeIgniter.php(454): CodeIgniter\Filters\Filters->run('/', 'after')
#1 /opt/lampp/htdocs/CodeIgniter/ci-TodoApp/vendor/codeigniter4/framework/system/CodeIgniter.php(336): CodeIgniter\CodeIgniter->handleRequest(NULL, Object(Config\Cache), false)
#2 /opt/lampp/htdocs/CodeIgniter/ci-TodoApp/public/index.php(37): CodeIgniter\CodeIgniter->run()
#3 {main}
CRITICAL - 2021-07-20 14:04:53 --> Class 'Tetter\Assets\Config\AssetFilter' not found
#0 /opt/lampp/htdocs/CodeIgniter/ci-TodoApp/vendor/codeigniter4/framework/system/CodeIgniter.php(454): CodeIgniter\Filters\Filters->run('/', 'after')
#1 /opt/lampp/htdocs/CodeIgniter/ci-TodoApp/vendor/codeigniter4/framework/system/CodeIgniter.php(336): CodeIgniter\CodeIgniter->handleRequest(NULL, Object(Config\Cache), false)
#2 /opt/lampp/htdocs/CodeIgniter/ci-TodoApp/public/index.php(37): CodeIgniter\CodeIgniter->run()
#3 {main}
CRITICAL - 2021-07-20 14:05:03 --> Class 'Tatter\Assets\Config\AssetFilter' not found
#0 /opt/lampp/htdocs/CodeIgniter/ci-TodoApp/vendor/codeigniter4/framework/system/CodeIgniter.php(454): CodeIgniter\Filters\Filters->run('/', 'after')
#1 /opt/lampp/htdocs/CodeIgniter/ci-TodoApp/vendor/codeigniter4/framework/system/CodeIgniter.php(336): CodeIgniter\CodeIgniter->handleRequest(NULL, Object(Config\Cache), false)
#2 /opt/lampp/htdocs/CodeIgniter/ci-TodoApp/public/index.php(37): CodeIgniter\CodeIgniter->run()
#3 {main}
CRITICAL - 2021-07-20 14:05:04 --> Class 'Tatter\Assets\Config\AssetFilter' not found
#0 /opt/lampp/htdocs/CodeIgniter/ci-TodoApp/vendor/codeigniter4/framework/system/CodeIgniter.php(454): CodeIgniter\Filters\Filters->run('/', 'after')
#1 /opt/lampp/htdocs/CodeIgniter/ci-TodoApp/vendor/codeigniter4/framework/system/CodeIgniter.php(336): CodeIgniter\CodeIgniter->handleRequest(NULL, Object(Config\Cache), false)
#2 /opt/lampp/htdocs/CodeIgniter/ci-TodoApp/public/index.php(37): CodeIgniter\CodeIgniter->run()
#3 {main}
CRITICAL - 2021-07-20 14:05:33 --> Class 'Config\AssetFilter' not found
#0 /opt/lampp/htdocs/CodeIgniter/ci-TodoApp/vendor/codeigniter4/framework/system/CodeIgniter.php(454): CodeIgniter\Filters\Filters->run('/', 'after')
#1 /opt/lampp/htdocs/CodeIgniter/ci-TodoApp/vendor/codeigniter4/framework/system/CodeIgniter.php(336): CodeIgniter\CodeIgniter->handleRequest(NULL, Object(Config\Cache), false)
#2 /opt/lampp/htdocs/CodeIgniter/ci-TodoApp/public/index.php(37): CodeIgniter\CodeIgniter->run()
#3 {main}
CRITICAL - 2021-07-20 14:05:52 --> Class 'Tatter\Assets\Filters\AssetFilters' not found
#0 /opt/lampp/htdocs/CodeIgniter/ci-TodoApp/vendor/codeigniter4/framework/system/CodeIgniter.php(454): CodeIgniter\Filters\Filters->run('/', 'after')
#1 /opt/lampp/htdocs/CodeIgniter/ci-TodoApp/vendor/codeigniter4/framework/system/CodeIgniter.php(336): CodeIgniter\CodeIgniter->handleRequest(NULL, Object(Config\Cache), false)
#2 /opt/lampp/htdocs/CodeIgniter/ci-TodoApp/public/index.php(37): CodeIgniter\CodeIgniter->run()
#3 {main}
CRITICAL - 2021-07-20 14:06:11 --> Class 'Tatter\Assets\Filters\AssetFilter' not found
#0 /opt/lampp/htdocs/CodeIgniter/ci-TodoApp/vendor/codeigniter4/framework/system/CodeIgniter.php(454): CodeIgniter\Filters\Filters->run('/', 'after')
#1 /opt/lampp/htdocs/CodeIgniter/ci-TodoApp/vendor/codeigniter4/framework/system/CodeIgniter.php(336): CodeIgniter\CodeIgniter->handleRequest(NULL, Object(Config\Cache), false)
#2 /opt/lampp/htdocs/CodeIgniter/ci-TodoApp/public/index.php(37): CodeIgniter\CodeIgniter->run()
#3 {main}
CRITICAL - 2021-07-20 14:06:25 --> Class 'Config\AssetFilter' not found
#0 /opt/lampp/htdocs/CodeIgniter/ci-TodoApp/vendor/codeigniter4/framework/system/CodeIgniter.php(454): CodeIgniter\Filters\Filters->run('/', 'after')
#1 /opt/lampp/htdocs/CodeIgniter/ci-TodoApp/vendor/codeigniter4/framework/system/CodeIgniter.php(336): CodeIgniter\CodeIgniter->handleRequest(NULL, Object(Config\Cache), false)
#2 /opt/lampp/htdocs/CodeIgniter/ci-TodoApp/public/index.php(37): CodeIgniter\CodeIgniter->run()
#3 {main}
CRITICAL - 2021-07-20 14:06:44 --> Class 'Tatter\Assets\Config\AssetsConfig' not found
#0 /opt/lampp/htdocs/CodeIgniter/ci-TodoApp/vendor/codeigniter4/framework/system/CodeIgniter.php(454): CodeIgniter\Filters\Filters->run('/', 'after')
#1 /opt/lampp/htdocs/CodeIgniter/ci-TodoApp/vendor/codeigniter4/framework/system/CodeIgniter.php(336): CodeIgniter\CodeIgniter->handleRequest(NULL, Object(Config\Cache), false)
#2 /opt/lampp/htdocs/CodeIgniter/ci-TodoApp/public/index.php(37): CodeIgniter\CodeIgniter->run()
#3 {main}
CRITICAL - 2021-07-20 14:06:54 --> Class 'Tatter\Assets\Config\AssetConfig' not found
#0 /opt/lampp/htdocs/CodeIgniter/ci-TodoApp/vendor/codeigniter4/framework/system/CodeIgniter.php(454): CodeIgniter\Filters\Filters->run('/', 'after')
#1 /opt/lampp/htdocs/CodeIgniter/ci-TodoApp/vendor/codeigniter4/framework/system/CodeIgniter.php(336): CodeIgniter\CodeIgniter->handleRequest(NULL, Object(Config\Cache), false)
#2 /opt/lampp/htdocs/CodeIgniter/ci-TodoApp/public/index.php(37): CodeIgniter\CodeIgniter->run()
#3 {main}
CRITICAL - 2021-07-20 14:07:20 --> Class 'Tatter\Assets\Filters\AssetFilters' not found
#0 /opt/lampp/htdocs/CodeIgniter/ci-TodoApp/vendor/codeigniter4/framework/system/CodeIgniter.php(454): CodeIgniter\Filters\Filters->run('/', 'after')
#1 /opt/lampp/htdocs/CodeIgniter/ci-TodoApp/vendor/codeigniter4/framework/system/CodeIgniter.php(336): CodeIgniter\CodeIgniter->handleRequest(NULL, Object(Config\Cache), false)
#2 /opt/lampp/htdocs/CodeIgniter/ci-TodoApp/public/index.php(37): CodeIgniter\CodeIgniter->run()
#3 {main}
CRITICAL - 2021-07-20 14:07:21 --> Class 'Tatter\Assets\Filters\AssetFilters' not found
#0 /opt/lampp/htdocs/CodeIgniter/ci-TodoApp/vendor/codeigniter4/framework/system/CodeIgniter.php(454): CodeIgniter\Filters\Filters->run('/', 'after')
#1 /opt/lampp/htdocs/CodeIgniter/ci-TodoApp/vendor/codeigniter4/framework/system/CodeIgniter.php(336): CodeIgniter\CodeIgniter->handleRequest(NULL, Object(Config\Cache), false)
#2 /opt/lampp/htdocs/CodeIgniter/ci-TodoApp/public/index.php(37): CodeIgniter\CodeIgniter->run()
#3 {main}
CRITICAL - 2021-07-20 14:08:09 --> Class 'Config\AssetFilter' not found
#0 /opt/lampp/htdocs/CodeIgniter/ci-TodoApp/vendor/codeigniter4/framework/system/CodeIgniter.php(454): CodeIgniter\Filters\Filters->run('/', 'after')
#1 /opt/lampp/htdocs/CodeIgniter/ci-TodoApp/vendor/codeigniter4/framework/system/CodeIgniter.php(336): CodeIgniter\CodeIgniter->handleRequest(NULL, Object(Config\Cache), false)
#2 /opt/lampp/htdocs/CodeIgniter/ci-TodoApp/public/index.php(37): CodeIgniter\CodeIgniter->run()
#3 {main}
CRITICAL - 2021-07-20 14:08:29 --> Class 'Tatter\Assets\Config\AssetFilter' not found
#0 /opt/lampp/htdocs/CodeIgniter/ci-TodoApp/vendor/codeigniter4/framework/system/CodeIgniter.php(454): CodeIgniter\Filters\Filters->run('/', 'after')
#1 /opt/lampp/htdocs/CodeIgniter/ci-TodoApp/vendor/codeigniter4/framework/system/CodeIgniter.php(336): CodeIgniter\CodeIgniter->handleRequest(NULL, Object(Config\Cache), false)
#2 /opt/lampp/htdocs/CodeIgniter/ci-TodoApp/public/index.php(37): CodeIgniter\CodeIgniter->run()
#3 {main}
CRITICAL - 2021-07-20 14:08:56 --> Class 'Tatter\Assets\Config\AssetFilter' not found
#0 /opt/lampp/htdocs/CodeIgniter/ci-TodoApp/vendor/codeigniter4/framework/system/CodeIgniter.php(454): CodeIgniter\Filters\Filters->run('/', 'after')
#1 /opt/lampp/htdocs/CodeIgniter/ci-TodoApp/vendor/codeigniter4/framework/system/CodeIgniter.php(336): CodeIgniter\CodeIgniter->handleRequest(NULL, Object(Config\Cache), false)
#2 /opt/lampp/htdocs/CodeIgniter/ci-TodoApp/public/index.php(37): CodeIgniter\CodeIgniter->run()
#3 {main}
CRITICAL - 2021-07-20 14:08:58 --> Class 'Tatter\Assets\Config\AssetFilter' not found
#0 /opt/lampp/htdocs/CodeIgniter/ci-TodoApp/vendor/codeigniter4/framework/system/CodeIgniter.php(454): CodeIgniter\Filters\Filters->run('/', 'after')
#1 /opt/lampp/htdocs/CodeIgniter/ci-TodoApp/vendor/codeigniter4/framework/system/CodeIgniter.php(336): CodeIgniter\CodeIgniter->handleRequest(NULL, Object(Config\Cache), false)
#2 /opt/lampp/htdocs/CodeIgniter/ci-TodoApp/public/index.php(37): CodeIgniter\CodeIgniter->run()
#3 {main}
CRITICAL - 2021-07-20 14:09:47 --> Class 'Config\AssetFilter' not found
#0 /opt/lampp/htdocs/CodeIgniter/ci-TodoApp/vendor/codeigniter4/framework/system/CodeIgniter.php(454): CodeIgniter\Filters\Filters->run('/', 'after')
#1 /opt/lampp/htdocs/CodeIgniter/ci-TodoApp/vendor/codeigniter4/framework/system/CodeIgniter.php(336): CodeIgniter\CodeIgniter->handleRequest(NULL, Object(Config\Cache), false)
#2 /opt/lampp/htdocs/CodeIgniter/ci-TodoApp/public/index.php(37): CodeIgniter\CodeIgniter->run()
#3 {main}
CRITICAL - 2021-07-20 14:10:04 --> Class 'Tatter\Assets\Filters\AssetFilters' not found
#0 /opt/lampp/htdocs/CodeIgniter/ci-TodoApp/vendor/codeigniter4/framework/system/CodeIgniter.php(454): CodeIgniter\Filters\Filters->run('/', 'after')
#1 /opt/lampp/htdocs/CodeIgniter/ci-TodoApp/vendor/codeigniter4/framework/system/CodeIgniter.php(336): CodeIgniter\CodeIgniter->handleRequest(NULL, Object(Config\Cache), false)
#2 /opt/lampp/htdocs/CodeIgniter/ci-TodoApp/public/index.php(37): CodeIgniter\CodeIgniter->run()
#3 {main}
CRITICAL - 2021-07-20 14:10:16 --> Class 'Tatter\Asset\Config\Asset' not found
#0 /opt/lampp/htdocs/CodeIgniter/ci-TodoApp/vendor/codeigniter4/framework/system/Autoloader/Autoloader.php(300): include_once()
#1 /opt/lampp/htdocs/CodeIgniter/ci-TodoApp/vendor/codeigniter4/framework/system/Autoloader/Autoloader.php(273): CodeIgniter\Autoloader\Autoloader->includeFile('/opt/lampp/htdo...')
#2 /opt/lampp/htdocs/CodeIgniter/ci-TodoApp/vendor/codeigniter4/framework/system/Autoloader/Autoloader.php(247): CodeIgniter\Autoloader\Autoloader->loadInNamespace('Config\\Assets')
#3 [internal function]: CodeIgniter\Autoloader\Autoloader->loadClass('Config\\Assets')
#4 /opt/lampp/htdocs/CodeIgniter/ci-TodoApp/vendor/codeigniter4/framework/system/Filters/Filters.php(172): spl_autoload_call('Config\\Assets')
#5 /opt/lampp/htdocs/CodeIgniter/ci-TodoApp/vendor/codeigniter4/framework/system/CodeIgniter.php(454): CodeIgniter\Filters\Filters->run('/', 'after')
#6 /opt/lampp/htdocs/CodeIgniter/ci-TodoApp/vendor/codeigniter4/framework/system/CodeIgniter.php(336): CodeIgniter\CodeIgniter->handleRequest(NULL, Object(Config\Cache), false)
#7 /opt/lampp/htdocs/CodeIgniter/ci-TodoApp/public/index.php(37): CodeIgniter\CodeIgniter->run()
#8 {main}
CRITICAL - 2021-07-20 14:10:40 --> Class 'Tatter\Asset\Config\Asset' not found
#0 /opt/lampp/htdocs/CodeIgniter/ci-TodoApp/vendor/codeigniter4/framework/system/Autoloader/Autoloader.php(300): include_once()
#1 /opt/lampp/htdocs/CodeIgniter/ci-TodoApp/vendor/codeigniter4/framework/system/Autoloader/Autoloader.php(273): CodeIgniter\Autoloader\Autoloader->includeFile('/opt/lampp/htdo...')
#2 /opt/lampp/htdocs/CodeIgniter/ci-TodoApp/vendor/codeigniter4/framework/system/Autoloader/Autoloader.php(247): CodeIgniter\Autoloader\Autoloader->loadInNamespace('Config\\Assets')
#3 [internal function]: CodeIgniter\Autoloader\Autoloader->loadClass('Config\\Assets')
#4 /opt/lampp/htdocs/CodeIgniter/ci-TodoApp/vendor/codeigniter4/framework/system/Filters/Filters.php(172): spl_autoload_call('Config\\Assets')
#5 /opt/lampp/htdocs/CodeIgniter/ci-TodoApp/vendor/codeigniter4/framework/system/CodeIgniter.php(454): CodeIgniter\Filters\Filters->run('/', 'after')
#6 /opt/lampp/htdocs/CodeIgniter/ci-TodoApp/vendor/codeigniter4/framework/system/CodeIgniter.php(336): CodeIgniter\CodeIgniter->handleRequest(NULL, Object(Config\Cache), false)
#7 /opt/lampp/htdocs/CodeIgniter/ci-TodoApp/public/index.php(37): CodeIgniter\CodeIgniter->run()
#8 {main}
CRITICAL - 2021-07-20 14:10:42 --> Class 'Tatter\Asset\Config\Asset' not found
#0 /opt/lampp/htdocs/CodeIgniter/ci-TodoApp/vendor/codeigniter4/framework/system/Autoloader/Autoloader.php(300): include_once()
#1 /opt/lampp/htdocs/CodeIgniter/ci-TodoApp/vendor/codeigniter4/framework/system/Autoloader/Autoloader.php(273): CodeIgniter\Autoloader\Autoloader->includeFile('/opt/lampp/htdo...')
#2 /opt/lampp/htdocs/CodeIgniter/ci-TodoApp/vendor/codeigniter4/framework/system/Autoloader/Autoloader.php(247): CodeIgniter\Autoloader\Autoloader->loadInNamespace('Config\\Assets')
#3 [internal function]: CodeIgniter\Autoloader\Autoloader->loadClass('Config\\Assets')
#4 /opt/lampp/htdocs/CodeIgniter/ci-TodoApp/vendor/codeigniter4/framework/system/Filters/Filters.php(172): spl_autoload_call('Config\\Assets')
#5 /opt/lampp/htdocs/CodeIgniter/ci-TodoApp/vendor/codeigniter4/framework/system/CodeIgniter.php(454): CodeIgniter\Filters\Filters->run('/', 'after')
#6 /opt/lampp/htdocs/CodeIgniter/ci-TodoApp/vendor/codeigniter4/framework/system/CodeIgniter.php(336): CodeIgniter\CodeIgniter->handleRequest(NULL, Object(Config\Cache), false)
#7 /opt/lampp/htdocs/CodeIgniter/ci-TodoApp/public/index.php(37): CodeIgniter\CodeIgniter->run()
#8 {main}
CRITICAL - 2021-07-20 14:11:00 --> Tatter\Assets\Config\Assets must implement CodeIgniter\Filters\FilterInterface.
#0 /opt/lampp/htdocs/CodeIgniter/ci-TodoApp/vendor/codeigniter4/framework/system/Filters/Filters.php(176): CodeIgniter\Filters\Exceptions\FilterException::forIncorrectInterface('Tatter\\Assets\\C...')
#1 /opt/lampp/htdocs/CodeIgniter/ci-TodoApp/vendor/codeigniter4/framework/system/CodeIgniter.php(454): CodeIgniter\Filters\Filters->run('/', 'after')
#2 /opt/lampp/htdocs/CodeIgniter/ci-TodoApp/vendor/codeigniter4/framework/system/CodeIgniter.php(336): CodeIgniter\CodeIgniter->handleRequest(NULL, Object(Config\Cache), false)
#3 /opt/lampp/htdocs/CodeIgniter/ci-TodoApp/public/index.php(37): CodeIgniter\CodeIgniter->run()
#4 {main}
CRITICAL - 2021-07-20 14:12:47 --> Tatter\Assets\Config\Assets must implement CodeIgniter\Filters\FilterInterface.
#0 /opt/lampp/htdocs/CodeIgniter/ci-TodoApp/vendor/codeigniter4/framework/system/Filters/Filters.php(176): CodeIgniter\Filters\Exceptions\FilterException::forIncorrectInterface('Tatter\\Assets\\C...')
#1 /opt/lampp/htdocs/CodeIgniter/ci-TodoApp/vendor/codeigniter4/framework/system/CodeIgniter.php(454): CodeIgniter\Filters\Filters->run('/', 'after')
#2 /opt/lampp/htdocs/CodeIgniter/ci-TodoApp/vendor/codeigniter4/framework/system/CodeIgniter.php(336): CodeIgniter\CodeIgniter->handleRequest(NULL, Object(Config\Cache), false)
#3 /opt/lampp/htdocs/CodeIgniter/ci-TodoApp/public/index.php(37): CodeIgniter\CodeIgniter->run()
#4 {main}
CRITICAL - 2021-07-20 14:12:48 --> Tatter\Assets\Config\Assets must implement CodeIgniter\Filters\FilterInterface.
#0 /opt/lampp/htdocs/CodeIgniter/ci-TodoApp/vendor/codeigniter4/framework/system/Filters/Filters.php(176): CodeIgniter\Filters\Exceptions\FilterException::forIncorrectInterface('Tatter\\Assets\\C...')
#1 /opt/lampp/htdocs/CodeIgniter/ci-TodoApp/vendor/codeigniter4/framework/system/CodeIgniter.php(454): CodeIgniter\Filters\Filters->run('/', 'after')
#2 /opt/lampp/htdocs/CodeIgniter/ci-TodoApp/vendor/codeigniter4/framework/system/CodeIgniter.php(336): CodeIgniter\CodeIgniter->handleRequest(NULL, Object(Config\Cache), false)
#3 /opt/lampp/htdocs/CodeIgniter/ci-TodoApp/public/index.php(37): CodeIgniter\CodeIgniter->run()
#4 {main}
CRITICAL - 2021-07-20 14:13:23 --> Class Config\Filters contains 2 abstract methods and must therefore be declared abstract or implement the remaining methods (CodeIgniter\Filters\FilterInterface::before, CodeIgniter\Filters\FilterInterface::after)
#0 [internal function]: CodeIgniter\Debug\Exceptions->shutdownHandler()
#1 {main}
CRITICAL - 2021-07-20 14:15:19 --> Tatter\Assets\Config\Assets must implement CodeIgniter\Filters\FilterInterface.
#0 /opt/lampp/htdocs/CodeIgniter/ci-TodoApp/vendor/codeigniter4/framework/system/Filters/Filters.php(176): CodeIgniter\Filters\Exceptions\FilterException::forIncorrectInterface('Tatter\\Assets\\C...')
#1 /opt/lampp/htdocs/CodeIgniter/ci-TodoApp/vendor/codeigniter4/framework/system/CodeIgniter.php(454): CodeIgniter\Filters\Filters->run('/', 'after')
#2 /opt/lampp/htdocs/CodeIgniter/ci-TodoApp/vendor/codeigniter4/framework/system/CodeIgniter.php(336): CodeIgniter\CodeIgniter->handleRequest(NULL, Object(Config\Cache), false)
#3 /opt/lampp/htdocs/CodeIgniter/ci-TodoApp/public/index.php(37): CodeIgniter\CodeIgniter->run()
#4 {main}
CRITICAL - 2021-07-20 14:15:45 --> Tatter\Assets\Config\Assets must implement CodeIgniter\Filters\FilterInterface.
#0 /opt/lampp/htdocs/CodeIgniter/ci-TodoApp/vendor/codeigniter4/framework/system/Filters/Filters.php(176): CodeIgniter\Filters\Exceptions\FilterException::forIncorrectInterface('Tatter\\Assets\\C...')
#1 /opt/lampp/htdocs/CodeIgniter/ci-TodoApp/vendor/codeigniter4/framework/system/CodeIgniter.php(454): CodeIgniter\Filters\Filters->run('/', 'after')
#2 /opt/lampp/htdocs/CodeIgniter/ci-TodoApp/vendor/codeigniter4/framework/system/CodeIgniter.php(336): CodeIgniter\CodeIgniter->handleRequest(NULL, Object(Config\Cache), false)
#3 /opt/lampp/htdocs/CodeIgniter/ci-TodoApp/public/index.php(37): CodeIgniter\CodeIgniter->run()
#4 {main}
CRITICAL - 2021-07-20 14:15:55 --> Class 'Tatter\Asset\Config\Asset' not found
#0 /opt/lampp/htdocs/CodeIgniter/ci-TodoApp/vendor/codeigniter4/framework/system/Autoloader/Autoloader.php(300): include_once()
#1 /opt/lampp/htdocs/CodeIgniter/ci-TodoApp/vendor/codeigniter4/framework/system/Autoloader/Autoloader.php(273): CodeIgniter\Autoloader\Autoloader->includeFile('/opt/lampp/htdo...')
#2 /opt/lampp/htdocs/CodeIgniter/ci-TodoApp/vendor/codeigniter4/framework/system/Autoloader/Autoloader.php(247): CodeIgniter\Autoloader\Autoloader->loadInNamespace('Config\\Assets')
#3 [internal function]: CodeIgniter\Autoloader\Autoloader->loadClass('Config\\Assets')
#4 /opt/lampp/htdocs/CodeIgniter/ci-TodoApp/vendor/codeigniter4/framework/system/Filters/Filters.php(172): spl_autoload_call('Config\\Assets')
#5 /opt/lampp/htdocs/CodeIgniter/ci-TodoApp/vendor/codeigniter4/framework/system/CodeIgniter.php(454): CodeIgniter\Filters\Filters->run('/', 'after')
#6 /opt/lampp/htdocs/CodeIgniter/ci-TodoApp/vendor/codeigniter4/framework/system/CodeIgniter.php(336): CodeIgniter\CodeIgniter->handleRequest(NULL, Object(Config\Cache), false)
#7 /opt/lampp/htdocs/CodeIgniter/ci-TodoApp/public/index.php(37): CodeIgniter\CodeIgniter->run()
#8 {main}
CRITICAL - 2021-07-20 14:16:11 --> Class 'Tatter\Asset\Config\Asset' not found
#0 /opt/lampp/htdocs/CodeIgniter/ci-TodoApp/vendor/codeigniter4/framework/system/Autoloader/Autoloader.php(300): include_once()
#1 /opt/lampp/htdocs/CodeIgniter/ci-TodoApp/vendor/codeigniter4/framework/system/Autoloader/Autoloader.php(273): CodeIgniter\Autoloader\Autoloader->includeFile('/opt/lampp/htdo...')
#2 /opt/lampp/htdocs/CodeIgniter/ci-TodoApp/vendor/codeigniter4/framework/system/Autoloader/Autoloader.php(247): CodeIgniter\Autoloader\Autoloader->loadInNamespace('Config\\Assets')
#3 [internal function]: CodeIgniter\Autoloader\Autoloader->loadClass('Config\\Assets')
#4 /opt/lampp/htdocs/CodeIgniter/ci-TodoApp/vendor/codeigniter4/framework/system/Filters/Filters.php(172): spl_autoload_call('Config\\Assets')
#5 /opt/lampp/htdocs/CodeIgniter/ci-TodoApp/vendor/codeigniter4/framework/system/CodeIgniter.php(454): CodeIgniter\Filters\Filters->run('/', 'after')
#6 /opt/lampp/htdocs/CodeIgniter/ci-TodoApp/vendor/codeigniter4/framework/system/CodeIgniter.php(336): CodeIgniter\CodeIgniter->handleRequest(NULL, Object(Config\Cache), false)
#7 /opt/lampp/htdocs/CodeIgniter/ci-TodoApp/public/index.php(37): CodeIgniter\CodeIgniter->run()
#8 {main}
CRITICAL - 2021-07-20 14:16:14 --> Class 'Tatter\Asset\Config\Asset' not found
#0 /opt/lampp/htdocs/CodeIgniter/ci-TodoApp/vendor/codeigniter4/framework/system/Autoloader/Autoloader.php(300): include_once()
#1 /opt/lampp/htdocs/CodeIgniter/ci-TodoApp/vendor/codeigniter4/framework/system/Autoloader/Autoloader.php(273): CodeIgniter\Autoloader\Autoloader->includeFile('/opt/lampp/htdo...')
#2 /opt/lampp/htdocs/CodeIgniter/ci-TodoApp/vendor/codeigniter4/framework/system/Autoloader/Autoloader.php(247): CodeIgniter\Autoloader\Autoloader->loadInNamespace('Config\\Assets')
#3 [internal function]: CodeIgniter\Autoloader\Autoloader->loadClass('Config\\Assets')
#4 /opt/lampp/htdocs/CodeIgniter/ci-TodoApp/vendor/codeigniter4/framework/system/Filters/Filters.php(172): spl_autoload_call('Config\\Assets')
#5 /opt/lampp/htdocs/CodeIgniter/ci-TodoApp/vendor/codeigniter4/framework/system/CodeIgniter.php(454): CodeIgniter\Filters\Filters->run('/', 'after')
#6 /opt/lampp/htdocs/CodeIgniter/ci-TodoApp/vendor/codeigniter4/framework/system/CodeIgniter.php(336): CodeIgniter\CodeIgniter->handleRequest(NULL, Object(Config\Cache), false)
#7 /opt/lampp/htdocs/CodeIgniter/ci-TodoApp/public/index.php(37): CodeIgniter\CodeIgniter->run()
#8 {main}
CRITICAL - 2021-07-20 14:19:03 --> Class 'Tatter\Assets\Config\Asset' not found
#0 /opt/lampp/htdocs/CodeIgniter/ci-TodoApp/vendor/codeigniter4/framework/system/CodeIgniter.php(454): CodeIgniter\Filters\Filters->run('/', 'after')
#1 /opt/lampp/htdocs/CodeIgniter/ci-TodoApp/vendor/codeigniter4/framework/system/CodeIgniter.php(336): CodeIgniter\CodeIgniter->handleRequest(NULL, Object(Config\Cache), false)
#2 /opt/lampp/htdocs/CodeIgniter/ci-TodoApp/public/index.php(37): CodeIgniter\CodeIgniter->run()
#3 {main}
CRITICAL - 2021-07-20 14:19:30 --> Class 'Tatter\Asset\Config\Asset' not found
#0 /opt/lampp/htdocs/CodeIgniter/ci-TodoApp/vendor/codeigniter4/framework/system/CodeIgniter.php(454): CodeIgniter\Filters\Filters->run('/', 'after')
#1 /opt/lampp/htdocs/CodeIgniter/ci-TodoApp/vendor/codeigniter4/framework/system/CodeIgniter.php(336): CodeIgniter\CodeIgniter->handleRequest(NULL, Object(Config\Cache), false)
#2 /opt/lampp/htdocs/CodeIgniter/ci-TodoApp/public/index.php(37): CodeIgniter\CodeIgniter->run()
#3 {main}
