CRITICAL - 2021-06-23 10:05:04 --> Undefined index: kivalasztott_feladat
#0 /opt/lampp/htdocs/codeigniter/ci-TodoApp/writable/smarty/templates_c/d6fba66191803b5c07127960dfa2e20181a8b369_0.file.mainTemplate.tpl.php(153): CodeIgniter\Debug\Exceptions->errorHandler(8, 'Undefined index...', '/opt/lampp/htdo...', 153, Array)
#1 /opt/lampp/htdocs/codeigniter/ci-TodoApp/vendor/smarty/smarty/libs/sysplugins/smarty_internal_runtime_inheritance.php(248): Block_12321553260d34da0cd1aa0_14097065->callBlock(Object(Smarty_Internal_Template))
#2 /opt/lampp/htdocs/codeigniter/ci-TodoApp/vendor/smarty/smarty/libs/sysplugins/smarty_internal_runtime_inheritance.php(184): Smarty_Internal_Runtime_Inheritance->callBlock(Object(Block_12321553260d34da0cd1aa0_14097065), Object(Smarty_Internal_Template))
#3 /opt/lampp/htdocs/codeigniter/ci-TodoApp/vendor/smarty/smarty/libs/sysplugins/smarty_internal_runtime_inheritance.php(156): Smarty_Internal_Runtime_Inheritance->process(Object(Smarty_Internal_Template), Object(Block_12321553260d34da0cd1aa0_14097065))
#4 /opt/lampp/htdocs/codeigniter/ci-TodoApp/writable/smarty/templates_c/d6fba66191803b5c07127960dfa2e20181a8b369_0.file.mainTemplate.tpl.php(75): Smarty_Internal_Runtime_Inheritance->instanceBlock(Object(Smarty_Internal_Template), 'Block_123215532...', 'BodyMain')
#5 /opt/lampp/htdocs/codeigniter/ci-TodoApp/vendor/smarty/smarty/libs/sysplugins/smarty_template_resource_base.php(123): content_60d34da0ce3ea9_45259051(Object(Smarty_Internal_Template))
#6 /opt/lampp/htdocs/codeigniter/ci-TodoApp/vendor/smarty/smarty/libs/sysplugins/smarty_template_compiled.php(114): Smarty_Template_Resource_Base->getRenderedTemplateCode(Object(Smarty_Internal_Template))
#7 /opt/lampp/htdocs/codeigniter/ci-TodoApp/vendor/smarty/smarty/libs/sysplugins/smarty_internal_template.php(216): Smarty_Template_Compiled->render(Object(Smarty_Internal_Template))
#8 /opt/lampp/htdocs/codeigniter/ci-TodoApp/vendor/smarty/smarty/libs/sysplugins/smarty_internal_templatebase.php(232): Smarty_Internal_Template->render(false, 1)
#9 /opt/lampp/htdocs/codeigniter/ci-TodoApp/vendor/smarty/smarty/libs/sysplugins/smarty_internal_templatebase.php(134): Smarty_Internal_TemplateBase->_execute(Object(Smarty_Internal_Template), NULL, NULL, NULL, 1)
#10 /opt/lampp/htdocs/codeigniter/ci-TodoApp/app/Controllers/Home.php(17): Smarty_Internal_TemplateBase->display('mainTemplate.tp...')
#11 /opt/lampp/htdocs/codeigniter/ci-TodoApp/vendor/codeigniter4/framework/system/CodeIgniter.php(928): App\Controllers\Home->index()
#12 /opt/lampp/htdocs/codeigniter/ci-TodoApp/vendor/codeigniter4/framework/system/CodeIgniter.php(436): CodeIgniter\CodeIgniter->runController(Object(App\Controllers\Home))
#13 /opt/lampp/htdocs/codeigniter/ci-TodoApp/vendor/codeigniter4/framework/system/CodeIgniter.php(336): CodeIgniter\CodeIgniter->handleRequest(NULL, Object(Config\Cache), false)
#14 /opt/lampp/htdocs/codeigniter/ci-TodoApp/public/index.php(37): CodeIgniter\CodeIgniter->run()
#15 {main}
CRITICAL - 2021-06-23 11:41:49 --> Constant expression contains invalid operations
#0 [internal function]: CodeIgniter\Debug\Exceptions->shutdownHandler()
#1 {main}
CRITICAL - 2021-06-23 11:42:06 --> Syntax error in template "file:/opt/lampp/htdocs/codeigniter/ci-TodoApp/app/Views/mainTemplate.tpl"  on line 52 "{foreach $feladatlista as value}"  - Unexpected "value", expected one of: DOLLARID , "$"
#0 /opt/lampp/htdocs/codeigniter/ci-TodoApp/vendor/smarty/smarty/libs/sysplugins/smarty_internal_templateparser.php(3519): Smarty_Internal_TemplateCompilerBase->trigger_template_error()
#1 /opt/lampp/htdocs/codeigniter/ci-TodoApp/vendor/smarty/smarty/libs/sysplugins/smarty_internal_templateparser.php(3577): Smarty_Internal_Templateparser->yy_syntax_error(17, 'value')
#2 /opt/lampp/htdocs/codeigniter/ci-TodoApp/vendor/smarty/smarty/libs/sysplugins/smarty_internal_smartytemplatecompiler.php(128): Smarty_Internal_Templateparser->doParse(17, 'value')
#3 /opt/lampp/htdocs/codeigniter/ci-TodoApp/vendor/smarty/smarty/libs/sysplugins/smarty_internal_templatecompilerbase.php(481): Smarty_Internal_SmartyTemplateCompiler->doCompile('{* F\xC5\x91 smarty s...', true)
#4 /opt/lampp/htdocs/codeigniter/ci-TodoApp/vendor/smarty/smarty/libs/sysplugins/smarty_internal_templatecompilerbase.php(402): Smarty_Internal_TemplateCompilerBase->compileTemplateSource(Object(Smarty_Internal_Template), false, NULL)
#5 /opt/lampp/htdocs/codeigniter/ci-TodoApp/vendor/smarty/smarty/libs/sysplugins/smarty_template_compiled.php(184): Smarty_Internal_TemplateCompilerBase->compileTemplate(Object(Smarty_Internal_Template))
#6 /opt/lampp/htdocs/codeigniter/ci-TodoApp/vendor/smarty/smarty/libs/sysplugins/smarty_template_compiled.php(141): Smarty_Template_Compiled->compileTemplateSource(Object(Smarty_Internal_Template))
#7 /opt/lampp/htdocs/codeigniter/ci-TodoApp/vendor/smarty/smarty/libs/sysplugins/smarty_template_compiled.php(105): Smarty_Template_Compiled->process(Object(Smarty_Internal_Template))
#8 /opt/lampp/htdocs/codeigniter/ci-TodoApp/vendor/smarty/smarty/libs/sysplugins/smarty_internal_template.php(216): Smarty_Template_Compiled->render(Object(Smarty_Internal_Template))
#9 /opt/lampp/htdocs/codeigniter/ci-TodoApp/vendor/smarty/smarty/libs/sysplugins/smarty_internal_templatebase.php(232): Smarty_Internal_Template->render(false, 1)
#10 /opt/lampp/htdocs/codeigniter/ci-TodoApp/vendor/smarty/smarty/libs/sysplugins/smarty_internal_templatebase.php(134): Smarty_Internal_TemplateBase->_execute(Object(Smarty_Internal_Template), NULL, NULL, NULL, 1)
#11 /opt/lampp/htdocs/codeigniter/ci-TodoApp/app/Controllers/Home.php(19): Smarty_Internal_TemplateBase->display('mainTemplate.tp...')
#12 /opt/lampp/htdocs/codeigniter/ci-TodoApp/vendor/codeigniter4/framework/system/CodeIgniter.php(928): App\Controllers\Home->index()
#13 /opt/lampp/htdocs/codeigniter/ci-TodoApp/vendor/codeigniter4/framework/system/CodeIgniter.php(436): CodeIgniter\CodeIgniter->runController(Object(App\Controllers\Home))
#14 /opt/lampp/htdocs/codeigniter/ci-TodoApp/vendor/codeigniter4/framework/system/CodeIgniter.php(336): CodeIgniter\CodeIgniter->handleRequest(NULL, Object(Config\Cache), false)
#15 /opt/lampp/htdocs/codeigniter/ci-TodoApp/public/index.php(37): CodeIgniter\CodeIgniter->run()
#16 {main}
CRITICAL - 2021-06-23 11:42:49 --> Undefined index: feladatlista
#0 /opt/lampp/htdocs/codeigniter/ci-TodoApp/writable/smarty/templates_c/d6fba66191803b5c07127960dfa2e20181a8b369_0.file.mainTemplate.tpl.php(141): CodeIgniter\Debug\Exceptions->errorHandler(8, 'Undefined index...', '/opt/lampp/htdo...', 141, Array)
#1 /opt/lampp/htdocs/codeigniter/ci-TodoApp/vendor/smarty/smarty/libs/sysplugins/smarty_internal_runtime_inheritance.php(248): Block_68234581260d3648954af28_14362358->callBlock(Object(Smarty_Internal_Template))
#2 /opt/lampp/htdocs/codeigniter/ci-TodoApp/vendor/smarty/smarty/libs/sysplugins/smarty_internal_runtime_inheritance.php(184): Smarty_Internal_Runtime_Inheritance->callBlock(Object(Block_68234581260d3648954af28_14362358), Object(Smarty_Internal_Template))
#3 /opt/lampp/htdocs/codeigniter/ci-TodoApp/vendor/smarty/smarty/libs/sysplugins/smarty_internal_runtime_inheritance.php(156): Smarty_Internal_Runtime_Inheritance->process(Object(Smarty_Internal_Template), Object(Block_68234581260d3648954af28_14362358))
#4 /opt/lampp/htdocs/codeigniter/ci-TodoApp/writable/smarty/templates_c/d6fba66191803b5c07127960dfa2e20181a8b369_0.file.mainTemplate.tpl.php(75): Smarty_Internal_Runtime_Inheritance->instanceBlock(Object(Smarty_Internal_Template), 'Block_682345812...', 'BodyMain')
#5 /opt/lampp/htdocs/codeigniter/ci-TodoApp/vendor/smarty/smarty/libs/sysplugins/smarty_template_resource_base.php(123): content_60d364895669e8_51286759(Object(Smarty_Internal_Template))
#6 /opt/lampp/htdocs/codeigniter/ci-TodoApp/vendor/smarty/smarty/libs/sysplugins/smarty_template_compiled.php(114): Smarty_Template_Resource_Base->getRenderedTemplateCode(Object(Smarty_Internal_Template))
#7 /opt/lampp/htdocs/codeigniter/ci-TodoApp/vendor/smarty/smarty/libs/sysplugins/smarty_internal_template.php(216): Smarty_Template_Compiled->render(Object(Smarty_Internal_Template))
#8 /opt/lampp/htdocs/codeigniter/ci-TodoApp/vendor/smarty/smarty/libs/sysplugins/smarty_internal_templatebase.php(232): Smarty_Internal_Template->render(false, 1)
#9 /opt/lampp/htdocs/codeigniter/ci-TodoApp/vendor/smarty/smarty/libs/sysplugins/smarty_internal_templatebase.php(134): Smarty_Internal_TemplateBase->_execute(Object(Smarty_Internal_Template), NULL, NULL, NULL, 1)
#10 /opt/lampp/htdocs/codeigniter/ci-TodoApp/app/Controllers/Home.php(19): Smarty_Internal_TemplateBase->display('mainTemplate.tp...')
#11 /opt/lampp/htdocs/codeigniter/ci-TodoApp/vendor/codeigniter4/framework/system/CodeIgniter.php(928): App\Controllers\Home->index()
#12 /opt/lampp/htdocs/codeigniter/ci-TodoApp/vendor/codeigniter4/framework/system/CodeIgniter.php(436): CodeIgniter\CodeIgniter->runController(Object(App\Controllers\Home))
#13 /opt/lampp/htdocs/codeigniter/ci-TodoApp/vendor/codeigniter4/framework/system/CodeIgniter.php(336): CodeIgniter\CodeIgniter->handleRequest(NULL, Object(Config\Cache), false)
#14 /opt/lampp/htdocs/codeigniter/ci-TodoApp/public/index.php(37): CodeIgniter\CodeIgniter->run()
#15 {main}
CRITICAL - 2021-06-23 11:46:06 --> syntax error, unexpected '$feladatok' (T_VARIABLE)
#0 /opt/lampp/htdocs/codeigniter/ci-TodoApp/vendor/codeigniter4/framework/system/Autoloader/Autoloader.php(273): CodeIgniter\Autoloader\Autoloader->includeFile('/opt/lampp/htdo...')
#1 /opt/lampp/htdocs/codeigniter/ci-TodoApp/vendor/codeigniter4/framework/system/Autoloader/Autoloader.php(247): CodeIgniter\Autoloader\Autoloader->loadInNamespace('App\\Controllers...')
#2 [internal function]: CodeIgniter\Autoloader\Autoloader->loadClass('App\\Controllers...')
#3 [internal function]: spl_autoload_call('App\\Controllers...')
#4 /opt/lampp/htdocs/codeigniter/ci-TodoApp/vendor/codeigniter4/framework/system/CodeIgniter.php(885): class_exists('\\App\\Controller...', true)
#5 /opt/lampp/htdocs/codeigniter/ci-TodoApp/vendor/codeigniter4/framework/system/CodeIgniter.php(421): CodeIgniter\CodeIgniter->startController()
#6 /opt/lampp/htdocs/codeigniter/ci-TodoApp/vendor/codeigniter4/framework/system/CodeIgniter.php(336): CodeIgniter\CodeIgniter->handleRequest(NULL, Object(Config\Cache), false)
#7 /opt/lampp/htdocs/codeigniter/ci-TodoApp/public/index.php(37): CodeIgniter\CodeIgniter->run()
#8 {main}
CRITICAL - 2021-06-23 11:46:41 --> Object of class stdClass could not be converted to string
#0 /opt/lampp/htdocs/codeigniter/ci-TodoApp/vendor/smarty/smarty/libs/sysplugins/smarty_internal_runtime_inheritance.php(248): Block_68234581260d3648954af28_14362358->callBlock(Object(Smarty_Internal_Template))
#1 /opt/lampp/htdocs/codeigniter/ci-TodoApp/vendor/smarty/smarty/libs/sysplugins/smarty_internal_runtime_inheritance.php(184): Smarty_Internal_Runtime_Inheritance->callBlock(Object(Block_68234581260d3648954af28_14362358), Object(Smarty_Internal_Template))
#2 /opt/lampp/htdocs/codeigniter/ci-TodoApp/vendor/smarty/smarty/libs/sysplugins/smarty_internal_runtime_inheritance.php(156): Smarty_Internal_Runtime_Inheritance->process(Object(Smarty_Internal_Template), Object(Block_68234581260d3648954af28_14362358))
#3 /opt/lampp/htdocs/codeigniter/ci-TodoApp/writable/smarty/templates_c/d6fba66191803b5c07127960dfa2e20181a8b369_0.file.mainTemplate.tpl.php(75): Smarty_Internal_Runtime_Inheritance->instanceBlock(Object(Smarty_Internal_Template), 'Block_682345812...', 'BodyMain')
#4 /opt/lampp/htdocs/codeigniter/ci-TodoApp/vendor/smarty/smarty/libs/sysplugins/smarty_template_resource_base.php(123): content_60d364895669e8_51286759(Object(Smarty_Internal_Template))
#5 /opt/lampp/htdocs/codeigniter/ci-TodoApp/vendor/smarty/smarty/libs/sysplugins/smarty_template_compiled.php(114): Smarty_Template_Resource_Base->getRenderedTemplateCode(Object(Smarty_Internal_Template))
#6 /opt/lampp/htdocs/codeigniter/ci-TodoApp/vendor/smarty/smarty/libs/sysplugins/smarty_internal_template.php(216): Smarty_Template_Compiled->render(Object(Smarty_Internal_Template))
#7 /opt/lampp/htdocs/codeigniter/ci-TodoApp/vendor/smarty/smarty/libs/sysplugins/smarty_internal_templatebase.php(232): Smarty_Internal_Template->render(false, 1)
#8 /opt/lampp/htdocs/codeigniter/ci-TodoApp/vendor/smarty/smarty/libs/sysplugins/smarty_internal_templatebase.php(134): Smarty_Internal_TemplateBase->_execute(Object(Smarty_Internal_Template), NULL, NULL, NULL, 1)
#9 /opt/lampp/htdocs/codeigniter/ci-TodoApp/app/Controllers/Home.php(24): Smarty_Internal_TemplateBase->display('mainTemplate.tp...')
#10 /opt/lampp/htdocs/codeigniter/ci-TodoApp/vendor/codeigniter4/framework/system/CodeIgniter.php(928): App\Controllers\Home->index()
#11 /opt/lampp/htdocs/codeigniter/ci-TodoApp/vendor/codeigniter4/framework/system/CodeIgniter.php(436): CodeIgniter\CodeIgniter->runController(Object(App\Controllers\Home))
#12 /opt/lampp/htdocs/codeigniter/ci-TodoApp/vendor/codeigniter4/framework/system/CodeIgniter.php(336): CodeIgniter\CodeIgniter->handleRequest(NULL, Object(Config\Cache), false)
#13 /opt/lampp/htdocs/codeigniter/ci-TodoApp/public/index.php(37): CodeIgniter\CodeIgniter->run()
#14 {main}
CRITICAL - 2021-06-23 11:48:34 --> Cannot use object of type stdClass as array
#0 /opt/lampp/htdocs/codeigniter/ci-TodoApp/vendor/smarty/smarty/libs/sysplugins/smarty_internal_runtime_inheritance.php(248): Block_130392018760d365e267e0d4_02632760->callBlock(Object(Smarty_Internal_Template))
#1 /opt/lampp/htdocs/codeigniter/ci-TodoApp/vendor/smarty/smarty/libs/sysplugins/smarty_internal_runtime_inheritance.php(184): Smarty_Internal_Runtime_Inheritance->callBlock(Object(Block_130392018760d365e267e0d4_02632760), Object(Smarty_Internal_Template))
#2 /opt/lampp/htdocs/codeigniter/ci-TodoApp/vendor/smarty/smarty/libs/sysplugins/smarty_internal_runtime_inheritance.php(156): Smarty_Internal_Runtime_Inheritance->process(Object(Smarty_Internal_Template), Object(Block_130392018760d365e267e0d4_02632760))
#3 /opt/lampp/htdocs/codeigniter/ci-TodoApp/writable/smarty/templates_c/d6fba66191803b5c07127960dfa2e20181a8b369_0.file.mainTemplate.tpl.php(75): Smarty_Internal_Runtime_Inheritance->instanceBlock(Object(Smarty_Internal_Template), 'Block_130392018...', 'BodyMain')
#4 /opt/lampp/htdocs/codeigniter/ci-TodoApp/vendor/smarty/smarty/libs/sysplugins/smarty_template_resource_base.php(123): content_60d365e2687415_59028888(Object(Smarty_Internal_Template))
#5 /opt/lampp/htdocs/codeigniter/ci-TodoApp/vendor/smarty/smarty/libs/sysplugins/smarty_template_compiled.php(114): Smarty_Template_Resource_Base->getRenderedTemplateCode(Object(Smarty_Internal_Template))
#6 /opt/lampp/htdocs/codeigniter/ci-TodoApp/vendor/smarty/smarty/libs/sysplugins/smarty_internal_template.php(216): Smarty_Template_Compiled->render(Object(Smarty_Internal_Template))
#7 /opt/lampp/htdocs/codeigniter/ci-TodoApp/vendor/smarty/smarty/libs/sysplugins/smarty_internal_templatebase.php(232): Smarty_Internal_Template->render(false, 1)
#8 /opt/lampp/htdocs/codeigniter/ci-TodoApp/vendor/smarty/smarty/libs/sysplugins/smarty_internal_templatebase.php(134): Smarty_Internal_TemplateBase->_execute(Object(Smarty_Internal_Template), NULL, NULL, NULL, 1)
#9 /opt/lampp/htdocs/codeigniter/ci-TodoApp/app/Controllers/Home.php(24): Smarty_Internal_TemplateBase->display('mainTemplate.tp...')
#10 /opt/lampp/htdocs/codeigniter/ci-TodoApp/vendor/codeigniter4/framework/system/CodeIgniter.php(928): App\Controllers\Home->index()
#11 /opt/lampp/htdocs/codeigniter/ci-TodoApp/vendor/codeigniter4/framework/system/CodeIgniter.php(436): CodeIgniter\CodeIgniter->runController(Object(App\Controllers\Home))
#12 /opt/lampp/htdocs/codeigniter/ci-TodoApp/vendor/codeigniter4/framework/system/CodeIgniter.php(336): CodeIgniter\CodeIgniter->handleRequest(NULL, Object(Config\Cache), false)
#13 /opt/lampp/htdocs/codeigniter/ci-TodoApp/public/index.php(37): CodeIgniter\CodeIgniter->run()
#14 {main}
CRITICAL - 2021-06-23 11:51:39 --> Object of class stdClass could not be converted to string
#0 /opt/lampp/htdocs/codeigniter/ci-TodoApp/vendor/smarty/smarty/libs/sysplugins/smarty_internal_runtime_inheritance.php(248): Block_68838477260d3669b537f89_68102493->callBlock(Object(Smarty_Internal_Template))
#1 /opt/lampp/htdocs/codeigniter/ci-TodoApp/vendor/smarty/smarty/libs/sysplugins/smarty_internal_runtime_inheritance.php(184): Smarty_Internal_Runtime_Inheritance->callBlock(Object(Block_68838477260d3669b537f89_68102493), Object(Smarty_Internal_Template))
#2 /opt/lampp/htdocs/codeigniter/ci-TodoApp/vendor/smarty/smarty/libs/sysplugins/smarty_internal_runtime_inheritance.php(156): Smarty_Internal_Runtime_Inheritance->process(Object(Smarty_Internal_Template), Object(Block_68838477260d3669b537f89_68102493))
#3 /opt/lampp/htdocs/codeigniter/ci-TodoApp/writable/smarty/templates_c/d6fba66191803b5c07127960dfa2e20181a8b369_0.file.mainTemplate.tpl.php(75): Smarty_Internal_Runtime_Inheritance->instanceBlock(Object(Smarty_Internal_Template), 'Block_688384772...', 'BodyMain')
#4 /opt/lampp/htdocs/codeigniter/ci-TodoApp/vendor/smarty/smarty/libs/sysplugins/smarty_template_resource_base.php(123): content_60d3669b5424c0_04160286(Object(Smarty_Internal_Template))
#5 /opt/lampp/htdocs/codeigniter/ci-TodoApp/vendor/smarty/smarty/libs/sysplugins/smarty_template_compiled.php(114): Smarty_Template_Resource_Base->getRenderedTemplateCode(Object(Smarty_Internal_Template))
#6 /opt/lampp/htdocs/codeigniter/ci-TodoApp/vendor/smarty/smarty/libs/sysplugins/smarty_internal_template.php(216): Smarty_Template_Compiled->render(Object(Smarty_Internal_Template))
#7 /opt/lampp/htdocs/codeigniter/ci-TodoApp/vendor/smarty/smarty/libs/sysplugins/smarty_internal_templatebase.php(232): Smarty_Internal_Template->render(false, 1)
#8 /opt/lampp/htdocs/codeigniter/ci-TodoApp/vendor/smarty/smarty/libs/sysplugins/smarty_internal_templatebase.php(134): Smarty_Internal_TemplateBase->_execute(Object(Smarty_Internal_Template), NULL, NULL, NULL, 1)
#9 /opt/lampp/htdocs/codeigniter/ci-TodoApp/app/Controllers/Home.php(24): Smarty_Internal_TemplateBase->display('mainTemplate.tp...')
#10 /opt/lampp/htdocs/codeigniter/ci-TodoApp/vendor/codeigniter4/framework/system/CodeIgniter.php(928): App\Controllers\Home->index()
#11 /opt/lampp/htdocs/codeigniter/ci-TodoApp/vendor/codeigniter4/framework/system/CodeIgniter.php(436): CodeIgniter\CodeIgniter->runController(Object(App\Controllers\Home))
#12 /opt/lampp/htdocs/codeigniter/ci-TodoApp/vendor/codeigniter4/framework/system/CodeIgniter.php(336): CodeIgniter\CodeIgniter->handleRequest(NULL, Object(Config\Cache), false)
#13 /opt/lampp/htdocs/codeigniter/ci-TodoApp/public/index.php(37): CodeIgniter\CodeIgniter->run()
#14 {main}
CRITICAL - 2021-06-23 11:53:46 --> Cannot use object of type stdClass as array
#0 /opt/lampp/htdocs/codeigniter/ci-TodoApp/vendor/smarty/smarty/libs/sysplugins/smarty_internal_runtime_inheritance.php(248): Block_90117750460d3671ad3c551_37774067->callBlock(Object(Smarty_Internal_Template))
#1 /opt/lampp/htdocs/codeigniter/ci-TodoApp/vendor/smarty/smarty/libs/sysplugins/smarty_internal_runtime_inheritance.php(184): Smarty_Internal_Runtime_Inheritance->callBlock(Object(Block_90117750460d3671ad3c551_37774067), Object(Smarty_Internal_Template))
#2 /opt/lampp/htdocs/codeigniter/ci-TodoApp/vendor/smarty/smarty/libs/sysplugins/smarty_internal_runtime_inheritance.php(156): Smarty_Internal_Runtime_Inheritance->process(Object(Smarty_Internal_Template), Object(Block_90117750460d3671ad3c551_37774067))
#3 /opt/lampp/htdocs/codeigniter/ci-TodoApp/writable/smarty/templates_c/d6fba66191803b5c07127960dfa2e20181a8b369_0.file.mainTemplate.tpl.php(75): Smarty_Internal_Runtime_Inheritance->instanceBlock(Object(Smarty_Internal_Template), 'Block_901177504...', 'BodyMain')
#4 /opt/lampp/htdocs/codeigniter/ci-TodoApp/vendor/smarty/smarty/libs/sysplugins/smarty_template_resource_base.php(123): content_60d3671ad47da4_40250862(Object(Smarty_Internal_Template))
#5 /opt/lampp/htdocs/codeigniter/ci-TodoApp/vendor/smarty/smarty/libs/sysplugins/smarty_template_compiled.php(114): Smarty_Template_Resource_Base->getRenderedTemplateCode(Object(Smarty_Internal_Template))
#6 /opt/lampp/htdocs/codeigniter/ci-TodoApp/vendor/smarty/smarty/libs/sysplugins/smarty_internal_template.php(216): Smarty_Template_Compiled->render(Object(Smarty_Internal_Template))
#7 /opt/lampp/htdocs/codeigniter/ci-TodoApp/vendor/smarty/smarty/libs/sysplugins/smarty_internal_templatebase.php(232): Smarty_Internal_Template->render(false, 1)
#8 /opt/lampp/htdocs/codeigniter/ci-TodoApp/vendor/smarty/smarty/libs/sysplugins/smarty_internal_templatebase.php(134): Smarty_Internal_TemplateBase->_execute(Object(Smarty_Internal_Template), NULL, NULL, NULL, 1)
#9 /opt/lampp/htdocs/codeigniter/ci-TodoApp/app/Controllers/Home.php(24): Smarty_Internal_TemplateBase->display('mainTemplate.tp...')
#10 /opt/lampp/htdocs/codeigniter/ci-TodoApp/vendor/codeigniter4/framework/system/CodeIgniter.php(928): App\Controllers\Home->index()
#11 /opt/lampp/htdocs/codeigniter/ci-TodoApp/vendor/codeigniter4/framework/system/CodeIgniter.php(436): CodeIgniter\CodeIgniter->runController(Object(App\Controllers\Home))
#12 /opt/lampp/htdocs/codeigniter/ci-TodoApp/vendor/codeigniter4/framework/system/CodeIgniter.php(336): CodeIgniter\CodeIgniter->handleRequest(NULL, Object(Config\Cache), false)
#13 /opt/lampp/htdocs/codeigniter/ci-TodoApp/public/index.php(37): CodeIgniter\CodeIgniter->run()
#14 {main}
CRITICAL - 2021-06-23 11:55:38 --> Undefined property: Smarty_Internal_Undefined::$objMap
#0 /opt/lampp/htdocs/codeigniter/ci-TodoApp/vendor/smarty/smarty/libs/sysplugins/smarty_internal_extension_handler.php(132): CodeIgniter\Debug\Exceptions->errorHandler(8, 'Undefined prope...', '/opt/lampp/htdo...', 132, Array)
#1 /opt/lampp/htdocs/codeigniter/ci-TodoApp/vendor/smarty/smarty/libs/sysplugins/smarty_internal_data.php(290): Smarty_Internal_Extension_Handler->_callExternalMethod(Object(CI4Smarty\ThirdParty\CiSmarty), 'assign_by_ref', Array)
#2 /opt/lampp/htdocs/codeigniter/ci-TodoApp/app/Controllers/Home.php(22): Smarty_Internal_Data->__call('assign_by_ref', Array)
#3 /opt/lampp/htdocs/codeigniter/ci-TodoApp/vendor/codeigniter4/framework/system/CodeIgniter.php(928): App\Controllers\Home->index()
#4 /opt/lampp/htdocs/codeigniter/ci-TodoApp/vendor/codeigniter4/framework/system/CodeIgniter.php(436): CodeIgniter\CodeIgniter->runController(Object(App\Controllers\Home))
#5 /opt/lampp/htdocs/codeigniter/ci-TodoApp/vendor/codeigniter4/framework/system/CodeIgniter.php(336): CodeIgniter\CodeIgniter->handleRequest(NULL, Object(Config\Cache), false)
#6 /opt/lampp/htdocs/codeigniter/ci-TodoApp/public/index.php(37): CodeIgniter\CodeIgniter->run()
#7 {main}
CRITICAL - 2021-06-23 11:57:43 --> Undefined property: Smarty_Internal_Undefined::$objMap
#0 /opt/lampp/htdocs/codeigniter/ci-TodoApp/vendor/smarty/smarty/libs/sysplugins/smarty_internal_extension_handler.php(132): CodeIgniter\Debug\Exceptions->errorHandler(8, 'Undefined prope...', '/opt/lampp/htdo...', 132, Array)
#1 /opt/lampp/htdocs/codeigniter/ci-TodoApp/vendor/smarty/smarty/libs/sysplugins/smarty_internal_data.php(290): Smarty_Internal_Extension_Handler->_callExternalMethod(Object(CI4Smarty\ThirdParty\CiSmarty), 'assign_by_ref', Array)
#2 /opt/lampp/htdocs/codeigniter/ci-TodoApp/app/Controllers/Home.php(22): Smarty_Internal_Data->__call('assign_by_ref', Array)
#3 /opt/lampp/htdocs/codeigniter/ci-TodoApp/vendor/codeigniter4/framework/system/CodeIgniter.php(928): App\Controllers\Home->index()
#4 /opt/lampp/htdocs/codeigniter/ci-TodoApp/vendor/codeigniter4/framework/system/CodeIgniter.php(436): CodeIgniter\CodeIgniter->runController(Object(App\Controllers\Home))
#5 /opt/lampp/htdocs/codeigniter/ci-TodoApp/vendor/codeigniter4/framework/system/CodeIgniter.php(336): CodeIgniter\CodeIgniter->handleRequest(NULL, Object(Config\Cache), false)
#6 /opt/lampp/htdocs/codeigniter/ci-TodoApp/public/index.php(37): CodeIgniter\CodeIgniter->run()
#7 {main}
CRITICAL - 2021-06-23 11:57:45 --> Undefined property: Smarty_Internal_Undefined::$objMap
#0 /opt/lampp/htdocs/codeigniter/ci-TodoApp/vendor/smarty/smarty/libs/sysplugins/smarty_internal_extension_handler.php(132): CodeIgniter\Debug\Exceptions->errorHandler(8, 'Undefined prope...', '/opt/lampp/htdo...', 132, Array)
#1 /opt/lampp/htdocs/codeigniter/ci-TodoApp/vendor/smarty/smarty/libs/sysplugins/smarty_internal_data.php(290): Smarty_Internal_Extension_Handler->_callExternalMethod(Object(CI4Smarty\ThirdParty\CiSmarty), 'assign_by_ref', Array)
#2 /opt/lampp/htdocs/codeigniter/ci-TodoApp/app/Controllers/Home.php(22): Smarty_Internal_Data->__call('assign_by_ref', Array)
#3 /opt/lampp/htdocs/codeigniter/ci-TodoApp/vendor/codeigniter4/framework/system/CodeIgniter.php(928): App\Controllers\Home->index()
#4 /opt/lampp/htdocs/codeigniter/ci-TodoApp/vendor/codeigniter4/framework/system/CodeIgniter.php(436): CodeIgniter\CodeIgniter->runController(Object(App\Controllers\Home))
#5 /opt/lampp/htdocs/codeigniter/ci-TodoApp/vendor/codeigniter4/framework/system/CodeIgniter.php(336): CodeIgniter\CodeIgniter->handleRequest(NULL, Object(Config\Cache), false)
#6 /opt/lampp/htdocs/codeigniter/ci-TodoApp/public/index.php(37): CodeIgniter\CodeIgniter->run()
#7 {main}
CRITICAL - 2021-06-23 11:57:55 --> Cannot use object of type stdClass as array
#0 /opt/lampp/htdocs/codeigniter/ci-TodoApp/vendor/smarty/smarty/libs/sysplugins/smarty_internal_runtime_inheritance.php(248): Block_125846106460d368138b5992_04495409->callBlock(Object(Smarty_Internal_Template))
#1 /opt/lampp/htdocs/codeigniter/ci-TodoApp/vendor/smarty/smarty/libs/sysplugins/smarty_internal_runtime_inheritance.php(184): Smarty_Internal_Runtime_Inheritance->callBlock(Object(Block_125846106460d368138b5992_04495409), Object(Smarty_Internal_Template))
#2 /opt/lampp/htdocs/codeigniter/ci-TodoApp/vendor/smarty/smarty/libs/sysplugins/smarty_internal_runtime_inheritance.php(156): Smarty_Internal_Runtime_Inheritance->process(Object(Smarty_Internal_Template), Object(Block_125846106460d368138b5992_04495409))
#3 /opt/lampp/htdocs/codeigniter/ci-TodoApp/writable/smarty/templates_c/d6fba66191803b5c07127960dfa2e20181a8b369_0.file.mainTemplate.tpl.php(75): Smarty_Internal_Runtime_Inheritance->instanceBlock(Object(Smarty_Internal_Template), 'Block_125846106...', 'BodyMain')
#4 /opt/lampp/htdocs/codeigniter/ci-TodoApp/vendor/smarty/smarty/libs/sysplugins/smarty_template_resource_base.php(123): content_60d368138c39c3_66581203(Object(Smarty_Internal_Template))
#5 /opt/lampp/htdocs/codeigniter/ci-TodoApp/vendor/smarty/smarty/libs/sysplugins/smarty_template_compiled.php(114): Smarty_Template_Resource_Base->getRenderedTemplateCode(Object(Smarty_Internal_Template))
#6 /opt/lampp/htdocs/codeigniter/ci-TodoApp/vendor/smarty/smarty/libs/sysplugins/smarty_internal_template.php(216): Smarty_Template_Compiled->render(Object(Smarty_Internal_Template))
#7 /opt/lampp/htdocs/codeigniter/ci-TodoApp/vendor/smarty/smarty/libs/sysplugins/smarty_internal_templatebase.php(232): Smarty_Internal_Template->render(false, 1)
#8 /opt/lampp/htdocs/codeigniter/ci-TodoApp/vendor/smarty/smarty/libs/sysplugins/smarty_internal_templatebase.php(134): Smarty_Internal_TemplateBase->_execute(Object(Smarty_Internal_Template), NULL, NULL, NULL, 1)
#9 /opt/lampp/htdocs/codeigniter/ci-TodoApp/app/Controllers/Home.php(24): Smarty_Internal_TemplateBase->display('mainTemplate.tp...')
#10 /opt/lampp/htdocs/codeigniter/ci-TodoApp/vendor/codeigniter4/framework/system/CodeIgniter.php(928): App\Controllers\Home->index()
#11 /opt/lampp/htdocs/codeigniter/ci-TodoApp/vendor/codeigniter4/framework/system/CodeIgniter.php(436): CodeIgniter\CodeIgniter->runController(Object(App\Controllers\Home))
#12 /opt/lampp/htdocs/codeigniter/ci-TodoApp/vendor/codeigniter4/framework/system/CodeIgniter.php(336): CodeIgniter\CodeIgniter->handleRequest(NULL, Object(Config\Cache), false)
#13 /opt/lampp/htdocs/codeigniter/ci-TodoApp/public/index.php(37): CodeIgniter\CodeIgniter->run()
#14 {main}
CRITICAL - 2021-06-23 11:58:13 --> Cannot use object of type stdClass as array
#0 /opt/lampp/htdocs/codeigniter/ci-TodoApp/vendor/smarty/smarty/libs/sysplugins/smarty_internal_runtime_inheritance.php(248): Block_125846106460d368138b5992_04495409->callBlock(Object(Smarty_Internal_Template))
#1 /opt/lampp/htdocs/codeigniter/ci-TodoApp/vendor/smarty/smarty/libs/sysplugins/smarty_internal_runtime_inheritance.php(184): Smarty_Internal_Runtime_Inheritance->callBlock(Object(Block_125846106460d368138b5992_04495409), Object(Smarty_Internal_Template))
#2 /opt/lampp/htdocs/codeigniter/ci-TodoApp/vendor/smarty/smarty/libs/sysplugins/smarty_internal_runtime_inheritance.php(156): Smarty_Internal_Runtime_Inheritance->process(Object(Smarty_Internal_Template), Object(Block_125846106460d368138b5992_04495409))
#3 /opt/lampp/htdocs/codeigniter/ci-TodoApp/writable/smarty/templates_c/d6fba66191803b5c07127960dfa2e20181a8b369_0.file.mainTemplate.tpl.php(75): Smarty_Internal_Runtime_Inheritance->instanceBlock(Object(Smarty_Internal_Template), 'Block_125846106...', 'BodyMain')
#4 /opt/lampp/htdocs/codeigniter/ci-TodoApp/vendor/smarty/smarty/libs/sysplugins/smarty_template_resource_base.php(123): content_60d368138c39c3_66581203(Object(Smarty_Internal_Template))
#5 /opt/lampp/htdocs/codeigniter/ci-TodoApp/vendor/smarty/smarty/libs/sysplugins/smarty_template_compiled.php(114): Smarty_Template_Resource_Base->getRenderedTemplateCode(Object(Smarty_Internal_Template))
#6 /opt/lampp/htdocs/codeigniter/ci-TodoApp/vendor/smarty/smarty/libs/sysplugins/smarty_internal_template.php(216): Smarty_Template_Compiled->render(Object(Smarty_Internal_Template))
#7 /opt/lampp/htdocs/codeigniter/ci-TodoApp/vendor/smarty/smarty/libs/sysplugins/smarty_internal_templatebase.php(232): Smarty_Internal_Template->render(false, 1)
#8 /opt/lampp/htdocs/codeigniter/ci-TodoApp/vendor/smarty/smarty/libs/sysplugins/smarty_internal_templatebase.php(134): Smarty_Internal_TemplateBase->_execute(Object(Smarty_Internal_Template), NULL, NULL, NULL, 1)
#9 /opt/lampp/htdocs/codeigniter/ci-TodoApp/app/Controllers/Home.php(24): Smarty_Internal_TemplateBase->display('mainTemplate.tp...')
#10 /opt/lampp/htdocs/codeigniter/ci-TodoApp/vendor/codeigniter4/framework/system/CodeIgniter.php(928): App\Controllers\Home->index()
#11 /opt/lampp/htdocs/codeigniter/ci-TodoApp/vendor/codeigniter4/framework/system/CodeIgniter.php(436): CodeIgniter\CodeIgniter->runController(Object(App\Controllers\Home))
#12 /opt/lampp/htdocs/codeigniter/ci-TodoApp/vendor/codeigniter4/framework/system/CodeIgniter.php(336): CodeIgniter\CodeIgniter->handleRequest(NULL, Object(Config\Cache), false)
#13 /opt/lampp/htdocs/codeigniter/ci-TodoApp/public/index.php(37): CodeIgniter\CodeIgniter->run()
#14 {main}
CRITICAL - 2021-06-23 11:58:48 --> Cannot use object of type stdClass as array
#0 /opt/lampp/htdocs/codeigniter/ci-TodoApp/vendor/smarty/smarty/libs/sysplugins/smarty_internal_runtime_inheritance.php(248): Block_125846106460d368138b5992_04495409->callBlock(Object(Smarty_Internal_Template))
#1 /opt/lampp/htdocs/codeigniter/ci-TodoApp/vendor/smarty/smarty/libs/sysplugins/smarty_internal_runtime_inheritance.php(184): Smarty_Internal_Runtime_Inheritance->callBlock(Object(Block_125846106460d368138b5992_04495409), Object(Smarty_Internal_Template))
#2 /opt/lampp/htdocs/codeigniter/ci-TodoApp/vendor/smarty/smarty/libs/sysplugins/smarty_internal_runtime_inheritance.php(156): Smarty_Internal_Runtime_Inheritance->process(Object(Smarty_Internal_Template), Object(Block_125846106460d368138b5992_04495409))
#3 /opt/lampp/htdocs/codeigniter/ci-TodoApp/writable/smarty/templates_c/d6fba66191803b5c07127960dfa2e20181a8b369_0.file.mainTemplate.tpl.php(75): Smarty_Internal_Runtime_Inheritance->instanceBlock(Object(Smarty_Internal_Template), 'Block_125846106...', 'BodyMain')
#4 /opt/lampp/htdocs/codeigniter/ci-TodoApp/vendor/smarty/smarty/libs/sysplugins/smarty_template_resource_base.php(123): content_60d368138c39c3_66581203(Object(Smarty_Internal_Template))
#5 /opt/lampp/htdocs/codeigniter/ci-TodoApp/vendor/smarty/smarty/libs/sysplugins/smarty_template_compiled.php(114): Smarty_Template_Resource_Base->getRenderedTemplateCode(Object(Smarty_Internal_Template))
#6 /opt/lampp/htdocs/codeigniter/ci-TodoApp/vendor/smarty/smarty/libs/sysplugins/smarty_internal_template.php(216): Smarty_Template_Compiled->render(Object(Smarty_Internal_Template))
#7 /opt/lampp/htdocs/codeigniter/ci-TodoApp/vendor/smarty/smarty/libs/sysplugins/smarty_internal_templatebase.php(232): Smarty_Internal_Template->render(false, 1)
#8 /opt/lampp/htdocs/codeigniter/ci-TodoApp/vendor/smarty/smarty/libs/sysplugins/smarty_internal_templatebase.php(134): Smarty_Internal_TemplateBase->_execute(Object(Smarty_Internal_Template), NULL, NULL, NULL, 1)
#9 /opt/lampp/htdocs/codeigniter/ci-TodoApp/app/Controllers/Home.php(24): Smarty_Internal_TemplateBase->display('mainTemplate.tp...')
#10 /opt/lampp/htdocs/codeigniter/ci-TodoApp/vendor/codeigniter4/framework/system/CodeIgniter.php(928): App\Controllers\Home->index()
#11 /opt/lampp/htdocs/codeigniter/ci-TodoApp/vendor/codeigniter4/framework/system/CodeIgniter.php(436): CodeIgniter\CodeIgniter->runController(Object(App\Controllers\Home))
#12 /opt/lampp/htdocs/codeigniter/ci-TodoApp/vendor/codeigniter4/framework/system/CodeIgniter.php(336): CodeIgniter\CodeIgniter->handleRequest(NULL, Object(Config\Cache), false)
#13 /opt/lampp/htdocs/codeigniter/ci-TodoApp/public/index.php(37): CodeIgniter\CodeIgniter->run()
#14 {main}
CRITICAL - 2021-06-23 11:58:49 --> Cannot use object of type stdClass as array
#0 /opt/lampp/htdocs/codeigniter/ci-TodoApp/vendor/smarty/smarty/libs/sysplugins/smarty_internal_runtime_inheritance.php(248): Block_125846106460d368138b5992_04495409->callBlock(Object(Smarty_Internal_Template))
#1 /opt/lampp/htdocs/codeigniter/ci-TodoApp/vendor/smarty/smarty/libs/sysplugins/smarty_internal_runtime_inheritance.php(184): Smarty_Internal_Runtime_Inheritance->callBlock(Object(Block_125846106460d368138b5992_04495409), Object(Smarty_Internal_Template))
#2 /opt/lampp/htdocs/codeigniter/ci-TodoApp/vendor/smarty/smarty/libs/sysplugins/smarty_internal_runtime_inheritance.php(156): Smarty_Internal_Runtime_Inheritance->process(Object(Smarty_Internal_Template), Object(Block_125846106460d368138b5992_04495409))
#3 /opt/lampp/htdocs/codeigniter/ci-TodoApp/writable/smarty/templates_c/d6fba66191803b5c07127960dfa2e20181a8b369_0.file.mainTemplate.tpl.php(75): Smarty_Internal_Runtime_Inheritance->instanceBlock(Object(Smarty_Internal_Template), 'Block_125846106...', 'BodyMain')
#4 /opt/lampp/htdocs/codeigniter/ci-TodoApp/vendor/smarty/smarty/libs/sysplugins/smarty_template_resource_base.php(123): content_60d368138c39c3_66581203(Object(Smarty_Internal_Template))
#5 /opt/lampp/htdocs/codeigniter/ci-TodoApp/vendor/smarty/smarty/libs/sysplugins/smarty_template_compiled.php(114): Smarty_Template_Resource_Base->getRenderedTemplateCode(Object(Smarty_Internal_Template))
#6 /opt/lampp/htdocs/codeigniter/ci-TodoApp/vendor/smarty/smarty/libs/sysplugins/smarty_internal_template.php(216): Smarty_Template_Compiled->render(Object(Smarty_Internal_Template))
#7 /opt/lampp/htdocs/codeigniter/ci-TodoApp/vendor/smarty/smarty/libs/sysplugins/smarty_internal_templatebase.php(232): Smarty_Internal_Template->render(false, 1)
#8 /opt/lampp/htdocs/codeigniter/ci-TodoApp/vendor/smarty/smarty/libs/sysplugins/smarty_internal_templatebase.php(134): Smarty_Internal_TemplateBase->_execute(Object(Smarty_Internal_Template), NULL, NULL, NULL, 1)
#9 /opt/lampp/htdocs/codeigniter/ci-TodoApp/app/Controllers/Home.php(24): Smarty_Internal_TemplateBase->display('mainTemplate.tp...')
#10 /opt/lampp/htdocs/codeigniter/ci-TodoApp/vendor/codeigniter4/framework/system/CodeIgniter.php(928): App\Controllers\Home->index()
#11 /opt/lampp/htdocs/codeigniter/ci-TodoApp/vendor/codeigniter4/framework/system/CodeIgniter.php(436): CodeIgniter\CodeIgniter->runController(Object(App\Controllers\Home))
#12 /opt/lampp/htdocs/codeigniter/ci-TodoApp/vendor/codeigniter4/framework/system/CodeIgniter.php(336): CodeIgniter\CodeIgniter->handleRequest(NULL, Object(Config\Cache), false)
#13 /opt/lampp/htdocs/codeigniter/ci-TodoApp/public/index.php(37): CodeIgniter\CodeIgniter->run()
#14 {main}
CRITICAL - 2021-06-23 11:59:39 --> Use of undefined constant fid - assumed 'fid' (this will throw an Error in a future version of PHP)
#0 /opt/lampp/htdocs/codeigniter/ci-TodoApp/app/Controllers/Home.php(22): CodeIgniter\Debug\Exceptions->errorHandler(2, 'Use of undefine...', '/opt/lampp/htdo...', 22, Array)
#1 /opt/lampp/htdocs/codeigniter/ci-TodoApp/vendor/codeigniter4/framework/system/CodeIgniter.php(928): App\Controllers\Home->index()
#2 /opt/lampp/htdocs/codeigniter/ci-TodoApp/vendor/codeigniter4/framework/system/CodeIgniter.php(436): CodeIgniter\CodeIgniter->runController(Object(App\Controllers\Home))
#3 /opt/lampp/htdocs/codeigniter/ci-TodoApp/vendor/codeigniter4/framework/system/CodeIgniter.php(336): CodeIgniter\CodeIgniter->handleRequest(NULL, Object(Config\Cache), false)
#4 /opt/lampp/htdocs/codeigniter/ci-TodoApp/public/index.php(37): CodeIgniter\CodeIgniter->run()
#5 {main}
CRITICAL - 2021-06-23 12:00:06 --> Trying to get property 'fid' of non-object
#0 /opt/lampp/htdocs/codeigniter/ci-TodoApp/app/Controllers/Home.php(22): CodeIgniter\Debug\Exceptions->errorHandler(8, 'Trying to get p...', '/opt/lampp/htdo...', 22, Array)
#1 /opt/lampp/htdocs/codeigniter/ci-TodoApp/vendor/codeigniter4/framework/system/CodeIgniter.php(928): App\Controllers\Home->index()
#2 /opt/lampp/htdocs/codeigniter/ci-TodoApp/vendor/codeigniter4/framework/system/CodeIgniter.php(436): CodeIgniter\CodeIgniter->runController(Object(App\Controllers\Home))
#3 /opt/lampp/htdocs/codeigniter/ci-TodoApp/vendor/codeigniter4/framework/system/CodeIgniter.php(336): CodeIgniter\CodeIgniter->handleRequest(NULL, Object(Config\Cache), false)
#4 /opt/lampp/htdocs/codeigniter/ci-TodoApp/public/index.php(37): CodeIgniter\CodeIgniter->run()
#5 {main}
CRITICAL - 2021-06-23 12:02:01 --> Cannot use object of type stdClass as array
#0 /opt/lampp/htdocs/codeigniter/ci-TodoApp/vendor/smarty/smarty/libs/sysplugins/smarty_internal_runtime_inheritance.php(248): Block_125846106460d368138b5992_04495409->callBlock(Object(Smarty_Internal_Template))
#1 /opt/lampp/htdocs/codeigniter/ci-TodoApp/vendor/smarty/smarty/libs/sysplugins/smarty_internal_runtime_inheritance.php(184): Smarty_Internal_Runtime_Inheritance->callBlock(Object(Block_125846106460d368138b5992_04495409), Object(Smarty_Internal_Template))
#2 /opt/lampp/htdocs/codeigniter/ci-TodoApp/vendor/smarty/smarty/libs/sysplugins/smarty_internal_runtime_inheritance.php(156): Smarty_Internal_Runtime_Inheritance->process(Object(Smarty_Internal_Template), Object(Block_125846106460d368138b5992_04495409))
#3 /opt/lampp/htdocs/codeigniter/ci-TodoApp/writable/smarty/templates_c/d6fba66191803b5c07127960dfa2e20181a8b369_0.file.mainTemplate.tpl.php(75): Smarty_Internal_Runtime_Inheritance->instanceBlock(Object(Smarty_Internal_Template), 'Block_125846106...', 'BodyMain')
#4 /opt/lampp/htdocs/codeigniter/ci-TodoApp/vendor/smarty/smarty/libs/sysplugins/smarty_template_resource_base.php(123): content_60d368138c39c3_66581203(Object(Smarty_Internal_Template))
#5 /opt/lampp/htdocs/codeigniter/ci-TodoApp/vendor/smarty/smarty/libs/sysplugins/smarty_template_compiled.php(114): Smarty_Template_Resource_Base->getRenderedTemplateCode(Object(Smarty_Internal_Template))
#6 /opt/lampp/htdocs/codeigniter/ci-TodoApp/vendor/smarty/smarty/libs/sysplugins/smarty_internal_template.php(216): Smarty_Template_Compiled->render(Object(Smarty_Internal_Template))
#7 /opt/lampp/htdocs/codeigniter/ci-TodoApp/vendor/smarty/smarty/libs/sysplugins/smarty_internal_templatebase.php(232): Smarty_Internal_Template->render(false, 1)
#8 /opt/lampp/htdocs/codeigniter/ci-TodoApp/vendor/smarty/smarty/libs/sysplugins/smarty_internal_templatebase.php(134): Smarty_Internal_TemplateBase->_execute(Object(Smarty_Internal_Template), NULL, NULL, NULL, 1)
#9 /opt/lampp/htdocs/codeigniter/ci-TodoApp/app/Controllers/Home.php(33): Smarty_Internal_TemplateBase->display('mainTemplate.tp...')
#10 /opt/lampp/htdocs/codeigniter/ci-TodoApp/vendor/codeigniter4/framework/system/CodeIgniter.php(928): App\Controllers\Home->index()
#11 /opt/lampp/htdocs/codeigniter/ci-TodoApp/vendor/codeigniter4/framework/system/CodeIgniter.php(436): CodeIgniter\CodeIgniter->runController(Object(App\Controllers\Home))
#12 /opt/lampp/htdocs/codeigniter/ci-TodoApp/vendor/codeigniter4/framework/system/CodeIgniter.php(336): CodeIgniter\CodeIgniter->handleRequest(NULL, Object(Config\Cache), false)
#13 /opt/lampp/htdocs/codeigniter/ci-TodoApp/public/index.php(37): CodeIgniter\CodeIgniter->run()
#14 {main}
CRITICAL - 2021-06-23 12:06:54 --> Cannot use object of type stdClass as array
#0 /opt/lampp/htdocs/codeigniter/ci-TodoApp/vendor/smarty/smarty/libs/sysplugins/smarty_internal_runtime_inheritance.php(248): Block_124000851060d36a2ee742f5_43603037->callBlock(Object(Smarty_Internal_Template))
#1 /opt/lampp/htdocs/codeigniter/ci-TodoApp/vendor/smarty/smarty/libs/sysplugins/smarty_internal_runtime_inheritance.php(184): Smarty_Internal_Runtime_Inheritance->callBlock(Object(Block_124000851060d36a2ee742f5_43603037), Object(Smarty_Internal_Template))
#2 /opt/lampp/htdocs/codeigniter/ci-TodoApp/vendor/smarty/smarty/libs/sysplugins/smarty_internal_runtime_inheritance.php(156): Smarty_Internal_Runtime_Inheritance->process(Object(Smarty_Internal_Template), Object(Block_124000851060d36a2ee742f5_43603037))
#3 /opt/lampp/htdocs/codeigniter/ci-TodoApp/writable/smarty/templates_c/d6fba66191803b5c07127960dfa2e20181a8b369_0.file.mainTemplate.tpl.php(75): Smarty_Internal_Runtime_Inheritance->instanceBlock(Object(Smarty_Internal_Template), 'Block_124000851...', 'BodyMain')
#4 /opt/lampp/htdocs/codeigniter/ci-TodoApp/vendor/smarty/smarty/libs/sysplugins/smarty_template_resource_base.php(123): content_60d36a2ee7edf7_71568633(Object(Smarty_Internal_Template))
#5 /opt/lampp/htdocs/codeigniter/ci-TodoApp/vendor/smarty/smarty/libs/sysplugins/smarty_template_compiled.php(114): Smarty_Template_Resource_Base->getRenderedTemplateCode(Object(Smarty_Internal_Template))
#6 /opt/lampp/htdocs/codeigniter/ci-TodoApp/vendor/smarty/smarty/libs/sysplugins/smarty_internal_template.php(216): Smarty_Template_Compiled->render(Object(Smarty_Internal_Template))
#7 /opt/lampp/htdocs/codeigniter/ci-TodoApp/vendor/smarty/smarty/libs/sysplugins/smarty_internal_templatebase.php(232): Smarty_Internal_Template->render(false, 1)
#8 /opt/lampp/htdocs/codeigniter/ci-TodoApp/vendor/smarty/smarty/libs/sysplugins/smarty_internal_templatebase.php(134): Smarty_Internal_TemplateBase->_execute(Object(Smarty_Internal_Template), NULL, NULL, NULL, 1)
#9 /opt/lampp/htdocs/codeigniter/ci-TodoApp/app/Controllers/Home.php(25): Smarty_Internal_TemplateBase->display('mainTemplate.tp...')
#10 /opt/lampp/htdocs/codeigniter/ci-TodoApp/vendor/codeigniter4/framework/system/CodeIgniter.php(928): App\Controllers\Home->index()
#11 /opt/lampp/htdocs/codeigniter/ci-TodoApp/vendor/codeigniter4/framework/system/CodeIgniter.php(436): CodeIgniter\CodeIgniter->runController(Object(App\Controllers\Home))
#12 /opt/lampp/htdocs/codeigniter/ci-TodoApp/vendor/codeigniter4/framework/system/CodeIgniter.php(336): CodeIgniter\CodeIgniter->handleRequest(NULL, Object(Config\Cache), false)
#13 /opt/lampp/htdocs/codeigniter/ci-TodoApp/public/index.php(37): CodeIgniter\CodeIgniter->run()
#14 {main}
CRITICAL - 2021-06-23 12:07:17 --> Cannot use object of type stdClass as array
#0 /opt/lampp/htdocs/codeigniter/ci-TodoApp/vendor/smarty/smarty/libs/sysplugins/smarty_internal_runtime_inheritance.php(248): Block_93207053860d36a4569a927_41353543->callBlock(Object(Smarty_Internal_Template))
#1 /opt/lampp/htdocs/codeigniter/ci-TodoApp/vendor/smarty/smarty/libs/sysplugins/smarty_internal_runtime_inheritance.php(184): Smarty_Internal_Runtime_Inheritance->callBlock(Object(Block_93207053860d36a4569a927_41353543), Object(Smarty_Internal_Template))
#2 /opt/lampp/htdocs/codeigniter/ci-TodoApp/vendor/smarty/smarty/libs/sysplugins/smarty_internal_runtime_inheritance.php(156): Smarty_Internal_Runtime_Inheritance->process(Object(Smarty_Internal_Template), Object(Block_93207053860d36a4569a927_41353543))
#3 /opt/lampp/htdocs/codeigniter/ci-TodoApp/writable/smarty/templates_c/d6fba66191803b5c07127960dfa2e20181a8b369_0.file.mainTemplate.tpl.php(75): Smarty_Internal_Runtime_Inheritance->instanceBlock(Object(Smarty_Internal_Template), 'Block_932070538...', 'BodyMain')
#4 /opt/lampp/htdocs/codeigniter/ci-TodoApp/vendor/smarty/smarty/libs/sysplugins/smarty_template_resource_base.php(123): content_60d36a456a3cb2_44284707(Object(Smarty_Internal_Template))
#5 /opt/lampp/htdocs/codeigniter/ci-TodoApp/vendor/smarty/smarty/libs/sysplugins/smarty_template_compiled.php(114): Smarty_Template_Resource_Base->getRenderedTemplateCode(Object(Smarty_Internal_Template))
#6 /opt/lampp/htdocs/codeigniter/ci-TodoApp/vendor/smarty/smarty/libs/sysplugins/smarty_internal_template.php(216): Smarty_Template_Compiled->render(Object(Smarty_Internal_Template))
#7 /opt/lampp/htdocs/codeigniter/ci-TodoApp/vendor/smarty/smarty/libs/sysplugins/smarty_internal_templatebase.php(232): Smarty_Internal_Template->render(false, 1)
#8 /opt/lampp/htdocs/codeigniter/ci-TodoApp/vendor/smarty/smarty/libs/sysplugins/smarty_internal_templatebase.php(134): Smarty_Internal_TemplateBase->_execute(Object(Smarty_Internal_Template), NULL, NULL, NULL, 1)
#9 /opt/lampp/htdocs/codeigniter/ci-TodoApp/app/Controllers/Home.php(25): Smarty_Internal_TemplateBase->display('mainTemplate.tp...')
#10 /opt/lampp/htdocs/codeigniter/ci-TodoApp/vendor/codeigniter4/framework/system/CodeIgniter.php(928): App\Controllers\Home->index()
#11 /opt/lampp/htdocs/codeigniter/ci-TodoApp/vendor/codeigniter4/framework/system/CodeIgniter.php(436): CodeIgniter\CodeIgniter->runController(Object(App\Controllers\Home))
#12 /opt/lampp/htdocs/codeigniter/ci-TodoApp/vendor/codeigniter4/framework/system/CodeIgniter.php(336): CodeIgniter\CodeIgniter->handleRequest(NULL, Object(Config\Cache), false)
#13 /opt/lampp/htdocs/codeigniter/ci-TodoApp/public/index.php(37): CodeIgniter\CodeIgniter->run()
#14 {main}
CRITICAL - 2021-06-23 12:07:26 --> Object of class stdClass could not be converted to string
#0 /opt/lampp/htdocs/codeigniter/ci-TodoApp/vendor/smarty/smarty/libs/sysplugins/smarty_internal_runtime_inheritance.php(248): Block_183679120860d36a4e7e9685_81055065->callBlock(Object(Smarty_Internal_Template))
#1 /opt/lampp/htdocs/codeigniter/ci-TodoApp/vendor/smarty/smarty/libs/sysplugins/smarty_internal_runtime_inheritance.php(184): Smarty_Internal_Runtime_Inheritance->callBlock(Object(Block_183679120860d36a4e7e9685_81055065), Object(Smarty_Internal_Template))
#2 /opt/lampp/htdocs/codeigniter/ci-TodoApp/vendor/smarty/smarty/libs/sysplugins/smarty_internal_runtime_inheritance.php(156): Smarty_Internal_Runtime_Inheritance->process(Object(Smarty_Internal_Template), Object(Block_183679120860d36a4e7e9685_81055065))
#3 /opt/lampp/htdocs/codeigniter/ci-TodoApp/writable/smarty/templates_c/d6fba66191803b5c07127960dfa2e20181a8b369_0.file.mainTemplate.tpl.php(75): Smarty_Internal_Runtime_Inheritance->instanceBlock(Object(Smarty_Internal_Template), 'Block_183679120...', 'BodyMain')
#4 /opt/lampp/htdocs/codeigniter/ci-TodoApp/vendor/smarty/smarty/libs/sysplugins/smarty_template_resource_base.php(123): content_60d36a4e7f4030_92019657(Object(Smarty_Internal_Template))
#5 /opt/lampp/htdocs/codeigniter/ci-TodoApp/vendor/smarty/smarty/libs/sysplugins/smarty_template_compiled.php(114): Smarty_Template_Resource_Base->getRenderedTemplateCode(Object(Smarty_Internal_Template))
#6 /opt/lampp/htdocs/codeigniter/ci-TodoApp/vendor/smarty/smarty/libs/sysplugins/smarty_internal_template.php(216): Smarty_Template_Compiled->render(Object(Smarty_Internal_Template))
#7 /opt/lampp/htdocs/codeigniter/ci-TodoApp/vendor/smarty/smarty/libs/sysplugins/smarty_internal_templatebase.php(232): Smarty_Internal_Template->render(false, 1)
#8 /opt/lampp/htdocs/codeigniter/ci-TodoApp/vendor/smarty/smarty/libs/sysplugins/smarty_internal_templatebase.php(134): Smarty_Internal_TemplateBase->_execute(Object(Smarty_Internal_Template), NULL, NULL, NULL, 1)
#9 /opt/lampp/htdocs/codeigniter/ci-TodoApp/app/Controllers/Home.php(25): Smarty_Internal_TemplateBase->display('mainTemplate.tp...')
#10 /opt/lampp/htdocs/codeigniter/ci-TodoApp/vendor/codeigniter4/framework/system/CodeIgniter.php(928): App\Controllers\Home->index()
#11 /opt/lampp/htdocs/codeigniter/ci-TodoApp/vendor/codeigniter4/framework/system/CodeIgniter.php(436): CodeIgniter\CodeIgniter->runController(Object(App\Controllers\Home))
#12 /opt/lampp/htdocs/codeigniter/ci-TodoApp/vendor/codeigniter4/framework/system/CodeIgniter.php(336): CodeIgniter\CodeIgniter->handleRequest(NULL, Object(Config\Cache), false)
#13 /opt/lampp/htdocs/codeigniter/ci-TodoApp/public/index.php(37): CodeIgniter\CodeIgniter->run()
#14 {main}
CRITICAL - 2021-06-23 12:08:02 --> Cannot use object of type stdClass as array
#0 /opt/lampp/htdocs/codeigniter/ci-TodoApp/vendor/smarty/smarty/libs/sysplugins/smarty_internal_runtime_inheritance.php(248): Block_175880522460d36a72719ba2_06550737->callBlock(Object(Smarty_Internal_Template))
#1 /opt/lampp/htdocs/codeigniter/ci-TodoApp/vendor/smarty/smarty/libs/sysplugins/smarty_internal_runtime_inheritance.php(184): Smarty_Internal_Runtime_Inheritance->callBlock(Object(Block_175880522460d36a72719ba2_06550737), Object(Smarty_Internal_Template))
#2 /opt/lampp/htdocs/codeigniter/ci-TodoApp/vendor/smarty/smarty/libs/sysplugins/smarty_internal_runtime_inheritance.php(156): Smarty_Internal_Runtime_Inheritance->process(Object(Smarty_Internal_Template), Object(Block_175880522460d36a72719ba2_06550737))
#3 /opt/lampp/htdocs/codeigniter/ci-TodoApp/writable/smarty/templates_c/d6fba66191803b5c07127960dfa2e20181a8b369_0.file.mainTemplate.tpl.php(75): Smarty_Internal_Runtime_Inheritance->instanceBlock(Object(Smarty_Internal_Template), 'Block_175880522...', 'BodyMain')
#4 /opt/lampp/htdocs/codeigniter/ci-TodoApp/vendor/smarty/smarty/libs/sysplugins/smarty_template_resource_base.php(123): content_60d36a727239a0_35882603(Object(Smarty_Internal_Template))
#5 /opt/lampp/htdocs/codeigniter/ci-TodoApp/vendor/smarty/smarty/libs/sysplugins/smarty_template_compiled.php(114): Smarty_Template_Resource_Base->getRenderedTemplateCode(Object(Smarty_Internal_Template))
#6 /opt/lampp/htdocs/codeigniter/ci-TodoApp/vendor/smarty/smarty/libs/sysplugins/smarty_internal_template.php(216): Smarty_Template_Compiled->render(Object(Smarty_Internal_Template))
#7 /opt/lampp/htdocs/codeigniter/ci-TodoApp/vendor/smarty/smarty/libs/sysplugins/smarty_internal_templatebase.php(232): Smarty_Internal_Template->render(false, 1)
#8 /opt/lampp/htdocs/codeigniter/ci-TodoApp/vendor/smarty/smarty/libs/sysplugins/smarty_internal_templatebase.php(134): Smarty_Internal_TemplateBase->_execute(Object(Smarty_Internal_Template), NULL, NULL, NULL, 1)
#9 /opt/lampp/htdocs/codeigniter/ci-TodoApp/app/Controllers/Home.php(25): Smarty_Internal_TemplateBase->display('mainTemplate.tp...')
#10 /opt/lampp/htdocs/codeigniter/ci-TodoApp/vendor/codeigniter4/framework/system/CodeIgniter.php(928): App\Controllers\Home->index()
#11 /opt/lampp/htdocs/codeigniter/ci-TodoApp/vendor/codeigniter4/framework/system/CodeIgniter.php(436): CodeIgniter\CodeIgniter->runController(Object(App\Controllers\Home))
#12 /opt/lampp/htdocs/codeigniter/ci-TodoApp/vendor/codeigniter4/framework/system/CodeIgniter.php(336): CodeIgniter\CodeIgniter->handleRequest(NULL, Object(Config\Cache), false)
#13 /opt/lampp/htdocs/codeigniter/ci-TodoApp/public/index.php(37): CodeIgniter\CodeIgniter->run()
#14 {main}
CRITICAL - 2021-06-23 12:08:49 --> Cannot use object of type stdClass as array
#0 /opt/lampp/htdocs/codeigniter/ci-TodoApp/vendor/smarty/smarty/libs/sysplugins/smarty_internal_runtime_inheritance.php(248): Block_48595344060d36aa1e355f3_24692953->callBlock(Object(Smarty_Internal_Template))
#1 /opt/lampp/htdocs/codeigniter/ci-TodoApp/vendor/smarty/smarty/libs/sysplugins/smarty_internal_runtime_inheritance.php(184): Smarty_Internal_Runtime_Inheritance->callBlock(Object(Block_48595344060d36aa1e355f3_24692953), Object(Smarty_Internal_Template))
#2 /opt/lampp/htdocs/codeigniter/ci-TodoApp/vendor/smarty/smarty/libs/sysplugins/smarty_internal_runtime_inheritance.php(156): Smarty_Internal_Runtime_Inheritance->process(Object(Smarty_Internal_Template), Object(Block_48595344060d36aa1e355f3_24692953))
#3 /opt/lampp/htdocs/codeigniter/ci-TodoApp/writable/smarty/templates_c/d6fba66191803b5c07127960dfa2e20181a8b369_0.file.mainTemplate.tpl.php(75): Smarty_Internal_Runtime_Inheritance->instanceBlock(Object(Smarty_Internal_Template), 'Block_485953440...', 'BodyMain')
#4 /opt/lampp/htdocs/codeigniter/ci-TodoApp/vendor/smarty/smarty/libs/sysplugins/smarty_template_resource_base.php(123): content_60d36aa1e40e14_22177098(Object(Smarty_Internal_Template))
#5 /opt/lampp/htdocs/codeigniter/ci-TodoApp/vendor/smarty/smarty/libs/sysplugins/smarty_template_compiled.php(114): Smarty_Template_Resource_Base->getRenderedTemplateCode(Object(Smarty_Internal_Template))
#6 /opt/lampp/htdocs/codeigniter/ci-TodoApp/vendor/smarty/smarty/libs/sysplugins/smarty_internal_template.php(216): Smarty_Template_Compiled->render(Object(Smarty_Internal_Template))
#7 /opt/lampp/htdocs/codeigniter/ci-TodoApp/vendor/smarty/smarty/libs/sysplugins/smarty_internal_templatebase.php(232): Smarty_Internal_Template->render(false, 1)
#8 /opt/lampp/htdocs/codeigniter/ci-TodoApp/vendor/smarty/smarty/libs/sysplugins/smarty_internal_templatebase.php(134): Smarty_Internal_TemplateBase->_execute(Object(Smarty_Internal_Template), NULL, NULL, NULL, 1)
#9 /opt/lampp/htdocs/codeigniter/ci-TodoApp/app/Controllers/Home.php(25): Smarty_Internal_TemplateBase->display('mainTemplate.tp...')
#10 /opt/lampp/htdocs/codeigniter/ci-TodoApp/vendor/codeigniter4/framework/system/CodeIgniter.php(928): App\Controllers\Home->index()
#11 /opt/lampp/htdocs/codeigniter/ci-TodoApp/vendor/codeigniter4/framework/system/CodeIgniter.php(436): CodeIgniter\CodeIgniter->runController(Object(App\Controllers\Home))
#12 /opt/lampp/htdocs/codeigniter/ci-TodoApp/vendor/codeigniter4/framework/system/CodeIgniter.php(336): CodeIgniter\CodeIgniter->handleRequest(NULL, Object(Config\Cache), false)
#13 /opt/lampp/htdocs/codeigniter/ci-TodoApp/public/index.php(37): CodeIgniter\CodeIgniter->run()
#14 {main}
CRITICAL - 2021-06-23 12:10:56 --> Object of class stdClass could not be converted to string
#0 /opt/lampp/htdocs/codeigniter/ci-TodoApp/vendor/smarty/smarty/libs/sysplugins/smarty_internal_runtime_inheritance.php(248): Block_52485874860d36b2061c3e8_60978045->callBlock(Object(Smarty_Internal_Template))
#1 /opt/lampp/htdocs/codeigniter/ci-TodoApp/vendor/smarty/smarty/libs/sysplugins/smarty_internal_runtime_inheritance.php(184): Smarty_Internal_Runtime_Inheritance->callBlock(Object(Block_52485874860d36b2061c3e8_60978045), Object(Smarty_Internal_Template))
#2 /opt/lampp/htdocs/codeigniter/ci-TodoApp/vendor/smarty/smarty/libs/sysplugins/smarty_internal_runtime_inheritance.php(156): Smarty_Internal_Runtime_Inheritance->process(Object(Smarty_Internal_Template), Object(Block_52485874860d36b2061c3e8_60978045))
#3 /opt/lampp/htdocs/codeigniter/ci-TodoApp/writable/smarty/templates_c/d6fba66191803b5c07127960dfa2e20181a8b369_0.file.mainTemplate.tpl.php(75): Smarty_Internal_Runtime_Inheritance->instanceBlock(Object(Smarty_Internal_Template), 'Block_524858748...', 'BodyMain')
#4 /opt/lampp/htdocs/codeigniter/ci-TodoApp/vendor/smarty/smarty/libs/sysplugins/smarty_template_resource_base.php(123): content_60d36b20625fb3_79269726(Object(Smarty_Internal_Template))
#5 /opt/lampp/htdocs/codeigniter/ci-TodoApp/vendor/smarty/smarty/libs/sysplugins/smarty_template_compiled.php(114): Smarty_Template_Resource_Base->getRenderedTemplateCode(Object(Smarty_Internal_Template))
#6 /opt/lampp/htdocs/codeigniter/ci-TodoApp/vendor/smarty/smarty/libs/sysplugins/smarty_internal_template.php(216): Smarty_Template_Compiled->render(Object(Smarty_Internal_Template))
#7 /opt/lampp/htdocs/codeigniter/ci-TodoApp/vendor/smarty/smarty/libs/sysplugins/smarty_internal_templatebase.php(232): Smarty_Internal_Template->render(false, 1)
#8 /opt/lampp/htdocs/codeigniter/ci-TodoApp/vendor/smarty/smarty/libs/sysplugins/smarty_internal_templatebase.php(134): Smarty_Internal_TemplateBase->_execute(Object(Smarty_Internal_Template), NULL, NULL, NULL, 1)
#9 /opt/lampp/htdocs/codeigniter/ci-TodoApp/app/Controllers/Home.php(25): Smarty_Internal_TemplateBase->display('mainTemplate.tp...')
#10 /opt/lampp/htdocs/codeigniter/ci-TodoApp/vendor/codeigniter4/framework/system/CodeIgniter.php(928): App\Controllers\Home->index()
#11 /opt/lampp/htdocs/codeigniter/ci-TodoApp/vendor/codeigniter4/framework/system/CodeIgniter.php(436): CodeIgniter\CodeIgniter->runController(Object(App\Controllers\Home))
#12 /opt/lampp/htdocs/codeigniter/ci-TodoApp/vendor/codeigniter4/framework/system/CodeIgniter.php(336): CodeIgniter\CodeIgniter->handleRequest(NULL, Object(Config\Cache), false)
#13 /opt/lampp/htdocs/codeigniter/ci-TodoApp/public/index.php(37): CodeIgniter\CodeIgniter->run()
#14 {main}
CRITICAL - 2021-06-23 12:11:08 --> Object of class stdClass could not be converted to string
#0 /opt/lampp/htdocs/codeigniter/ci-TodoApp/vendor/smarty/smarty/libs/sysplugins/smarty_internal_runtime_inheritance.php(248): Block_203186427160d36b2c50a693_21320895->callBlock(Object(Smarty_Internal_Template))
#1 /opt/lampp/htdocs/codeigniter/ci-TodoApp/vendor/smarty/smarty/libs/sysplugins/smarty_internal_runtime_inheritance.php(184): Smarty_Internal_Runtime_Inheritance->callBlock(Object(Block_203186427160d36b2c50a693_21320895), Object(Smarty_Internal_Template))
#2 /opt/lampp/htdocs/codeigniter/ci-TodoApp/vendor/smarty/smarty/libs/sysplugins/smarty_internal_runtime_inheritance.php(156): Smarty_Internal_Runtime_Inheritance->process(Object(Smarty_Internal_Template), Object(Block_203186427160d36b2c50a693_21320895))
#3 /opt/lampp/htdocs/codeigniter/ci-TodoApp/writable/smarty/templates_c/d6fba66191803b5c07127960dfa2e20181a8b369_0.file.mainTemplate.tpl.php(75): Smarty_Internal_Runtime_Inheritance->instanceBlock(Object(Smarty_Internal_Template), 'Block_203186427...', 'BodyMain')
#4 /opt/lampp/htdocs/codeigniter/ci-TodoApp/vendor/smarty/smarty/libs/sysplugins/smarty_template_resource_base.php(123): content_60d36b2c513500_55668859(Object(Smarty_Internal_Template))
#5 /opt/lampp/htdocs/codeigniter/ci-TodoApp/vendor/smarty/smarty/libs/sysplugins/smarty_template_compiled.php(114): Smarty_Template_Resource_Base->getRenderedTemplateCode(Object(Smarty_Internal_Template))
#6 /opt/lampp/htdocs/codeigniter/ci-TodoApp/vendor/smarty/smarty/libs/sysplugins/smarty_internal_template.php(216): Smarty_Template_Compiled->render(Object(Smarty_Internal_Template))
#7 /opt/lampp/htdocs/codeigniter/ci-TodoApp/vendor/smarty/smarty/libs/sysplugins/smarty_internal_templatebase.php(232): Smarty_Internal_Template->render(false, 1)
#8 /opt/lampp/htdocs/codeigniter/ci-TodoApp/vendor/smarty/smarty/libs/sysplugins/smarty_internal_templatebase.php(134): Smarty_Internal_TemplateBase->_execute(Object(Smarty_Internal_Template), NULL, NULL, NULL, 1)
#9 /opt/lampp/htdocs/codeigniter/ci-TodoApp/app/Controllers/Home.php(25): Smarty_Internal_TemplateBase->display('mainTemplate.tp...')
#10 /opt/lampp/htdocs/codeigniter/ci-TodoApp/vendor/codeigniter4/framework/system/CodeIgniter.php(928): App\Controllers\Home->index()
#11 /opt/lampp/htdocs/codeigniter/ci-TodoApp/vendor/codeigniter4/framework/system/CodeIgniter.php(436): CodeIgniter\CodeIgniter->runController(Object(App\Controllers\Home))
#12 /opt/lampp/htdocs/codeigniter/ci-TodoApp/vendor/codeigniter4/framework/system/CodeIgniter.php(336): CodeIgniter\CodeIgniter->handleRequest(NULL, Object(Config\Cache), false)
#13 /opt/lampp/htdocs/codeigniter/ci-TodoApp/public/index.php(37): CodeIgniter\CodeIgniter->run()
#14 {main}
CRITICAL - 2021-06-23 12:11:09 --> Object of class stdClass could not be converted to string
#0 /opt/lampp/htdocs/codeigniter/ci-TodoApp/vendor/smarty/smarty/libs/sysplugins/smarty_internal_runtime_inheritance.php(248): Block_203186427160d36b2c50a693_21320895->callBlock(Object(Smarty_Internal_Template))
#1 /opt/lampp/htdocs/codeigniter/ci-TodoApp/vendor/smarty/smarty/libs/sysplugins/smarty_internal_runtime_inheritance.php(184): Smarty_Internal_Runtime_Inheritance->callBlock(Object(Block_203186427160d36b2c50a693_21320895), Object(Smarty_Internal_Template))
#2 /opt/lampp/htdocs/codeigniter/ci-TodoApp/vendor/smarty/smarty/libs/sysplugins/smarty_internal_runtime_inheritance.php(156): Smarty_Internal_Runtime_Inheritance->process(Object(Smarty_Internal_Template), Object(Block_203186427160d36b2c50a693_21320895))
#3 /opt/lampp/htdocs/codeigniter/ci-TodoApp/writable/smarty/templates_c/d6fba66191803b5c07127960dfa2e20181a8b369_0.file.mainTemplate.tpl.php(75): Smarty_Internal_Runtime_Inheritance->instanceBlock(Object(Smarty_Internal_Template), 'Block_203186427...', 'BodyMain')
#4 /opt/lampp/htdocs/codeigniter/ci-TodoApp/vendor/smarty/smarty/libs/sysplugins/smarty_template_resource_base.php(123): content_60d36b2c513500_55668859(Object(Smarty_Internal_Template))
#5 /opt/lampp/htdocs/codeigniter/ci-TodoApp/vendor/smarty/smarty/libs/sysplugins/smarty_template_compiled.php(114): Smarty_Template_Resource_Base->getRenderedTemplateCode(Object(Smarty_Internal_Template))
#6 /opt/lampp/htdocs/codeigniter/ci-TodoApp/vendor/smarty/smarty/libs/sysplugins/smarty_internal_template.php(216): Smarty_Template_Compiled->render(Object(Smarty_Internal_Template))
#7 /opt/lampp/htdocs/codeigniter/ci-TodoApp/vendor/smarty/smarty/libs/sysplugins/smarty_internal_templatebase.php(232): Smarty_Internal_Template->render(false, 1)
#8 /opt/lampp/htdocs/codeigniter/ci-TodoApp/vendor/smarty/smarty/libs/sysplugins/smarty_internal_templatebase.php(134): Smarty_Internal_TemplateBase->_execute(Object(Smarty_Internal_Template), NULL, NULL, NULL, 1)
#9 /opt/lampp/htdocs/codeigniter/ci-TodoApp/app/Controllers/Home.php(25): Smarty_Internal_TemplateBase->display('mainTemplate.tp...')
#10 /opt/lampp/htdocs/codeigniter/ci-TodoApp/vendor/codeigniter4/framework/system/CodeIgniter.php(928): App\Controllers\Home->index()
#11 /opt/lampp/htdocs/codeigniter/ci-TodoApp/vendor/codeigniter4/framework/system/CodeIgniter.php(436): CodeIgniter\CodeIgniter->runController(Object(App\Controllers\Home))
#12 /opt/lampp/htdocs/codeigniter/ci-TodoApp/vendor/codeigniter4/framework/system/CodeIgniter.php(336): CodeIgniter\CodeIgniter->handleRequest(NULL, Object(Config\Cache), false)
#13 /opt/lampp/htdocs/codeigniter/ci-TodoApp/public/index.php(37): CodeIgniter\CodeIgniter->run()
#14 {main}
CRITICAL - 2021-06-23 12:13:05 --> Undefined property: Smarty_Variable::$item
#0 /opt/lampp/htdocs/codeigniter/ci-TodoApp/writable/smarty/templates_c/d6fba66191803b5c07127960dfa2e20181a8b369_0.file.mainTemplate.tpl.php(148): CodeIgniter\Debug\Exceptions->errorHandler(8, 'Undefined prope...', '/opt/lampp/htdo...', 148, Array)
#1 /opt/lampp/htdocs/codeigniter/ci-TodoApp/vendor/smarty/smarty/libs/sysplugins/smarty_internal_runtime_inheritance.php(248): Block_192648269160d36ba11c9340_35775311->callBlock(Object(Smarty_Internal_Template))
#2 /opt/lampp/htdocs/codeigniter/ci-TodoApp/vendor/smarty/smarty/libs/sysplugins/smarty_internal_runtime_inheritance.php(184): Smarty_Internal_Runtime_Inheritance->callBlock(Object(Block_192648269160d36ba11c9340_35775311), Object(Smarty_Internal_Template))
#3 /opt/lampp/htdocs/codeigniter/ci-TodoApp/vendor/smarty/smarty/libs/sysplugins/smarty_internal_runtime_inheritance.php(156): Smarty_Internal_Runtime_Inheritance->process(Object(Smarty_Internal_Template), Object(Block_192648269160d36ba11c9340_35775311))
#4 /opt/lampp/htdocs/codeigniter/ci-TodoApp/writable/smarty/templates_c/d6fba66191803b5c07127960dfa2e20181a8b369_0.file.mainTemplate.tpl.php(75): Smarty_Internal_Runtime_Inheritance->instanceBlock(Object(Smarty_Internal_Template), 'Block_192648269...', 'BodyMain')
#5 /opt/lampp/htdocs/codeigniter/ci-TodoApp/vendor/smarty/smarty/libs/sysplugins/smarty_template_resource_base.php(123): content_60d36ba11d3406_83430696(Object(Smarty_Internal_Template))
#6 /opt/lampp/htdocs/codeigniter/ci-TodoApp/vendor/smarty/smarty/libs/sysplugins/smarty_template_compiled.php(114): Smarty_Template_Resource_Base->getRenderedTemplateCode(Object(Smarty_Internal_Template))
#7 /opt/lampp/htdocs/codeigniter/ci-TodoApp/vendor/smarty/smarty/libs/sysplugins/smarty_internal_template.php(216): Smarty_Template_Compiled->render(Object(Smarty_Internal_Template))
#8 /opt/lampp/htdocs/codeigniter/ci-TodoApp/vendor/smarty/smarty/libs/sysplugins/smarty_internal_templatebase.php(232): Smarty_Internal_Template->render(false, 1)
#9 /opt/lampp/htdocs/codeigniter/ci-TodoApp/vendor/smarty/smarty/libs/sysplugins/smarty_internal_templatebase.php(134): Smarty_Internal_TemplateBase->_execute(Object(Smarty_Internal_Template), NULL, NULL, NULL, 1)
#10 /opt/lampp/htdocs/codeigniter/ci-TodoApp/app/Controllers/Home.php(25): Smarty_Internal_TemplateBase->display('mainTemplate.tp...')
#11 /opt/lampp/htdocs/codeigniter/ci-TodoApp/vendor/codeigniter4/framework/system/CodeIgniter.php(928): App\Controllers\Home->index()
#12 /opt/lampp/htdocs/codeigniter/ci-TodoApp/vendor/codeigniter4/framework/system/CodeIgniter.php(436): CodeIgniter\CodeIgniter->runController(Object(App\Controllers\Home))
#13 /opt/lampp/htdocs/codeigniter/ci-TodoApp/vendor/codeigniter4/framework/system/CodeIgniter.php(336): CodeIgniter\CodeIgniter->handleRequest(NULL, Object(Config\Cache), false)
#14 /opt/lampp/htdocs/codeigniter/ci-TodoApp/public/index.php(37): CodeIgniter\CodeIgniter->run()
#15 {main}
CRITICAL - 2021-06-23 12:13:14 --> Object of class stdClass could not be converted to string
#0 /opt/lampp/htdocs/codeigniter/ci-TodoApp/vendor/smarty/smarty/libs/sysplugins/smarty_internal_runtime_inheritance.php(248): Block_163356427060d36baa28b509_72573946->callBlock(Object(Smarty_Internal_Template))
#1 /opt/lampp/htdocs/codeigniter/ci-TodoApp/vendor/smarty/smarty/libs/sysplugins/smarty_internal_runtime_inheritance.php(184): Smarty_Internal_Runtime_Inheritance->callBlock(Object(Block_163356427060d36baa28b509_72573946), Object(Smarty_Internal_Template))
#2 /opt/lampp/htdocs/codeigniter/ci-TodoApp/vendor/smarty/smarty/libs/sysplugins/smarty_internal_runtime_inheritance.php(156): Smarty_Internal_Runtime_Inheritance->process(Object(Smarty_Internal_Template), Object(Block_163356427060d36baa28b509_72573946))
#3 /opt/lampp/htdocs/codeigniter/ci-TodoApp/writable/smarty/templates_c/d6fba66191803b5c07127960dfa2e20181a8b369_0.file.mainTemplate.tpl.php(75): Smarty_Internal_Runtime_Inheritance->instanceBlock(Object(Smarty_Internal_Template), 'Block_163356427...', 'BodyMain')
#4 /opt/lampp/htdocs/codeigniter/ci-TodoApp/vendor/smarty/smarty/libs/sysplugins/smarty_template_resource_base.php(123): content_60d36baa294b68_00217670(Object(Smarty_Internal_Template))
#5 /opt/lampp/htdocs/codeigniter/ci-TodoApp/vendor/smarty/smarty/libs/sysplugins/smarty_template_compiled.php(114): Smarty_Template_Resource_Base->getRenderedTemplateCode(Object(Smarty_Internal_Template))
#6 /opt/lampp/htdocs/codeigniter/ci-TodoApp/vendor/smarty/smarty/libs/sysplugins/smarty_internal_template.php(216): Smarty_Template_Compiled->render(Object(Smarty_Internal_Template))
#7 /opt/lampp/htdocs/codeigniter/ci-TodoApp/vendor/smarty/smarty/libs/sysplugins/smarty_internal_templatebase.php(232): Smarty_Internal_Template->render(false, 1)
#8 /opt/lampp/htdocs/codeigniter/ci-TodoApp/vendor/smarty/smarty/libs/sysplugins/smarty_internal_templatebase.php(134): Smarty_Internal_TemplateBase->_execute(Object(Smarty_Internal_Template), NULL, NULL, NULL, 1)
#9 /opt/lampp/htdocs/codeigniter/ci-TodoApp/app/Controllers/Home.php(25): Smarty_Internal_TemplateBase->display('mainTemplate.tp...')
#10 /opt/lampp/htdocs/codeigniter/ci-TodoApp/vendor/codeigniter4/framework/system/CodeIgniter.php(928): App\Controllers\Home->index()
#11 /opt/lampp/htdocs/codeigniter/ci-TodoApp/vendor/codeigniter4/framework/system/CodeIgniter.php(436): CodeIgniter\CodeIgniter->runController(Object(App\Controllers\Home))
#12 /opt/lampp/htdocs/codeigniter/ci-TodoApp/vendor/codeigniter4/framework/system/CodeIgniter.php(336): CodeIgniter\CodeIgniter->handleRequest(NULL, Object(Config\Cache), false)
#13 /opt/lampp/htdocs/codeigniter/ci-TodoApp/public/index.php(37): CodeIgniter\CodeIgniter->run()
#14 {main}
CRITICAL - 2021-06-23 12:14:38 --> Cannot use object of type stdClass as array
#0 /opt/lampp/htdocs/codeigniter/ci-TodoApp/vendor/smarty/smarty/libs/sysplugins/smarty_internal_runtime_inheritance.php(248): Block_121631033760d36bfeb80b73_56084915->callBlock(Object(Smarty_Internal_Template))
#1 /opt/lampp/htdocs/codeigniter/ci-TodoApp/vendor/smarty/smarty/libs/sysplugins/smarty_internal_runtime_inheritance.php(184): Smarty_Internal_Runtime_Inheritance->callBlock(Object(Block_121631033760d36bfeb80b73_56084915), Object(Smarty_Internal_Template))
#2 /opt/lampp/htdocs/codeigniter/ci-TodoApp/vendor/smarty/smarty/libs/sysplugins/smarty_internal_runtime_inheritance.php(156): Smarty_Internal_Runtime_Inheritance->process(Object(Smarty_Internal_Template), Object(Block_121631033760d36bfeb80b73_56084915))
#3 /opt/lampp/htdocs/codeigniter/ci-TodoApp/writable/smarty/templates_c/d6fba66191803b5c07127960dfa2e20181a8b369_0.file.mainTemplate.tpl.php(75): Smarty_Internal_Runtime_Inheritance->instanceBlock(Object(Smarty_Internal_Template), 'Block_121631033...', 'BodyMain')
#4 /opt/lampp/htdocs/codeigniter/ci-TodoApp/vendor/smarty/smarty/libs/sysplugins/smarty_template_resource_base.php(123): content_60d36bfeb8b833_24635901(Object(Smarty_Internal_Template))
#5 /opt/lampp/htdocs/codeigniter/ci-TodoApp/vendor/smarty/smarty/libs/sysplugins/smarty_template_compiled.php(114): Smarty_Template_Resource_Base->getRenderedTemplateCode(Object(Smarty_Internal_Template))
#6 /opt/lampp/htdocs/codeigniter/ci-TodoApp/vendor/smarty/smarty/libs/sysplugins/smarty_internal_template.php(216): Smarty_Template_Compiled->render(Object(Smarty_Internal_Template))
#7 /opt/lampp/htdocs/codeigniter/ci-TodoApp/vendor/smarty/smarty/libs/sysplugins/smarty_internal_templatebase.php(232): Smarty_Internal_Template->render(false, 1)
#8 /opt/lampp/htdocs/codeigniter/ci-TodoApp/vendor/smarty/smarty/libs/sysplugins/smarty_internal_templatebase.php(134): Smarty_Internal_TemplateBase->_execute(Object(Smarty_Internal_Template), NULL, NULL, NULL, 1)
#9 /opt/lampp/htdocs/codeigniter/ci-TodoApp/app/Controllers/Home.php(25): Smarty_Internal_TemplateBase->display('mainTemplate.tp...')
#10 /opt/lampp/htdocs/codeigniter/ci-TodoApp/vendor/codeigniter4/framework/system/CodeIgniter.php(928): App\Controllers\Home->index()
#11 /opt/lampp/htdocs/codeigniter/ci-TodoApp/vendor/codeigniter4/framework/system/CodeIgniter.php(436): CodeIgniter\CodeIgniter->runController(Object(App\Controllers\Home))
#12 /opt/lampp/htdocs/codeigniter/ci-TodoApp/vendor/codeigniter4/framework/system/CodeIgniter.php(336): CodeIgniter\CodeIgniter->handleRequest(NULL, Object(Config\Cache), false)
#13 /opt/lampp/htdocs/codeigniter/ci-TodoApp/public/index.php(37): CodeIgniter\CodeIgniter->run()
#14 {main}
CRITICAL - 2021-06-23 12:14:46 --> Cannot use object of type stdClass as array
#0 /opt/lampp/htdocs/codeigniter/ci-TodoApp/vendor/smarty/smarty/libs/sysplugins/smarty_internal_runtime_inheritance.php(248): Block_108512776460d36c0634b4d1_34560361->callBlock(Object(Smarty_Internal_Template))
#1 /opt/lampp/htdocs/codeigniter/ci-TodoApp/vendor/smarty/smarty/libs/sysplugins/smarty_internal_runtime_inheritance.php(184): Smarty_Internal_Runtime_Inheritance->callBlock(Object(Block_108512776460d36c0634b4d1_34560361), Object(Smarty_Internal_Template))
#2 /opt/lampp/htdocs/codeigniter/ci-TodoApp/vendor/smarty/smarty/libs/sysplugins/smarty_internal_runtime_inheritance.php(156): Smarty_Internal_Runtime_Inheritance->process(Object(Smarty_Internal_Template), Object(Block_108512776460d36c0634b4d1_34560361))
#3 /opt/lampp/htdocs/codeigniter/ci-TodoApp/writable/smarty/templates_c/d6fba66191803b5c07127960dfa2e20181a8b369_0.file.mainTemplate.tpl.php(75): Smarty_Internal_Runtime_Inheritance->instanceBlock(Object(Smarty_Internal_Template), 'Block_108512776...', 'BodyMain')
#4 /opt/lampp/htdocs/codeigniter/ci-TodoApp/vendor/smarty/smarty/libs/sysplugins/smarty_template_resource_base.php(123): content_60d36c06354764_20225744(Object(Smarty_Internal_Template))
#5 /opt/lampp/htdocs/codeigniter/ci-TodoApp/vendor/smarty/smarty/libs/sysplugins/smarty_template_compiled.php(114): Smarty_Template_Resource_Base->getRenderedTemplateCode(Object(Smarty_Internal_Template))
#6 /opt/lampp/htdocs/codeigniter/ci-TodoApp/vendor/smarty/smarty/libs/sysplugins/smarty_internal_template.php(216): Smarty_Template_Compiled->render(Object(Smarty_Internal_Template))
#7 /opt/lampp/htdocs/codeigniter/ci-TodoApp/vendor/smarty/smarty/libs/sysplugins/smarty_internal_templatebase.php(232): Smarty_Internal_Template->render(false, 1)
#8 /opt/lampp/htdocs/codeigniter/ci-TodoApp/vendor/smarty/smarty/libs/sysplugins/smarty_internal_templatebase.php(134): Smarty_Internal_TemplateBase->_execute(Object(Smarty_Internal_Template), NULL, NULL, NULL, 1)
#9 /opt/lampp/htdocs/codeigniter/ci-TodoApp/app/Controllers/Home.php(25): Smarty_Internal_TemplateBase->display('mainTemplate.tp...')
#10 /opt/lampp/htdocs/codeigniter/ci-TodoApp/vendor/codeigniter4/framework/system/CodeIgniter.php(928): App\Controllers\Home->index()
#11 /opt/lampp/htdocs/codeigniter/ci-TodoApp/vendor/codeigniter4/framework/system/CodeIgniter.php(436): CodeIgniter\CodeIgniter->runController(Object(App\Controllers\Home))
#12 /opt/lampp/htdocs/codeigniter/ci-TodoApp/vendor/codeigniter4/framework/system/CodeIgniter.php(336): CodeIgniter\CodeIgniter->handleRequest(NULL, Object(Config\Cache), false)
#13 /opt/lampp/htdocs/codeigniter/ci-TodoApp/public/index.php(37): CodeIgniter\CodeIgniter->run()
#14 {main}
CRITICAL - 2021-06-23 12:16:23 --> Syntax error in template "file:/opt/lampp/htdocs/codeigniter/ci-TodoApp/app/Views/mainTemplate.tpl"  on line 52 "{foreach from=$feladatlista as $value}" missing 'item' attribute
#0 /opt/lampp/htdocs/codeigniter/ci-TodoApp/vendor/smarty/smarty/libs/sysplugins/smarty_internal_compilebase.php(124): Smarty_Internal_TemplateCompilerBase->trigger_template_error('missing 'item' ...', 52, true)
#1 /opt/lampp/htdocs/codeigniter/ci-TodoApp/vendor/smarty/smarty/libs/sysplugins/smarty_internal_compile_foreach.php(94): Smarty_Internal_CompileBase->getAttributes(Object(Smarty_Internal_SmartyTemplateCompiler), Array)
#2 /opt/lampp/htdocs/codeigniter/ci-TodoApp/vendor/smarty/smarty/libs/sysplugins/smarty_internal_templatecompilerbase.php(768): Smarty_Internal_Compile_Foreach->compile(Array, Object(Smarty_Internal_SmartyTemplateCompiler), Array, NULL, NULL)
#3 /opt/lampp/htdocs/codeigniter/ci-TodoApp/vendor/smarty/smarty/libs/sysplugins/smarty_internal_templatecompilerbase.php(1497): Smarty_Internal_TemplateCompilerBase->callTagCompiler('foreach', Array, Array)
#4 /opt/lampp/htdocs/codeigniter/ci-TodoApp/vendor/smarty/smarty/libs/sysplugins/smarty_internal_templatecompilerbase.php(565): Smarty_Internal_TemplateCompilerBase->compileTag2('foreach', Array, Array)
#5 /opt/lampp/htdocs/codeigniter/ci-TodoApp/vendor/smarty/smarty/libs/sysplugins/smarty_internal_templateparser.php(2520): Smarty_Internal_TemplateCompilerBase->compileTag('foreach', Array)
#6 /opt/lampp/htdocs/codeigniter/ci-TodoApp/vendor/smarty/smarty/libs/sysplugins/smarty_internal_templateparser.php(3477): Smarty_Internal_Templateparser->yy_r42()
#7 /opt/lampp/htdocs/codeigniter/ci-TodoApp/vendor/smarty/smarty/libs/sysplugins/smarty_internal_templateparser.php(3569): Smarty_Internal_Templateparser->yy_reduce(42)
#8 /opt/lampp/htdocs/codeigniter/ci-TodoApp/vendor/smarty/smarty/libs/sysplugins/smarty_internal_smartytemplatecompiler.php(128): Smarty_Internal_Templateparser->doParse(28, ' as ')
#9 /opt/lampp/htdocs/codeigniter/ci-TodoApp/vendor/smarty/smarty/libs/sysplugins/smarty_internal_templatecompilerbase.php(481): Smarty_Internal_SmartyTemplateCompiler->doCompile('{* F\xC5\x91 smarty s...', true)
#10 /opt/lampp/htdocs/codeigniter/ci-TodoApp/vendor/smarty/smarty/libs/sysplugins/smarty_internal_templatecompilerbase.php(402): Smarty_Internal_TemplateCompilerBase->compileTemplateSource(Object(Smarty_Internal_Template), false, NULL)
#11 /opt/lampp/htdocs/codeigniter/ci-TodoApp/vendor/smarty/smarty/libs/sysplugins/smarty_template_compiled.php(184): Smarty_Internal_TemplateCompilerBase->compileTemplate(Object(Smarty_Internal_Template))
#12 /opt/lampp/htdocs/codeigniter/ci-TodoApp/vendor/smarty/smarty/libs/sysplugins/smarty_template_compiled.php(141): Smarty_Template_Compiled->compileTemplateSource(Object(Smarty_Internal_Template))
#13 /opt/lampp/htdocs/codeigniter/ci-TodoApp/vendor/smarty/smarty/libs/sysplugins/smarty_template_compiled.php(105): Smarty_Template_Compiled->process(Object(Smarty_Internal_Template))
#14 /opt/lampp/htdocs/codeigniter/ci-TodoApp/vendor/smarty/smarty/libs/sysplugins/smarty_internal_template.php(216): Smarty_Template_Compiled->render(Object(Smarty_Internal_Template))
#15 /opt/lampp/htdocs/codeigniter/ci-TodoApp/vendor/smarty/smarty/libs/sysplugins/smarty_internal_templatebase.php(232): Smarty_Internal_Template->render(false, 1)
#16 /opt/lampp/htdocs/codeigniter/ci-TodoApp/vendor/smarty/smarty/libs/sysplugins/smarty_internal_templatebase.php(134): Smarty_Internal_TemplateBase->_execute(Object(Smarty_Internal_Template), NULL, NULL, NULL, 1)
#17 /opt/lampp/htdocs/codeigniter/ci-TodoApp/app/Controllers/Home.php(25): Smarty_Internal_TemplateBase->display('mainTemplate.tp...')
#18 /opt/lampp/htdocs/codeigniter/ci-TodoApp/vendor/codeigniter4/framework/system/CodeIgniter.php(928): App\Controllers\Home->index()
#19 /opt/lampp/htdocs/codeigniter/ci-TodoApp/vendor/codeigniter4/framework/system/CodeIgniter.php(436): CodeIgniter\CodeIgniter->runController(Object(App\Controllers\Home))
#20 /opt/lampp/htdocs/codeigniter/ci-TodoApp/vendor/codeigniter4/framework/system/CodeIgniter.php(336): CodeIgniter\CodeIgniter->handleRequest(NULL, Object(Config\Cache), false)
#21 /opt/lampp/htdocs/codeigniter/ci-TodoApp/public/index.php(37): CodeIgniter\CodeIgniter->run()
#22 {main}
CRITICAL - 2021-06-23 12:17:09 --> Cannot use object of type stdClass as array
#0 /opt/lampp/htdocs/codeigniter/ci-TodoApp/vendor/smarty/smarty/libs/sysplugins/smarty_internal_runtime_inheritance.php(248): Block_130396882960d36c957b5da7_37458594->callBlock(Object(Smarty_Internal_Template))
#1 /opt/lampp/htdocs/codeigniter/ci-TodoApp/vendor/smarty/smarty/libs/sysplugins/smarty_internal_runtime_inheritance.php(184): Smarty_Internal_Runtime_Inheritance->callBlock(Object(Block_130396882960d36c957b5da7_37458594), Object(Smarty_Internal_Template))
#2 /opt/lampp/htdocs/codeigniter/ci-TodoApp/vendor/smarty/smarty/libs/sysplugins/smarty_internal_runtime_inheritance.php(156): Smarty_Internal_Runtime_Inheritance->process(Object(Smarty_Internal_Template), Object(Block_130396882960d36c957b5da7_37458594))
#3 /opt/lampp/htdocs/codeigniter/ci-TodoApp/writable/smarty/templates_c/d6fba66191803b5c07127960dfa2e20181a8b369_0.file.mainTemplate.tpl.php(75): Smarty_Internal_Runtime_Inheritance->instanceBlock(Object(Smarty_Internal_Template), 'Block_130396882...', 'BodyMain')
#4 /opt/lampp/htdocs/codeigniter/ci-TodoApp/vendor/smarty/smarty/libs/sysplugins/smarty_template_resource_base.php(123): content_60d36c957c1e78_13046465(Object(Smarty_Internal_Template))
#5 /opt/lampp/htdocs/codeigniter/ci-TodoApp/vendor/smarty/smarty/libs/sysplugins/smarty_template_compiled.php(114): Smarty_Template_Resource_Base->getRenderedTemplateCode(Object(Smarty_Internal_Template))
#6 /opt/lampp/htdocs/codeigniter/ci-TodoApp/vendor/smarty/smarty/libs/sysplugins/smarty_internal_template.php(216): Smarty_Template_Compiled->render(Object(Smarty_Internal_Template))
#7 /opt/lampp/htdocs/codeigniter/ci-TodoApp/vendor/smarty/smarty/libs/sysplugins/smarty_internal_templatebase.php(232): Smarty_Internal_Template->render(false, 1)
#8 /opt/lampp/htdocs/codeigniter/ci-TodoApp/vendor/smarty/smarty/libs/sysplugins/smarty_internal_templatebase.php(134): Smarty_Internal_TemplateBase->_execute(Object(Smarty_Internal_Template), NULL, NULL, NULL, 1)
#9 /opt/lampp/htdocs/codeigniter/ci-TodoApp/app/Controllers/Home.php(25): Smarty_Internal_TemplateBase->display('mainTemplate.tp...')
#10 /opt/lampp/htdocs/codeigniter/ci-TodoApp/vendor/codeigniter4/framework/system/CodeIgniter.php(928): App\Controllers\Home->index()
#11 /opt/lampp/htdocs/codeigniter/ci-TodoApp/vendor/codeigniter4/framework/system/CodeIgniter.php(436): CodeIgniter\CodeIgniter->runController(Object(App\Controllers\Home))
#12 /opt/lampp/htdocs/codeigniter/ci-TodoApp/vendor/codeigniter4/framework/system/CodeIgniter.php(336): CodeIgniter\CodeIgniter->handleRequest(NULL, Object(Config\Cache), false)
#13 /opt/lampp/htdocs/codeigniter/ci-TodoApp/public/index.php(37): CodeIgniter\CodeIgniter->run()
#14 {main}
CRITICAL - 2021-06-23 12:19:39 --> Object of class stdClass could not be converted to string
#0 /opt/lampp/htdocs/codeigniter/ci-TodoApp/vendor/smarty/smarty/libs/sysplugins/smarty_internal_runtime_inheritance.php(248): Block_172789307160d36d2b04c1f5_45352313->callBlock(Object(Smarty_Internal_Template))
#1 /opt/lampp/htdocs/codeigniter/ci-TodoApp/vendor/smarty/smarty/libs/sysplugins/smarty_internal_runtime_inheritance.php(184): Smarty_Internal_Runtime_Inheritance->callBlock(Object(Block_172789307160d36d2b04c1f5_45352313), Object(Smarty_Internal_Template))
#2 /opt/lampp/htdocs/codeigniter/ci-TodoApp/vendor/smarty/smarty/libs/sysplugins/smarty_internal_runtime_inheritance.php(156): Smarty_Internal_Runtime_Inheritance->process(Object(Smarty_Internal_Template), Object(Block_172789307160d36d2b04c1f5_45352313))
#3 /opt/lampp/htdocs/codeigniter/ci-TodoApp/writable/smarty/templates_c/d6fba66191803b5c07127960dfa2e20181a8b369_0.file.mainTemplate.tpl.php(75): Smarty_Internal_Runtime_Inheritance->instanceBlock(Object(Smarty_Internal_Template), 'Block_172789307...', 'BodyMain')
#4 /opt/lampp/htdocs/codeigniter/ci-TodoApp/vendor/smarty/smarty/libs/sysplugins/smarty_template_resource_base.php(123): content_60d36d2b056340_08706244(Object(Smarty_Internal_Template))
#5 /opt/lampp/htdocs/codeigniter/ci-TodoApp/vendor/smarty/smarty/libs/sysplugins/smarty_template_compiled.php(114): Smarty_Template_Resource_Base->getRenderedTemplateCode(Object(Smarty_Internal_Template))
#6 /opt/lampp/htdocs/codeigniter/ci-TodoApp/vendor/smarty/smarty/libs/sysplugins/smarty_internal_template.php(216): Smarty_Template_Compiled->render(Object(Smarty_Internal_Template))
#7 /opt/lampp/htdocs/codeigniter/ci-TodoApp/vendor/smarty/smarty/libs/sysplugins/smarty_internal_templatebase.php(232): Smarty_Internal_Template->render(false, 1)
#8 /opt/lampp/htdocs/codeigniter/ci-TodoApp/vendor/smarty/smarty/libs/sysplugins/smarty_internal_templatebase.php(134): Smarty_Internal_TemplateBase->_execute(Object(Smarty_Internal_Template), NULL, NULL, NULL, 1)
#9 /opt/lampp/htdocs/codeigniter/ci-TodoApp/app/Controllers/Home.php(25): Smarty_Internal_TemplateBase->display('mainTemplate.tp...')
#10 /opt/lampp/htdocs/codeigniter/ci-TodoApp/vendor/codeigniter4/framework/system/CodeIgniter.php(928): App\Controllers\Home->index()
#11 /opt/lampp/htdocs/codeigniter/ci-TodoApp/vendor/codeigniter4/framework/system/CodeIgniter.php(436): CodeIgniter\CodeIgniter->runController(Object(App\Controllers\Home))
#12 /opt/lampp/htdocs/codeigniter/ci-TodoApp/vendor/codeigniter4/framework/system/CodeIgniter.php(336): CodeIgniter\CodeIgniter->handleRequest(NULL, Object(Config\Cache), false)
#13 /opt/lampp/htdocs/codeigniter/ci-TodoApp/public/index.php(37): CodeIgniter\CodeIgniter->run()
#14 {main}
CRITICAL - 2021-06-23 12:22:34 --> Object of class stdClass could not be converted to string
#0 /opt/lampp/htdocs/codeigniter/ci-TodoApp/vendor/smarty/smarty/libs/sysplugins/smarty_internal_runtime_inheritance.php(248): Block_122307584460d36ddad2bc18_46842797->callBlock(Object(Smarty_Internal_Template))
#1 /opt/lampp/htdocs/codeigniter/ci-TodoApp/vendor/smarty/smarty/libs/sysplugins/smarty_internal_runtime_inheritance.php(184): Smarty_Internal_Runtime_Inheritance->callBlock(Object(Block_122307584460d36ddad2bc18_46842797), Object(Smarty_Internal_Template))
#2 /opt/lampp/htdocs/codeigniter/ci-TodoApp/vendor/smarty/smarty/libs/sysplugins/smarty_internal_runtime_inheritance.php(156): Smarty_Internal_Runtime_Inheritance->process(Object(Smarty_Internal_Template), Object(Block_122307584460d36ddad2bc18_46842797))
#3 /opt/lampp/htdocs/codeigniter/ci-TodoApp/writable/smarty/templates_c/d6fba66191803b5c07127960dfa2e20181a8b369_0.file.mainTemplate.tpl.php(75): Smarty_Internal_Runtime_Inheritance->instanceBlock(Object(Smarty_Internal_Template), 'Block_122307584...', 'BodyMain')
#4 /opt/lampp/htdocs/codeigniter/ci-TodoApp/vendor/smarty/smarty/libs/sysplugins/smarty_template_resource_base.php(123): content_60d36ddad35e78_81641031(Object(Smarty_Internal_Template))
#5 /opt/lampp/htdocs/codeigniter/ci-TodoApp/vendor/smarty/smarty/libs/sysplugins/smarty_template_compiled.php(114): Smarty_Template_Resource_Base->getRenderedTemplateCode(Object(Smarty_Internal_Template))
#6 /opt/lampp/htdocs/codeigniter/ci-TodoApp/vendor/smarty/smarty/libs/sysplugins/smarty_internal_template.php(216): Smarty_Template_Compiled->render(Object(Smarty_Internal_Template))
#7 /opt/lampp/htdocs/codeigniter/ci-TodoApp/vendor/smarty/smarty/libs/sysplugins/smarty_internal_templatebase.php(232): Smarty_Internal_Template->render(false, 1)
#8 /opt/lampp/htdocs/codeigniter/ci-TodoApp/vendor/smarty/smarty/libs/sysplugins/smarty_internal_templatebase.php(134): Smarty_Internal_TemplateBase->_execute(Object(Smarty_Internal_Template), NULL, NULL, NULL, 1)
#9 /opt/lampp/htdocs/codeigniter/ci-TodoApp/app/Controllers/Home.php(26): Smarty_Internal_TemplateBase->display('mainTemplate.tp...')
#10 /opt/lampp/htdocs/codeigniter/ci-TodoApp/vendor/codeigniter4/framework/system/CodeIgniter.php(928): App\Controllers\Home->index()
#11 /opt/lampp/htdocs/codeigniter/ci-TodoApp/vendor/codeigniter4/framework/system/CodeIgniter.php(436): CodeIgniter\CodeIgniter->runController(Object(App\Controllers\Home))
#12 /opt/lampp/htdocs/codeigniter/ci-TodoApp/vendor/codeigniter4/framework/system/CodeIgniter.php(336): CodeIgniter\CodeIgniter->handleRequest(NULL, Object(Config\Cache), false)
#13 /opt/lampp/htdocs/codeigniter/ci-TodoApp/public/index.php(37): CodeIgniter\CodeIgniter->run()
#14 {main}
CRITICAL - 2021-06-23 12:23:33 --> Object of class stdClass could not be converted to string
#0 /opt/lampp/htdocs/codeigniter/ci-TodoApp/vendor/smarty/smarty/libs/sysplugins/smarty_internal_runtime_inheritance.php(248): Block_122307584460d36ddad2bc18_46842797->callBlock(Object(Smarty_Internal_Template))
#1 /opt/lampp/htdocs/codeigniter/ci-TodoApp/vendor/smarty/smarty/libs/sysplugins/smarty_internal_runtime_inheritance.php(184): Smarty_Internal_Runtime_Inheritance->callBlock(Object(Block_122307584460d36ddad2bc18_46842797), Object(Smarty_Internal_Template))
#2 /opt/lampp/htdocs/codeigniter/ci-TodoApp/vendor/smarty/smarty/libs/sysplugins/smarty_internal_runtime_inheritance.php(156): Smarty_Internal_Runtime_Inheritance->process(Object(Smarty_Internal_Template), Object(Block_122307584460d36ddad2bc18_46842797))
#3 /opt/lampp/htdocs/codeigniter/ci-TodoApp/writable/smarty/templates_c/d6fba66191803b5c07127960dfa2e20181a8b369_0.file.mainTemplate.tpl.php(75): Smarty_Internal_Runtime_Inheritance->instanceBlock(Object(Smarty_Internal_Template), 'Block_122307584...', 'BodyMain')
#4 /opt/lampp/htdocs/codeigniter/ci-TodoApp/vendor/smarty/smarty/libs/sysplugins/smarty_template_resource_base.php(123): content_60d36ddad35e78_81641031(Object(Smarty_Internal_Template))
#5 /opt/lampp/htdocs/codeigniter/ci-TodoApp/vendor/smarty/smarty/libs/sysplugins/smarty_template_compiled.php(114): Smarty_Template_Resource_Base->getRenderedTemplateCode(Object(Smarty_Internal_Template))
#6 /opt/lampp/htdocs/codeigniter/ci-TodoApp/vendor/smarty/smarty/libs/sysplugins/smarty_internal_template.php(216): Smarty_Template_Compiled->render(Object(Smarty_Internal_Template))
#7 /opt/lampp/htdocs/codeigniter/ci-TodoApp/vendor/smarty/smarty/libs/sysplugins/smarty_internal_templatebase.php(232): Smarty_Internal_Template->render(false, 1)
#8 /opt/lampp/htdocs/codeigniter/ci-TodoApp/vendor/smarty/smarty/libs/sysplugins/smarty_internal_templatebase.php(134): Smarty_Internal_TemplateBase->_execute(Object(Smarty_Internal_Template), NULL, NULL, NULL, 1)
#9 /opt/lampp/htdocs/codeigniter/ci-TodoApp/app/Controllers/Home.php(26): Smarty_Internal_TemplateBase->display('mainTemplate.tp...')
#10 /opt/lampp/htdocs/codeigniter/ci-TodoApp/vendor/codeigniter4/framework/system/CodeIgniter.php(928): App\Controllers\Home->index()
#11 /opt/lampp/htdocs/codeigniter/ci-TodoApp/vendor/codeigniter4/framework/system/CodeIgniter.php(436): CodeIgniter\CodeIgniter->runController(Object(App\Controllers\Home))
#12 /opt/lampp/htdocs/codeigniter/ci-TodoApp/vendor/codeigniter4/framework/system/CodeIgniter.php(336): CodeIgniter\CodeIgniter->handleRequest(NULL, Object(Config\Cache), false)
#13 /opt/lampp/htdocs/codeigniter/ci-TodoApp/public/index.php(37): CodeIgniter\CodeIgniter->run()
#14 {main}
CRITICAL - 2021-06-23 12:27:01 --> Undefined index: item
#0 /opt/lampp/htdocs/codeigniter/ci-TodoApp/writable/smarty/templates_c/d6fba66191803b5c07127960dfa2e20181a8b369_0.file.mainTemplate.tpl.php(147): CodeIgniter\Debug\Exceptions->errorHandler(8, 'Undefined index...', '/opt/lampp/htdo...', 147, Array)
#1 /opt/lampp/htdocs/codeigniter/ci-TodoApp/vendor/smarty/smarty/libs/sysplugins/smarty_internal_runtime_inheritance.php(248): Block_115983410360d36ee545d8c3_61228799->callBlock(Object(Smarty_Internal_Template))
#2 /opt/lampp/htdocs/codeigniter/ci-TodoApp/vendor/smarty/smarty/libs/sysplugins/smarty_internal_runtime_inheritance.php(184): Smarty_Internal_Runtime_Inheritance->callBlock(Object(Block_115983410360d36ee545d8c3_61228799), Object(Smarty_Internal_Template))
#3 /opt/lampp/htdocs/codeigniter/ci-TodoApp/vendor/smarty/smarty/libs/sysplugins/smarty_internal_runtime_inheritance.php(156): Smarty_Internal_Runtime_Inheritance->process(Object(Smarty_Internal_Template), Object(Block_115983410360d36ee545d8c3_61228799))
#4 /opt/lampp/htdocs/codeigniter/ci-TodoApp/writable/smarty/templates_c/d6fba66191803b5c07127960dfa2e20181a8b369_0.file.mainTemplate.tpl.php(75): Smarty_Internal_Runtime_Inheritance->instanceBlock(Object(Smarty_Internal_Template), 'Block_115983410...', 'BodyMain')
#5 /opt/lampp/htdocs/codeigniter/ci-TodoApp/vendor/smarty/smarty/libs/sysplugins/smarty_template_resource_base.php(123): content_60d36ee5473219_27102752(Object(Smarty_Internal_Template))
#6 /opt/lampp/htdocs/codeigniter/ci-TodoApp/vendor/smarty/smarty/libs/sysplugins/smarty_template_compiled.php(114): Smarty_Template_Resource_Base->getRenderedTemplateCode(Object(Smarty_Internal_Template))
#7 /opt/lampp/htdocs/codeigniter/ci-TodoApp/vendor/smarty/smarty/libs/sysplugins/smarty_internal_template.php(216): Smarty_Template_Compiled->render(Object(Smarty_Internal_Template))
#8 /opt/lampp/htdocs/codeigniter/ci-TodoApp/vendor/smarty/smarty/libs/sysplugins/smarty_internal_templatebase.php(232): Smarty_Internal_Template->render(false, 1)
#9 /opt/lampp/htdocs/codeigniter/ci-TodoApp/vendor/smarty/smarty/libs/sysplugins/smarty_internal_templatebase.php(134): Smarty_Internal_TemplateBase->_execute(Object(Smarty_Internal_Template), NULL, NULL, NULL, 1)
#10 /opt/lampp/htdocs/codeigniter/ci-TodoApp/app/Controllers/Home.php(25): Smarty_Internal_TemplateBase->display('mainTemplate.tp...')
#11 /opt/lampp/htdocs/codeigniter/ci-TodoApp/vendor/codeigniter4/framework/system/CodeIgniter.php(928): App\Controllers\Home->index()
#12 /opt/lampp/htdocs/codeigniter/ci-TodoApp/vendor/codeigniter4/framework/system/CodeIgniter.php(436): CodeIgniter\CodeIgniter->runController(Object(App\Controllers\Home))
#13 /opt/lampp/htdocs/codeigniter/ci-TodoApp/vendor/codeigniter4/framework/system/CodeIgniter.php(336): CodeIgniter\CodeIgniter->handleRequest(NULL, Object(Config\Cache), false)
#14 /opt/lampp/htdocs/codeigniter/ci-TodoApp/public/index.php(37): CodeIgniter\CodeIgniter->run()
#15 {main}
CRITICAL - 2021-06-23 12:27:15 --> Object of class stdClass could not be converted to string
#0 /opt/lampp/htdocs/codeigniter/ci-TodoApp/vendor/smarty/smarty/libs/sysplugins/smarty_internal_runtime_inheritance.php(248): Block_211439042160d36ef347f098_43603299->callBlock(Object(Smarty_Internal_Template))
#1 /opt/lampp/htdocs/codeigniter/ci-TodoApp/vendor/smarty/smarty/libs/sysplugins/smarty_internal_runtime_inheritance.php(184): Smarty_Internal_Runtime_Inheritance->callBlock(Object(Block_211439042160d36ef347f098_43603299), Object(Smarty_Internal_Template))
#2 /opt/lampp/htdocs/codeigniter/ci-TodoApp/vendor/smarty/smarty/libs/sysplugins/smarty_internal_runtime_inheritance.php(156): Smarty_Internal_Runtime_Inheritance->process(Object(Smarty_Internal_Template), Object(Block_211439042160d36ef347f098_43603299))
#3 /opt/lampp/htdocs/codeigniter/ci-TodoApp/writable/smarty/templates_c/d6fba66191803b5c07127960dfa2e20181a8b369_0.file.mainTemplate.tpl.php(75): Smarty_Internal_Runtime_Inheritance->instanceBlock(Object(Smarty_Internal_Template), 'Block_211439042...', 'BodyMain')
#4 /opt/lampp/htdocs/codeigniter/ci-TodoApp/vendor/smarty/smarty/libs/sysplugins/smarty_template_resource_base.php(123): content_60d36ef34896e6_03629233(Object(Smarty_Internal_Template))
#5 /opt/lampp/htdocs/codeigniter/ci-TodoApp/vendor/smarty/smarty/libs/sysplugins/smarty_template_compiled.php(114): Smarty_Template_Resource_Base->getRenderedTemplateCode(Object(Smarty_Internal_Template))
#6 /opt/lampp/htdocs/codeigniter/ci-TodoApp/vendor/smarty/smarty/libs/sysplugins/smarty_internal_template.php(216): Smarty_Template_Compiled->render(Object(Smarty_Internal_Template))
#7 /opt/lampp/htdocs/codeigniter/ci-TodoApp/vendor/smarty/smarty/libs/sysplugins/smarty_internal_templatebase.php(232): Smarty_Internal_Template->render(false, 1)
#8 /opt/lampp/htdocs/codeigniter/ci-TodoApp/vendor/smarty/smarty/libs/sysplugins/smarty_internal_templatebase.php(134): Smarty_Internal_TemplateBase->_execute(Object(Smarty_Internal_Template), NULL, NULL, NULL, 1)
#9 /opt/lampp/htdocs/codeigniter/ci-TodoApp/app/Controllers/Home.php(25): Smarty_Internal_TemplateBase->display('mainTemplate.tp...')
#10 /opt/lampp/htdocs/codeigniter/ci-TodoApp/vendor/codeigniter4/framework/system/CodeIgniter.php(928): App\Controllers\Home->index()
#11 /opt/lampp/htdocs/codeigniter/ci-TodoApp/vendor/codeigniter4/framework/system/CodeIgniter.php(436): CodeIgniter\CodeIgniter->runController(Object(App\Controllers\Home))
#12 /opt/lampp/htdocs/codeigniter/ci-TodoApp/vendor/codeigniter4/framework/system/CodeIgniter.php(336): CodeIgniter\CodeIgniter->handleRequest(NULL, Object(Config\Cache), false)
#13 /opt/lampp/htdocs/codeigniter/ci-TodoApp/public/index.php(37): CodeIgniter\CodeIgniter->run()
#14 {main}
CRITICAL - 2021-06-23 12:29:13 --> Syntax error in template "file:/opt/lampp/htdocs/codeigniter/ci-TodoApp/app/Views/mainTemplate.tpl"  on line 53 "<p class="mt-2" id="">{$value=>fid}</p>"  - Unexpected "=>", expected one of: "}"
#0 /opt/lampp/htdocs/codeigniter/ci-TodoApp/vendor/smarty/smarty/libs/sysplugins/smarty_internal_templateparser.php(3519): Smarty_Internal_TemplateCompilerBase->trigger_template_error()
#1 /opt/lampp/htdocs/codeigniter/ci-TodoApp/vendor/smarty/smarty/libs/sysplugins/smarty_internal_templateparser.php(3577): Smarty_Internal_Templateparser->yy_syntax_error(29, '=>')
#2 /opt/lampp/htdocs/codeigniter/ci-TodoApp/vendor/smarty/smarty/libs/sysplugins/smarty_internal_smartytemplatecompiler.php(128): Smarty_Internal_Templateparser->doParse(29, '=>')
#3 /opt/lampp/htdocs/codeigniter/ci-TodoApp/vendor/smarty/smarty/libs/sysplugins/smarty_internal_templatecompilerbase.php(481): Smarty_Internal_SmartyTemplateCompiler->doCompile('{* F\xC5\x91 smarty s...', true)
#4 /opt/lampp/htdocs/codeigniter/ci-TodoApp/vendor/smarty/smarty/libs/sysplugins/smarty_internal_templatecompilerbase.php(402): Smarty_Internal_TemplateCompilerBase->compileTemplateSource(Object(Smarty_Internal_Template), false, NULL)
#5 /opt/lampp/htdocs/codeigniter/ci-TodoApp/vendor/smarty/smarty/libs/sysplugins/smarty_template_compiled.php(184): Smarty_Internal_TemplateCompilerBase->compileTemplate(Object(Smarty_Internal_Template))
#6 /opt/lampp/htdocs/codeigniter/ci-TodoApp/vendor/smarty/smarty/libs/sysplugins/smarty_template_compiled.php(141): Smarty_Template_Compiled->compileTemplateSource(Object(Smarty_Internal_Template))
#7 /opt/lampp/htdocs/codeigniter/ci-TodoApp/vendor/smarty/smarty/libs/sysplugins/smarty_template_compiled.php(105): Smarty_Template_Compiled->process(Object(Smarty_Internal_Template))
#8 /opt/lampp/htdocs/codeigniter/ci-TodoApp/vendor/smarty/smarty/libs/sysplugins/smarty_internal_template.php(216): Smarty_Template_Compiled->render(Object(Smarty_Internal_Template))
#9 /opt/lampp/htdocs/codeigniter/ci-TodoApp/vendor/smarty/smarty/libs/sysplugins/smarty_internal_templatebase.php(232): Smarty_Internal_Template->render(false, 1)
#10 /opt/lampp/htdocs/codeigniter/ci-TodoApp/vendor/smarty/smarty/libs/sysplugins/smarty_internal_templatebase.php(134): Smarty_Internal_TemplateBase->_execute(Object(Smarty_Internal_Template), NULL, NULL, NULL, 1)
#11 /opt/lampp/htdocs/codeigniter/ci-TodoApp/app/Controllers/Home.php(25): Smarty_Internal_TemplateBase->display('mainTemplate.tp...')
#12 /opt/lampp/htdocs/codeigniter/ci-TodoApp/vendor/codeigniter4/framework/system/CodeIgniter.php(928): App\Controllers\Home->index()
#13 /opt/lampp/htdocs/codeigniter/ci-TodoApp/vendor/codeigniter4/framework/system/CodeIgniter.php(436): CodeIgniter\CodeIgniter->runController(Object(App\Controllers\Home))
#14 /opt/lampp/htdocs/codeigniter/ci-TodoApp/vendor/codeigniter4/framework/system/CodeIgniter.php(336): CodeIgniter\CodeIgniter->handleRequest(NULL, Object(Config\Cache), false)
#15 /opt/lampp/htdocs/codeigniter/ci-TodoApp/public/index.php(37): CodeIgniter\CodeIgniter->run()
#16 {main}
