CRITICAL - 2021-06-10 13:41:27 --> Unable to load template 'file:template.tpl'
#0 /opt/lampp/htdocs/codeigniter/ci-TodoApp/vendor/smarty/smarty/libs/sysplugins/smarty_internal_templatebase.php(232): Smarty_Internal_Template->render(false, 1)
#1 /opt/lampp/htdocs/codeigniter/ci-TodoApp/vendor/smarty/smarty/libs/sysplugins/smarty_internal_templatebase.php(134): Smarty_Internal_TemplateBase->_execute(Object(Smarty_Internal_Template), NULL, NULL, NULL, 1)
#2 /opt/lampp/htdocs/codeigniter/ci-TodoApp/app/Controllers/Home.php(15): Smarty_Internal_TemplateBase->display('template.tpl')
#3 /opt/lampp/htdocs/codeigniter/ci-TodoApp/vendor/codeigniter4/framework/system/CodeIgniter.php(928): App\Controllers\Home->index()
#4 /opt/lampp/htdocs/codeigniter/ci-TodoApp/vendor/codeigniter4/framework/system/CodeIgniter.php(436): CodeIgniter\CodeIgniter->runController(Object(App\Controllers\Home))
#5 /opt/lampp/htdocs/codeigniter/ci-TodoApp/vendor/codeigniter4/framework/system/CodeIgniter.php(336): CodeIgniter\CodeIgniter->handleRequest(NULL, Object(Config\Cache), false)
#6 /opt/lampp/htdocs/codeigniter/ci-TodoApp/public/index.php(37): CodeIgniter\CodeIgniter->run()
#7 /opt/lampp/htdocs/codeigniter/ci-TodoApp/vendor/codeigniter4/framework/system/Commands/Server/rewrite.php(45): require_once('/opt/lampp/htdo...')
#8 {main}
CRITICAL - 2021-06-10 13:41:38 --> Unable to load template 'file:view/template.tpl'
#0 /opt/lampp/htdocs/codeigniter/ci-TodoApp/vendor/smarty/smarty/libs/sysplugins/smarty_internal_templatebase.php(232): Smarty_Internal_Template->render(false, 1)
#1 /opt/lampp/htdocs/codeigniter/ci-TodoApp/vendor/smarty/smarty/libs/sysplugins/smarty_internal_templatebase.php(134): Smarty_Internal_TemplateBase->_execute(Object(Smarty_Internal_Template), NULL, NULL, NULL, 1)
#2 /opt/lampp/htdocs/codeigniter/ci-TodoApp/app/Controllers/Home.php(15): Smarty_Internal_TemplateBase->display('view/template.t...')
#3 /opt/lampp/htdocs/codeigniter/ci-TodoApp/vendor/codeigniter4/framework/system/CodeIgniter.php(928): App\Controllers\Home->index()
#4 /opt/lampp/htdocs/codeigniter/ci-TodoApp/vendor/codeigniter4/framework/system/CodeIgniter.php(436): CodeIgniter\CodeIgniter->runController(Object(App\Controllers\Home))
#5 /opt/lampp/htdocs/codeigniter/ci-TodoApp/vendor/codeigniter4/framework/system/CodeIgniter.php(336): CodeIgniter\CodeIgniter->handleRequest(NULL, Object(Config\Cache), false)
#6 /opt/lampp/htdocs/codeigniter/ci-TodoApp/public/index.php(37): CodeIgniter\CodeIgniter->run()
#7 /opt/lampp/htdocs/codeigniter/ci-TodoApp/vendor/codeigniter4/framework/system/Commands/Server/rewrite.php(45): require_once('/opt/lampp/htdo...')
#8 {main}
CRITICAL - 2021-06-10 13:41:40 --> Unable to load template 'file:view/template.tpl'
#0 /opt/lampp/htdocs/codeigniter/ci-TodoApp/vendor/smarty/smarty/libs/sysplugins/smarty_internal_templatebase.php(232): Smarty_Internal_Template->render(false, 1)
#1 /opt/lampp/htdocs/codeigniter/ci-TodoApp/vendor/smarty/smarty/libs/sysplugins/smarty_internal_templatebase.php(134): Smarty_Internal_TemplateBase->_execute(Object(Smarty_Internal_Template), NULL, NULL, NULL, 1)
#2 /opt/lampp/htdocs/codeigniter/ci-TodoApp/app/Controllers/Home.php(15): Smarty_Internal_TemplateBase->display('view/template.t...')
#3 /opt/lampp/htdocs/codeigniter/ci-TodoApp/vendor/codeigniter4/framework/system/CodeIgniter.php(928): App\Controllers\Home->index()
#4 /opt/lampp/htdocs/codeigniter/ci-TodoApp/vendor/codeigniter4/framework/system/CodeIgniter.php(436): CodeIgniter\CodeIgniter->runController(Object(App\Controllers\Home))
#5 /opt/lampp/htdocs/codeigniter/ci-TodoApp/vendor/codeigniter4/framework/system/CodeIgniter.php(336): CodeIgniter\CodeIgniter->handleRequest(NULL, Object(Config\Cache), false)
#6 /opt/lampp/htdocs/codeigniter/ci-TodoApp/public/index.php(37): CodeIgniter\CodeIgniter->run()
#7 /opt/lampp/htdocs/codeigniter/ci-TodoApp/vendor/codeigniter4/framework/system/Commands/Server/rewrite.php(45): require_once('/opt/lampp/htdo...')
#8 {main}
CRITICAL - 2021-06-10 13:42:09 --> Unable to load template 'file:views/template.tpl'
#0 /opt/lampp/htdocs/codeigniter/ci-TodoApp/vendor/smarty/smarty/libs/sysplugins/smarty_internal_templatebase.php(232): Smarty_Internal_Template->render(false, 1)
#1 /opt/lampp/htdocs/codeigniter/ci-TodoApp/vendor/smarty/smarty/libs/sysplugins/smarty_internal_templatebase.php(134): Smarty_Internal_TemplateBase->_execute(Object(Smarty_Internal_Template), NULL, NULL, NULL, 1)
#2 /opt/lampp/htdocs/codeigniter/ci-TodoApp/app/Controllers/Home.php(15): Smarty_Internal_TemplateBase->display('views/template....')
#3 /opt/lampp/htdocs/codeigniter/ci-TodoApp/vendor/codeigniter4/framework/system/CodeIgniter.php(928): App\Controllers\Home->index()
#4 /opt/lampp/htdocs/codeigniter/ci-TodoApp/vendor/codeigniter4/framework/system/CodeIgniter.php(436): CodeIgniter\CodeIgniter->runController(Object(App\Controllers\Home))
#5 /opt/lampp/htdocs/codeigniter/ci-TodoApp/vendor/codeigniter4/framework/system/CodeIgniter.php(336): CodeIgniter\CodeIgniter->handleRequest(NULL, Object(Config\Cache), false)
#6 /opt/lampp/htdocs/codeigniter/ci-TodoApp/public/index.php(37): CodeIgniter\CodeIgniter->run()
#7 /opt/lampp/htdocs/codeigniter/ci-TodoApp/vendor/codeigniter4/framework/system/Commands/Server/rewrite.php(45): require_once('/opt/lampp/htdo...')
#8 {main}
CRITICAL - 2021-06-10 13:44:38 --> Unable to load template 'file:template.tpl'
#0 /opt/lampp/htdocs/codeigniter/ci-TodoApp/vendor/smarty/smarty/libs/sysplugins/smarty_internal_templatebase.php(232): Smarty_Internal_Template->render(false, 1)
#1 /opt/lampp/htdocs/codeigniter/ci-TodoApp/vendor/smarty/smarty/libs/sysplugins/smarty_internal_templatebase.php(134): Smarty_Internal_TemplateBase->_execute(Object(Smarty_Internal_Template), NULL, NULL, NULL, 1)
#2 /opt/lampp/htdocs/codeigniter/ci-TodoApp/app/Controllers/Home.php(15): Smarty_Internal_TemplateBase->display('template.tpl')
#3 /opt/lampp/htdocs/codeigniter/ci-TodoApp/vendor/codeigniter4/framework/system/CodeIgniter.php(928): App\Controllers\Home->index()
#4 /opt/lampp/htdocs/codeigniter/ci-TodoApp/vendor/codeigniter4/framework/system/CodeIgniter.php(436): CodeIgniter\CodeIgniter->runController(Object(App\Controllers\Home))
#5 /opt/lampp/htdocs/codeigniter/ci-TodoApp/vendor/codeigniter4/framework/system/CodeIgniter.php(336): CodeIgniter\CodeIgniter->handleRequest(NULL, Object(Config\Cache), false)
#6 /opt/lampp/htdocs/codeigniter/ci-TodoApp/public/index.php(37): CodeIgniter\CodeIgniter->run()
#7 /opt/lampp/htdocs/codeigniter/ci-TodoApp/vendor/codeigniter4/framework/system/Commands/Server/rewrite.php(45): require_once('/opt/lampp/htdo...')
#8 {main}
CRITICAL - 2021-06-10 13:44:40 --> Unable to load template 'file:template.tpl'
#0 /opt/lampp/htdocs/codeigniter/ci-TodoApp/vendor/smarty/smarty/libs/sysplugins/smarty_internal_templatebase.php(232): Smarty_Internal_Template->render(false, 1)
#1 /opt/lampp/htdocs/codeigniter/ci-TodoApp/vendor/smarty/smarty/libs/sysplugins/smarty_internal_templatebase.php(134): Smarty_Internal_TemplateBase->_execute(Object(Smarty_Internal_Template), NULL, NULL, NULL, 1)
#2 /opt/lampp/htdocs/codeigniter/ci-TodoApp/app/Controllers/Home.php(15): Smarty_Internal_TemplateBase->display('template.tpl')
#3 /opt/lampp/htdocs/codeigniter/ci-TodoApp/vendor/codeigniter4/framework/system/CodeIgniter.php(928): App\Controllers\Home->index()
#4 /opt/lampp/htdocs/codeigniter/ci-TodoApp/vendor/codeigniter4/framework/system/CodeIgniter.php(436): CodeIgniter\CodeIgniter->runController(Object(App\Controllers\Home))
#5 /opt/lampp/htdocs/codeigniter/ci-TodoApp/vendor/codeigniter4/framework/system/CodeIgniter.php(336): CodeIgniter\CodeIgniter->handleRequest(NULL, Object(Config\Cache), false)
#6 /opt/lampp/htdocs/codeigniter/ci-TodoApp/public/index.php(37): CodeIgniter\CodeIgniter->run()
#7 /opt/lampp/htdocs/codeigniter/ci-TodoApp/vendor/codeigniter4/framework/system/Commands/Server/rewrite.php(45): require_once('/opt/lampp/htdo...')
#8 {main}
CRITICAL - 2021-06-10 13:49:31 --> Invalid file: template.php
#0 /opt/lampp/htdocs/codeigniter/ci-TodoApp/vendor/codeigniter4/framework/system/View/View.php(213): CodeIgniter\Exceptions\FrameworkException::forInvalidFile('template.php')
#1 /opt/lampp/htdocs/codeigniter/ci-TodoApp/vendor/codeigniter4/framework/system/Common.php(1271): CodeIgniter\View\View->render('template', Array, true)
#2 /opt/lampp/htdocs/codeigniter/ci-TodoApp/app/Controllers/Home.php(17): view('template')
#3 /opt/lampp/htdocs/codeigniter/ci-TodoApp/vendor/codeigniter4/framework/system/CodeIgniter.php(928): App\Controllers\Home->index()
#4 /opt/lampp/htdocs/codeigniter/ci-TodoApp/vendor/codeigniter4/framework/system/CodeIgniter.php(436): CodeIgniter\CodeIgniter->runController(Object(App\Controllers\Home))
#5 /opt/lampp/htdocs/codeigniter/ci-TodoApp/vendor/codeigniter4/framework/system/CodeIgniter.php(336): CodeIgniter\CodeIgniter->handleRequest(NULL, Object(Config\Cache), false)
#6 /opt/lampp/htdocs/codeigniter/ci-TodoApp/public/index.php(37): CodeIgniter\CodeIgniter->run()
#7 /opt/lampp/htdocs/codeigniter/ci-TodoApp/vendor/codeigniter4/framework/system/Commands/Server/rewrite.php(45): require_once('/opt/lampp/htdo...')
#8 {main}
CRITICAL - 2021-06-10 13:50:27 --> syntax error, unexpected 'use' (T_USE)
#0 /opt/lampp/htdocs/codeigniter/ci-TodoApp/vendor/codeigniter4/framework/system/Autoloader/Autoloader.php(273): CodeIgniter\Autoloader\Autoloader->includeFile('/opt/lampp/htdo...')
#1 /opt/lampp/htdocs/codeigniter/ci-TodoApp/vendor/codeigniter4/framework/system/Autoloader/Autoloader.php(247): CodeIgniter\Autoloader\Autoloader->loadInNamespace('App\\Controllers...')
#2 [internal function]: CodeIgniter\Autoloader\Autoloader->loadClass('App\\Controllers...')
#3 [internal function]: spl_autoload_call('App\\Controllers...')
#4 /opt/lampp/htdocs/codeigniter/ci-TodoApp/vendor/codeigniter4/framework/system/CodeIgniter.php(885): class_exists('\\App\\Controller...', true)
#5 /opt/lampp/htdocs/codeigniter/ci-TodoApp/vendor/codeigniter4/framework/system/CodeIgniter.php(421): CodeIgniter\CodeIgniter->startController()
#6 /opt/lampp/htdocs/codeigniter/ci-TodoApp/vendor/codeigniter4/framework/system/CodeIgniter.php(336): CodeIgniter\CodeIgniter->handleRequest(NULL, Object(Config\Cache), false)
#7 /opt/lampp/htdocs/codeigniter/ci-TodoApp/public/index.php(37): CodeIgniter\CodeIgniter->run()
#8 /opt/lampp/htdocs/codeigniter/ci-TodoApp/vendor/codeigniter4/framework/system/Commands/Server/rewrite.php(45): require_once('/opt/lampp/htdo...')
#9 {main}
CRITICAL - 2021-06-10 13:50:41 --> Unable to load template 'file:template.tpl.tpl'
#0 /opt/lampp/htdocs/codeigniter/ci-TodoApp/vendor/smarty/smarty/libs/sysplugins/smarty_internal_templatebase.php(232): Smarty_Internal_Template->render(false, 0)
#1 /opt/lampp/htdocs/codeigniter/ci-TodoApp/vendor/smarty/smarty/libs/sysplugins/smarty_internal_templatebase.php(116): Smarty_Internal_TemplateBase->_execute(Object(Smarty_Internal_Template), NULL, NULL, NULL, 0)
#2 /opt/lampp/htdocs/codeigniter/ci-TodoApp/vendor/sarah-systems/ci4smarty/src/Common.php(43): Smarty_Internal_TemplateBase->fetch('template.tpl.tp...')
#3 /opt/lampp/htdocs/codeigniter/ci-TodoApp/app/Controllers/Home.php(20): CI4Smarty\view('template.tpl.tp...')
#4 /opt/lampp/htdocs/codeigniter/ci-TodoApp/vendor/codeigniter4/framework/system/CodeIgniter.php(928): App\Controllers\Home->index()
#5 /opt/lampp/htdocs/codeigniter/ci-TodoApp/vendor/codeigniter4/framework/system/CodeIgniter.php(436): CodeIgniter\CodeIgniter->runController(Object(App\Controllers\Home))
#6 /opt/lampp/htdocs/codeigniter/ci-TodoApp/vendor/codeigniter4/framework/system/CodeIgniter.php(336): CodeIgniter\CodeIgniter->handleRequest(NULL, Object(Config\Cache), false)
#7 /opt/lampp/htdocs/codeigniter/ci-TodoApp/public/index.php(37): CodeIgniter\CodeIgniter->run()
#8 /opt/lampp/htdocs/codeigniter/ci-TodoApp/vendor/codeigniter4/framework/system/Commands/Server/rewrite.php(45): require_once('/opt/lampp/htdo...')
#9 {main}
CRITICAL - 2021-06-10 13:55:35 --> Unable to load template 'file:template.tpl'
#0 /opt/lampp/htdocs/codeigniter/ci-TodoApp/vendor/smarty/smarty/libs/sysplugins/smarty_internal_templatebase.php(232): Smarty_Internal_Template->render(false, 1)
#1 /opt/lampp/htdocs/codeigniter/ci-TodoApp/vendor/smarty/smarty/libs/sysplugins/smarty_internal_templatebase.php(134): Smarty_Internal_TemplateBase->_execute(Object(Smarty_Internal_Template), NULL, NULL, NULL, 1)
#2 /opt/lampp/htdocs/codeigniter/ci-TodoApp/app/Controllers/Home.php(16): Smarty_Internal_TemplateBase->display('template.tpl')
#3 /opt/lampp/htdocs/codeigniter/ci-TodoApp/vendor/codeigniter4/framework/system/CodeIgniter.php(928): App\Controllers\Home->index()
#4 /opt/lampp/htdocs/codeigniter/ci-TodoApp/vendor/codeigniter4/framework/system/CodeIgniter.php(436): CodeIgniter\CodeIgniter->runController(Object(App\Controllers\Home))
#5 /opt/lampp/htdocs/codeigniter/ci-TodoApp/vendor/codeigniter4/framework/system/CodeIgniter.php(336): CodeIgniter\CodeIgniter->handleRequest(NULL, Object(Config\Cache), false)
#6 /opt/lampp/htdocs/codeigniter/ci-TodoApp/public/index.php(37): CodeIgniter\CodeIgniter->run()
#7 /opt/lampp/htdocs/codeigniter/ci-TodoApp/vendor/codeigniter4/framework/system/Commands/Server/rewrite.php(45): require_once('/opt/lampp/htdo...')
#8 {main}
CRITICAL - 2021-06-10 13:59:44 --> Argument 2 passed to view() must be of the type array, string given, called in /opt/lampp/htdocs/codeigniter/ci-TodoApp/app/Controllers/Home.php on line 19
#0 /opt/lampp/htdocs/codeigniter/ci-TodoApp/app/Controllers/Home.php(19): view('template.tpl', '2021-06-10 13:5...')
#1 /opt/lampp/htdocs/codeigniter/ci-TodoApp/vendor/codeigniter4/framework/system/CodeIgniter.php(928): App\Controllers\Home->index()
#2 /opt/lampp/htdocs/codeigniter/ci-TodoApp/vendor/codeigniter4/framework/system/CodeIgniter.php(436): CodeIgniter\CodeIgniter->runController(Object(App\Controllers\Home))
#3 /opt/lampp/htdocs/codeigniter/ci-TodoApp/vendor/codeigniter4/framework/system/CodeIgniter.php(336): CodeIgniter\CodeIgniter->handleRequest(NULL, Object(Config\Cache), false)
#4 /opt/lampp/htdocs/codeigniter/ci-TodoApp/public/index.php(37): CodeIgniter\CodeIgniter->run()
#5 /opt/lampp/htdocs/codeigniter/ci-TodoApp/vendor/codeigniter4/framework/system/Commands/Server/rewrite.php(45): require_once('/opt/lampp/htdo...')
#6 {main}
CRITICAL - 2021-06-10 14:04:06 --> Invalid file: template.php
#0 /opt/lampp/htdocs/codeigniter/ci-TodoApp/vendor/codeigniter4/framework/system/View/View.php(213): CodeIgniter\Exceptions\FrameworkException::forInvalidFile('template.php')
#1 /opt/lampp/htdocs/codeigniter/ci-TodoApp/vendor/codeigniter4/framework/system/Common.php(1271): CodeIgniter\View\View->render('template', Array, true)
#2 /opt/lampp/htdocs/codeigniter/ci-TodoApp/app/Controllers/Home.php(21): view('template', Array)
#3 /opt/lampp/htdocs/codeigniter/ci-TodoApp/vendor/codeigniter4/framework/system/CodeIgniter.php(928): App\Controllers\Home->index()
#4 /opt/lampp/htdocs/codeigniter/ci-TodoApp/vendor/codeigniter4/framework/system/CodeIgniter.php(436): CodeIgniter\CodeIgniter->runController(Object(App\Controllers\Home))
#5 /opt/lampp/htdocs/codeigniter/ci-TodoApp/vendor/codeigniter4/framework/system/CodeIgniter.php(336): CodeIgniter\CodeIgniter->handleRequest(NULL, Object(Config\Cache), false)
#6 /opt/lampp/htdocs/codeigniter/ci-TodoApp/public/index.php(37): CodeIgniter\CodeIgniter->run()
#7 /opt/lampp/htdocs/codeigniter/ci-TodoApp/vendor/codeigniter4/framework/system/Commands/Server/rewrite.php(45): require_once('/opt/lampp/htdo...')
#8 {main}
CRITICAL - 2021-06-10 14:04:09 --> Invalid file: template.php
#0 /opt/lampp/htdocs/codeigniter/ci-TodoApp/vendor/codeigniter4/framework/system/View/View.php(213): CodeIgniter\Exceptions\FrameworkException::forInvalidFile('template.php')
#1 /opt/lampp/htdocs/codeigniter/ci-TodoApp/vendor/codeigniter4/framework/system/Common.php(1271): CodeIgniter\View\View->render('template', Array, true)
#2 /opt/lampp/htdocs/codeigniter/ci-TodoApp/app/Controllers/Home.php(21): view('template', Array)
#3 /opt/lampp/htdocs/codeigniter/ci-TodoApp/vendor/codeigniter4/framework/system/CodeIgniter.php(928): App\Controllers\Home->index()
#4 /opt/lampp/htdocs/codeigniter/ci-TodoApp/vendor/codeigniter4/framework/system/CodeIgniter.php(436): CodeIgniter\CodeIgniter->runController(Object(App\Controllers\Home))
#5 /opt/lampp/htdocs/codeigniter/ci-TodoApp/vendor/codeigniter4/framework/system/CodeIgniter.php(336): CodeIgniter\CodeIgniter->handleRequest(NULL, Object(Config\Cache), false)
#6 /opt/lampp/htdocs/codeigniter/ci-TodoApp/public/index.php(37): CodeIgniter\CodeIgniter->run()
#7 /opt/lampp/htdocs/codeigniter/ci-TodoApp/vendor/codeigniter4/framework/system/Commands/Server/rewrite.php(45): require_once('/opt/lampp/htdo...')
#8 {main}
