ERROR - 2021-07-15 08:05:32 --> Error connecting to the database: No such file or directory
CRITICAL - 2021-07-15 08:05:32 --> Unable to connect to the database.
Main connection [MySQLi]: No such file or directory
#0 /opt/lampp/htdocs/CodeIgniter/ci-TodoApp/vendor/codeigniter4/framework/system/Database/BaseConnection.php(625): CodeIgniter\Database\BaseConnection->initialize()
#1 /opt/lampp/htdocs/CodeIgniter/ci-TodoApp/app/Models/TodoAppModel.php(21): CodeIgniter\Database\BaseConnection->query('SELECT * FROM f...')
#2 /opt/lampp/htdocs/CodeIgniter/ci-TodoApp/app/Controllers/TodoAppController.php(25): App\Models\TodoAppModel->get_all_todo()
#3 /opt/lampp/htdocs/CodeIgniter/ci-TodoApp/vendor/codeigniter4/framework/system/CodeIgniter.php(928): App\Controllers\TodoAppController->index()
#4 /opt/lampp/htdocs/CodeIgniter/ci-TodoApp/vendor/codeigniter4/framework/system/CodeIgniter.php(436): CodeIgniter\CodeIgniter->runController(Object(App\Controllers\TodoAppController))
#5 /opt/lampp/htdocs/CodeIgniter/ci-TodoApp/vendor/codeigniter4/framework/system/CodeIgniter.php(336): CodeIgniter\CodeIgniter->handleRequest(NULL, Object(Config\Cache), false)
#6 /opt/lampp/htdocs/CodeIgniter/ci-TodoApp/public/index.php(37): CodeIgniter\CodeIgniter->run()
#7 /opt/lampp/htdocs/CodeIgniter/ci-TodoApp/vendor/codeigniter4/framework/system/Commands/Server/rewrite.php(45): require_once('/opt/lampp/htdo...')
#8 {main}
ERROR - 2021-07-15 08:20:41 --> Column 'fcim' cannot be null
CRITICAL - 2021-07-15 08:20:41 --> Column 'fcim' cannot be null
#0 /opt/lampp/htdocs/CodeIgniter/ci-TodoApp/vendor/codeigniter4/framework/system/Database/MySQLi/Connection.php(329): mysqli->query('INSERT INTO `fe...')
#1 /opt/lampp/htdocs/CodeIgniter/ci-TodoApp/vendor/codeigniter4/framework/system/Database/BaseConnection.php(732): CodeIgniter\Database\MySQLi\Connection->execute('INSERT INTO `fe...')
#2 /opt/lampp/htdocs/CodeIgniter/ci-TodoApp/vendor/codeigniter4/framework/system/Database/BaseConnection.php(647): CodeIgniter\Database\BaseConnection->simpleQuery('INSERT INTO `fe...')
#3 /opt/lampp/htdocs/CodeIgniter/ci-TodoApp/vendor/codeigniter4/framework/system/Database/BaseBuilder.php(2277): CodeIgniter\Database\BaseConnection->query('INSERT INTO `fe...', Array, false)
#4 /opt/lampp/htdocs/CodeIgniter/ci-TodoApp/app/Models/TodoAppModel.php(34): CodeIgniter\Database\BaseBuilder->insert(Array)
#5 /opt/lampp/htdocs/CodeIgniter/ci-TodoApp/app/Controllers/TodoAppController.php(73): App\Models\TodoAppModel->add_new(Array)
#6 /opt/lampp/htdocs/CodeIgniter/ci-TodoApp/vendor/codeigniter4/framework/system/CodeIgniter.php(928): App\Controllers\TodoAppController->ujFelvitel()
#7 /opt/lampp/htdocs/CodeIgniter/ci-TodoApp/vendor/codeigniter4/framework/system/CodeIgniter.php(436): CodeIgniter\CodeIgniter->runController(Object(App\Controllers\TodoAppController))
#8 /opt/lampp/htdocs/CodeIgniter/ci-TodoApp/vendor/codeigniter4/framework/system/CodeIgniter.php(336): CodeIgniter\CodeIgniter->handleRequest(NULL, Object(Config\Cache), false)
#9 /opt/lampp/htdocs/CodeIgniter/ci-TodoApp/public/index.php(37): CodeIgniter\CodeIgniter->run()
#10 /opt/lampp/htdocs/CodeIgniter/ci-TodoApp/vendor/codeigniter4/framework/system/Commands/Server/rewrite.php(45): require_once('/opt/lampp/htdo...')
#11 {main}
ERROR - 2021-07-15 08:22:58 --> Column 'fcim' cannot be null
CRITICAL - 2021-07-15 08:22:58 --> Column 'fcim' cannot be null
#0 /opt/lampp/htdocs/CodeIgniter/ci-TodoApp/vendor/codeigniter4/framework/system/Database/MySQLi/Connection.php(329): mysqli->query('INSERT INTO `fe...')
#1 /opt/lampp/htdocs/CodeIgniter/ci-TodoApp/vendor/codeigniter4/framework/system/Database/BaseConnection.php(732): CodeIgniter\Database\MySQLi\Connection->execute('INSERT INTO `fe...')
#2 /opt/lampp/htdocs/CodeIgniter/ci-TodoApp/vendor/codeigniter4/framework/system/Database/BaseConnection.php(647): CodeIgniter\Database\BaseConnection->simpleQuery('INSERT INTO `fe...')
#3 /opt/lampp/htdocs/CodeIgniter/ci-TodoApp/vendor/codeigniter4/framework/system/Database/BaseBuilder.php(2277): CodeIgniter\Database\BaseConnection->query('INSERT INTO `fe...', Array, false)
#4 /opt/lampp/htdocs/CodeIgniter/ci-TodoApp/app/Models/TodoAppModel.php(34): CodeIgniter\Database\BaseBuilder->insert(Array)
#5 /opt/lampp/htdocs/CodeIgniter/ci-TodoApp/app/Controllers/TodoAppController.php(73): App\Models\TodoAppModel->add_new(Array)
#6 /opt/lampp/htdocs/CodeIgniter/ci-TodoApp/vendor/codeigniter4/framework/system/CodeIgniter.php(928): App\Controllers\TodoAppController->ujFelvitel()
#7 /opt/lampp/htdocs/CodeIgniter/ci-TodoApp/vendor/codeigniter4/framework/system/CodeIgniter.php(436): CodeIgniter\CodeIgniter->runController(Object(App\Controllers\TodoAppController))
#8 /opt/lampp/htdocs/CodeIgniter/ci-TodoApp/vendor/codeigniter4/framework/system/CodeIgniter.php(336): CodeIgniter\CodeIgniter->handleRequest(NULL, Object(Config\Cache), false)
#9 /opt/lampp/htdocs/CodeIgniter/ci-TodoApp/public/index.php(37): CodeIgniter\CodeIgniter->run()
#10 /opt/lampp/htdocs/CodeIgniter/ci-TodoApp/vendor/codeigniter4/framework/system/Commands/Server/rewrite.php(45): require_once('/opt/lampp/htdo...')
#11 {main}
ERROR - 2021-07-15 08:25:01 --> Column 'fcim' cannot be null
CRITICAL - 2021-07-15 08:25:01 --> Column 'fcim' cannot be null
#0 /opt/lampp/htdocs/CodeIgniter/ci-TodoApp/vendor/codeigniter4/framework/system/Database/MySQLi/Connection.php(329): mysqli->query('INSERT INTO `fe...')
#1 /opt/lampp/htdocs/CodeIgniter/ci-TodoApp/vendor/codeigniter4/framework/system/Database/BaseConnection.php(732): CodeIgniter\Database\MySQLi\Connection->execute('INSERT INTO `fe...')
#2 /opt/lampp/htdocs/CodeIgniter/ci-TodoApp/vendor/codeigniter4/framework/system/Database/BaseConnection.php(647): CodeIgniter\Database\BaseConnection->simpleQuery('INSERT INTO `fe...')
#3 /opt/lampp/htdocs/CodeIgniter/ci-TodoApp/vendor/codeigniter4/framework/system/Database/BaseBuilder.php(2277): CodeIgniter\Database\BaseConnection->query('INSERT INTO `fe...', Array, false)
#4 /opt/lampp/htdocs/CodeIgniter/ci-TodoApp/app/Models/TodoAppModel.php(34): CodeIgniter\Database\BaseBuilder->insert(Array)
#5 /opt/lampp/htdocs/CodeIgniter/ci-TodoApp/app/Controllers/TodoAppController.php(73): App\Models\TodoAppModel->add_new(Array)
#6 /opt/lampp/htdocs/CodeIgniter/ci-TodoApp/vendor/codeigniter4/framework/system/CodeIgniter.php(928): App\Controllers\TodoAppController->ujFelvitel()
#7 /opt/lampp/htdocs/CodeIgniter/ci-TodoApp/vendor/codeigniter4/framework/system/CodeIgniter.php(436): CodeIgniter\CodeIgniter->runController(Object(App\Controllers\TodoAppController))
#8 /opt/lampp/htdocs/CodeIgniter/ci-TodoApp/vendor/codeigniter4/framework/system/CodeIgniter.php(336): CodeIgniter\CodeIgniter->handleRequest(NULL, Object(Config\Cache), false)
#9 /opt/lampp/htdocs/CodeIgniter/ci-TodoApp/public/index.php(37): CodeIgniter\CodeIgniter->run()
#10 /opt/lampp/htdocs/CodeIgniter/ci-TodoApp/vendor/codeigniter4/framework/system/Commands/Server/rewrite.php(45): require_once('/opt/lampp/htdo...')
#11 {main}
ERROR - 2021-07-15 08:30:59 --> Column 'fcim' cannot be null
CRITICAL - 2021-07-15 08:30:59 --> Column 'fcim' cannot be null
#0 /opt/lampp/htdocs/CodeIgniter/ci-TodoApp/vendor/codeigniter4/framework/system/Database/MySQLi/Connection.php(329): mysqli->query('INSERT INTO `fe...')
#1 /opt/lampp/htdocs/CodeIgniter/ci-TodoApp/vendor/codeigniter4/framework/system/Database/BaseConnection.php(732): CodeIgniter\Database\MySQLi\Connection->execute('INSERT INTO `fe...')
#2 /opt/lampp/htdocs/CodeIgniter/ci-TodoApp/vendor/codeigniter4/framework/system/Database/BaseConnection.php(647): CodeIgniter\Database\BaseConnection->simpleQuery('INSERT INTO `fe...')
#3 /opt/lampp/htdocs/CodeIgniter/ci-TodoApp/vendor/codeigniter4/framework/system/Database/BaseBuilder.php(2277): CodeIgniter\Database\BaseConnection->query('INSERT INTO `fe...', Array, false)
#4 /opt/lampp/htdocs/CodeIgniter/ci-TodoApp/app/Models/TodoAppModel.php(34): CodeIgniter\Database\BaseBuilder->insert(Array)
#5 /opt/lampp/htdocs/CodeIgniter/ci-TodoApp/app/Controllers/TodoAppController.php(73): App\Models\TodoAppModel->add_new(Array)
#6 /opt/lampp/htdocs/CodeIgniter/ci-TodoApp/vendor/codeigniter4/framework/system/CodeIgniter.php(928): App\Controllers\TodoAppController->ujFelvitel()
#7 /opt/lampp/htdocs/CodeIgniter/ci-TodoApp/vendor/codeigniter4/framework/system/CodeIgniter.php(436): CodeIgniter\CodeIgniter->runController(Object(App\Controllers\TodoAppController))
#8 /opt/lampp/htdocs/CodeIgniter/ci-TodoApp/vendor/codeigniter4/framework/system/CodeIgniter.php(336): CodeIgniter\CodeIgniter->handleRequest(NULL, Object(Config\Cache), false)
#9 /opt/lampp/htdocs/CodeIgniter/ci-TodoApp/public/index.php(37): CodeIgniter\CodeIgniter->run()
#10 /opt/lampp/htdocs/CodeIgniter/ci-TodoApp/vendor/codeigniter4/framework/system/Commands/Server/rewrite.php(45): require_once('/opt/lampp/htdo...')
#11 {main}
ERROR - 2021-07-15 08:31:19 --> Column 'fcim' cannot be null
CRITICAL - 2021-07-15 08:31:19 --> Column 'fcim' cannot be null
#0 /opt/lampp/htdocs/CodeIgniter/ci-TodoApp/vendor/codeigniter4/framework/system/Database/MySQLi/Connection.php(329): mysqli->query('INSERT INTO `fe...')
#1 /opt/lampp/htdocs/CodeIgniter/ci-TodoApp/vendor/codeigniter4/framework/system/Database/BaseConnection.php(732): CodeIgniter\Database\MySQLi\Connection->execute('INSERT INTO `fe...')
#2 /opt/lampp/htdocs/CodeIgniter/ci-TodoApp/vendor/codeigniter4/framework/system/Database/BaseConnection.php(647): CodeIgniter\Database\BaseConnection->simpleQuery('INSERT INTO `fe...')
#3 /opt/lampp/htdocs/CodeIgniter/ci-TodoApp/vendor/codeigniter4/framework/system/Database/BaseBuilder.php(2277): CodeIgniter\Database\BaseConnection->query('INSERT INTO `fe...', Array, false)
#4 /opt/lampp/htdocs/CodeIgniter/ci-TodoApp/app/Models/TodoAppModel.php(34): CodeIgniter\Database\BaseBuilder->insert(Array)
#5 /opt/lampp/htdocs/CodeIgniter/ci-TodoApp/app/Controllers/TodoAppController.php(73): App\Models\TodoAppModel->add_new(Array)
#6 /opt/lampp/htdocs/CodeIgniter/ci-TodoApp/vendor/codeigniter4/framework/system/CodeIgniter.php(928): App\Controllers\TodoAppController->ujFelvitel()
#7 /opt/lampp/htdocs/CodeIgniter/ci-TodoApp/vendor/codeigniter4/framework/system/CodeIgniter.php(436): CodeIgniter\CodeIgniter->runController(Object(App\Controllers\TodoAppController))
#8 /opt/lampp/htdocs/CodeIgniter/ci-TodoApp/vendor/codeigniter4/framework/system/CodeIgniter.php(336): CodeIgniter\CodeIgniter->handleRequest(NULL, Object(Config\Cache), false)
#9 /opt/lampp/htdocs/CodeIgniter/ci-TodoApp/public/index.php(37): CodeIgniter\CodeIgniter->run()
#10 /opt/lampp/htdocs/CodeIgniter/ci-TodoApp/vendor/codeigniter4/framework/system/Commands/Server/rewrite.php(45): require_once('/opt/lampp/htdo...')
#11 {main}
ERROR - 2021-07-15 08:36:21 --> Column 'fcim' cannot be null
CRITICAL - 2021-07-15 08:36:21 --> Column 'fcim' cannot be null
#0 /opt/lampp/htdocs/CodeIgniter/ci-TodoApp/vendor/codeigniter4/framework/system/Database/MySQLi/Connection.php(329): mysqli->query('INSERT INTO `fe...')
#1 /opt/lampp/htdocs/CodeIgniter/ci-TodoApp/vendor/codeigniter4/framework/system/Database/BaseConnection.php(732): CodeIgniter\Database\MySQLi\Connection->execute('INSERT INTO `fe...')
#2 /opt/lampp/htdocs/CodeIgniter/ci-TodoApp/vendor/codeigniter4/framework/system/Database/BaseConnection.php(647): CodeIgniter\Database\BaseConnection->simpleQuery('INSERT INTO `fe...')
#3 /opt/lampp/htdocs/CodeIgniter/ci-TodoApp/vendor/codeigniter4/framework/system/Database/BaseBuilder.php(2277): CodeIgniter\Database\BaseConnection->query('INSERT INTO `fe...', Array, false)
#4 /opt/lampp/htdocs/CodeIgniter/ci-TodoApp/app/Models/TodoAppModel.php(34): CodeIgniter\Database\BaseBuilder->insert(Array)
#5 /opt/lampp/htdocs/CodeIgniter/ci-TodoApp/app/Controllers/TodoAppController.php(73): App\Models\TodoAppModel->add_new(Array)
#6 /opt/lampp/htdocs/CodeIgniter/ci-TodoApp/vendor/codeigniter4/framework/system/CodeIgniter.php(928): App\Controllers\TodoAppController->ujFelvitel()
#7 /opt/lampp/htdocs/CodeIgniter/ci-TodoApp/vendor/codeigniter4/framework/system/CodeIgniter.php(436): CodeIgniter\CodeIgniter->runController(Object(App\Controllers\TodoAppController))
#8 /opt/lampp/htdocs/CodeIgniter/ci-TodoApp/vendor/codeigniter4/framework/system/CodeIgniter.php(336): CodeIgniter\CodeIgniter->handleRequest(NULL, Object(Config\Cache), false)
#9 /opt/lampp/htdocs/CodeIgniter/ci-TodoApp/public/index.php(37): CodeIgniter\CodeIgniter->run()
#10 /opt/lampp/htdocs/CodeIgniter/ci-TodoApp/vendor/codeigniter4/framework/system/Commands/Server/rewrite.php(45): require_once('/opt/lampp/htdo...')
#11 {main}
ERROR - 2021-07-15 08:37:36 --> Column 'fcim' cannot be null
CRITICAL - 2021-07-15 08:37:36 --> Column 'fcim' cannot be null
#0 /opt/lampp/htdocs/CodeIgniter/ci-TodoApp/vendor/codeigniter4/framework/system/Database/MySQLi/Connection.php(329): mysqli->query('INSERT INTO `fe...')
#1 /opt/lampp/htdocs/CodeIgniter/ci-TodoApp/vendor/codeigniter4/framework/system/Database/BaseConnection.php(732): CodeIgniter\Database\MySQLi\Connection->execute('INSERT INTO `fe...')
#2 /opt/lampp/htdocs/CodeIgniter/ci-TodoApp/vendor/codeigniter4/framework/system/Database/BaseConnection.php(647): CodeIgniter\Database\BaseConnection->simpleQuery('INSERT INTO `fe...')
#3 /opt/lampp/htdocs/CodeIgniter/ci-TodoApp/vendor/codeigniter4/framework/system/Database/BaseBuilder.php(2277): CodeIgniter\Database\BaseConnection->query('INSERT INTO `fe...', Array, false)
#4 /opt/lampp/htdocs/CodeIgniter/ci-TodoApp/app/Models/TodoAppModel.php(34): CodeIgniter\Database\BaseBuilder->insert(Array)
#5 /opt/lampp/htdocs/CodeIgniter/ci-TodoApp/app/Controllers/TodoAppController.php(73): App\Models\TodoAppModel->add_new(Array)
#6 /opt/lampp/htdocs/CodeIgniter/ci-TodoApp/vendor/codeigniter4/framework/system/CodeIgniter.php(928): App\Controllers\TodoAppController->ujFelvitel()
#7 /opt/lampp/htdocs/CodeIgniter/ci-TodoApp/vendor/codeigniter4/framework/system/CodeIgniter.php(436): CodeIgniter\CodeIgniter->runController(Object(App\Controllers\TodoAppController))
#8 /opt/lampp/htdocs/CodeIgniter/ci-TodoApp/vendor/codeigniter4/framework/system/CodeIgniter.php(336): CodeIgniter\CodeIgniter->handleRequest(NULL, Object(Config\Cache), false)
#9 /opt/lampp/htdocs/CodeIgniter/ci-TodoApp/public/index.php(37): CodeIgniter\CodeIgniter->run()
#10 /opt/lampp/htdocs/CodeIgniter/ci-TodoApp/vendor/codeigniter4/framework/system/Commands/Server/rewrite.php(45): require_once('/opt/lampp/htdo...')
#11 {main}
ERROR - 2021-07-15 08:38:44 --> Column 'fcim' cannot be null
CRITICAL - 2021-07-15 08:38:44 --> Column 'fcim' cannot be null
#0 /opt/lampp/htdocs/CodeIgniter/ci-TodoApp/vendor/codeigniter4/framework/system/Database/MySQLi/Connection.php(329): mysqli->query('INSERT INTO `fe...')
#1 /opt/lampp/htdocs/CodeIgniter/ci-TodoApp/vendor/codeigniter4/framework/system/Database/BaseConnection.php(732): CodeIgniter\Database\MySQLi\Connection->execute('INSERT INTO `fe...')
#2 /opt/lampp/htdocs/CodeIgniter/ci-TodoApp/vendor/codeigniter4/framework/system/Database/BaseConnection.php(647): CodeIgniter\Database\BaseConnection->simpleQuery('INSERT INTO `fe...')
#3 /opt/lampp/htdocs/CodeIgniter/ci-TodoApp/vendor/codeigniter4/framework/system/Database/BaseBuilder.php(2277): CodeIgniter\Database\BaseConnection->query('INSERT INTO `fe...', Array, false)
#4 /opt/lampp/htdocs/CodeIgniter/ci-TodoApp/app/Models/TodoAppModel.php(34): CodeIgniter\Database\BaseBuilder->insert(Array)
#5 /opt/lampp/htdocs/CodeIgniter/ci-TodoApp/app/Controllers/TodoAppController.php(73): App\Models\TodoAppModel->add_new(Array)
#6 /opt/lampp/htdocs/CodeIgniter/ci-TodoApp/vendor/codeigniter4/framework/system/CodeIgniter.php(928): App\Controllers\TodoAppController->ujFelvitel()
#7 /opt/lampp/htdocs/CodeIgniter/ci-TodoApp/vendor/codeigniter4/framework/system/CodeIgniter.php(436): CodeIgniter\CodeIgniter->runController(Object(App\Controllers\TodoAppController))
#8 /opt/lampp/htdocs/CodeIgniter/ci-TodoApp/vendor/codeigniter4/framework/system/CodeIgniter.php(336): CodeIgniter\CodeIgniter->handleRequest(NULL, Object(Config\Cache), false)
#9 /opt/lampp/htdocs/CodeIgniter/ci-TodoApp/public/index.php(37): CodeIgniter\CodeIgniter->run()
#10 /opt/lampp/htdocs/CodeIgniter/ci-TodoApp/vendor/codeigniter4/framework/system/Commands/Server/rewrite.php(45): require_once('/opt/lampp/htdo...')
#11 {main}
ERROR - 2021-07-15 08:40:14 --> Column 'fcim' cannot be null
CRITICAL - 2021-07-15 08:40:14 --> Column 'fcim' cannot be null
#0 /opt/lampp/htdocs/CodeIgniter/ci-TodoApp/vendor/codeigniter4/framework/system/Database/MySQLi/Connection.php(329): mysqli->query('INSERT INTO `fe...')
#1 /opt/lampp/htdocs/CodeIgniter/ci-TodoApp/vendor/codeigniter4/framework/system/Database/BaseConnection.php(732): CodeIgniter\Database\MySQLi\Connection->execute('INSERT INTO `fe...')
#2 /opt/lampp/htdocs/CodeIgniter/ci-TodoApp/vendor/codeigniter4/framework/system/Database/BaseConnection.php(647): CodeIgniter\Database\BaseConnection->simpleQuery('INSERT INTO `fe...')
#3 /opt/lampp/htdocs/CodeIgniter/ci-TodoApp/vendor/codeigniter4/framework/system/Database/BaseBuilder.php(2277): CodeIgniter\Database\BaseConnection->query('INSERT INTO `fe...', Array, false)
#4 /opt/lampp/htdocs/CodeIgniter/ci-TodoApp/app/Models/TodoAppModel.php(34): CodeIgniter\Database\BaseBuilder->insert(Array)
#5 /opt/lampp/htdocs/CodeIgniter/ci-TodoApp/app/Controllers/TodoAppController.php(73): App\Models\TodoAppModel->add_new(Array)
#6 /opt/lampp/htdocs/CodeIgniter/ci-TodoApp/vendor/codeigniter4/framework/system/CodeIgniter.php(928): App\Controllers\TodoAppController->ujFelvitel()
#7 /opt/lampp/htdocs/CodeIgniter/ci-TodoApp/vendor/codeigniter4/framework/system/CodeIgniter.php(436): CodeIgniter\CodeIgniter->runController(Object(App\Controllers\TodoAppController))
#8 /opt/lampp/htdocs/CodeIgniter/ci-TodoApp/vendor/codeigniter4/framework/system/CodeIgniter.php(336): CodeIgniter\CodeIgniter->handleRequest(NULL, Object(Config\Cache), false)
#9 /opt/lampp/htdocs/CodeIgniter/ci-TodoApp/public/index.php(37): CodeIgniter\CodeIgniter->run()
#10 /opt/lampp/htdocs/CodeIgniter/ci-TodoApp/vendor/codeigniter4/framework/system/Commands/Server/rewrite.php(45): require_once('/opt/lampp/htdo...')
#11 {main}
ERROR - 2021-07-15 08:42:36 --> Column 'fcim' cannot be null
CRITICAL - 2021-07-15 08:42:36 --> Column 'fcim' cannot be null
#0 /opt/lampp/htdocs/CodeIgniter/ci-TodoApp/vendor/codeigniter4/framework/system/Database/MySQLi/Connection.php(329): mysqli->query('INSERT INTO `fe...')
#1 /opt/lampp/htdocs/CodeIgniter/ci-TodoApp/vendor/codeigniter4/framework/system/Database/BaseConnection.php(732): CodeIgniter\Database\MySQLi\Connection->execute('INSERT INTO `fe...')
#2 /opt/lampp/htdocs/CodeIgniter/ci-TodoApp/vendor/codeigniter4/framework/system/Database/BaseConnection.php(647): CodeIgniter\Database\BaseConnection->simpleQuery('INSERT INTO `fe...')
#3 /opt/lampp/htdocs/CodeIgniter/ci-TodoApp/vendor/codeigniter4/framework/system/Database/BaseBuilder.php(2277): CodeIgniter\Database\BaseConnection->query('INSERT INTO `fe...', Array, false)
#4 /opt/lampp/htdocs/CodeIgniter/ci-TodoApp/app/Models/TodoAppModel.php(34): CodeIgniter\Database\BaseBuilder->insert(Array)
#5 /opt/lampp/htdocs/CodeIgniter/ci-TodoApp/app/Controllers/TodoAppController.php(73): App\Models\TodoAppModel->add_new(Array)
#6 /opt/lampp/htdocs/CodeIgniter/ci-TodoApp/vendor/codeigniter4/framework/system/CodeIgniter.php(928): App\Controllers\TodoAppController->ujFelvitel()
#7 /opt/lampp/htdocs/CodeIgniter/ci-TodoApp/vendor/codeigniter4/framework/system/CodeIgniter.php(436): CodeIgniter\CodeIgniter->runController(Object(App\Controllers\TodoAppController))
#8 /opt/lampp/htdocs/CodeIgniter/ci-TodoApp/vendor/codeigniter4/framework/system/CodeIgniter.php(336): CodeIgniter\CodeIgniter->handleRequest(NULL, Object(Config\Cache), false)
#9 /opt/lampp/htdocs/CodeIgniter/ci-TodoApp/public/index.php(37): CodeIgniter\CodeIgniter->run()
#10 /opt/lampp/htdocs/CodeIgniter/ci-TodoApp/vendor/codeigniter4/framework/system/Commands/Server/rewrite.php(45): require_once('/opt/lampp/htdo...')
#11 {main}
ERROR - 2021-07-15 08:47:49 --> Column 'fcim' cannot be null
CRITICAL - 2021-07-15 08:47:49 --> Column 'fcim' cannot be null
#0 /opt/lampp/htdocs/CodeIgniter/ci-TodoApp/vendor/codeigniter4/framework/system/Database/MySQLi/Connection.php(329): mysqli->query('INSERT INTO `fe...')
#1 /opt/lampp/htdocs/CodeIgniter/ci-TodoApp/vendor/codeigniter4/framework/system/Database/BaseConnection.php(732): CodeIgniter\Database\MySQLi\Connection->execute('INSERT INTO `fe...')
#2 /opt/lampp/htdocs/CodeIgniter/ci-TodoApp/vendor/codeigniter4/framework/system/Database/BaseConnection.php(647): CodeIgniter\Database\BaseConnection->simpleQuery('INSERT INTO `fe...')
#3 /opt/lampp/htdocs/CodeIgniter/ci-TodoApp/vendor/codeigniter4/framework/system/Database/BaseBuilder.php(2277): CodeIgniter\Database\BaseConnection->query('INSERT INTO `fe...', Array, false)
#4 /opt/lampp/htdocs/CodeIgniter/ci-TodoApp/app/Models/TodoAppModel.php(34): CodeIgniter\Database\BaseBuilder->insert(Array)
#5 /opt/lampp/htdocs/CodeIgniter/ci-TodoApp/app/Controllers/TodoAppController.php(73): App\Models\TodoAppModel->add_new(Array)
#6 /opt/lampp/htdocs/CodeIgniter/ci-TodoApp/vendor/codeigniter4/framework/system/CodeIgniter.php(928): App\Controllers\TodoAppController->ujFelvitel()
#7 /opt/lampp/htdocs/CodeIgniter/ci-TodoApp/vendor/codeigniter4/framework/system/CodeIgniter.php(436): CodeIgniter\CodeIgniter->runController(Object(App\Controllers\TodoAppController))
#8 /opt/lampp/htdocs/CodeIgniter/ci-TodoApp/vendor/codeigniter4/framework/system/CodeIgniter.php(336): CodeIgniter\CodeIgniter->handleRequest(NULL, Object(Config\Cache), false)
#9 /opt/lampp/htdocs/CodeIgniter/ci-TodoApp/public/index.php(37): CodeIgniter\CodeIgniter->run()
#10 /opt/lampp/htdocs/CodeIgniter/ci-TodoApp/vendor/codeigniter4/framework/system/Commands/Server/rewrite.php(45): require_once('/opt/lampp/htdo...')
#11 {main}
CRITICAL - 2021-07-15 09:21:14 --> Undefined property: App\Controllers\TodoAppController::$input
#0 /opt/lampp/htdocs/CodeIgniter/ci-TodoApp/app/Controllers/TodoAppController.php(52): CodeIgniter\Debug\Exceptions->errorHandler(8, 'Undefined prope...', '/opt/lampp/htdo...', 52, Array)
#1 /opt/lampp/htdocs/CodeIgniter/ci-TodoApp/vendor/codeigniter4/framework/system/CodeIgniter.php(928): App\Controllers\TodoAppController->ujFelvitel()
#2 /opt/lampp/htdocs/CodeIgniter/ci-TodoApp/vendor/codeigniter4/framework/system/CodeIgniter.php(436): CodeIgniter\CodeIgniter->runController(Object(App\Controllers\TodoAppController))
#3 /opt/lampp/htdocs/CodeIgniter/ci-TodoApp/vendor/codeigniter4/framework/system/CodeIgniter.php(336): CodeIgniter\CodeIgniter->handleRequest(NULL, Object(Config\Cache), false)
#4 /opt/lampp/htdocs/CodeIgniter/ci-TodoApp/public/index.php(37): CodeIgniter\CodeIgniter->run()
#5 /opt/lampp/htdocs/CodeIgniter/ci-TodoApp/vendor/codeigniter4/framework/system/Commands/Server/rewrite.php(45): require_once('/opt/lampp/htdo...')
#6 {main}
CRITICAL - 2021-07-15 09:21:48 --> Undefined property: App\Controllers\TodoAppController::$input
#0 /opt/lampp/htdocs/CodeIgniter/ci-TodoApp/app/Controllers/TodoAppController.php(52): CodeIgniter\Debug\Exceptions->errorHandler(8, 'Undefined prope...', '/opt/lampp/htdo...', 52, Array)
#1 /opt/lampp/htdocs/CodeIgniter/ci-TodoApp/vendor/codeigniter4/framework/system/CodeIgniter.php(928): App\Controllers\TodoAppController->ujFelvitel()
#2 /opt/lampp/htdocs/CodeIgniter/ci-TodoApp/vendor/codeigniter4/framework/system/CodeIgniter.php(436): CodeIgniter\CodeIgniter->runController(Object(App\Controllers\TodoAppController))
#3 /opt/lampp/htdocs/CodeIgniter/ci-TodoApp/vendor/codeigniter4/framework/system/CodeIgniter.php(336): CodeIgniter\CodeIgniter->handleRequest(NULL, Object(Config\Cache), false)
#4 /opt/lampp/htdocs/CodeIgniter/ci-TodoApp/public/index.php(37): CodeIgniter\CodeIgniter->run()
#5 /opt/lampp/htdocs/CodeIgniter/ci-TodoApp/vendor/codeigniter4/framework/system/Commands/Server/rewrite.php(45): require_once('/opt/lampp/htdo...')
#6 {main}
CRITICAL - 2021-07-15 09:22:19 --> Undefined property: App\Controllers\TodoAppController::$input
#0 /opt/lampp/htdocs/CodeIgniter/ci-TodoApp/app/Controllers/TodoAppController.php(52): CodeIgniter\Debug\Exceptions->errorHandler(8, 'Undefined prope...', '/opt/lampp/htdo...', 52, Array)
#1 /opt/lampp/htdocs/CodeIgniter/ci-TodoApp/vendor/codeigniter4/framework/system/CodeIgniter.php(928): App\Controllers\TodoAppController->ujFelvitel()
#2 /opt/lampp/htdocs/CodeIgniter/ci-TodoApp/vendor/codeigniter4/framework/system/CodeIgniter.php(436): CodeIgniter\CodeIgniter->runController(Object(App\Controllers\TodoAppController))
#3 /opt/lampp/htdocs/CodeIgniter/ci-TodoApp/vendor/codeigniter4/framework/system/CodeIgniter.php(336): CodeIgniter\CodeIgniter->handleRequest(NULL, Object(Config\Cache), false)
#4 /opt/lampp/htdocs/CodeIgniter/ci-TodoApp/public/index.php(37): CodeIgniter\CodeIgniter->run()
#5 /opt/lampp/htdocs/CodeIgniter/ci-TodoApp/vendor/codeigniter4/framework/system/Commands/Server/rewrite.php(45): require_once('/opt/lampp/htdo...')
#6 {main}
CRITICAL - 2021-07-15 09:22:26 --> Undefined property: App\Controllers\TodoAppController::$input
#0 /opt/lampp/htdocs/CodeIgniter/ci-TodoApp/app/Controllers/TodoAppController.php(52): CodeIgniter\Debug\Exceptions->errorHandler(8, 'Undefined prope...', '/opt/lampp/htdo...', 52, Array)
#1 /opt/lampp/htdocs/CodeIgniter/ci-TodoApp/vendor/codeigniter4/framework/system/CodeIgniter.php(928): App\Controllers\TodoAppController->ujFelvitel()
#2 /opt/lampp/htdocs/CodeIgniter/ci-TodoApp/vendor/codeigniter4/framework/system/CodeIgniter.php(436): CodeIgniter\CodeIgniter->runController(Object(App\Controllers\TodoAppController))
#3 /opt/lampp/htdocs/CodeIgniter/ci-TodoApp/vendor/codeigniter4/framework/system/CodeIgniter.php(336): CodeIgniter\CodeIgniter->handleRequest(NULL, Object(Config\Cache), false)
#4 /opt/lampp/htdocs/CodeIgniter/ci-TodoApp/public/index.php(37): CodeIgniter\CodeIgniter->run()
#5 /opt/lampp/htdocs/CodeIgniter/ci-TodoApp/vendor/codeigniter4/framework/system/Commands/Server/rewrite.php(45): require_once('/opt/lampp/htdo...')
#6 {main}
CRITICAL - 2021-07-15 09:22:31 --> Undefined property: App\Controllers\TodoAppController::$input
#0 /opt/lampp/htdocs/CodeIgniter/ci-TodoApp/app/Controllers/TodoAppController.php(52): CodeIgniter\Debug\Exceptions->errorHandler(8, 'Undefined prope...', '/opt/lampp/htdo...', 52, Array)
#1 /opt/lampp/htdocs/CodeIgniter/ci-TodoApp/vendor/codeigniter4/framework/system/CodeIgniter.php(928): App\Controllers\TodoAppController->ujFelvitel()
#2 /opt/lampp/htdocs/CodeIgniter/ci-TodoApp/vendor/codeigniter4/framework/system/CodeIgniter.php(436): CodeIgniter\CodeIgniter->runController(Object(App\Controllers\TodoAppController))
#3 /opt/lampp/htdocs/CodeIgniter/ci-TodoApp/vendor/codeigniter4/framework/system/CodeIgniter.php(336): CodeIgniter\CodeIgniter->handleRequest(NULL, Object(Config\Cache), false)
#4 /opt/lampp/htdocs/CodeIgniter/ci-TodoApp/public/index.php(37): CodeIgniter\CodeIgniter->run()
#5 /opt/lampp/htdocs/CodeIgniter/ci-TodoApp/vendor/codeigniter4/framework/system/Commands/Server/rewrite.php(45): require_once('/opt/lampp/htdo...')
#6 {main}
CRITICAL - 2021-07-15 09:22:52 --> Undefined property: App\Controllers\TodoAppController::$input
#0 /opt/lampp/htdocs/CodeIgniter/ci-TodoApp/app/Controllers/TodoAppController.php(52): CodeIgniter\Debug\Exceptions->errorHandler(8, 'Undefined prope...', '/opt/lampp/htdo...', 52, Array)
#1 /opt/lampp/htdocs/CodeIgniter/ci-TodoApp/vendor/codeigniter4/framework/system/CodeIgniter.php(928): App\Controllers\TodoAppController->ujFelvitel()
#2 /opt/lampp/htdocs/CodeIgniter/ci-TodoApp/vendor/codeigniter4/framework/system/CodeIgniter.php(436): CodeIgniter\CodeIgniter->runController(Object(App\Controllers\TodoAppController))
#3 /opt/lampp/htdocs/CodeIgniter/ci-TodoApp/vendor/codeigniter4/framework/system/CodeIgniter.php(336): CodeIgniter\CodeIgniter->handleRequest(NULL, Object(Config\Cache), false)
#4 /opt/lampp/htdocs/CodeIgniter/ci-TodoApp/public/index.php(37): CodeIgniter\CodeIgniter->run()
#5 /opt/lampp/htdocs/CodeIgniter/ci-TodoApp/vendor/codeigniter4/framework/system/Commands/Server/rewrite.php(45): require_once('/opt/lampp/htdo...')
#6 {main}
CRITICAL - 2021-07-15 09:23:19 --> Undefined property: App\Controllers\TodoAppController::$input
#0 /opt/lampp/htdocs/CodeIgniter/ci-TodoApp/app/Controllers/TodoAppController.php(52): CodeIgniter\Debug\Exceptions->errorHandler(8, 'Undefined prope...', '/opt/lampp/htdo...', 52, Array)
#1 /opt/lampp/htdocs/CodeIgniter/ci-TodoApp/vendor/codeigniter4/framework/system/CodeIgniter.php(928): App\Controllers\TodoAppController->ujFelvitel()
#2 /opt/lampp/htdocs/CodeIgniter/ci-TodoApp/vendor/codeigniter4/framework/system/CodeIgniter.php(436): CodeIgniter\CodeIgniter->runController(Object(App\Controllers\TodoAppController))
#3 /opt/lampp/htdocs/CodeIgniter/ci-TodoApp/vendor/codeigniter4/framework/system/CodeIgniter.php(336): CodeIgniter\CodeIgniter->handleRequest(NULL, Object(Config\Cache), false)
#4 /opt/lampp/htdocs/CodeIgniter/ci-TodoApp/public/index.php(37): CodeIgniter\CodeIgniter->run()
#5 /opt/lampp/htdocs/CodeIgniter/ci-TodoApp/vendor/codeigniter4/framework/system/Commands/Server/rewrite.php(45): require_once('/opt/lampp/htdo...')
#6 {main}
CRITICAL - 2021-07-15 09:24:04 --> Undefined property: App\Controllers\TodoAppController::$input
#0 /opt/lampp/htdocs/CodeIgniter/ci-TodoApp/app/Controllers/TodoAppController.php(52): CodeIgniter\Debug\Exceptions->errorHandler(8, 'Undefined prope...', '/opt/lampp/htdo...', 52, Array)
#1 /opt/lampp/htdocs/CodeIgniter/ci-TodoApp/vendor/codeigniter4/framework/system/CodeIgniter.php(928): App\Controllers\TodoAppController->ujFelvitel()
#2 /opt/lampp/htdocs/CodeIgniter/ci-TodoApp/vendor/codeigniter4/framework/system/CodeIgniter.php(436): CodeIgniter\CodeIgniter->runController(Object(App\Controllers\TodoAppController))
#3 /opt/lampp/htdocs/CodeIgniter/ci-TodoApp/vendor/codeigniter4/framework/system/CodeIgniter.php(336): CodeIgniter\CodeIgniter->handleRequest(NULL, Object(Config\Cache), false)
#4 /opt/lampp/htdocs/CodeIgniter/ci-TodoApp/public/index.php(37): CodeIgniter\CodeIgniter->run()
#5 /opt/lampp/htdocs/CodeIgniter/ci-TodoApp/vendor/codeigniter4/framework/system/Commands/Server/rewrite.php(45): require_once('/opt/lampp/htdo...')
#6 {main}
