CRITICAL - 2021-07-29 10:21:36 --> Call to a member function withRequest() on null
#0 /opt/lampp/htdocs/CodeIgniter/ci-TodoApp2/vendor/codeigniter4/framework/system/CodeIgniter.php(928): App\Controllers\TodoAppController->ujFelvitel()
#1 /opt/lampp/htdocs/CodeIgniter/ci-TodoApp2/vendor/codeigniter4/framework/system/CodeIgniter.php(436): CodeIgniter\CodeIgniter->runController(Object(App\Controllers\TodoAppController))
#2 /opt/lampp/htdocs/CodeIgniter/ci-TodoApp2/vendor/codeigniter4/framework/system/CodeIgniter.php(336): CodeIgniter\CodeIgniter->handleRequest(NULL, Object(Config\Cache), false)
#3 /opt/lampp/htdocs/CodeIgniter/ci-TodoApp2/public/index.php(37): CodeIgniter\CodeIgniter->run()
#4 /opt/lampp/htdocs/CodeIgniter/ci-TodoApp2/vendor/codeigniter4/framework/system/Commands/Server/rewrite.php(45): require_once('/opt/lampp/htdo...')
#5 {main}
CRITICAL - 2021-07-29 10:23:50 --> Call to a member function withRequest() on null
#0 /opt/lampp/htdocs/CodeIgniter/ci-TodoApp2/vendor/codeigniter4/framework/system/CodeIgniter.php(928): App\Controllers\TodoAppController->ujFelvitel()
#1 /opt/lampp/htdocs/CodeIgniter/ci-TodoApp2/vendor/codeigniter4/framework/system/CodeIgniter.php(436): CodeIgniter\CodeIgniter->runController(Object(App\Controllers\TodoAppController))
#2 /opt/lampp/htdocs/CodeIgniter/ci-TodoApp2/vendor/codeigniter4/framework/system/CodeIgniter.php(336): CodeIgniter\CodeIgniter->handleRequest(NULL, Object(Config\Cache), false)
#3 /opt/lampp/htdocs/CodeIgniter/ci-TodoApp2/public/index.php(37): CodeIgniter\CodeIgniter->run()
#4 /opt/lampp/htdocs/CodeIgniter/ci-TodoApp2/vendor/codeigniter4/framework/system/Commands/Server/rewrite.php(45): require_once('/opt/lampp/htdo...')
#5 {main}
CRITICAL - 2021-07-29 10:57:08 --> Argument 1 passed to CodeIgniter\Validation\Validation::setRules() must be of the type array, null given, called in /opt/lampp/htdocs/CodeIgniter/ci-TodoApp2/app/Controllers/TodoAppController.php on line 87
#0 /opt/lampp/htdocs/CodeIgniter/ci-TodoApp2/app/Controllers/TodoAppController.php(87): CodeIgniter\Validation\Validation->setRules(NULL)
#1 /opt/lampp/htdocs/CodeIgniter/ci-TodoApp2/vendor/codeigniter4/framework/system/CodeIgniter.php(928): App\Controllers\TodoAppController->ujFelvitel()
#2 /opt/lampp/htdocs/CodeIgniter/ci-TodoApp2/vendor/codeigniter4/framework/system/CodeIgniter.php(436): CodeIgniter\CodeIgniter->runController(Object(App\Controllers\TodoAppController))
#3 /opt/lampp/htdocs/CodeIgniter/ci-TodoApp2/vendor/codeigniter4/framework/system/CodeIgniter.php(336): CodeIgniter\CodeIgniter->handleRequest(NULL, Object(Config\Cache), false)
#4 /opt/lampp/htdocs/CodeIgniter/ci-TodoApp2/public/index.php(37): CodeIgniter\CodeIgniter->run()
#5 /opt/lampp/htdocs/CodeIgniter/ci-TodoApp2/vendor/codeigniter4/framework/system/Commands/Server/rewrite.php(45): require_once('/opt/lampp/htdo...')
#6 {main}
