CRITICAL - 2021-08-05 09:56:50 --> syntax error, unexpected '->' (T_OBJECT_OPERATOR)
#0 /opt/lampp/htdocs/CodeIgniter/ci-TodoApp2/vendor/codeigniter4/framework/system/Autoloader/Autoloader.php(273): CodeIgniter\Autoloader\Autoloader->includeFile('/opt/lampp/htdo...')
#1 /opt/lampp/htdocs/CodeIgniter/ci-TodoApp2/vendor/codeigniter4/framework/system/Autoloader/Autoloader.php(247): CodeIgniter\Autoloader\Autoloader->loadInNamespace('App\\Controllers...')
#2 [internal function]: CodeIgniter\Autoloader\Autoloader->loadClass('App\\Controllers...')
#3 [internal function]: spl_autoload_call('App\\Controllers...')
#4 /opt/lampp/htdocs/CodeIgniter/ci-TodoApp2/vendor/codeigniter4/framework/system/CodeIgniter.php(885): class_exists('\\App\\Controller...', true)
#5 /opt/lampp/htdocs/CodeIgniter/ci-TodoApp2/vendor/codeigniter4/framework/system/CodeIgniter.php(421): CodeIgniter\CodeIgniter->startController()
#6 /opt/lampp/htdocs/CodeIgniter/ci-TodoApp2/vendor/codeigniter4/framework/system/CodeIgniter.php(336): CodeIgniter\CodeIgniter->handleRequest(NULL, Object(Config\Cache), false)
#7 /opt/lampp/htdocs/CodeIgniter/ci-TodoApp2/public/index.php(37): CodeIgniter\CodeIgniter->run()
#8 /opt/lampp/htdocs/CodeIgniter/ci-TodoApp2/vendor/codeigniter4/framework/system/Commands/Server/rewrite.php(45): require_once('/opt/lampp/htdo...')
#9 {main}
CRITICAL - 2021-08-05 10:01:29 --> Trying to get property 'fleiras' of non-object
#0 /opt/lampp/htdocs/CodeIgniter/ci-TodoApp2/app/Controllers/TodoAppController.php(170): CodeIgniter\Debug\Exceptions->errorHandler(8, 'Trying to get p...', '/opt/lampp/htdo...', 170, Array)
#1 /opt/lampp/htdocs/CodeIgniter/ci-TodoApp2/vendor/codeigniter4/framework/system/CodeIgniter.php(928): App\Controllers\TodoAppController->kivalasztottFeladat('63')
#2 /opt/lampp/htdocs/CodeIgniter/ci-TodoApp2/vendor/codeigniter4/framework/system/CodeIgniter.php(436): CodeIgniter\CodeIgniter->runController(Object(App\Controllers\TodoAppController))
#3 /opt/lampp/htdocs/CodeIgniter/ci-TodoApp2/vendor/codeigniter4/framework/system/CodeIgniter.php(336): CodeIgniter\CodeIgniter->handleRequest(NULL, Object(Config\Cache), false)
#4 /opt/lampp/htdocs/CodeIgniter/ci-TodoApp2/public/index.php(37): CodeIgniter\CodeIgniter->run()
#5 /opt/lampp/htdocs/CodeIgniter/ci-TodoApp2/vendor/codeigniter4/framework/system/Commands/Server/rewrite.php(45): require_once('/opt/lampp/htdo...')
#6 {main}
CRITICAL - 2021-08-05 10:02:34 --> Trying to get property 'fleiras' of non-object
#0 /opt/lampp/htdocs/CodeIgniter/ci-TodoApp2/app/Controllers/TodoAppController.php(170): CodeIgniter\Debug\Exceptions->errorHandler(8, 'Trying to get p...', '/opt/lampp/htdo...', 170, Array)
#1 /opt/lampp/htdocs/CodeIgniter/ci-TodoApp2/vendor/codeigniter4/framework/system/CodeIgniter.php(928): App\Controllers\TodoAppController->kivalasztottFeladat('62')
#2 /opt/lampp/htdocs/CodeIgniter/ci-TodoApp2/vendor/codeigniter4/framework/system/CodeIgniter.php(436): CodeIgniter\CodeIgniter->runController(Object(App\Controllers\TodoAppController))
#3 /opt/lampp/htdocs/CodeIgniter/ci-TodoApp2/vendor/codeigniter4/framework/system/CodeIgniter.php(336): CodeIgniter\CodeIgniter->handleRequest(NULL, Object(Config\Cache), false)
#4 /opt/lampp/htdocs/CodeIgniter/ci-TodoApp2/public/index.php(37): CodeIgniter\CodeIgniter->run()
#5 /opt/lampp/htdocs/CodeIgniter/ci-TodoApp2/vendor/codeigniter4/framework/system/Commands/Server/rewrite.php(45): require_once('/opt/lampp/htdo...')
#6 {main}
CRITICAL - 2021-08-05 10:03:44 --> Array to string conversion
#0 /opt/lampp/htdocs/CodeIgniter/ci-TodoApp2/app/Controllers/TodoAppController.php(172): CodeIgniter\Debug\Exceptions->errorHandler(8, 'Array to string...', '/opt/lampp/htdo...', 172, Array)
#1 /opt/lampp/htdocs/CodeIgniter/ci-TodoApp2/vendor/codeigniter4/framework/system/CodeIgniter.php(928): App\Controllers\TodoAppController->kivalasztottFeladat('63')
#2 /opt/lampp/htdocs/CodeIgniter/ci-TodoApp2/vendor/codeigniter4/framework/system/CodeIgniter.php(436): CodeIgniter\CodeIgniter->runController(Object(App\Controllers\TodoAppController))
#3 /opt/lampp/htdocs/CodeIgniter/ci-TodoApp2/vendor/codeigniter4/framework/system/CodeIgniter.php(336): CodeIgniter\CodeIgniter->handleRequest(NULL, Object(Config\Cache), false)
#4 /opt/lampp/htdocs/CodeIgniter/ci-TodoApp2/public/index.php(37): CodeIgniter\CodeIgniter->run()
#5 /opt/lampp/htdocs/CodeIgniter/ci-TodoApp2/vendor/codeigniter4/framework/system/Commands/Server/rewrite.php(45): require_once('/opt/lampp/htdo...')
#6 {main}
CRITICAL - 2021-08-05 10:07:52 --> Array to string conversion
#0 /opt/lampp/htdocs/CodeIgniter/ci-TodoApp2/app/Controllers/TodoAppController.php(172): CodeIgniter\Debug\Exceptions->errorHandler(8, 'Array to string...', '/opt/lampp/htdo...', 172, Array)
#1 /opt/lampp/htdocs/CodeIgniter/ci-TodoApp2/vendor/codeigniter4/framework/system/CodeIgniter.php(928): App\Controllers\TodoAppController->kivalasztottFeladat('62')
#2 /opt/lampp/htdocs/CodeIgniter/ci-TodoApp2/vendor/codeigniter4/framework/system/CodeIgniter.php(436): CodeIgniter\CodeIgniter->runController(Object(App\Controllers\TodoAppController))
#3 /opt/lampp/htdocs/CodeIgniter/ci-TodoApp2/vendor/codeigniter4/framework/system/CodeIgniter.php(336): CodeIgniter\CodeIgniter->handleRequest(NULL, Object(Config\Cache), false)
#4 /opt/lampp/htdocs/CodeIgniter/ci-TodoApp2/public/index.php(37): CodeIgniter\CodeIgniter->run()
#5 /opt/lampp/htdocs/CodeIgniter/ci-TodoApp2/vendor/codeigniter4/framework/system/Commands/Server/rewrite.php(45): require_once('/opt/lampp/htdo...')
#6 {main}
CRITICAL - 2021-08-05 10:07:57 --> Array to string conversion
#0 /opt/lampp/htdocs/CodeIgniter/ci-TodoApp2/app/Controllers/TodoAppController.php(172): CodeIgniter\Debug\Exceptions->errorHandler(8, 'Array to string...', '/opt/lampp/htdo...', 172, Array)
#1 /opt/lampp/htdocs/CodeIgniter/ci-TodoApp2/vendor/codeigniter4/framework/system/CodeIgniter.php(928): App\Controllers\TodoAppController->kivalasztottFeladat('63')
#2 /opt/lampp/htdocs/CodeIgniter/ci-TodoApp2/vendor/codeigniter4/framework/system/CodeIgniter.php(436): CodeIgniter\CodeIgniter->runController(Object(App\Controllers\TodoAppController))
#3 /opt/lampp/htdocs/CodeIgniter/ci-TodoApp2/vendor/codeigniter4/framework/system/CodeIgniter.php(336): CodeIgniter\CodeIgniter->handleRequest(NULL, Object(Config\Cache), false)
#4 /opt/lampp/htdocs/CodeIgniter/ci-TodoApp2/public/index.php(37): CodeIgniter\CodeIgniter->run()
#5 /opt/lampp/htdocs/CodeIgniter/ci-TodoApp2/vendor/codeigniter4/framework/system/Commands/Server/rewrite.php(45): require_once('/opt/lampp/htdo...')
#6 {main}
CRITICAL - 2021-08-05 10:17:17 --> Undefined index: fleiras
#0 /opt/lampp/htdocs/CodeIgniter/ci-TodoApp2/app/Controllers/TodoAppController.php(170): CodeIgniter\Debug\Exceptions->errorHandler(8, 'Undefined index...', '/opt/lampp/htdo...', 170, Array)
#1 /opt/lampp/htdocs/CodeIgniter/ci-TodoApp2/vendor/codeigniter4/framework/system/CodeIgniter.php(928): App\Controllers\TodoAppController->kivalasztottFeladat('63')
#2 /opt/lampp/htdocs/CodeIgniter/ci-TodoApp2/vendor/codeigniter4/framework/system/CodeIgniter.php(436): CodeIgniter\CodeIgniter->runController(Object(App\Controllers\TodoAppController))
#3 /opt/lampp/htdocs/CodeIgniter/ci-TodoApp2/vendor/codeigniter4/framework/system/CodeIgniter.php(336): CodeIgniter\CodeIgniter->handleRequest(NULL, Object(Config\Cache), false)
#4 /opt/lampp/htdocs/CodeIgniter/ci-TodoApp2/public/index.php(37): CodeIgniter\CodeIgniter->run()
#5 /opt/lampp/htdocs/CodeIgniter/ci-TodoApp2/vendor/codeigniter4/framework/system/Commands/Server/rewrite.php(45): require_once('/opt/lampp/htdo...')
#6 {main}
CRITICAL - 2021-08-05 10:18:58 --> Trying to get property 'fleiras' of non-object
#0 /opt/lampp/htdocs/CodeIgniter/ci-TodoApp2/app/Controllers/TodoAppController.php(170): CodeIgniter\Debug\Exceptions->errorHandler(8, 'Trying to get p...', '/opt/lampp/htdo...', 170, Array)
#1 /opt/lampp/htdocs/CodeIgniter/ci-TodoApp2/vendor/codeigniter4/framework/system/CodeIgniter.php(928): App\Controllers\TodoAppController->kivalasztottFeladat('63')
#2 /opt/lampp/htdocs/CodeIgniter/ci-TodoApp2/vendor/codeigniter4/framework/system/CodeIgniter.php(436): CodeIgniter\CodeIgniter->runController(Object(App\Controllers\TodoAppController))
#3 /opt/lampp/htdocs/CodeIgniter/ci-TodoApp2/vendor/codeigniter4/framework/system/CodeIgniter.php(336): CodeIgniter\CodeIgniter->handleRequest(NULL, Object(Config\Cache), false)
#4 /opt/lampp/htdocs/CodeIgniter/ci-TodoApp2/public/index.php(37): CodeIgniter\CodeIgniter->run()
#5 /opt/lampp/htdocs/CodeIgniter/ci-TodoApp2/vendor/codeigniter4/framework/system/Commands/Server/rewrite.php(45): require_once('/opt/lampp/htdo...')
#6 {main}
CRITICAL - 2021-08-05 10:19:29 --> Trying to get property 'fleiras' of non-object
#0 /opt/lampp/htdocs/CodeIgniter/ci-TodoApp2/app/Controllers/TodoAppController.php(170): CodeIgniter\Debug\Exceptions->errorHandler(8, 'Trying to get p...', '/opt/lampp/htdo...', 170, Array)
#1 /opt/lampp/htdocs/CodeIgniter/ci-TodoApp2/vendor/codeigniter4/framework/system/CodeIgniter.php(928): App\Controllers\TodoAppController->kivalasztottFeladat('63')
#2 /opt/lampp/htdocs/CodeIgniter/ci-TodoApp2/vendor/codeigniter4/framework/system/CodeIgniter.php(436): CodeIgniter\CodeIgniter->runController(Object(App\Controllers\TodoAppController))
#3 /opt/lampp/htdocs/CodeIgniter/ci-TodoApp2/vendor/codeigniter4/framework/system/CodeIgniter.php(336): CodeIgniter\CodeIgniter->handleRequest(NULL, Object(Config\Cache), false)
#4 /opt/lampp/htdocs/CodeIgniter/ci-TodoApp2/public/index.php(37): CodeIgniter\CodeIgniter->run()
#5 /opt/lampp/htdocs/CodeIgniter/ci-TodoApp2/vendor/codeigniter4/framework/system/Commands/Server/rewrite.php(45): require_once('/opt/lampp/htdo...')
#6 {main}
CRITICAL - 2021-08-05 10:23:32 --> Undefined index: fleiras
#0 /opt/lampp/htdocs/CodeIgniter/ci-TodoApp2/app/Controllers/TodoAppController.php(170): CodeIgniter\Debug\Exceptions->errorHandler(8, 'Undefined index...', '/opt/lampp/htdo...', 170, Array)
#1 /opt/lampp/htdocs/CodeIgniter/ci-TodoApp2/vendor/codeigniter4/framework/system/CodeIgniter.php(928): App\Controllers\TodoAppController->kivalasztottFeladat('63')
#2 /opt/lampp/htdocs/CodeIgniter/ci-TodoApp2/vendor/codeigniter4/framework/system/CodeIgniter.php(436): CodeIgniter\CodeIgniter->runController(Object(App\Controllers\TodoAppController))
#3 /opt/lampp/htdocs/CodeIgniter/ci-TodoApp2/vendor/codeigniter4/framework/system/CodeIgniter.php(336): CodeIgniter\CodeIgniter->handleRequest(NULL, Object(Config\Cache), false)
#4 /opt/lampp/htdocs/CodeIgniter/ci-TodoApp2/public/index.php(37): CodeIgniter\CodeIgniter->run()
#5 /opt/lampp/htdocs/CodeIgniter/ci-TodoApp2/vendor/codeigniter4/framework/system/Commands/Server/rewrite.php(45): require_once('/opt/lampp/htdo...')
#6 {main}
CRITICAL - 2021-08-05 10:24:19 --> Cannot use object of type stdClass as array
#0 /opt/lampp/htdocs/CodeIgniter/ci-TodoApp2/vendor/codeigniter4/framework/system/CodeIgniter.php(928): App\Controllers\TodoAppController->kivalasztottFeladat('63')
#1 /opt/lampp/htdocs/CodeIgniter/ci-TodoApp2/vendor/codeigniter4/framework/system/CodeIgniter.php(436): CodeIgniter\CodeIgniter->runController(Object(App\Controllers\TodoAppController))
#2 /opt/lampp/htdocs/CodeIgniter/ci-TodoApp2/vendor/codeigniter4/framework/system/CodeIgniter.php(336): CodeIgniter\CodeIgniter->handleRequest(NULL, Object(Config\Cache), false)
#3 /opt/lampp/htdocs/CodeIgniter/ci-TodoApp2/public/index.php(37): CodeIgniter\CodeIgniter->run()
#4 /opt/lampp/htdocs/CodeIgniter/ci-TodoApp2/vendor/codeigniter4/framework/system/Commands/Server/rewrite.php(45): require_once('/opt/lampp/htdo...')
#5 {main}
CRITICAL - 2021-08-05 10:27:05 --> Trying to get property 'fleiras' of non-object
#0 /opt/lampp/htdocs/CodeIgniter/ci-TodoApp2/app/Controllers/TodoAppController.php(170): CodeIgniter\Debug\Exceptions->errorHandler(8, 'Trying to get p...', '/opt/lampp/htdo...', 170, Array)
#1 /opt/lampp/htdocs/CodeIgniter/ci-TodoApp2/vendor/codeigniter4/framework/system/CodeIgniter.php(928): App\Controllers\TodoAppController->kivalasztottFeladat('63')
#2 /opt/lampp/htdocs/CodeIgniter/ci-TodoApp2/vendor/codeigniter4/framework/system/CodeIgniter.php(436): CodeIgniter\CodeIgniter->runController(Object(App\Controllers\TodoAppController))
#3 /opt/lampp/htdocs/CodeIgniter/ci-TodoApp2/vendor/codeigniter4/framework/system/CodeIgniter.php(336): CodeIgniter\CodeIgniter->handleRequest(NULL, Object(Config\Cache), false)
#4 /opt/lampp/htdocs/CodeIgniter/ci-TodoApp2/public/index.php(37): CodeIgniter\CodeIgniter->run()
#5 /opt/lampp/htdocs/CodeIgniter/ci-TodoApp2/vendor/codeigniter4/framework/system/Commands/Server/rewrite.php(45): require_once('/opt/lampp/htdo...')
#6 {main}
CRITICAL - 2021-08-05 10:52:30 --> Undefined variable: db
#0 /opt/lampp/htdocs/CodeIgniter/ci-TodoApp2/app/Models/TodoAppModel.php(31): CodeIgniter\Debug\Exceptions->errorHandler(8, 'Undefined varia...', '/opt/lampp/htdo...', 31, Array)
#1 /opt/lampp/htdocs/CodeIgniter/ci-TodoApp2/app/Controllers/TodoAppController.php(168): App\Models\TodoAppModel->get_todo_by_id('64')
#2 /opt/lampp/htdocs/CodeIgniter/ci-TodoApp2/vendor/codeigniter4/framework/system/CodeIgniter.php(928): App\Controllers\TodoAppController->kivalasztottFeladat('64')
#3 /opt/lampp/htdocs/CodeIgniter/ci-TodoApp2/vendor/codeigniter4/framework/system/CodeIgniter.php(436): CodeIgniter\CodeIgniter->runController(Object(App\Controllers\TodoAppController))
#4 /opt/lampp/htdocs/CodeIgniter/ci-TodoApp2/vendor/codeigniter4/framework/system/CodeIgniter.php(336): CodeIgniter\CodeIgniter->handleRequest(NULL, Object(Config\Cache), false)
#5 /opt/lampp/htdocs/CodeIgniter/ci-TodoApp2/public/index.php(37): CodeIgniter\CodeIgniter->run()
#6 /opt/lampp/htdocs/CodeIgniter/ci-TodoApp2/vendor/codeigniter4/framework/system/Commands/Server/rewrite.php(45): require_once('/opt/lampp/htdo...')
#7 {main}
CRITICAL - 2021-08-05 10:52:31 --> Undefined variable: db
#0 /opt/lampp/htdocs/CodeIgniter/ci-TodoApp2/app/Models/TodoAppModel.php(31): CodeIgniter\Debug\Exceptions->errorHandler(8, 'Undefined varia...', '/opt/lampp/htdo...', 31, Array)
#1 /opt/lampp/htdocs/CodeIgniter/ci-TodoApp2/app/Controllers/TodoAppController.php(168): App\Models\TodoAppModel->get_todo_by_id('63')
#2 /opt/lampp/htdocs/CodeIgniter/ci-TodoApp2/vendor/codeigniter4/framework/system/CodeIgniter.php(928): App\Controllers\TodoAppController->kivalasztottFeladat('63')
#3 /opt/lampp/htdocs/CodeIgniter/ci-TodoApp2/vendor/codeigniter4/framework/system/CodeIgniter.php(436): CodeIgniter\CodeIgniter->runController(Object(App\Controllers\TodoAppController))
#4 /opt/lampp/htdocs/CodeIgniter/ci-TodoApp2/vendor/codeigniter4/framework/system/CodeIgniter.php(336): CodeIgniter\CodeIgniter->handleRequest(NULL, Object(Config\Cache), false)
#5 /opt/lampp/htdocs/CodeIgniter/ci-TodoApp2/public/index.php(37): CodeIgniter\CodeIgniter->run()
#6 /opt/lampp/htdocs/CodeIgniter/ci-TodoApp2/vendor/codeigniter4/framework/system/Commands/Server/rewrite.php(45): require_once('/opt/lampp/htdo...')
#7 {main}
CRITICAL - 2021-08-05 10:52:32 --> Undefined variable: db
#0 /opt/lampp/htdocs/CodeIgniter/ci-TodoApp2/app/Models/TodoAppModel.php(31): CodeIgniter\Debug\Exceptions->errorHandler(8, 'Undefined varia...', '/opt/lampp/htdo...', 31, Array)
#1 /opt/lampp/htdocs/CodeIgniter/ci-TodoApp2/app/Controllers/TodoAppController.php(168): App\Models\TodoAppModel->get_todo_by_id('62')
#2 /opt/lampp/htdocs/CodeIgniter/ci-TodoApp2/vendor/codeigniter4/framework/system/CodeIgniter.php(928): App\Controllers\TodoAppController->kivalasztottFeladat('62')
#3 /opt/lampp/htdocs/CodeIgniter/ci-TodoApp2/vendor/codeigniter4/framework/system/CodeIgniter.php(436): CodeIgniter\CodeIgniter->runController(Object(App\Controllers\TodoAppController))
#4 /opt/lampp/htdocs/CodeIgniter/ci-TodoApp2/vendor/codeigniter4/framework/system/CodeIgniter.php(336): CodeIgniter\CodeIgniter->handleRequest(NULL, Object(Config\Cache), false)
#5 /opt/lampp/htdocs/CodeIgniter/ci-TodoApp2/public/index.php(37): CodeIgniter\CodeIgniter->run()
#6 /opt/lampp/htdocs/CodeIgniter/ci-TodoApp2/vendor/codeigniter4/framework/system/Commands/Server/rewrite.php(45): require_once('/opt/lampp/htdo...')
#7 {main}
CRITICAL - 2021-08-05 10:52:52 --> Undefined variable: db
#0 /opt/lampp/htdocs/CodeIgniter/ci-TodoApp2/app/Models/TodoAppModel.php(31): CodeIgniter\Debug\Exceptions->errorHandler(8, 'Undefined varia...', '/opt/lampp/htdo...', 31, Array)
#1 /opt/lampp/htdocs/CodeIgniter/ci-TodoApp2/app/Controllers/TodoAppController.php(168): App\Models\TodoAppModel->get_todo_by_id('63')
#2 /opt/lampp/htdocs/CodeIgniter/ci-TodoApp2/vendor/codeigniter4/framework/system/CodeIgniter.php(928): App\Controllers\TodoAppController->kivalasztottFeladat('63')
#3 /opt/lampp/htdocs/CodeIgniter/ci-TodoApp2/vendor/codeigniter4/framework/system/CodeIgniter.php(436): CodeIgniter\CodeIgniter->runController(Object(App\Controllers\TodoAppController))
#4 /opt/lampp/htdocs/CodeIgniter/ci-TodoApp2/vendor/codeigniter4/framework/system/CodeIgniter.php(336): CodeIgniter\CodeIgniter->handleRequest(NULL, Object(Config\Cache), false)
#5 /opt/lampp/htdocs/CodeIgniter/ci-TodoApp2/public/index.php(37): CodeIgniter\CodeIgniter->run()
#6 /opt/lampp/htdocs/CodeIgniter/ci-TodoApp2/vendor/codeigniter4/framework/system/Commands/Server/rewrite.php(45): require_once('/opt/lampp/htdo...')
#7 {main}
CRITICAL - 2021-08-05 10:59:41 --> Undefined variable: builder
#0 /opt/lampp/htdocs/CodeIgniter/ci-TodoApp2/app/Models/TodoAppModel.php(33): CodeIgniter\Debug\Exceptions->errorHandler(8, 'Undefined varia...', '/opt/lampp/htdo...', 33, Array)
#1 /opt/lampp/htdocs/CodeIgniter/ci-TodoApp2/app/Controllers/TodoAppController.php(168): App\Models\TodoAppModel->get_todo_by_id('64')
#2 /opt/lampp/htdocs/CodeIgniter/ci-TodoApp2/vendor/codeigniter4/framework/system/CodeIgniter.php(928): App\Controllers\TodoAppController->kivalasztottFeladat('64')
#3 /opt/lampp/htdocs/CodeIgniter/ci-TodoApp2/vendor/codeigniter4/framework/system/CodeIgniter.php(436): CodeIgniter\CodeIgniter->runController(Object(App\Controllers\TodoAppController))
#4 /opt/lampp/htdocs/CodeIgniter/ci-TodoApp2/vendor/codeigniter4/framework/system/CodeIgniter.php(336): CodeIgniter\CodeIgniter->handleRequest(NULL, Object(Config\Cache), false)
#5 /opt/lampp/htdocs/CodeIgniter/ci-TodoApp2/public/index.php(37): CodeIgniter\CodeIgniter->run()
#6 /opt/lampp/htdocs/CodeIgniter/ci-TodoApp2/vendor/codeigniter4/framework/system/Commands/Server/rewrite.php(45): require_once('/opt/lampp/htdo...')
#7 {main}
CRITICAL - 2021-08-05 11:45:40 --> Allowed fields must be specified for model: App\Models\TodoAppModel
#0 /opt/lampp/htdocs/CodeIgniter/ci-TodoApp2/vendor/codeigniter4/framework/system/BaseModel.php(1205): CodeIgniter\Database\Exceptions\DataException::forInvalidAllowedFields('App\\Models\\Todo...')
#1 /opt/lampp/htdocs/CodeIgniter/ci-TodoApp2/vendor/codeigniter4/framework/system/BaseModel.php(745): CodeIgniter\BaseModel->doProtectFields(Array)
#2 /opt/lampp/htdocs/CodeIgniter/ci-TodoApp2/vendor/codeigniter4/framework/system/Model.php(686): CodeIgniter\BaseModel->insert(Array, false)
#3 /opt/lampp/htdocs/CodeIgniter/ci-TodoApp2/vendor/codeigniter4/framework/system/BaseModel.php(687): CodeIgniter\Model->insert(Array, false)
#4 /opt/lampp/htdocs/CodeIgniter/ci-TodoApp2/app/Controllers/TodoAppController.php(144): CodeIgniter\BaseModel->save(Array)
#5 /opt/lampp/htdocs/CodeIgniter/ci-TodoApp2/vendor/codeigniter4/framework/system/CodeIgniter.php(928): App\Controllers\TodoAppController->ujFelvitel(Array)
#6 /opt/lampp/htdocs/CodeIgniter/ci-TodoApp2/vendor/codeigniter4/framework/system/CodeIgniter.php(436): CodeIgniter\CodeIgniter->runController(Object(App\Controllers\TodoAppController))
#7 /opt/lampp/htdocs/CodeIgniter/ci-TodoApp2/vendor/codeigniter4/framework/system/CodeIgniter.php(336): CodeIgniter\CodeIgniter->handleRequest(NULL, Object(Config\Cache), false)
#8 /opt/lampp/htdocs/CodeIgniter/ci-TodoApp2/public/index.php(37): CodeIgniter\CodeIgniter->run()
#9 /opt/lampp/htdocs/CodeIgniter/ci-TodoApp2/vendor/codeigniter4/framework/system/Commands/Server/rewrite.php(45): require_once('/opt/lampp/htdo...')
#10 {main}
