CRITICAL - 2021-06-22 11:59:51 --> Unable to load template 'file:mainTzemplate.tpl'
#0 /opt/lampp/htdocs/codeigniter/ci-TodoApp/vendor/smarty/smarty/libs/sysplugins/smarty_internal_templatebase.php(232): Smarty_Internal_Template->render(false, 1)
#1 /opt/lampp/htdocs/codeigniter/ci-TodoApp/vendor/smarty/smarty/libs/sysplugins/smarty_internal_templatebase.php(134): Smarty_Internal_TemplateBase->_execute(Object(Smarty_Internal_Template), NULL, NULL, NULL, 1)
#2 /opt/lampp/htdocs/codeigniter/ci-TodoApp/app/Controllers/Home.php(18): Smarty_Internal_TemplateBase->display('mainTzemplate.t...')
#3 /opt/lampp/htdocs/codeigniter/ci-TodoApp/vendor/codeigniter4/framework/system/CodeIgniter.php(928): App\Controllers\Home->index()
#4 /opt/lampp/htdocs/codeigniter/ci-TodoApp/vendor/codeigniter4/framework/system/CodeIgniter.php(436): CodeIgniter\CodeIgniter->runController(Object(App\Controllers\Home))
#5 /opt/lampp/htdocs/codeigniter/ci-TodoApp/vendor/codeigniter4/framework/system/CodeIgniter.php(336): CodeIgniter\CodeIgniter->handleRequest(NULL, Object(Config\Cache), false)
#6 /opt/lampp/htdocs/codeigniter/ci-TodoApp/public/index.php(37): CodeIgniter\CodeIgniter->run()
#7 {main}
CRITICAL - 2021-06-22 12:08:47 --> Unable to load template 'file:ujfeladat.tpl'
#0 /opt/lampp/htdocs/codeigniter/ci-TodoApp/vendor/smarty/smarty/libs/sysplugins/smarty_internal_templatebase.php(232): Smarty_Internal_Template->render(false, 1)
#1 /opt/lampp/htdocs/codeigniter/ci-TodoApp/vendor/smarty/smarty/libs/sysplugins/smarty_internal_templatebase.php(134): Smarty_Internal_TemplateBase->_execute(Object(Smarty_Internal_Template), NULL, NULL, NULL, 1)
#2 /opt/lampp/htdocs/codeigniter/ci-TodoApp/app/Controllers/Home.php(24): Smarty_Internal_TemplateBase->display('ujfeladat.tpl')
#3 /opt/lampp/htdocs/codeigniter/ci-TodoApp/vendor/codeigniter4/framework/system/CodeIgniter.php(928): App\Controllers\Home->view('ujfeladat')
#4 /opt/lampp/htdocs/codeigniter/ci-TodoApp/vendor/codeigniter4/framework/system/CodeIgniter.php(436): CodeIgniter\CodeIgniter->runController(Object(App\Controllers\Home))
#5 /opt/lampp/htdocs/codeigniter/ci-TodoApp/vendor/codeigniter4/framework/system/CodeIgniter.php(336): CodeIgniter\CodeIgniter->handleRequest(NULL, Object(Config\Cache), false)
#6 /opt/lampp/htdocs/codeigniter/ci-TodoApp/public/index.php(37): CodeIgniter\CodeIgniter->run()
#7 /opt/lampp/htdocs/codeigniter/ci-TodoApp/vendor/codeigniter4/framework/system/Commands/Server/rewrite.php(45): require_once('/opt/lampp/htdo...')
#8 {main}
CRITICAL - 2021-06-22 12:09:58 --> Unable to load template 'file:ujfeladat.tpl'
#0 /opt/lampp/htdocs/codeigniter/ci-TodoApp/vendor/smarty/smarty/libs/sysplugins/smarty_internal_templatebase.php(232): Smarty_Internal_Template->render(false, 1)
#1 /opt/lampp/htdocs/codeigniter/ci-TodoApp/vendor/smarty/smarty/libs/sysplugins/smarty_internal_templatebase.php(134): Smarty_Internal_TemplateBase->_execute(Object(Smarty_Internal_Template), NULL, NULL, NULL, 1)
#2 /opt/lampp/htdocs/codeigniter/ci-TodoApp/app/Controllers/Home.php(23): Smarty_Internal_TemplateBase->display('ujfeladat.tpl')
#3 /opt/lampp/htdocs/codeigniter/ci-TodoApp/vendor/codeigniter4/framework/system/CodeIgniter.php(928): App\Controllers\Home->view('ujfeladat')
#4 /opt/lampp/htdocs/codeigniter/ci-TodoApp/vendor/codeigniter4/framework/system/CodeIgniter.php(436): CodeIgniter\CodeIgniter->runController(Object(App\Controllers\Home))
#5 /opt/lampp/htdocs/codeigniter/ci-TodoApp/vendor/codeigniter4/framework/system/CodeIgniter.php(336): CodeIgniter\CodeIgniter->handleRequest(NULL, Object(Config\Cache), false)
#6 /opt/lampp/htdocs/codeigniter/ci-TodoApp/public/index.php(37): CodeIgniter\CodeIgniter->run()
#7 /opt/lampp/htdocs/codeigniter/ci-TodoApp/vendor/codeigniter4/framework/system/Commands/Server/rewrite.php(45): require_once('/opt/lampp/htdo...')
#8 {main}
CRITICAL - 2021-06-22 12:12:19 --> syntax error, unexpected '$page' (T_VARIABLE), expecting ')'
#0 /opt/lampp/htdocs/codeigniter/ci-TodoApp/vendor/codeigniter4/framework/system/Autoloader/Autoloader.php(273): CodeIgniter\Autoloader\Autoloader->includeFile('/opt/lampp/htdo...')
#1 /opt/lampp/htdocs/codeigniter/ci-TodoApp/vendor/codeigniter4/framework/system/Autoloader/Autoloader.php(247): CodeIgniter\Autoloader\Autoloader->loadInNamespace('App\\Controllers...')
#2 [internal function]: CodeIgniter\Autoloader\Autoloader->loadClass('App\\Controllers...')
#3 [internal function]: spl_autoload_call('App\\Controllers...')
#4 /opt/lampp/htdocs/codeigniter/ci-TodoApp/vendor/codeigniter4/framework/system/CodeIgniter.php(885): class_exists('\\App\\Controller...', true)
#5 /opt/lampp/htdocs/codeigniter/ci-TodoApp/vendor/codeigniter4/framework/system/CodeIgniter.php(421): CodeIgniter\CodeIgniter->startController()
#6 /opt/lampp/htdocs/codeigniter/ci-TodoApp/vendor/codeigniter4/framework/system/CodeIgniter.php(336): CodeIgniter\CodeIgniter->handleRequest(NULL, Object(Config\Cache), false)
#7 /opt/lampp/htdocs/codeigniter/ci-TodoApp/public/index.php(37): CodeIgniter\CodeIgniter->run()
#8 /opt/lampp/htdocs/codeigniter/ci-TodoApp/vendor/codeigniter4/framework/system/Commands/Server/rewrite.php(45): require_once('/opt/lampp/htdo...')
#9 {main}
CRITICAL - 2021-06-22 12:12:32 --> Unable to load template 'file:views/ujfeladat.tpl'
#0 /opt/lampp/htdocs/codeigniter/ci-TodoApp/vendor/smarty/smarty/libs/sysplugins/smarty_internal_templatebase.php(232): Smarty_Internal_Template->render(false, 1)
#1 /opt/lampp/htdocs/codeigniter/ci-TodoApp/vendor/smarty/smarty/libs/sysplugins/smarty_internal_templatebase.php(134): Smarty_Internal_TemplateBase->_execute(Object(Smarty_Internal_Template), NULL, NULL, NULL, 1)
#2 /opt/lampp/htdocs/codeigniter/ci-TodoApp/app/Controllers/Home.php(23): Smarty_Internal_TemplateBase->display('views/ujfeladat...')
#3 /opt/lampp/htdocs/codeigniter/ci-TodoApp/vendor/codeigniter4/framework/system/CodeIgniter.php(928): App\Controllers\Home->view('ujfeladat')
#4 /opt/lampp/htdocs/codeigniter/ci-TodoApp/vendor/codeigniter4/framework/system/CodeIgniter.php(436): CodeIgniter\CodeIgniter->runController(Object(App\Controllers\Home))
#5 /opt/lampp/htdocs/codeigniter/ci-TodoApp/vendor/codeigniter4/framework/system/CodeIgniter.php(336): CodeIgniter\CodeIgniter->handleRequest(NULL, Object(Config\Cache), false)
#6 /opt/lampp/htdocs/codeigniter/ci-TodoApp/public/index.php(37): CodeIgniter\CodeIgniter->run()
#7 /opt/lampp/htdocs/codeigniter/ci-TodoApp/vendor/codeigniter4/framework/system/Commands/Server/rewrite.php(45): require_once('/opt/lampp/htdo...')
#8 {main}
CRITICAL - 2021-06-22 12:14:32 --> Unable to load template 'file:views/<.tpl'
#0 /opt/lampp/htdocs/codeigniter/ci-TodoApp/vendor/smarty/smarty/libs/sysplugins/smarty_internal_templatebase.php(232): Smarty_Internal_Template->render(false, 1)
#1 /opt/lampp/htdocs/codeigniter/ci-TodoApp/vendor/smarty/smarty/libs/sysplugins/smarty_internal_templatebase.php(134): Smarty_Internal_TemplateBase->_execute(Object(Smarty_Internal_Template), NULL, NULL, NULL, 1)
#2 /opt/lampp/htdocs/codeigniter/ci-TodoApp/app/Controllers/Home.php(23): Smarty_Internal_TemplateBase->display('views/<.tpl')
#3 /opt/lampp/htdocs/codeigniter/ci-TodoApp/vendor/codeigniter4/framework/system/CodeIgniter.php(928): App\Controllers\Home->view('<')
#4 /opt/lampp/htdocs/codeigniter/ci-TodoApp/vendor/codeigniter4/framework/system/CodeIgniter.php(436): CodeIgniter\CodeIgniter->runController(Object(App\Controllers\Home))
#5 /opt/lampp/htdocs/codeigniter/ci-TodoApp/vendor/codeigniter4/framework/system/CodeIgniter.php(336): CodeIgniter\CodeIgniter->handleRequest(NULL, Object(Config\Cache), false)
#6 /opt/lampp/htdocs/codeigniter/ci-TodoApp/public/index.php(37): CodeIgniter\CodeIgniter->run()
#7 /opt/lampp/htdocs/codeigniter/ci-TodoApp/vendor/codeigniter4/framework/system/Commands/Server/rewrite.php(45): require_once('/opt/lampp/htdo...')
#8 {main}
CRITICAL - 2021-06-22 12:14:51 --> Unable to load template 'file:views/ujfeladat.tpl'
#0 /opt/lampp/htdocs/codeigniter/ci-TodoApp/vendor/smarty/smarty/libs/sysplugins/smarty_internal_templatebase.php(232): Smarty_Internal_Template->render(false, 1)
#1 /opt/lampp/htdocs/codeigniter/ci-TodoApp/vendor/smarty/smarty/libs/sysplugins/smarty_internal_templatebase.php(134): Smarty_Internal_TemplateBase->_execute(Object(Smarty_Internal_Template), NULL, NULL, NULL, 1)
#2 /opt/lampp/htdocs/codeigniter/ci-TodoApp/app/Controllers/Home.php(23): Smarty_Internal_TemplateBase->display('views/ujfeladat...')
#3 /opt/lampp/htdocs/codeigniter/ci-TodoApp/vendor/codeigniter4/framework/system/CodeIgniter.php(928): App\Controllers\Home->view('ujfeladat')
#4 /opt/lampp/htdocs/codeigniter/ci-TodoApp/vendor/codeigniter4/framework/system/CodeIgniter.php(436): CodeIgniter\CodeIgniter->runController(Object(App\Controllers\Home))
#5 /opt/lampp/htdocs/codeigniter/ci-TodoApp/vendor/codeigniter4/framework/system/CodeIgniter.php(336): CodeIgniter\CodeIgniter->handleRequest(NULL, Object(Config\Cache), false)
#6 /opt/lampp/htdocs/codeigniter/ci-TodoApp/public/index.php(37): CodeIgniter\CodeIgniter->run()
#7 /opt/lampp/htdocs/codeigniter/ci-TodoApp/vendor/codeigniter4/framework/system/Commands/Server/rewrite.php(45): require_once('/opt/lampp/htdo...')
#8 {main}
CRITICAL - 2021-06-22 12:14:57 --> Unable to load template 'file:views/ujfeladat.tpl'
#0 /opt/lampp/htdocs/codeigniter/ci-TodoApp/vendor/smarty/smarty/libs/sysplugins/smarty_internal_templatebase.php(232): Smarty_Internal_Template->render(false, 1)
#1 /opt/lampp/htdocs/codeigniter/ci-TodoApp/vendor/smarty/smarty/libs/sysplugins/smarty_internal_templatebase.php(134): Smarty_Internal_TemplateBase->_execute(Object(Smarty_Internal_Template), NULL, NULL, NULL, 1)
#2 /opt/lampp/htdocs/codeigniter/ci-TodoApp/app/Controllers/Home.php(23): Smarty_Internal_TemplateBase->display('views/ujfeladat...')
#3 /opt/lampp/htdocs/codeigniter/ci-TodoApp/vendor/codeigniter4/framework/system/CodeIgniter.php(928): App\Controllers\Home->view('ujfeladat')
#4 /opt/lampp/htdocs/codeigniter/ci-TodoApp/vendor/codeigniter4/framework/system/CodeIgniter.php(436): CodeIgniter\CodeIgniter->runController(Object(App\Controllers\Home))
#5 /opt/lampp/htdocs/codeigniter/ci-TodoApp/vendor/codeigniter4/framework/system/CodeIgniter.php(336): CodeIgniter\CodeIgniter->handleRequest(NULL, Object(Config\Cache), false)
#6 /opt/lampp/htdocs/codeigniter/ci-TodoApp/public/index.php(37): CodeIgniter\CodeIgniter->run()
#7 /opt/lampp/htdocs/codeigniter/ci-TodoApp/vendor/codeigniter4/framework/system/Commands/Server/rewrite.php(45): require_once('/opt/lampp/htdo...')
#8 {main}
CRITICAL - 2021-06-22 12:15:13 --> Unable to load template 'file:views/ujfeladat.tpl'
#0 /opt/lampp/htdocs/codeigniter/ci-TodoApp/vendor/smarty/smarty/libs/sysplugins/smarty_internal_templatebase.php(232): Smarty_Internal_Template->render(false, 1)
#1 /opt/lampp/htdocs/codeigniter/ci-TodoApp/vendor/smarty/smarty/libs/sysplugins/smarty_internal_templatebase.php(134): Smarty_Internal_TemplateBase->_execute(Object(Smarty_Internal_Template), NULL, NULL, NULL, 1)
#2 /opt/lampp/htdocs/codeigniter/ci-TodoApp/app/Controllers/Home.php(23): Smarty_Internal_TemplateBase->display('views/ujfeladat...')
#3 /opt/lampp/htdocs/codeigniter/ci-TodoApp/vendor/codeigniter4/framework/system/CodeIgniter.php(928): App\Controllers\Home->view('ujfeladat')
#4 /opt/lampp/htdocs/codeigniter/ci-TodoApp/vendor/codeigniter4/framework/system/CodeIgniter.php(436): CodeIgniter\CodeIgniter->runController(Object(App\Controllers\Home))
#5 /opt/lampp/htdocs/codeigniter/ci-TodoApp/vendor/codeigniter4/framework/system/CodeIgniter.php(336): CodeIgniter\CodeIgniter->handleRequest(NULL, Object(Config\Cache), false)
#6 /opt/lampp/htdocs/codeigniter/ci-TodoApp/public/index.php(37): CodeIgniter\CodeIgniter->run()
#7 /opt/lampp/htdocs/codeigniter/ci-TodoApp/vendor/codeigniter4/framework/system/Commands/Server/rewrite.php(45): require_once('/opt/lampp/htdo...')
#8 {main}
CRITICAL - 2021-06-22 12:15:21 --> Unable to load template 'file:views/ujFeladat.tpl'
#0 /opt/lampp/htdocs/codeigniter/ci-TodoApp/vendor/smarty/smarty/libs/sysplugins/smarty_internal_templatebase.php(232): Smarty_Internal_Template->render(false, 1)
#1 /opt/lampp/htdocs/codeigniter/ci-TodoApp/vendor/smarty/smarty/libs/sysplugins/smarty_internal_templatebase.php(134): Smarty_Internal_TemplateBase->_execute(Object(Smarty_Internal_Template), NULL, NULL, NULL, 1)
#2 /opt/lampp/htdocs/codeigniter/ci-TodoApp/app/Controllers/Home.php(23): Smarty_Internal_TemplateBase->display('views/ujFeladat...')
#3 /opt/lampp/htdocs/codeigniter/ci-TodoApp/vendor/codeigniter4/framework/system/CodeIgniter.php(928): App\Controllers\Home->view('ujFeladat')
#4 /opt/lampp/htdocs/codeigniter/ci-TodoApp/vendor/codeigniter4/framework/system/CodeIgniter.php(436): CodeIgniter\CodeIgniter->runController(Object(App\Controllers\Home))
#5 /opt/lampp/htdocs/codeigniter/ci-TodoApp/vendor/codeigniter4/framework/system/CodeIgniter.php(336): CodeIgniter\CodeIgniter->handleRequest(NULL, Object(Config\Cache), false)
#6 /opt/lampp/htdocs/codeigniter/ci-TodoApp/public/index.php(37): CodeIgniter\CodeIgniter->run()
#7 /opt/lampp/htdocs/codeigniter/ci-TodoApp/vendor/codeigniter4/framework/system/Commands/Server/rewrite.php(45): require_once('/opt/lampp/htdo...')
#8 {main}
CRITICAL - 2021-06-22 12:16:16 --> Unable to load template 'file:ujfeladat.tpl'
#0 /opt/lampp/htdocs/codeigniter/ci-TodoApp/vendor/smarty/smarty/libs/sysplugins/smarty_internal_templatebase.php(232): Smarty_Internal_Template->render(false, 1)
#1 /opt/lampp/htdocs/codeigniter/ci-TodoApp/vendor/smarty/smarty/libs/sysplugins/smarty_internal_templatebase.php(134): Smarty_Internal_TemplateBase->_execute(Object(Smarty_Internal_Template), NULL, NULL, NULL, 1)
#2 /opt/lampp/htdocs/codeigniter/ci-TodoApp/app/Controllers/Home.php(23): Smarty_Internal_TemplateBase->display('ujfeladat.tpl')
#3 /opt/lampp/htdocs/codeigniter/ci-TodoApp/vendor/codeigniter4/framework/system/CodeIgniter.php(928): App\Controllers\Home->view('ujfeladat')
#4 /opt/lampp/htdocs/codeigniter/ci-TodoApp/vendor/codeigniter4/framework/system/CodeIgniter.php(436): CodeIgniter\CodeIgniter->runController(Object(App\Controllers\Home))
#5 /opt/lampp/htdocs/codeigniter/ci-TodoApp/vendor/codeigniter4/framework/system/CodeIgniter.php(336): CodeIgniter\CodeIgniter->handleRequest(NULL, Object(Config\Cache), false)
#6 /opt/lampp/htdocs/codeigniter/ci-TodoApp/public/index.php(37): CodeIgniter\CodeIgniter->run()
#7 /opt/lampp/htdocs/codeigniter/ci-TodoApp/vendor/codeigniter4/framework/system/Commands/Server/rewrite.php(45): require_once('/opt/lampp/htdo...')
#8 {main}
CRITICAL - 2021-06-22 12:18:49 --> Unable to load template 'file:index.tpl'
#0 /opt/lampp/htdocs/codeigniter/ci-TodoApp/vendor/smarty/smarty/libs/sysplugins/smarty_internal_templatebase.php(232): Smarty_Internal_Template->render(false, 1)
#1 /opt/lampp/htdocs/codeigniter/ci-TodoApp/vendor/smarty/smarty/libs/sysplugins/smarty_internal_templatebase.php(134): Smarty_Internal_TemplateBase->_execute(Object(Smarty_Internal_Template), NULL, NULL, NULL, 1)
#2 /opt/lampp/htdocs/codeigniter/ci-TodoApp/app/Controllers/Home.php(23): Smarty_Internal_TemplateBase->display('index.tpl')
#3 /opt/lampp/htdocs/codeigniter/ci-TodoApp/vendor/codeigniter4/framework/system/CodeIgniter.php(928): App\Controllers\Home->view('index')
#4 /opt/lampp/htdocs/codeigniter/ci-TodoApp/vendor/codeigniter4/framework/system/CodeIgniter.php(436): CodeIgniter\CodeIgniter->runController(Object(App\Controllers\Home))
#5 /opt/lampp/htdocs/codeigniter/ci-TodoApp/vendor/codeigniter4/framework/system/CodeIgniter.php(336): CodeIgniter\CodeIgniter->handleRequest(NULL, Object(Config\Cache), false)
#6 /opt/lampp/htdocs/codeigniter/ci-TodoApp/public/index.php(37): CodeIgniter\CodeIgniter->run()
#7 /opt/lampp/htdocs/codeigniter/ci-TodoApp/vendor/codeigniter4/framework/system/Commands/Server/rewrite.php(45): require_once('/opt/lampp/htdo...')
#8 {main}
CRITICAL - 2021-06-22 12:39:45 --> Syntax error in template "file:/opt/lampp/htdocs/codeigniter/ci-TodoApp/app/Views/mainTemplate.tpl"  on line 32 "<a class="nav-link <?php if($this->uri->segment(1)=="index"){echo "active";}?>" href="index.php">Kezdőlap</a>" unknown tag 'echo'
#0 /opt/lampp/htdocs/codeigniter/ci-TodoApp/vendor/smarty/smarty/libs/sysplugins/smarty_internal_templatecompilerbase.php(1757): Smarty_Internal_TemplateCompilerBase->trigger_template_error('unknown tag 'ec...', 32, true)
#1 /opt/lampp/htdocs/codeigniter/ci-TodoApp/vendor/smarty/smarty/libs/sysplugins/smarty_internal_templatecompilerbase.php(565): Smarty_Internal_TemplateCompilerBase->compileTag2('echo', Array, Array)
#2 /opt/lampp/htdocs/codeigniter/ci-TodoApp/vendor/smarty/smarty/libs/sysplugins/smarty_internal_templateparser.php(2361): Smarty_Internal_TemplateCompilerBase->compileTag('echo', Array)
#3 /opt/lampp/htdocs/codeigniter/ci-TodoApp/vendor/smarty/smarty/libs/sysplugins/smarty_internal_templateparser.php(3477): Smarty_Internal_Templateparser->yy_r25()
#4 /opt/lampp/htdocs/codeigniter/ci-TodoApp/vendor/smarty/smarty/libs/sysplugins/smarty_internal_templateparser.php(3569): Smarty_Internal_Templateparser->yy_reduce(25)
#5 /opt/lampp/htdocs/codeigniter/ci-TodoApp/vendor/smarty/smarty/libs/sysplugins/smarty_internal_smartytemplatecompiler.php(128): Smarty_Internal_Templateparser->doParse(22, ';')
#6 /opt/lampp/htdocs/codeigniter/ci-TodoApp/vendor/smarty/smarty/libs/sysplugins/smarty_internal_templatecompilerbase.php(481): Smarty_Internal_SmartyTemplateCompiler->doCompile('{* F\xC5\x91 smarty s...', true)
#7 /opt/lampp/htdocs/codeigniter/ci-TodoApp/vendor/smarty/smarty/libs/sysplugins/smarty_internal_templatecompilerbase.php(402): Smarty_Internal_TemplateCompilerBase->compileTemplateSource(Object(Smarty_Internal_Template), false, NULL)
#8 /opt/lampp/htdocs/codeigniter/ci-TodoApp/vendor/smarty/smarty/libs/sysplugins/smarty_template_compiled.php(184): Smarty_Internal_TemplateCompilerBase->compileTemplate(Object(Smarty_Internal_Template))
#9 /opt/lampp/htdocs/codeigniter/ci-TodoApp/vendor/smarty/smarty/libs/sysplugins/smarty_template_compiled.php(141): Smarty_Template_Compiled->compileTemplateSource(Object(Smarty_Internal_Template))
#10 /opt/lampp/htdocs/codeigniter/ci-TodoApp/vendor/smarty/smarty/libs/sysplugins/smarty_template_compiled.php(105): Smarty_Template_Compiled->process(Object(Smarty_Internal_Template))
#11 /opt/lampp/htdocs/codeigniter/ci-TodoApp/vendor/smarty/smarty/libs/sysplugins/smarty_internal_template.php(216): Smarty_Template_Compiled->render(Object(Smarty_Internal_Template))
#12 /opt/lampp/htdocs/codeigniter/ci-TodoApp/vendor/smarty/smarty/libs/sysplugins/smarty_internal_template.php(385): Smarty_Internal_Template->render()
#13 /opt/lampp/htdocs/codeigniter/ci-TodoApp/vendor/smarty/smarty/libs/sysplugins/smarty_internal_runtime_inheritance.php(116): Smarty_Internal_Template->_subTemplateRender('mainTemplate.tp...', NULL, NULL, 0, 3600, Array, 2, false, NULL, NULL)
#14 /opt/lampp/htdocs/codeigniter/ci-TodoApp/writable/smarty/templates_c/505ad94183b77c67016c4e6314200f01b4ff3933_0.file.ujFeladat.tpl.php(34): Smarty_Internal_Runtime_Inheritance->endChild(Object(Smarty_Internal_Template), 'mainTemplate.tp...')
#15 /opt/lampp/htdocs/codeigniter/ci-TodoApp/vendor/smarty/smarty/libs/sysplugins/smarty_template_resource_base.php(123): content_60d21dfc3bc7c9_24233922(Object(Smarty_Internal_Template))
#16 /opt/lampp/htdocs/codeigniter/ci-TodoApp/vendor/smarty/smarty/libs/sysplugins/smarty_template_compiled.php(114): Smarty_Template_Resource_Base->getRenderedTemplateCode(Object(Smarty_Internal_Template))
#17 /opt/lampp/htdocs/codeigniter/ci-TodoApp/vendor/smarty/smarty/libs/sysplugins/smarty_internal_template.php(216): Smarty_Template_Compiled->render(Object(Smarty_Internal_Template))
#18 /opt/lampp/htdocs/codeigniter/ci-TodoApp/vendor/smarty/smarty/libs/sysplugins/smarty_internal_templatebase.php(232): Smarty_Internal_Template->render(false, 1)
#19 /opt/lampp/htdocs/codeigniter/ci-TodoApp/vendor/smarty/smarty/libs/sysplugins/smarty_internal_templatebase.php(134): Smarty_Internal_TemplateBase->_execute(Object(Smarty_Internal_Template), NULL, NULL, NULL, 1)
#20 /opt/lampp/htdocs/codeigniter/ci-TodoApp/app/Controllers/Home.php(23): Smarty_Internal_TemplateBase->display('ujFeladat.tpl')
#21 /opt/lampp/htdocs/codeigniter/ci-TodoApp/vendor/codeigniter4/framework/system/CodeIgniter.php(928): App\Controllers\Home->ujFeladat()
#22 /opt/lampp/htdocs/codeigniter/ci-TodoApp/vendor/codeigniter4/framework/system/CodeIgniter.php(436): CodeIgniter\CodeIgniter->runController(Object(App\Controllers\Home))
#23 /opt/lampp/htdocs/codeigniter/ci-TodoApp/vendor/codeigniter4/framework/system/CodeIgniter.php(336): CodeIgniter\CodeIgniter->handleRequest(NULL, Object(Config\Cache), false)
#24 /opt/lampp/htdocs/codeigniter/ci-TodoApp/public/index.php(37): CodeIgniter\CodeIgniter->run()
#25 /opt/lampp/htdocs/codeigniter/ci-TodoApp/vendor/codeigniter4/framework/system/Commands/Server/rewrite.php(45): require_once('/opt/lampp/htdo...')
#26 {main}
CRITICAL - 2021-06-22 12:43:57 --> Undefined index: index_active
#0 /opt/lampp/htdocs/codeigniter/ci-TodoApp/writable/smarty/templates_c/d6fba66191803b5c07127960dfa2e20181a8b369_0.file.mainTemplate.tpl.php(60): CodeIgniter\Debug\Exceptions->errorHandler(8, 'Undefined index...', '/opt/lampp/htdo...', 60, Array)
#1 /opt/lampp/htdocs/codeigniter/ci-TodoApp/vendor/smarty/smarty/libs/sysplugins/smarty_template_resource_base.php(123): content_60d2215d90def2_52922317(Object(Smarty_Internal_Template))
#2 /opt/lampp/htdocs/codeigniter/ci-TodoApp/vendor/smarty/smarty/libs/sysplugins/smarty_template_compiled.php(114): Smarty_Template_Resource_Base->getRenderedTemplateCode(Object(Smarty_Internal_Template))
#3 /opt/lampp/htdocs/codeigniter/ci-TodoApp/vendor/smarty/smarty/libs/sysplugins/smarty_internal_template.php(216): Smarty_Template_Compiled->render(Object(Smarty_Internal_Template))
#4 /opt/lampp/htdocs/codeigniter/ci-TodoApp/vendor/smarty/smarty/libs/sysplugins/smarty_internal_template.php(385): Smarty_Internal_Template->render()
#5 /opt/lampp/htdocs/codeigniter/ci-TodoApp/vendor/smarty/smarty/libs/sysplugins/smarty_internal_runtime_inheritance.php(116): Smarty_Internal_Template->_subTemplateRender('mainTemplate.tp...', NULL, NULL, 0, 3600, Array, 2, false, NULL, NULL)
#6 /opt/lampp/htdocs/codeigniter/ci-TodoApp/writable/smarty/templates_c/505ad94183b77c67016c4e6314200f01b4ff3933_0.file.ujFeladat.tpl.php(34): Smarty_Internal_Runtime_Inheritance->endChild(Object(Smarty_Internal_Template), 'mainTemplate.tp...')
#7 /opt/lampp/htdocs/codeigniter/ci-TodoApp/vendor/smarty/smarty/libs/sysplugins/smarty_template_resource_base.php(123): content_60d21dfc3bc7c9_24233922(Object(Smarty_Internal_Template))
#8 /opt/lampp/htdocs/codeigniter/ci-TodoApp/vendor/smarty/smarty/libs/sysplugins/smarty_template_compiled.php(114): Smarty_Template_Resource_Base->getRenderedTemplateCode(Object(Smarty_Internal_Template))
#9 /opt/lampp/htdocs/codeigniter/ci-TodoApp/vendor/smarty/smarty/libs/sysplugins/smarty_internal_template.php(216): Smarty_Template_Compiled->render(Object(Smarty_Internal_Template))
#10 /opt/lampp/htdocs/codeigniter/ci-TodoApp/vendor/smarty/smarty/libs/sysplugins/smarty_internal_templatebase.php(232): Smarty_Internal_Template->render(false, 1)
#11 /opt/lampp/htdocs/codeigniter/ci-TodoApp/vendor/smarty/smarty/libs/sysplugins/smarty_internal_templatebase.php(134): Smarty_Internal_TemplateBase->_execute(Object(Smarty_Internal_Template), NULL, NULL, NULL, 1)
#12 /opt/lampp/htdocs/codeigniter/ci-TodoApp/app/Controllers/Home.php(25): Smarty_Internal_TemplateBase->display('ujFeladat.tpl')
#13 /opt/lampp/htdocs/codeigniter/ci-TodoApp/vendor/codeigniter4/framework/system/CodeIgniter.php(928): App\Controllers\Home->ujFeladat()
#14 /opt/lampp/htdocs/codeigniter/ci-TodoApp/vendor/codeigniter4/framework/system/CodeIgniter.php(436): CodeIgniter\CodeIgniter->runController(Object(App\Controllers\Home))
#15 /opt/lampp/htdocs/codeigniter/ci-TodoApp/vendor/codeigniter4/framework/system/CodeIgniter.php(336): CodeIgniter\CodeIgniter->handleRequest(NULL, Object(Config\Cache), false)
#16 /opt/lampp/htdocs/codeigniter/ci-TodoApp/public/index.php(37): CodeIgniter\CodeIgniter->run()
#17 /opt/lampp/htdocs/codeigniter/ci-TodoApp/vendor/codeigniter4/framework/system/Commands/Server/rewrite.php(45): require_once('/opt/lampp/htdo...')
#18 {main}
CRITICAL - 2021-06-22 12:44:37 --> Undefined index: index_active
#0 /opt/lampp/htdocs/codeigniter/ci-TodoApp/writable/smarty/templates_c/d6fba66191803b5c07127960dfa2e20181a8b369_0.file.mainTemplate.tpl.php(60): CodeIgniter\Debug\Exceptions->errorHandler(8, 'Undefined index...', '/opt/lampp/htdo...', 60, Array)
#1 /opt/lampp/htdocs/codeigniter/ci-TodoApp/vendor/smarty/smarty/libs/sysplugins/smarty_template_resource_base.php(123): content_60d22185a8e9e6_49097815(Object(Smarty_Internal_Template))
#2 /opt/lampp/htdocs/codeigniter/ci-TodoApp/vendor/smarty/smarty/libs/sysplugins/smarty_template_compiled.php(114): Smarty_Template_Resource_Base->getRenderedTemplateCode(Object(Smarty_Internal_Template))
#3 /opt/lampp/htdocs/codeigniter/ci-TodoApp/vendor/smarty/smarty/libs/sysplugins/smarty_internal_template.php(216): Smarty_Template_Compiled->render(Object(Smarty_Internal_Template))
#4 /opt/lampp/htdocs/codeigniter/ci-TodoApp/vendor/smarty/smarty/libs/sysplugins/smarty_internal_template.php(385): Smarty_Internal_Template->render()
#5 /opt/lampp/htdocs/codeigniter/ci-TodoApp/vendor/smarty/smarty/libs/sysplugins/smarty_internal_runtime_inheritance.php(116): Smarty_Internal_Template->_subTemplateRender('mainTemplate.tp...', NULL, NULL, 0, 3600, Array, 2, false, NULL, NULL)
#6 /opt/lampp/htdocs/codeigniter/ci-TodoApp/writable/smarty/templates_c/505ad94183b77c67016c4e6314200f01b4ff3933_0.file.ujFeladat.tpl.php(34): Smarty_Internal_Runtime_Inheritance->endChild(Object(Smarty_Internal_Template), 'mainTemplate.tp...')
#7 /opt/lampp/htdocs/codeigniter/ci-TodoApp/vendor/smarty/smarty/libs/sysplugins/smarty_template_resource_base.php(123): content_60d21dfc3bc7c9_24233922(Object(Smarty_Internal_Template))
#8 /opt/lampp/htdocs/codeigniter/ci-TodoApp/vendor/smarty/smarty/libs/sysplugins/smarty_template_compiled.php(114): Smarty_Template_Resource_Base->getRenderedTemplateCode(Object(Smarty_Internal_Template))
#9 /opt/lampp/htdocs/codeigniter/ci-TodoApp/vendor/smarty/smarty/libs/sysplugins/smarty_internal_template.php(216): Smarty_Template_Compiled->render(Object(Smarty_Internal_Template))
#10 /opt/lampp/htdocs/codeigniter/ci-TodoApp/vendor/smarty/smarty/libs/sysplugins/smarty_internal_templatebase.php(232): Smarty_Internal_Template->render(false, 1)
#11 /opt/lampp/htdocs/codeigniter/ci-TodoApp/vendor/smarty/smarty/libs/sysplugins/smarty_internal_templatebase.php(134): Smarty_Internal_TemplateBase->_execute(Object(Smarty_Internal_Template), NULL, NULL, NULL, 1)
#12 /opt/lampp/htdocs/codeigniter/ci-TodoApp/app/Controllers/Home.php(25): Smarty_Internal_TemplateBase->display('ujFeladat.tpl')
#13 /opt/lampp/htdocs/codeigniter/ci-TodoApp/vendor/codeigniter4/framework/system/CodeIgniter.php(928): App\Controllers\Home->ujFeladat()
#14 /opt/lampp/htdocs/codeigniter/ci-TodoApp/vendor/codeigniter4/framework/system/CodeIgniter.php(436): CodeIgniter\CodeIgniter->runController(Object(App\Controllers\Home))
#15 /opt/lampp/htdocs/codeigniter/ci-TodoApp/vendor/codeigniter4/framework/system/CodeIgniter.php(336): CodeIgniter\CodeIgniter->handleRequest(NULL, Object(Config\Cache), false)
#16 /opt/lampp/htdocs/codeigniter/ci-TodoApp/public/index.php(37): CodeIgniter\CodeIgniter->run()
#17 /opt/lampp/htdocs/codeigniter/ci-TodoApp/vendor/codeigniter4/framework/system/Commands/Server/rewrite.php(45): require_once('/opt/lampp/htdo...')
#18 {main}
CRITICAL - 2021-06-22 12:44:43 --> Undefined index: ujFeladat_active
#0 /opt/lampp/htdocs/codeigniter/ci-TodoApp/writable/smarty/templates_c/d6fba66191803b5c07127960dfa2e20181a8b369_0.file.mainTemplate.tpl.php(64): CodeIgniter\Debug\Exceptions->errorHandler(8, 'Undefined index...', '/opt/lampp/htdo...', 64, Array)
#1 /opt/lampp/htdocs/codeigniter/ci-TodoApp/vendor/smarty/smarty/libs/sysplugins/smarty_template_resource_base.php(123): content_60d22185a8e9e6_49097815(Object(Smarty_Internal_Template))
#2 /opt/lampp/htdocs/codeigniter/ci-TodoApp/vendor/smarty/smarty/libs/sysplugins/smarty_template_compiled.php(114): Smarty_Template_Resource_Base->getRenderedTemplateCode(Object(Smarty_Internal_Template))
#3 /opt/lampp/htdocs/codeigniter/ci-TodoApp/vendor/smarty/smarty/libs/sysplugins/smarty_internal_template.php(216): Smarty_Template_Compiled->render(Object(Smarty_Internal_Template))
#4 /opt/lampp/htdocs/codeigniter/ci-TodoApp/vendor/smarty/smarty/libs/sysplugins/smarty_internal_templatebase.php(232): Smarty_Internal_Template->render(false, 1)
#5 /opt/lampp/htdocs/codeigniter/ci-TodoApp/vendor/smarty/smarty/libs/sysplugins/smarty_internal_templatebase.php(134): Smarty_Internal_TemplateBase->_execute(Object(Smarty_Internal_Template), NULL, NULL, NULL, 1)
#6 /opt/lampp/htdocs/codeigniter/ci-TodoApp/app/Controllers/Home.php(16): Smarty_Internal_TemplateBase->display('mainTemplate.tp...')
#7 /opt/lampp/htdocs/codeigniter/ci-TodoApp/vendor/codeigniter4/framework/system/CodeIgniter.php(928): App\Controllers\Home->index()
#8 /opt/lampp/htdocs/codeigniter/ci-TodoApp/vendor/codeigniter4/framework/system/CodeIgniter.php(436): CodeIgniter\CodeIgniter->runController(Object(App\Controllers\Home))
#9 /opt/lampp/htdocs/codeigniter/ci-TodoApp/vendor/codeigniter4/framework/system/CodeIgniter.php(336): CodeIgniter\CodeIgniter->handleRequest(NULL, Object(Config\Cache), false)
#10 /opt/lampp/htdocs/codeigniter/ci-TodoApp/public/index.php(37): CodeIgniter\CodeIgniter->run()
#11 /opt/lampp/htdocs/codeigniter/ci-TodoApp/vendor/codeigniter4/framework/system/Commands/Server/rewrite.php(45): require_once('/opt/lampp/htdo...')
#12 {main}
CRITICAL - 2021-06-22 12:44:51 --> Undefined index: ujFeladat_active
#0 /opt/lampp/htdocs/codeigniter/ci-TodoApp/writable/smarty/templates_c/d6fba66191803b5c07127960dfa2e20181a8b369_0.file.mainTemplate.tpl.php(64): CodeIgniter\Debug\Exceptions->errorHandler(8, 'Undefined index...', '/opt/lampp/htdo...', 64, Array)
#1 /opt/lampp/htdocs/codeigniter/ci-TodoApp/vendor/smarty/smarty/libs/sysplugins/smarty_template_resource_base.php(123): content_60d22185a8e9e6_49097815(Object(Smarty_Internal_Template))
#2 /opt/lampp/htdocs/codeigniter/ci-TodoApp/vendor/smarty/smarty/libs/sysplugins/smarty_template_compiled.php(114): Smarty_Template_Resource_Base->getRenderedTemplateCode(Object(Smarty_Internal_Template))
#3 /opt/lampp/htdocs/codeigniter/ci-TodoApp/vendor/smarty/smarty/libs/sysplugins/smarty_internal_template.php(216): Smarty_Template_Compiled->render(Object(Smarty_Internal_Template))
#4 /opt/lampp/htdocs/codeigniter/ci-TodoApp/vendor/smarty/smarty/libs/sysplugins/smarty_internal_templatebase.php(232): Smarty_Internal_Template->render(false, 1)
#5 /opt/lampp/htdocs/codeigniter/ci-TodoApp/vendor/smarty/smarty/libs/sysplugins/smarty_internal_templatebase.php(134): Smarty_Internal_TemplateBase->_execute(Object(Smarty_Internal_Template), NULL, NULL, NULL, 1)
#6 /opt/lampp/htdocs/codeigniter/ci-TodoApp/app/Controllers/Home.php(16): Smarty_Internal_TemplateBase->display('mainTemplate.tp...')
#7 /opt/lampp/htdocs/codeigniter/ci-TodoApp/vendor/codeigniter4/framework/system/CodeIgniter.php(928): App\Controllers\Home->index()
#8 /opt/lampp/htdocs/codeigniter/ci-TodoApp/vendor/codeigniter4/framework/system/CodeIgniter.php(436): CodeIgniter\CodeIgniter->runController(Object(App\Controllers\Home))
#9 /opt/lampp/htdocs/codeigniter/ci-TodoApp/vendor/codeigniter4/framework/system/CodeIgniter.php(336): CodeIgniter\CodeIgniter->handleRequest(NULL, Object(Config\Cache), false)
#10 /opt/lampp/htdocs/codeigniter/ci-TodoApp/public/index.php(37): CodeIgniter\CodeIgniter->run()
#11 /opt/lampp/htdocs/codeigniter/ci-TodoApp/vendor/codeigniter4/framework/system/Commands/Server/rewrite.php(45): require_once('/opt/lampp/htdo...')
#12 {main}
CRITICAL - 2021-06-22 12:47:33 --> Syntax error in template "file:/opt/lampp/htdocs/codeigniter/ci-TodoApp/app/Views/mainTemplate.tpl"  on line 35 "<a class="nav-link {$ujFeladat_active | default: ''}" href="ujFeladat">Új feladat</a>"  - Unexpected "|"
#0 /opt/lampp/htdocs/codeigniter/ci-TodoApp/vendor/smarty/smarty/libs/sysplugins/smarty_internal_templateparser.php(3519): Smarty_Internal_TemplateCompilerBase->trigger_template_error()
#1 /opt/lampp/htdocs/codeigniter/ci-TodoApp/vendor/smarty/smarty/libs/sysplugins/smarty_internal_templateparser.php(3577): Smarty_Internal_Templateparser->yy_syntax_error(1, '|')
#2 /opt/lampp/htdocs/codeigniter/ci-TodoApp/vendor/smarty/smarty/libs/sysplugins/smarty_internal_smartytemplatecompiler.php(128): Smarty_Internal_Templateparser->doParse(1, '|')
#3 /opt/lampp/htdocs/codeigniter/ci-TodoApp/vendor/smarty/smarty/libs/sysplugins/smarty_internal_templatecompilerbase.php(481): Smarty_Internal_SmartyTemplateCompiler->doCompile('{* F\xC5\x91 smarty s...', true)
#4 /opt/lampp/htdocs/codeigniter/ci-TodoApp/vendor/smarty/smarty/libs/sysplugins/smarty_internal_templatecompilerbase.php(402): Smarty_Internal_TemplateCompilerBase->compileTemplateSource(Object(Smarty_Internal_Template), false, NULL)
#5 /opt/lampp/htdocs/codeigniter/ci-TodoApp/vendor/smarty/smarty/libs/sysplugins/smarty_template_compiled.php(184): Smarty_Internal_TemplateCompilerBase->compileTemplate(Object(Smarty_Internal_Template))
#6 /opt/lampp/htdocs/codeigniter/ci-TodoApp/vendor/smarty/smarty/libs/sysplugins/smarty_template_compiled.php(141): Smarty_Template_Compiled->compileTemplateSource(Object(Smarty_Internal_Template))
#7 /opt/lampp/htdocs/codeigniter/ci-TodoApp/vendor/smarty/smarty/libs/sysplugins/smarty_template_compiled.php(105): Smarty_Template_Compiled->process(Object(Smarty_Internal_Template))
#8 /opt/lampp/htdocs/codeigniter/ci-TodoApp/vendor/smarty/smarty/libs/sysplugins/smarty_internal_template.php(216): Smarty_Template_Compiled->render(Object(Smarty_Internal_Template))
#9 /opt/lampp/htdocs/codeigniter/ci-TodoApp/vendor/smarty/smarty/libs/sysplugins/smarty_internal_templatebase.php(232): Smarty_Internal_Template->render(false, 1)
#10 /opt/lampp/htdocs/codeigniter/ci-TodoApp/vendor/smarty/smarty/libs/sysplugins/smarty_internal_templatebase.php(134): Smarty_Internal_TemplateBase->_execute(Object(Smarty_Internal_Template), NULL, NULL, NULL, 1)
#11 /opt/lampp/htdocs/codeigniter/ci-TodoApp/app/Controllers/Home.php(16): Smarty_Internal_TemplateBase->display('mainTemplate.tp...')
#12 /opt/lampp/htdocs/codeigniter/ci-TodoApp/vendor/codeigniter4/framework/system/CodeIgniter.php(928): App\Controllers\Home->index()
#13 /opt/lampp/htdocs/codeigniter/ci-TodoApp/vendor/codeigniter4/framework/system/CodeIgniter.php(436): CodeIgniter\CodeIgniter->runController(Object(App\Controllers\Home))
#14 /opt/lampp/htdocs/codeigniter/ci-TodoApp/vendor/codeigniter4/framework/system/CodeIgniter.php(336): CodeIgniter\CodeIgniter->handleRequest(NULL, Object(Config\Cache), false)
#15 /opt/lampp/htdocs/codeigniter/ci-TodoApp/public/index.php(37): CodeIgniter\CodeIgniter->run()
#16 /opt/lampp/htdocs/codeigniter/ci-TodoApp/vendor/codeigniter4/framework/system/Commands/Server/rewrite.php(45): require_once('/opt/lampp/htdo...')
#17 {main}
CRITICAL - 2021-06-22 12:48:02 --> Undefined index: index_active
#0 /opt/lampp/htdocs/codeigniter/ci-TodoApp/writable/smarty/templates_c/d6fba66191803b5c07127960dfa2e20181a8b369_0.file.mainTemplate.tpl.php(60): CodeIgniter\Debug\Exceptions->errorHandler(8, 'Undefined index...', '/opt/lampp/htdo...', 60, Array)
#1 /opt/lampp/htdocs/codeigniter/ci-TodoApp/vendor/smarty/smarty/libs/sysplugins/smarty_template_resource_base.php(123): content_60d222509c7c03_62802758(Object(Smarty_Internal_Template))
#2 /opt/lampp/htdocs/codeigniter/ci-TodoApp/vendor/smarty/smarty/libs/sysplugins/smarty_template_compiled.php(114): Smarty_Template_Resource_Base->getRenderedTemplateCode(Object(Smarty_Internal_Template))
#3 /opt/lampp/htdocs/codeigniter/ci-TodoApp/vendor/smarty/smarty/libs/sysplugins/smarty_internal_template.php(216): Smarty_Template_Compiled->render(Object(Smarty_Internal_Template))
#4 /opt/lampp/htdocs/codeigniter/ci-TodoApp/vendor/smarty/smarty/libs/sysplugins/smarty_internal_template.php(385): Smarty_Internal_Template->render()
#5 /opt/lampp/htdocs/codeigniter/ci-TodoApp/vendor/smarty/smarty/libs/sysplugins/smarty_internal_runtime_inheritance.php(116): Smarty_Internal_Template->_subTemplateRender('mainTemplate.tp...', NULL, NULL, 0, 3600, Array, 2, false, NULL, NULL)
#6 /opt/lampp/htdocs/codeigniter/ci-TodoApp/writable/smarty/templates_c/505ad94183b77c67016c4e6314200f01b4ff3933_0.file.ujFeladat.tpl.php(34): Smarty_Internal_Runtime_Inheritance->endChild(Object(Smarty_Internal_Template), 'mainTemplate.tp...')
#7 /opt/lampp/htdocs/codeigniter/ci-TodoApp/vendor/smarty/smarty/libs/sysplugins/smarty_template_resource_base.php(123): content_60d21dfc3bc7c9_24233922(Object(Smarty_Internal_Template))
#8 /opt/lampp/htdocs/codeigniter/ci-TodoApp/vendor/smarty/smarty/libs/sysplugins/smarty_template_compiled.php(114): Smarty_Template_Resource_Base->getRenderedTemplateCode(Object(Smarty_Internal_Template))
#9 /opt/lampp/htdocs/codeigniter/ci-TodoApp/vendor/smarty/smarty/libs/sysplugins/smarty_internal_template.php(216): Smarty_Template_Compiled->render(Object(Smarty_Internal_Template))
#10 /opt/lampp/htdocs/codeigniter/ci-TodoApp/vendor/smarty/smarty/libs/sysplugins/smarty_internal_templatebase.php(232): Smarty_Internal_Template->render(false, 1)
#11 /opt/lampp/htdocs/codeigniter/ci-TodoApp/vendor/smarty/smarty/libs/sysplugins/smarty_internal_templatebase.php(134): Smarty_Internal_TemplateBase->_execute(Object(Smarty_Internal_Template), NULL, NULL, NULL, 1)
#12 /opt/lampp/htdocs/codeigniter/ci-TodoApp/app/Controllers/Home.php(25): Smarty_Internal_TemplateBase->display('ujFeladat.tpl')
#13 /opt/lampp/htdocs/codeigniter/ci-TodoApp/vendor/codeigniter4/framework/system/CodeIgniter.php(928): App\Controllers\Home->ujFeladat()
#14 /opt/lampp/htdocs/codeigniter/ci-TodoApp/vendor/codeigniter4/framework/system/CodeIgniter.php(436): CodeIgniter\CodeIgniter->runController(Object(App\Controllers\Home))
#15 /opt/lampp/htdocs/codeigniter/ci-TodoApp/vendor/codeigniter4/framework/system/CodeIgniter.php(336): CodeIgniter\CodeIgniter->handleRequest(NULL, Object(Config\Cache), false)
#16 /opt/lampp/htdocs/codeigniter/ci-TodoApp/public/index.php(37): CodeIgniter\CodeIgniter->run()
#17 /opt/lampp/htdocs/codeigniter/ci-TodoApp/vendor/codeigniter4/framework/system/Commands/Server/rewrite.php(45): require_once('/opt/lampp/htdo...')
#18 {main}
