CRITICAL - 2021-07-26 10:23:45 --> Invalid file: Signup.php
#0 /opt/lampp/htdocs/CodeIgniter/ci-TodoApp/vendor/codeigniter4/framework/system/View/View.php(213): CodeIgniter\Exceptions\FrameworkException::forInvalidFile('Signup.php')
#1 /opt/lampp/htdocs/CodeIgniter/ci-TodoApp/vendor/codeigniter4/framework/system/Common.php(1271): CodeIgniter\View\View->render('Signup', Array, true)
#2 /opt/lampp/htdocs/CodeIgniter/ci-TodoApp/app/Controllers/TodoAppController.php(61): view('Signup', Array)
#3 /opt/lampp/htdocs/CodeIgniter/ci-TodoApp/vendor/codeigniter4/framework/system/CodeIgniter.php(928): App\Controllers\TodoAppController->ujFelvitel()
#4 /opt/lampp/htdocs/CodeIgniter/ci-TodoApp/vendor/codeigniter4/framework/system/CodeIgniter.php(436): CodeIgniter\CodeIgniter->runController(Object(App\Controllers\TodoAppController))
#5 /opt/lampp/htdocs/CodeIgniter/ci-TodoApp/vendor/codeigniter4/framework/system/CodeIgniter.php(336): CodeIgniter\CodeIgniter->handleRequest(NULL, Object(Config\Cache), false)
#6 /opt/lampp/htdocs/CodeIgniter/ci-TodoApp/public/index.php(37): CodeIgniter\CodeIgniter->run()
#7 /opt/lampp/htdocs/CodeIgniter/ci-TodoApp/vendor/codeigniter4/framework/system/Commands/Server/rewrite.php(45): require_once('/opt/lampp/htdo...')
#8 {main}
CRITICAL - 2021-07-26 10:24:50 --> Invalid file: Signup.php
#0 /opt/lampp/htdocs/CodeIgniter/ci-TodoApp/vendor/codeigniter4/framework/system/View/View.php(213): CodeIgniter\Exceptions\FrameworkException::forInvalidFile('Signup.php')
#1 /opt/lampp/htdocs/CodeIgniter/ci-TodoApp/vendor/codeigniter4/framework/system/Common.php(1271): CodeIgniter\View\View->render('Signup', Array, true)
#2 /opt/lampp/htdocs/CodeIgniter/ci-TodoApp/app/Controllers/TodoAppController.php(61): view('Signup', Array)
#3 /opt/lampp/htdocs/CodeIgniter/ci-TodoApp/vendor/codeigniter4/framework/system/CodeIgniter.php(928): App\Controllers\TodoAppController->ujFelvitel()
#4 /opt/lampp/htdocs/CodeIgniter/ci-TodoApp/vendor/codeigniter4/framework/system/CodeIgniter.php(436): CodeIgniter\CodeIgniter->runController(Object(App\Controllers\TodoAppController))
#5 /opt/lampp/htdocs/CodeIgniter/ci-TodoApp/vendor/codeigniter4/framework/system/CodeIgniter.php(336): CodeIgniter\CodeIgniter->handleRequest(NULL, Object(Config\Cache), false)
#6 /opt/lampp/htdocs/CodeIgniter/ci-TodoApp/public/index.php(37): CodeIgniter\CodeIgniter->run()
#7 /opt/lampp/htdocs/CodeIgniter/ci-TodoApp/vendor/codeigniter4/framework/system/Commands/Server/rewrite.php(45): require_once('/opt/lampp/htdo...')
#8 {main}
CRITICAL - 2021-07-26 10:25:02 --> Invalid file: Signup.php
#0 /opt/lampp/htdocs/CodeIgniter/ci-TodoApp/vendor/codeigniter4/framework/system/View/View.php(213): CodeIgniter\Exceptions\FrameworkException::forInvalidFile('Signup.php')
#1 /opt/lampp/htdocs/CodeIgniter/ci-TodoApp/vendor/codeigniter4/framework/system/Common.php(1271): CodeIgniter\View\View->render('Signup', Array, true)
#2 /opt/lampp/htdocs/CodeIgniter/ci-TodoApp/app/Controllers/TodoAppController.php(61): view('Signup', Array)
#3 /opt/lampp/htdocs/CodeIgniter/ci-TodoApp/vendor/codeigniter4/framework/system/CodeIgniter.php(928): App\Controllers\TodoAppController->ujFelvitel()
#4 /opt/lampp/htdocs/CodeIgniter/ci-TodoApp/vendor/codeigniter4/framework/system/CodeIgniter.php(436): CodeIgniter\CodeIgniter->runController(Object(App\Controllers\TodoAppController))
#5 /opt/lampp/htdocs/CodeIgniter/ci-TodoApp/vendor/codeigniter4/framework/system/CodeIgniter.php(336): CodeIgniter\CodeIgniter->handleRequest(NULL, Object(Config\Cache), false)
#6 /opt/lampp/htdocs/CodeIgniter/ci-TodoApp/public/index.php(37): CodeIgniter\CodeIgniter->run()
#7 /opt/lampp/htdocs/CodeIgniter/ci-TodoApp/vendor/codeigniter4/framework/system/Commands/Server/rewrite.php(45): require_once('/opt/lampp/htdo...')
#8 {main}
CRITICAL - 2021-07-26 10:26:58 --> Invalid file: Signup.php
#0 /opt/lampp/htdocs/CodeIgniter/ci-TodoApp/vendor/codeigniter4/framework/system/View/View.php(213): CodeIgniter\Exceptions\FrameworkException::forInvalidFile('Signup.php')
#1 /opt/lampp/htdocs/CodeIgniter/ci-TodoApp/vendor/codeigniter4/framework/system/Common.php(1271): CodeIgniter\View\View->render('Signup', Array, true)
#2 /opt/lampp/htdocs/CodeIgniter/ci-TodoApp/app/Controllers/TodoAppController.php(61): view('Signup', Array)
#3 /opt/lampp/htdocs/CodeIgniter/ci-TodoApp/vendor/codeigniter4/framework/system/CodeIgniter.php(928): App\Controllers\TodoAppController->ujFelvitel()
#4 /opt/lampp/htdocs/CodeIgniter/ci-TodoApp/vendor/codeigniter4/framework/system/CodeIgniter.php(436): CodeIgniter\CodeIgniter->runController(Object(App\Controllers\TodoAppController))
#5 /opt/lampp/htdocs/CodeIgniter/ci-TodoApp/vendor/codeigniter4/framework/system/CodeIgniter.php(336): CodeIgniter\CodeIgniter->handleRequest(NULL, Object(Config\Cache), false)
#6 /opt/lampp/htdocs/CodeIgniter/ci-TodoApp/public/index.php(37): CodeIgniter\CodeIgniter->run()
#7 /opt/lampp/htdocs/CodeIgniter/ci-TodoApp/vendor/codeigniter4/framework/system/Commands/Server/rewrite.php(45): require_once('/opt/lampp/htdo...')
#8 {main}
CRITICAL - 2021-07-26 10:40:21 --> Argument 1 passed to CodeIgniter\Validation\Validation::setRules() must be of the type array, object given, called in /opt/lampp/htdocs/CodeIgniter/ci-TodoApp/vendor/codeigniter4/framework/system/Controller.php on line 183
#0 /opt/lampp/htdocs/CodeIgniter/ci-TodoApp/vendor/codeigniter4/framework/system/Controller.php(183): CodeIgniter\Validation\Validation->setRules(Object(CodeIgniter\Validation\Validation), Array)
#1 /opt/lampp/htdocs/CodeIgniter/ci-TodoApp/app/Controllers/TodoAppController.php(65): CodeIgniter\Controller->validate(Object(CodeIgniter\Validation\Validation))
#2 /opt/lampp/htdocs/CodeIgniter/ci-TodoApp/vendor/codeigniter4/framework/system/CodeIgniter.php(928): App\Controllers\TodoAppController->ujFelvitel()
#3 /opt/lampp/htdocs/CodeIgniter/ci-TodoApp/vendor/codeigniter4/framework/system/CodeIgniter.php(436): CodeIgniter\CodeIgniter->runController(Object(App\Controllers\TodoAppController))
#4 /opt/lampp/htdocs/CodeIgniter/ci-TodoApp/vendor/codeigniter4/framework/system/CodeIgniter.php(336): CodeIgniter\CodeIgniter->handleRequest(NULL, Object(Config\Cache), false)
#5 /opt/lampp/htdocs/CodeIgniter/ci-TodoApp/public/index.php(37): CodeIgniter\CodeIgniter->run()
#6 /opt/lampp/htdocs/CodeIgniter/ci-TodoApp/vendor/codeigniter4/framework/system/Commands/Server/rewrite.php(45): require_once('/opt/lampp/htdo...')
#7 {main}
CRITICAL - 2021-07-26 10:44:46 --> Too few arguments to function CodeIgniter\Controller::validate(), 0 passed in /opt/lampp/htdocs/CodeIgniter/ci-TodoApp/app/Controllers/TodoAppController.php on line 65 and at least 1 expected
#0 /opt/lampp/htdocs/CodeIgniter/ci-TodoApp/app/Controllers/TodoAppController.php(65): CodeIgniter\Controller->validate()
#1 /opt/lampp/htdocs/CodeIgniter/ci-TodoApp/vendor/codeigniter4/framework/system/CodeIgniter.php(928): App\Controllers\TodoAppController->ujFelvitel()
#2 /opt/lampp/htdocs/CodeIgniter/ci-TodoApp/vendor/codeigniter4/framework/system/CodeIgniter.php(436): CodeIgniter\CodeIgniter->runController(Object(App\Controllers\TodoAppController))
#3 /opt/lampp/htdocs/CodeIgniter/ci-TodoApp/vendor/codeigniter4/framework/system/CodeIgniter.php(336): CodeIgniter\CodeIgniter->handleRequest(NULL, Object(Config\Cache), false)
#4 /opt/lampp/htdocs/CodeIgniter/ci-TodoApp/public/index.php(37): CodeIgniter\CodeIgniter->run()
#5 /opt/lampp/htdocs/CodeIgniter/ci-TodoApp/vendor/codeigniter4/framework/system/Commands/Server/rewrite.php(45): require_once('/opt/lampp/htdo...')
#6 {main}
CRITICAL - 2021-07-26 10:59:28 --> Syntax error in template "file:/opt/lampp/htdocs/CodeIgniter/ci-TodoApp/app/Views/ujFeladat.tpl"  on line 22 "<div>{$txtFeladatCim|""}</div>"  - Unexpected """, expected one of: "id, name" , "@"
#0 /opt/lampp/htdocs/CodeIgniter/ci-TodoApp/vendor/smarty/smarty/libs/sysplugins/smarty_internal_templateparser.php(3519): Smarty_Internal_TemplateCompilerBase->trigger_template_error()
#1 /opt/lampp/htdocs/CodeIgniter/ci-TodoApp/vendor/smarty/smarty/libs/sysplugins/smarty_internal_templateparser.php(3577): Smarty_Internal_Templateparser->yy_syntax_error(60, '"')
#2 /opt/lampp/htdocs/CodeIgniter/ci-TodoApp/vendor/smarty/smarty/libs/sysplugins/smarty_internal_smartytemplatecompiler.php(128): Smarty_Internal_Templateparser->doParse(60, '"')
#3 /opt/lampp/htdocs/CodeIgniter/ci-TodoApp/vendor/smarty/smarty/libs/sysplugins/smarty_internal_templatecompilerbase.php(481): Smarty_Internal_SmartyTemplateCompiler->doCompile('{* F\xC5\x91sablon ke...', true)
#4 /opt/lampp/htdocs/CodeIgniter/ci-TodoApp/vendor/smarty/smarty/libs/sysplugins/smarty_internal_templatecompilerbase.php(402): Smarty_Internal_TemplateCompilerBase->compileTemplateSource(Object(Smarty_Internal_Template), false, NULL)
#5 /opt/lampp/htdocs/CodeIgniter/ci-TodoApp/vendor/smarty/smarty/libs/sysplugins/smarty_template_compiled.php(184): Smarty_Internal_TemplateCompilerBase->compileTemplate(Object(Smarty_Internal_Template))
#6 /opt/lampp/htdocs/CodeIgniter/ci-TodoApp/vendor/smarty/smarty/libs/sysplugins/smarty_template_compiled.php(141): Smarty_Template_Compiled->compileTemplateSource(Object(Smarty_Internal_Template))
#7 /opt/lampp/htdocs/CodeIgniter/ci-TodoApp/vendor/smarty/smarty/libs/sysplugins/smarty_template_compiled.php(105): Smarty_Template_Compiled->process(Object(Smarty_Internal_Template))
#8 /opt/lampp/htdocs/CodeIgniter/ci-TodoApp/vendor/smarty/smarty/libs/sysplugins/smarty_internal_template.php(216): Smarty_Template_Compiled->render(Object(Smarty_Internal_Template))
#9 /opt/lampp/htdocs/CodeIgniter/ci-TodoApp/vendor/smarty/smarty/libs/sysplugins/smarty_internal_templatebase.php(232): Smarty_Internal_Template->render(false, 1)
#10 /opt/lampp/htdocs/CodeIgniter/ci-TodoApp/vendor/smarty/smarty/libs/sysplugins/smarty_internal_templatebase.php(134): Smarty_Internal_TemplateBase->_execute(Object(Smarty_Internal_Template), NULL, NULL, NULL, 1)
#11 /opt/lampp/htdocs/CodeIgniter/ci-TodoApp/app/Controllers/TodoAppController.php(43): Smarty_Internal_TemplateBase->display('ujFeladat.tpl')
#12 /opt/lampp/htdocs/CodeIgniter/ci-TodoApp/vendor/codeigniter4/framework/system/CodeIgniter.php(928): App\Controllers\TodoAppController->ujFeladat()
#13 /opt/lampp/htdocs/CodeIgniter/ci-TodoApp/vendor/codeigniter4/framework/system/CodeIgniter.php(436): CodeIgniter\CodeIgniter->runController(Object(App\Controllers\TodoAppController))
#14 /opt/lampp/htdocs/CodeIgniter/ci-TodoApp/vendor/codeigniter4/framework/system/CodeIgniter.php(336): CodeIgniter\CodeIgniter->handleRequest(NULL, Object(Config\Cache), false)
#15 /opt/lampp/htdocs/CodeIgniter/ci-TodoApp/public/index.php(37): CodeIgniter\CodeIgniter->run()
#16 /opt/lampp/htdocs/CodeIgniter/ci-TodoApp/vendor/codeigniter4/framework/system/Commands/Server/rewrite.php(45): require_once('/opt/lampp/htdo...')
#17 {main}
CRITICAL - 2021-07-26 11:00:02 --> Syntax error in template "file:/opt/lampp/htdocs/CodeIgniter/ci-TodoApp/app/Views/ujFeladat.tpl"  on line 22 "<div>{$txtFeladatCim|" "}</div>"  - Unexpected """, expected one of: "id, name" , "@"
#0 /opt/lampp/htdocs/CodeIgniter/ci-TodoApp/vendor/smarty/smarty/libs/sysplugins/smarty_internal_templateparser.php(3519): Smarty_Internal_TemplateCompilerBase->trigger_template_error()
#1 /opt/lampp/htdocs/CodeIgniter/ci-TodoApp/vendor/smarty/smarty/libs/sysplugins/smarty_internal_templateparser.php(3577): Smarty_Internal_Templateparser->yy_syntax_error(60, '"')
#2 /opt/lampp/htdocs/CodeIgniter/ci-TodoApp/vendor/smarty/smarty/libs/sysplugins/smarty_internal_smartytemplatecompiler.php(128): Smarty_Internal_Templateparser->doParse(60, '"')
#3 /opt/lampp/htdocs/CodeIgniter/ci-TodoApp/vendor/smarty/smarty/libs/sysplugins/smarty_internal_templatecompilerbase.php(481): Smarty_Internal_SmartyTemplateCompiler->doCompile('{* F\xC5\x91sablon ke...', true)
#4 /opt/lampp/htdocs/CodeIgniter/ci-TodoApp/vendor/smarty/smarty/libs/sysplugins/smarty_internal_templatecompilerbase.php(402): Smarty_Internal_TemplateCompilerBase->compileTemplateSource(Object(Smarty_Internal_Template), false, NULL)
#5 /opt/lampp/htdocs/CodeIgniter/ci-TodoApp/vendor/smarty/smarty/libs/sysplugins/smarty_template_compiled.php(184): Smarty_Internal_TemplateCompilerBase->compileTemplate(Object(Smarty_Internal_Template))
#6 /opt/lampp/htdocs/CodeIgniter/ci-TodoApp/vendor/smarty/smarty/libs/sysplugins/smarty_template_compiled.php(141): Smarty_Template_Compiled->compileTemplateSource(Object(Smarty_Internal_Template))
#7 /opt/lampp/htdocs/CodeIgniter/ci-TodoApp/vendor/smarty/smarty/libs/sysplugins/smarty_template_compiled.php(105): Smarty_Template_Compiled->process(Object(Smarty_Internal_Template))
#8 /opt/lampp/htdocs/CodeIgniter/ci-TodoApp/vendor/smarty/smarty/libs/sysplugins/smarty_internal_template.php(216): Smarty_Template_Compiled->render(Object(Smarty_Internal_Template))
#9 /opt/lampp/htdocs/CodeIgniter/ci-TodoApp/vendor/smarty/smarty/libs/sysplugins/smarty_internal_templatebase.php(232): Smarty_Internal_Template->render(false, 1)
#10 /opt/lampp/htdocs/CodeIgniter/ci-TodoApp/vendor/smarty/smarty/libs/sysplugins/smarty_internal_templatebase.php(134): Smarty_Internal_TemplateBase->_execute(Object(Smarty_Internal_Template), NULL, NULL, NULL, 1)
#11 /opt/lampp/htdocs/CodeIgniter/ci-TodoApp/app/Controllers/TodoAppController.php(43): Smarty_Internal_TemplateBase->display('ujFeladat.tpl')
#12 /opt/lampp/htdocs/CodeIgniter/ci-TodoApp/vendor/codeigniter4/framework/system/CodeIgniter.php(928): App\Controllers\TodoAppController->ujFeladat()
#13 /opt/lampp/htdocs/CodeIgniter/ci-TodoApp/vendor/codeigniter4/framework/system/CodeIgniter.php(436): CodeIgniter\CodeIgniter->runController(Object(App\Controllers\TodoAppController))
#14 /opt/lampp/htdocs/CodeIgniter/ci-TodoApp/vendor/codeigniter4/framework/system/CodeIgniter.php(336): CodeIgniter\CodeIgniter->handleRequest(NULL, Object(Config\Cache), false)
#15 /opt/lampp/htdocs/CodeIgniter/ci-TodoApp/public/index.php(37): CodeIgniter\CodeIgniter->run()
#16 /opt/lampp/htdocs/CodeIgniter/ci-TodoApp/vendor/codeigniter4/framework/system/Commands/Server/rewrite.php(45): require_once('/opt/lampp/htdo...')
#17 {main}
CRITICAL - 2021-07-26 11:02:36 --> Call to undefined method CodeIgniter\Validation\Validation::validate()
#0 /opt/lampp/htdocs/CodeIgniter/ci-TodoApp/vendor/codeigniter4/framework/system/CodeIgniter.php(928): App\Controllers\TodoAppController->ujFelvitel()
#1 /opt/lampp/htdocs/CodeIgniter/ci-TodoApp/vendor/codeigniter4/framework/system/CodeIgniter.php(436): CodeIgniter\CodeIgniter->runController(Object(App\Controllers\TodoAppController))
#2 /opt/lampp/htdocs/CodeIgniter/ci-TodoApp/vendor/codeigniter4/framework/system/CodeIgniter.php(336): CodeIgniter\CodeIgniter->handleRequest(NULL, Object(Config\Cache), false)
#3 /opt/lampp/htdocs/CodeIgniter/ci-TodoApp/public/index.php(37): CodeIgniter\CodeIgniter->run()
#4 /opt/lampp/htdocs/CodeIgniter/ci-TodoApp/vendor/codeigniter4/framework/system/Commands/Server/rewrite.php(45): require_once('/opt/lampp/htdo...')
#5 {main}
CRITICAL - 2021-07-26 11:22:45 --> Undefined index: activemenu
#0 /opt/lampp/htdocs/CodeIgniter/ci-TodoApp/writable/smarty/templates_c/f45bf4e564ee2c83b1aeed7ef427332a499772df_0.file.mainTemplate.tpl.php(61): CodeIgniter\Debug\Exceptions->errorHandler(8, 'Undefined index...', '/opt/lampp/htdo...', 61, Array)
#1 /opt/lampp/htdocs/CodeIgniter/ci-TodoApp/vendor/smarty/smarty/libs/sysplugins/smarty_template_resource_base.php(123): content_60f985ed794ed2_58910772(Object(Smarty_Internal_Template))
#2 /opt/lampp/htdocs/CodeIgniter/ci-TodoApp/vendor/smarty/smarty/libs/sysplugins/smarty_template_compiled.php(114): Smarty_Template_Resource_Base->getRenderedTemplateCode(Object(Smarty_Internal_Template))
#3 /opt/lampp/htdocs/CodeIgniter/ci-TodoApp/vendor/smarty/smarty/libs/sysplugins/smarty_internal_template.php(216): Smarty_Template_Compiled->render(Object(Smarty_Internal_Template))
#4 /opt/lampp/htdocs/CodeIgniter/ci-TodoApp/vendor/smarty/smarty/libs/sysplugins/smarty_internal_template.php(385): Smarty_Internal_Template->render()
#5 /opt/lampp/htdocs/CodeIgniter/ci-TodoApp/vendor/smarty/smarty/libs/sysplugins/smarty_internal_runtime_inheritance.php(116): Smarty_Internal_Template->_subTemplateRender('mainTemplate.tp...', NULL, NULL, 0, 3600, Array, 2, false, NULL, NULL)
#6 /opt/lampp/htdocs/CodeIgniter/ci-TodoApp/writable/smarty/templates_c/d16df1f8e4559330031bcc9b3784d74d91aa0fc9_0.file.ujFeladat.tpl.php(36): Smarty_Internal_Runtime_Inheritance->endChild(Object(Smarty_Internal_Template), 'mainTemplate.tp...')
#7 /opt/lampp/htdocs/CodeIgniter/ci-TodoApp/vendor/smarty/smarty/libs/sysplugins/smarty_template_resource_base.php(123): content_60fee147e3f560_75300341(Object(Smarty_Internal_Template))
#8 /opt/lampp/htdocs/CodeIgniter/ci-TodoApp/vendor/smarty/smarty/libs/sysplugins/smarty_template_compiled.php(114): Smarty_Template_Resource_Base->getRenderedTemplateCode(Object(Smarty_Internal_Template))
#9 /opt/lampp/htdocs/CodeIgniter/ci-TodoApp/vendor/smarty/smarty/libs/sysplugins/smarty_internal_template.php(216): Smarty_Template_Compiled->render(Object(Smarty_Internal_Template))
#10 /opt/lampp/htdocs/CodeIgniter/ci-TodoApp/vendor/smarty/smarty/libs/sysplugins/smarty_internal_templatebase.php(232): Smarty_Internal_Template->render(false, 1)
#11 /opt/lampp/htdocs/CodeIgniter/ci-TodoApp/vendor/smarty/smarty/libs/sysplugins/smarty_internal_templatebase.php(134): Smarty_Internal_TemplateBase->_execute(Object(Smarty_Internal_Template), NULL, NULL, NULL, 1)
#12 /opt/lampp/htdocs/CodeIgniter/ci-TodoApp/app/Controllers/TodoAppController.php(71): Smarty_Internal_TemplateBase->display('ujFeladat.tpl')
#13 /opt/lampp/htdocs/CodeIgniter/ci-TodoApp/vendor/codeigniter4/framework/system/CodeIgniter.php(928): App\Controllers\TodoAppController->ujFelvitel()
#14 /opt/lampp/htdocs/CodeIgniter/ci-TodoApp/vendor/codeigniter4/framework/system/CodeIgniter.php(436): CodeIgniter\CodeIgniter->runController(Object(App\Controllers\TodoAppController))
#15 /opt/lampp/htdocs/CodeIgniter/ci-TodoApp/vendor/codeigniter4/framework/system/CodeIgniter.php(336): CodeIgniter\CodeIgniter->handleRequest(NULL, Object(Config\Cache), false)
#16 /opt/lampp/htdocs/CodeIgniter/ci-TodoApp/public/index.php(37): CodeIgniter\CodeIgniter->run()
#17 /opt/lampp/htdocs/CodeIgniter/ci-TodoApp/vendor/codeigniter4/framework/system/Commands/Server/rewrite.php(45): require_once('/opt/lampp/htdo...')
#18 {main}
CRITICAL - 2021-07-26 11:24:16 --> Array to string conversion
#0 /opt/lampp/htdocs/CodeIgniter/ci-TodoApp/writable/smarty/templates_c/d16df1f8e4559330031bcc9b3784d74d91aa0fc9_0.file.ujFeladat.tpl.php(90): CodeIgniter\Debug\Exceptions->errorHandler(8, 'Array to string...', '/opt/lampp/htdo...', 90, Array)
#1 /opt/lampp/htdocs/CodeIgniter/ci-TodoApp/vendor/smarty/smarty/libs/sysplugins/smarty_internal_runtime_inheritance.php(248): Block_21017208860fee147e34563_37098127->callBlock(Object(Smarty_Internal_Template))
#2 /opt/lampp/htdocs/CodeIgniter/ci-TodoApp/vendor/smarty/smarty/libs/sysplugins/smarty_internal_runtime_inheritance.php(184): Smarty_Internal_Runtime_Inheritance->callBlock(Object(Block_21017208860fee147e34563_37098127), Object(Smarty_Internal_Template))
#3 /opt/lampp/htdocs/CodeIgniter/ci-TodoApp/vendor/smarty/smarty/libs/sysplugins/smarty_internal_runtime_inheritance.php(186): Smarty_Internal_Runtime_Inheritance->process(Object(Smarty_Internal_Template), Object(Block_21017208860fee147e34563_37098127), Object(Block_160164612960f985ed77d2f1_60175530))
#4 /opt/lampp/htdocs/CodeIgniter/ci-TodoApp/vendor/smarty/smarty/libs/sysplugins/smarty_internal_runtime_inheritance.php(156): Smarty_Internal_Runtime_Inheritance->process(Object(Smarty_Internal_Template), Object(Block_160164612960f985ed77d2f1_60175530))
#5 /opt/lampp/htdocs/CodeIgniter/ci-TodoApp/writable/smarty/templates_c/f45bf4e564ee2c83b1aeed7ef427332a499772df_0.file.mainTemplate.tpl.php(76): Smarty_Internal_Runtime_Inheritance->instanceBlock(Object(Smarty_Internal_Template), 'Block_160164612...', 'BodyMain')
#6 /opt/lampp/htdocs/CodeIgniter/ci-TodoApp/vendor/smarty/smarty/libs/sysplugins/smarty_template_resource_base.php(123): content_60f985ed794ed2_58910772(Object(Smarty_Internal_Template))
#7 /opt/lampp/htdocs/CodeIgniter/ci-TodoApp/vendor/smarty/smarty/libs/sysplugins/smarty_template_compiled.php(114): Smarty_Template_Resource_Base->getRenderedTemplateCode(Object(Smarty_Internal_Template))
#8 /opt/lampp/htdocs/CodeIgniter/ci-TodoApp/vendor/smarty/smarty/libs/sysplugins/smarty_internal_template.php(216): Smarty_Template_Compiled->render(Object(Smarty_Internal_Template))
#9 /opt/lampp/htdocs/CodeIgniter/ci-TodoApp/vendor/smarty/smarty/libs/sysplugins/smarty_internal_template.php(385): Smarty_Internal_Template->render()
#10 /opt/lampp/htdocs/CodeIgniter/ci-TodoApp/vendor/smarty/smarty/libs/sysplugins/smarty_internal_runtime_inheritance.php(116): Smarty_Internal_Template->_subTemplateRender('mainTemplate.tp...', NULL, NULL, 0, 3600, Array, 2, false, NULL, NULL)
#11 /opt/lampp/htdocs/CodeIgniter/ci-TodoApp/writable/smarty/templates_c/d16df1f8e4559330031bcc9b3784d74d91aa0fc9_0.file.ujFeladat.tpl.php(36): Smarty_Internal_Runtime_Inheritance->endChild(Object(Smarty_Internal_Template), 'mainTemplate.tp...')
#12 /opt/lampp/htdocs/CodeIgniter/ci-TodoApp/vendor/smarty/smarty/libs/sysplugins/smarty_template_resource_base.php(123): content_60fee147e3f560_75300341(Object(Smarty_Internal_Template))
#13 /opt/lampp/htdocs/CodeIgniter/ci-TodoApp/vendor/smarty/smarty/libs/sysplugins/smarty_template_compiled.php(114): Smarty_Template_Resource_Base->getRenderedTemplateCode(Object(Smarty_Internal_Template))
#14 /opt/lampp/htdocs/CodeIgniter/ci-TodoApp/vendor/smarty/smarty/libs/sysplugins/smarty_internal_template.php(216): Smarty_Template_Compiled->render(Object(Smarty_Internal_Template))
#15 /opt/lampp/htdocs/CodeIgniter/ci-TodoApp/vendor/smarty/smarty/libs/sysplugins/smarty_internal_templatebase.php(232): Smarty_Internal_Template->render(false, 1)
#16 /opt/lampp/htdocs/CodeIgniter/ci-TodoApp/vendor/smarty/smarty/libs/sysplugins/smarty_internal_templatebase.php(134): Smarty_Internal_TemplateBase->_execute(Object(Smarty_Internal_Template), NULL, NULL, NULL, 1)
#17 /opt/lampp/htdocs/CodeIgniter/ci-TodoApp/app/Controllers/TodoAppController.php(73): Smarty_Internal_TemplateBase->display('ujFeladat.tpl')
#18 /opt/lampp/htdocs/CodeIgniter/ci-TodoApp/vendor/codeigniter4/framework/system/CodeIgniter.php(928): App\Controllers\TodoAppController->ujFelvitel()
#19 /opt/lampp/htdocs/CodeIgniter/ci-TodoApp/vendor/codeigniter4/framework/system/CodeIgniter.php(436): CodeIgniter\CodeIgniter->runController(Object(App\Controllers\TodoAppController))
#20 /opt/lampp/htdocs/CodeIgniter/ci-TodoApp/vendor/codeigniter4/framework/system/CodeIgniter.php(336): CodeIgniter\CodeIgniter->handleRequest(NULL, Object(Config\Cache), false)
#21 /opt/lampp/htdocs/CodeIgniter/ci-TodoApp/public/index.php(37): CodeIgniter\CodeIgniter->run()
#22 /opt/lampp/htdocs/CodeIgniter/ci-TodoApp/vendor/codeigniter4/framework/system/Commands/Server/rewrite.php(45): require_once('/opt/lampp/htdo...')
#23 {main}
CRITICAL - 2021-07-26 11:26:54 --> Syntax error in template "file:/opt/lampp/htdocs/CodeIgniter/ci-TodoApp/app/Views/ujFeladat.tpl"  on line 32 "{$hl}</br>"  - Unexpected "/"
#0 /opt/lampp/htdocs/CodeIgniter/ci-TodoApp/vendor/smarty/smarty/libs/sysplugins/smarty_internal_templateparser.php(3519): Smarty_Internal_TemplateCompilerBase->trigger_template_error()
#1 /opt/lampp/htdocs/CodeIgniter/ci-TodoApp/vendor/smarty/smarty/libs/sysplugins/smarty_internal_templateparser.php(3577): Smarty_Internal_Templateparser->yy_syntax_error(38, '/')
#2 /opt/lampp/htdocs/CodeIgniter/ci-TodoApp/vendor/smarty/smarty/libs/sysplugins/smarty_internal_smartytemplatecompiler.php(128): Smarty_Internal_Templateparser->doParse(38, '/')
#3 /opt/lampp/htdocs/CodeIgniter/ci-TodoApp/vendor/smarty/smarty/libs/sysplugins/smarty_internal_templatecompilerbase.php(481): Smarty_Internal_SmartyTemplateCompiler->doCompile('{* F\xC5\x91sablon ke...', true)
#4 /opt/lampp/htdocs/CodeIgniter/ci-TodoApp/vendor/smarty/smarty/libs/sysplugins/smarty_internal_templatecompilerbase.php(402): Smarty_Internal_TemplateCompilerBase->compileTemplateSource(Object(Smarty_Internal_Template), false, NULL)
#5 /opt/lampp/htdocs/CodeIgniter/ci-TodoApp/vendor/smarty/smarty/libs/sysplugins/smarty_template_compiled.php(184): Smarty_Internal_TemplateCompilerBase->compileTemplate(Object(Smarty_Internal_Template))
#6 /opt/lampp/htdocs/CodeIgniter/ci-TodoApp/vendor/smarty/smarty/libs/sysplugins/smarty_template_compiled.php(141): Smarty_Template_Compiled->compileTemplateSource(Object(Smarty_Internal_Template))
#7 /opt/lampp/htdocs/CodeIgniter/ci-TodoApp/vendor/smarty/smarty/libs/sysplugins/smarty_template_compiled.php(105): Smarty_Template_Compiled->process(Object(Smarty_Internal_Template))
#8 /opt/lampp/htdocs/CodeIgniter/ci-TodoApp/vendor/smarty/smarty/libs/sysplugins/smarty_internal_template.php(216): Smarty_Template_Compiled->render(Object(Smarty_Internal_Template))
#9 /opt/lampp/htdocs/CodeIgniter/ci-TodoApp/vendor/smarty/smarty/libs/sysplugins/smarty_internal_templatebase.php(232): Smarty_Internal_Template->render(false, 1)
#10 /opt/lampp/htdocs/CodeIgniter/ci-TodoApp/vendor/smarty/smarty/libs/sysplugins/smarty_internal_templatebase.php(134): Smarty_Internal_TemplateBase->_execute(Object(Smarty_Internal_Template), NULL, NULL, NULL, 1)
#11 /opt/lampp/htdocs/CodeIgniter/ci-TodoApp/app/Controllers/TodoAppController.php(43): Smarty_Internal_TemplateBase->display('ujFeladat.tpl')
#12 /opt/lampp/htdocs/CodeIgniter/ci-TodoApp/vendor/codeigniter4/framework/system/CodeIgniter.php(928): App\Controllers\TodoAppController->ujFeladat()
#13 /opt/lampp/htdocs/CodeIgniter/ci-TodoApp/vendor/codeigniter4/framework/system/CodeIgniter.php(436): CodeIgniter\CodeIgniter->runController(Object(App\Controllers\TodoAppController))
#14 /opt/lampp/htdocs/CodeIgniter/ci-TodoApp/vendor/codeigniter4/framework/system/CodeIgniter.php(336): CodeIgniter\CodeIgniter->handleRequest(NULL, Object(Config\Cache), false)
#15 /opt/lampp/htdocs/CodeIgniter/ci-TodoApp/public/index.php(37): CodeIgniter\CodeIgniter->run()
#16 /opt/lampp/htdocs/CodeIgniter/ci-TodoApp/vendor/codeigniter4/framework/system/Commands/Server/rewrite.php(45): require_once('/opt/lampp/htdo...')
#17 {main}
CRITICAL - 2021-07-26 11:27:19 --> Undefined index: hibalista
#0 /opt/lampp/htdocs/CodeIgniter/ci-TodoApp/writable/smarty/templates_c/d16df1f8e4559330031bcc9b3784d74d91aa0fc9_0.file.ujFeladat.tpl.php(92): CodeIgniter\Debug\Exceptions->errorHandler(8, 'Undefined index...', '/opt/lampp/htdo...', 92, Array)
#1 /opt/lampp/htdocs/CodeIgniter/ci-TodoApp/vendor/smarty/smarty/libs/sysplugins/smarty_internal_runtime_inheritance.php(248): Block_53153662460fee267c33d99_78949863->callBlock(Object(Smarty_Internal_Template))
#2 /opt/lampp/htdocs/CodeIgniter/ci-TodoApp/vendor/smarty/smarty/libs/sysplugins/smarty_internal_runtime_inheritance.php(184): Smarty_Internal_Runtime_Inheritance->callBlock(Object(Block_53153662460fee267c33d99_78949863), Object(Smarty_Internal_Template))
#3 /opt/lampp/htdocs/CodeIgniter/ci-TodoApp/vendor/smarty/smarty/libs/sysplugins/smarty_internal_runtime_inheritance.php(186): Smarty_Internal_Runtime_Inheritance->process(Object(Smarty_Internal_Template), Object(Block_53153662460fee267c33d99_78949863), Object(Block_160164612960f985ed77d2f1_60175530))
#4 /opt/lampp/htdocs/CodeIgniter/ci-TodoApp/vendor/smarty/smarty/libs/sysplugins/smarty_internal_runtime_inheritance.php(156): Smarty_Internal_Runtime_Inheritance->process(Object(Smarty_Internal_Template), Object(Block_160164612960f985ed77d2f1_60175530))
#5 /opt/lampp/htdocs/CodeIgniter/ci-TodoApp/writable/smarty/templates_c/f45bf4e564ee2c83b1aeed7ef427332a499772df_0.file.mainTemplate.tpl.php(76): Smarty_Internal_Runtime_Inheritance->instanceBlock(Object(Smarty_Internal_Template), 'Block_160164612...', 'BodyMain')
#6 /opt/lampp/htdocs/CodeIgniter/ci-TodoApp/vendor/smarty/smarty/libs/sysplugins/smarty_template_resource_base.php(123): content_60f985ed794ed2_58910772(Object(Smarty_Internal_Template))
#7 /opt/lampp/htdocs/CodeIgniter/ci-TodoApp/vendor/smarty/smarty/libs/sysplugins/smarty_template_compiled.php(114): Smarty_Template_Resource_Base->getRenderedTemplateCode(Object(Smarty_Internal_Template))
#8 /opt/lampp/htdocs/CodeIgniter/ci-TodoApp/vendor/smarty/smarty/libs/sysplugins/smarty_internal_template.php(216): Smarty_Template_Compiled->render(Object(Smarty_Internal_Template))
#9 /opt/lampp/htdocs/CodeIgniter/ci-TodoApp/vendor/smarty/smarty/libs/sysplugins/smarty_internal_template.php(385): Smarty_Internal_Template->render()
#10 /opt/lampp/htdocs/CodeIgniter/ci-TodoApp/vendor/smarty/smarty/libs/sysplugins/smarty_internal_runtime_inheritance.php(116): Smarty_Internal_Template->_subTemplateRender('mainTemplate.tp...', NULL, NULL, 0, 3600, Array, 2, false, NULL, NULL)
#11 /opt/lampp/htdocs/CodeIgniter/ci-TodoApp/writable/smarty/templates_c/d16df1f8e4559330031bcc9b3784d74d91aa0fc9_0.file.ujFeladat.tpl.php(36): Smarty_Internal_Runtime_Inheritance->endChild(Object(Smarty_Internal_Template), 'mainTemplate.tp...')
#12 /opt/lampp/htdocs/CodeIgniter/ci-TodoApp/vendor/smarty/smarty/libs/sysplugins/smarty_template_resource_base.php(123): content_60fee267c3e6f5_74822052(Object(Smarty_Internal_Template))
#13 /opt/lampp/htdocs/CodeIgniter/ci-TodoApp/vendor/smarty/smarty/libs/sysplugins/smarty_template_compiled.php(114): Smarty_Template_Resource_Base->getRenderedTemplateCode(Object(Smarty_Internal_Template))
#14 /opt/lampp/htdocs/CodeIgniter/ci-TodoApp/vendor/smarty/smarty/libs/sysplugins/smarty_internal_template.php(216): Smarty_Template_Compiled->render(Object(Smarty_Internal_Template))
#15 /opt/lampp/htdocs/CodeIgniter/ci-TodoApp/vendor/smarty/smarty/libs/sysplugins/smarty_internal_templatebase.php(232): Smarty_Internal_Template->render(false, 1)
#16 /opt/lampp/htdocs/CodeIgniter/ci-TodoApp/vendor/smarty/smarty/libs/sysplugins/smarty_internal_templatebase.php(134): Smarty_Internal_TemplateBase->_execute(Object(Smarty_Internal_Template), NULL, NULL, NULL, 1)
#17 /opt/lampp/htdocs/CodeIgniter/ci-TodoApp/app/Controllers/TodoAppController.php(43): Smarty_Internal_TemplateBase->display('ujFeladat.tpl')
#18 /opt/lampp/htdocs/CodeIgniter/ci-TodoApp/vendor/codeigniter4/framework/system/CodeIgniter.php(928): App\Controllers\TodoAppController->ujFeladat()
#19 /opt/lampp/htdocs/CodeIgniter/ci-TodoApp/vendor/codeigniter4/framework/system/CodeIgniter.php(436): CodeIgniter\CodeIgniter->runController(Object(App\Controllers\TodoAppController))
#20 /opt/lampp/htdocs/CodeIgniter/ci-TodoApp/vendor/codeigniter4/framework/system/CodeIgniter.php(336): CodeIgniter\CodeIgniter->handleRequest(NULL, Object(Config\Cache), false)
#21 /opt/lampp/htdocs/CodeIgniter/ci-TodoApp/public/index.php(37): CodeIgniter\CodeIgniter->run()
#22 /opt/lampp/htdocs/CodeIgniter/ci-TodoApp/vendor/codeigniter4/framework/system/Commands/Server/rewrite.php(45): require_once('/opt/lampp/htdo...')
#23 {main}
CRITICAL - 2021-07-26 11:27:22 --> Undefined index: hibalista
#0 /opt/lampp/htdocs/CodeIgniter/ci-TodoApp/writable/smarty/templates_c/d16df1f8e4559330031bcc9b3784d74d91aa0fc9_0.file.ujFeladat.tpl.php(92): CodeIgniter\Debug\Exceptions->errorHandler(8, 'Undefined index...', '/opt/lampp/htdo...', 92, Array)
#1 /opt/lampp/htdocs/CodeIgniter/ci-TodoApp/vendor/smarty/smarty/libs/sysplugins/smarty_internal_runtime_inheritance.php(248): Block_53153662460fee267c33d99_78949863->callBlock(Object(Smarty_Internal_Template))
#2 /opt/lampp/htdocs/CodeIgniter/ci-TodoApp/vendor/smarty/smarty/libs/sysplugins/smarty_internal_runtime_inheritance.php(184): Smarty_Internal_Runtime_Inheritance->callBlock(Object(Block_53153662460fee267c33d99_78949863), Object(Smarty_Internal_Template))
#3 /opt/lampp/htdocs/CodeIgniter/ci-TodoApp/vendor/smarty/smarty/libs/sysplugins/smarty_internal_runtime_inheritance.php(186): Smarty_Internal_Runtime_Inheritance->process(Object(Smarty_Internal_Template), Object(Block_53153662460fee267c33d99_78949863), Object(Block_160164612960f985ed77d2f1_60175530))
#4 /opt/lampp/htdocs/CodeIgniter/ci-TodoApp/vendor/smarty/smarty/libs/sysplugins/smarty_internal_runtime_inheritance.php(156): Smarty_Internal_Runtime_Inheritance->process(Object(Smarty_Internal_Template), Object(Block_160164612960f985ed77d2f1_60175530))
#5 /opt/lampp/htdocs/CodeIgniter/ci-TodoApp/writable/smarty/templates_c/f45bf4e564ee2c83b1aeed7ef427332a499772df_0.file.mainTemplate.tpl.php(76): Smarty_Internal_Runtime_Inheritance->instanceBlock(Object(Smarty_Internal_Template), 'Block_160164612...', 'BodyMain')
#6 /opt/lampp/htdocs/CodeIgniter/ci-TodoApp/vendor/smarty/smarty/libs/sysplugins/smarty_template_resource_base.php(123): content_60f985ed794ed2_58910772(Object(Smarty_Internal_Template))
#7 /opt/lampp/htdocs/CodeIgniter/ci-TodoApp/vendor/smarty/smarty/libs/sysplugins/smarty_template_compiled.php(114): Smarty_Template_Resource_Base->getRenderedTemplateCode(Object(Smarty_Internal_Template))
#8 /opt/lampp/htdocs/CodeIgniter/ci-TodoApp/vendor/smarty/smarty/libs/sysplugins/smarty_internal_template.php(216): Smarty_Template_Compiled->render(Object(Smarty_Internal_Template))
#9 /opt/lampp/htdocs/CodeIgniter/ci-TodoApp/vendor/smarty/smarty/libs/sysplugins/smarty_internal_template.php(385): Smarty_Internal_Template->render()
#10 /opt/lampp/htdocs/CodeIgniter/ci-TodoApp/vendor/smarty/smarty/libs/sysplugins/smarty_internal_runtime_inheritance.php(116): Smarty_Internal_Template->_subTemplateRender('mainTemplate.tp...', NULL, NULL, 0, 3600, Array, 2, false, NULL, NULL)
#11 /opt/lampp/htdocs/CodeIgniter/ci-TodoApp/writable/smarty/templates_c/d16df1f8e4559330031bcc9b3784d74d91aa0fc9_0.file.ujFeladat.tpl.php(36): Smarty_Internal_Runtime_Inheritance->endChild(Object(Smarty_Internal_Template), 'mainTemplate.tp...')
#12 /opt/lampp/htdocs/CodeIgniter/ci-TodoApp/vendor/smarty/smarty/libs/sysplugins/smarty_template_resource_base.php(123): content_60fee267c3e6f5_74822052(Object(Smarty_Internal_Template))
#13 /opt/lampp/htdocs/CodeIgniter/ci-TodoApp/vendor/smarty/smarty/libs/sysplugins/smarty_template_compiled.php(114): Smarty_Template_Resource_Base->getRenderedTemplateCode(Object(Smarty_Internal_Template))
#14 /opt/lampp/htdocs/CodeIgniter/ci-TodoApp/vendor/smarty/smarty/libs/sysplugins/smarty_internal_template.php(216): Smarty_Template_Compiled->render(Object(Smarty_Internal_Template))
#15 /opt/lampp/htdocs/CodeIgniter/ci-TodoApp/vendor/smarty/smarty/libs/sysplugins/smarty_internal_templatebase.php(232): Smarty_Internal_Template->render(false, 1)
#16 /opt/lampp/htdocs/CodeIgniter/ci-TodoApp/vendor/smarty/smarty/libs/sysplugins/smarty_internal_templatebase.php(134): Smarty_Internal_TemplateBase->_execute(Object(Smarty_Internal_Template), NULL, NULL, NULL, 1)
#17 /opt/lampp/htdocs/CodeIgniter/ci-TodoApp/app/Controllers/TodoAppController.php(43): Smarty_Internal_TemplateBase->display('ujFeladat.tpl')
#18 /opt/lampp/htdocs/CodeIgniter/ci-TodoApp/vendor/codeigniter4/framework/system/CodeIgniter.php(928): App\Controllers\TodoAppController->ujFeladat()
#19 /opt/lampp/htdocs/CodeIgniter/ci-TodoApp/vendor/codeigniter4/framework/system/CodeIgniter.php(436): CodeIgniter\CodeIgniter->runController(Object(App\Controllers\TodoAppController))
#20 /opt/lampp/htdocs/CodeIgniter/ci-TodoApp/vendor/codeigniter4/framework/system/CodeIgniter.php(336): CodeIgniter\CodeIgniter->handleRequest(NULL, Object(Config\Cache), false)
#21 /opt/lampp/htdocs/CodeIgniter/ci-TodoApp/public/index.php(37): CodeIgniter\CodeIgniter->run()
#22 /opt/lampp/htdocs/CodeIgniter/ci-TodoApp/vendor/codeigniter4/framework/system/Commands/Server/rewrite.php(45): require_once('/opt/lampp/htdo...')
#23 {main}
CRITICAL - 2021-07-26 11:29:19 --> Undefined index: hibalista
#0 /opt/lampp/htdocs/CodeIgniter/ci-TodoApp/writable/smarty/templates_c/d16df1f8e4559330031bcc9b3784d74d91aa0fc9_0.file.ujFeladat.tpl.php(92): CodeIgniter\Debug\Exceptions->errorHandler(8, 'Undefined index...', '/opt/lampp/htdo...', 92, Array)
#1 /opt/lampp/htdocs/CodeIgniter/ci-TodoApp/vendor/smarty/smarty/libs/sysplugins/smarty_internal_runtime_inheritance.php(248): Block_169261057560fee2dfad7025_66611923->callBlock(Object(Smarty_Internal_Template))
#2 /opt/lampp/htdocs/CodeIgniter/ci-TodoApp/vendor/smarty/smarty/libs/sysplugins/smarty_internal_runtime_inheritance.php(184): Smarty_Internal_Runtime_Inheritance->callBlock(Object(Block_169261057560fee2dfad7025_66611923), Object(Smarty_Internal_Template))
#3 /opt/lampp/htdocs/CodeIgniter/ci-TodoApp/vendor/smarty/smarty/libs/sysplugins/smarty_internal_runtime_inheritance.php(186): Smarty_Internal_Runtime_Inheritance->process(Object(Smarty_Internal_Template), Object(Block_169261057560fee2dfad7025_66611923), Object(Block_160164612960f985ed77d2f1_60175530))
#4 /opt/lampp/htdocs/CodeIgniter/ci-TodoApp/vendor/smarty/smarty/libs/sysplugins/smarty_internal_runtime_inheritance.php(156): Smarty_Internal_Runtime_Inheritance->process(Object(Smarty_Internal_Template), Object(Block_160164612960f985ed77d2f1_60175530))
#5 /opt/lampp/htdocs/CodeIgniter/ci-TodoApp/writable/smarty/templates_c/f45bf4e564ee2c83b1aeed7ef427332a499772df_0.file.mainTemplate.tpl.php(76): Smarty_Internal_Runtime_Inheritance->instanceBlock(Object(Smarty_Internal_Template), 'Block_160164612...', 'BodyMain')
#6 /opt/lampp/htdocs/CodeIgniter/ci-TodoApp/vendor/smarty/smarty/libs/sysplugins/smarty_template_resource_base.php(123): content_60f985ed794ed2_58910772(Object(Smarty_Internal_Template))
#7 /opt/lampp/htdocs/CodeIgniter/ci-TodoApp/vendor/smarty/smarty/libs/sysplugins/smarty_template_compiled.php(114): Smarty_Template_Resource_Base->getRenderedTemplateCode(Object(Smarty_Internal_Template))
#8 /opt/lampp/htdocs/CodeIgniter/ci-TodoApp/vendor/smarty/smarty/libs/sysplugins/smarty_internal_template.php(216): Smarty_Template_Compiled->render(Object(Smarty_Internal_Template))
#9 /opt/lampp/htdocs/CodeIgniter/ci-TodoApp/vendor/smarty/smarty/libs/sysplugins/smarty_internal_template.php(385): Smarty_Internal_Template->render()
#10 /opt/lampp/htdocs/CodeIgniter/ci-TodoApp/vendor/smarty/smarty/libs/sysplugins/smarty_internal_runtime_inheritance.php(116): Smarty_Internal_Template->_subTemplateRender('mainTemplate.tp...', NULL, NULL, 0, 3600, Array, 2, false, NULL, NULL)
#11 /opt/lampp/htdocs/CodeIgniter/ci-TodoApp/writable/smarty/templates_c/d16df1f8e4559330031bcc9b3784d74d91aa0fc9_0.file.ujFeladat.tpl.php(36): Smarty_Internal_Runtime_Inheritance->endChild(Object(Smarty_Internal_Template), 'mainTemplate.tp...')
#12 /opt/lampp/htdocs/CodeIgniter/ci-TodoApp/vendor/smarty/smarty/libs/sysplugins/smarty_template_resource_base.php(123): content_60fee2dfadff27_43445602(Object(Smarty_Internal_Template))
#13 /opt/lampp/htdocs/CodeIgniter/ci-TodoApp/vendor/smarty/smarty/libs/sysplugins/smarty_template_compiled.php(114): Smarty_Template_Resource_Base->getRenderedTemplateCode(Object(Smarty_Internal_Template))
#14 /opt/lampp/htdocs/CodeIgniter/ci-TodoApp/vendor/smarty/smarty/libs/sysplugins/smarty_internal_template.php(216): Smarty_Template_Compiled->render(Object(Smarty_Internal_Template))
#15 /opt/lampp/htdocs/CodeIgniter/ci-TodoApp/vendor/smarty/smarty/libs/sysplugins/smarty_internal_templatebase.php(232): Smarty_Internal_Template->render(false, 1)
#16 /opt/lampp/htdocs/CodeIgniter/ci-TodoApp/vendor/smarty/smarty/libs/sysplugins/smarty_internal_templatebase.php(134): Smarty_Internal_TemplateBase->_execute(Object(Smarty_Internal_Template), NULL, NULL, NULL, 1)
#17 /opt/lampp/htdocs/CodeIgniter/ci-TodoApp/app/Controllers/TodoAppController.php(43): Smarty_Internal_TemplateBase->display('ujFeladat.tpl')
#18 /opt/lampp/htdocs/CodeIgniter/ci-TodoApp/vendor/codeigniter4/framework/system/CodeIgniter.php(928): App\Controllers\TodoAppController->ujFeladat()
#19 /opt/lampp/htdocs/CodeIgniter/ci-TodoApp/vendor/codeigniter4/framework/system/CodeIgniter.php(436): CodeIgniter\CodeIgniter->runController(Object(App\Controllers\TodoAppController))
#20 /opt/lampp/htdocs/CodeIgniter/ci-TodoApp/vendor/codeigniter4/framework/system/CodeIgniter.php(336): CodeIgniter\CodeIgniter->handleRequest(NULL, Object(Config\Cache), false)
#21 /opt/lampp/htdocs/CodeIgniter/ci-TodoApp/public/index.php(37): CodeIgniter\CodeIgniter->run()
#22 /opt/lampp/htdocs/CodeIgniter/ci-TodoApp/vendor/codeigniter4/framework/system/Commands/Server/rewrite.php(45): require_once('/opt/lampp/htdo...')
#23 {main}
CRITICAL - 2021-07-26 11:29:26 --> Undefined index: hibalista
#0 /opt/lampp/htdocs/CodeIgniter/ci-TodoApp/writable/smarty/templates_c/d16df1f8e4559330031bcc9b3784d74d91aa0fc9_0.file.ujFeladat.tpl.php(92): CodeIgniter\Debug\Exceptions->errorHandler(8, 'Undefined index...', '/opt/lampp/htdo...', 92, Array)
#1 /opt/lampp/htdocs/CodeIgniter/ci-TodoApp/vendor/smarty/smarty/libs/sysplugins/smarty_internal_runtime_inheritance.php(248): Block_169261057560fee2dfad7025_66611923->callBlock(Object(Smarty_Internal_Template))
#2 /opt/lampp/htdocs/CodeIgniter/ci-TodoApp/vendor/smarty/smarty/libs/sysplugins/smarty_internal_runtime_inheritance.php(184): Smarty_Internal_Runtime_Inheritance->callBlock(Object(Block_169261057560fee2dfad7025_66611923), Object(Smarty_Internal_Template))
#3 /opt/lampp/htdocs/CodeIgniter/ci-TodoApp/vendor/smarty/smarty/libs/sysplugins/smarty_internal_runtime_inheritance.php(186): Smarty_Internal_Runtime_Inheritance->process(Object(Smarty_Internal_Template), Object(Block_169261057560fee2dfad7025_66611923), Object(Block_160164612960f985ed77d2f1_60175530))
#4 /opt/lampp/htdocs/CodeIgniter/ci-TodoApp/vendor/smarty/smarty/libs/sysplugins/smarty_internal_runtime_inheritance.php(156): Smarty_Internal_Runtime_Inheritance->process(Object(Smarty_Internal_Template), Object(Block_160164612960f985ed77d2f1_60175530))
#5 /opt/lampp/htdocs/CodeIgniter/ci-TodoApp/writable/smarty/templates_c/f45bf4e564ee2c83b1aeed7ef427332a499772df_0.file.mainTemplate.tpl.php(76): Smarty_Internal_Runtime_Inheritance->instanceBlock(Object(Smarty_Internal_Template), 'Block_160164612...', 'BodyMain')
#6 /opt/lampp/htdocs/CodeIgniter/ci-TodoApp/vendor/smarty/smarty/libs/sysplugins/smarty_template_resource_base.php(123): content_60f985ed794ed2_58910772(Object(Smarty_Internal_Template))
#7 /opt/lampp/htdocs/CodeIgniter/ci-TodoApp/vendor/smarty/smarty/libs/sysplugins/smarty_template_compiled.php(114): Smarty_Template_Resource_Base->getRenderedTemplateCode(Object(Smarty_Internal_Template))
#8 /opt/lampp/htdocs/CodeIgniter/ci-TodoApp/vendor/smarty/smarty/libs/sysplugins/smarty_internal_template.php(216): Smarty_Template_Compiled->render(Object(Smarty_Internal_Template))
#9 /opt/lampp/htdocs/CodeIgniter/ci-TodoApp/vendor/smarty/smarty/libs/sysplugins/smarty_internal_template.php(385): Smarty_Internal_Template->render()
#10 /opt/lampp/htdocs/CodeIgniter/ci-TodoApp/vendor/smarty/smarty/libs/sysplugins/smarty_internal_runtime_inheritance.php(116): Smarty_Internal_Template->_subTemplateRender('mainTemplate.tp...', NULL, NULL, 0, 3600, Array, 2, false, NULL, NULL)
#11 /opt/lampp/htdocs/CodeIgniter/ci-TodoApp/writable/smarty/templates_c/d16df1f8e4559330031bcc9b3784d74d91aa0fc9_0.file.ujFeladat.tpl.php(36): Smarty_Internal_Runtime_Inheritance->endChild(Object(Smarty_Internal_Template), 'mainTemplate.tp...')
#12 /opt/lampp/htdocs/CodeIgniter/ci-TodoApp/vendor/smarty/smarty/libs/sysplugins/smarty_template_resource_base.php(123): content_60fee2dfadff27_43445602(Object(Smarty_Internal_Template))
#13 /opt/lampp/htdocs/CodeIgniter/ci-TodoApp/vendor/smarty/smarty/libs/sysplugins/smarty_template_compiled.php(114): Smarty_Template_Resource_Base->getRenderedTemplateCode(Object(Smarty_Internal_Template))
#14 /opt/lampp/htdocs/CodeIgniter/ci-TodoApp/vendor/smarty/smarty/libs/sysplugins/smarty_internal_template.php(216): Smarty_Template_Compiled->render(Object(Smarty_Internal_Template))
#15 /opt/lampp/htdocs/CodeIgniter/ci-TodoApp/vendor/smarty/smarty/libs/sysplugins/smarty_internal_templatebase.php(232): Smarty_Internal_Template->render(false, 1)
#16 /opt/lampp/htdocs/CodeIgniter/ci-TodoApp/vendor/smarty/smarty/libs/sysplugins/smarty_internal_templatebase.php(134): Smarty_Internal_TemplateBase->_execute(Object(Smarty_Internal_Template), NULL, NULL, NULL, 1)
#17 /opt/lampp/htdocs/CodeIgniter/ci-TodoApp/app/Controllers/TodoAppController.php(43): Smarty_Internal_TemplateBase->display('ujFeladat.tpl')
#18 /opt/lampp/htdocs/CodeIgniter/ci-TodoApp/vendor/codeigniter4/framework/system/CodeIgniter.php(928): App\Controllers\TodoAppController->ujFeladat()
#19 /opt/lampp/htdocs/CodeIgniter/ci-TodoApp/vendor/codeigniter4/framework/system/CodeIgniter.php(436): CodeIgniter\CodeIgniter->runController(Object(App\Controllers\TodoAppController))
#20 /opt/lampp/htdocs/CodeIgniter/ci-TodoApp/vendor/codeigniter4/framework/system/CodeIgniter.php(336): CodeIgniter\CodeIgniter->handleRequest(NULL, Object(Config\Cache), false)
#21 /opt/lampp/htdocs/CodeIgniter/ci-TodoApp/public/index.php(37): CodeIgniter\CodeIgniter->run()
#22 /opt/lampp/htdocs/CodeIgniter/ci-TodoApp/vendor/codeigniter4/framework/system/Commands/Server/rewrite.php(45): require_once('/opt/lampp/htdo...')
#23 {main}
CRITICAL - 2021-07-26 11:33:21 --> Undefined index: hibalista
#0 /opt/lampp/htdocs/CodeIgniter/ci-TodoApp/writable/smarty/templates_c/d16df1f8e4559330031bcc9b3784d74d91aa0fc9_0.file.ujFeladat.tpl.php(91): CodeIgniter\Debug\Exceptions->errorHandler(8, 'Undefined index...', '/opt/lampp/htdo...', 91, Array)
#1 /opt/lampp/htdocs/CodeIgniter/ci-TodoApp/vendor/smarty/smarty/libs/sysplugins/smarty_internal_runtime_inheritance.php(248): Block_10341066660fee3d1d46345_56865941->callBlock(Object(Smarty_Internal_Template))
#2 /opt/lampp/htdocs/CodeIgniter/ci-TodoApp/vendor/smarty/smarty/libs/sysplugins/smarty_internal_runtime_inheritance.php(184): Smarty_Internal_Runtime_Inheritance->callBlock(Object(Block_10341066660fee3d1d46345_56865941), Object(Smarty_Internal_Template))
#3 /opt/lampp/htdocs/CodeIgniter/ci-TodoApp/vendor/smarty/smarty/libs/sysplugins/smarty_internal_runtime_inheritance.php(186): Smarty_Internal_Runtime_Inheritance->process(Object(Smarty_Internal_Template), Object(Block_10341066660fee3d1d46345_56865941), Object(Block_160164612960f985ed77d2f1_60175530))
#4 /opt/lampp/htdocs/CodeIgniter/ci-TodoApp/vendor/smarty/smarty/libs/sysplugins/smarty_internal_runtime_inheritance.php(156): Smarty_Internal_Runtime_Inheritance->process(Object(Smarty_Internal_Template), Object(Block_160164612960f985ed77d2f1_60175530))
#5 /opt/lampp/htdocs/CodeIgniter/ci-TodoApp/writable/smarty/templates_c/f45bf4e564ee2c83b1aeed7ef427332a499772df_0.file.mainTemplate.tpl.php(76): Smarty_Internal_Runtime_Inheritance->instanceBlock(Object(Smarty_Internal_Template), 'Block_160164612...', 'BodyMain')
#6 /opt/lampp/htdocs/CodeIgniter/ci-TodoApp/vendor/smarty/smarty/libs/sysplugins/smarty_template_resource_base.php(123): content_60f985ed794ed2_58910772(Object(Smarty_Internal_Template))
#7 /opt/lampp/htdocs/CodeIgniter/ci-TodoApp/vendor/smarty/smarty/libs/sysplugins/smarty_template_compiled.php(114): Smarty_Template_Resource_Base->getRenderedTemplateCode(Object(Smarty_Internal_Template))
#8 /opt/lampp/htdocs/CodeIgniter/ci-TodoApp/vendor/smarty/smarty/libs/sysplugins/smarty_internal_template.php(216): Smarty_Template_Compiled->render(Object(Smarty_Internal_Template))
#9 /opt/lampp/htdocs/CodeIgniter/ci-TodoApp/vendor/smarty/smarty/libs/sysplugins/smarty_internal_template.php(385): Smarty_Internal_Template->render()
#10 /opt/lampp/htdocs/CodeIgniter/ci-TodoApp/vendor/smarty/smarty/libs/sysplugins/smarty_internal_runtime_inheritance.php(116): Smarty_Internal_Template->_subTemplateRender('mainTemplate.tp...', NULL, NULL, 0, 3600, Array, 2, false, NULL, NULL)
#11 /opt/lampp/htdocs/CodeIgniter/ci-TodoApp/writable/smarty/templates_c/d16df1f8e4559330031bcc9b3784d74d91aa0fc9_0.file.ujFeladat.tpl.php(36): Smarty_Internal_Runtime_Inheritance->endChild(Object(Smarty_Internal_Template), 'mainTemplate.tp...')
#12 /opt/lampp/htdocs/CodeIgniter/ci-TodoApp/vendor/smarty/smarty/libs/sysplugins/smarty_template_resource_base.php(123): content_60fee3d1d68871_09579438(Object(Smarty_Internal_Template))
#13 /opt/lampp/htdocs/CodeIgniter/ci-TodoApp/vendor/smarty/smarty/libs/sysplugins/smarty_template_compiled.php(114): Smarty_Template_Resource_Base->getRenderedTemplateCode(Object(Smarty_Internal_Template))
#14 /opt/lampp/htdocs/CodeIgniter/ci-TodoApp/vendor/smarty/smarty/libs/sysplugins/smarty_internal_template.php(216): Smarty_Template_Compiled->render(Object(Smarty_Internal_Template))
#15 /opt/lampp/htdocs/CodeIgniter/ci-TodoApp/vendor/smarty/smarty/libs/sysplugins/smarty_internal_templatebase.php(232): Smarty_Internal_Template->render(false, 1)
#16 /opt/lampp/htdocs/CodeIgniter/ci-TodoApp/vendor/smarty/smarty/libs/sysplugins/smarty_internal_templatebase.php(134): Smarty_Internal_TemplateBase->_execute(Object(Smarty_Internal_Template), NULL, NULL, NULL, 1)
#17 /opt/lampp/htdocs/CodeIgniter/ci-TodoApp/app/Controllers/TodoAppController.php(43): Smarty_Internal_TemplateBase->display('ujFeladat.tpl')
#18 /opt/lampp/htdocs/CodeIgniter/ci-TodoApp/vendor/codeigniter4/framework/system/CodeIgniter.php(928): App\Controllers\TodoAppController->ujFeladat()
#19 /opt/lampp/htdocs/CodeIgniter/ci-TodoApp/vendor/codeigniter4/framework/system/CodeIgniter.php(436): CodeIgniter\CodeIgniter->runController(Object(App\Controllers\TodoAppController))
#20 /opt/lampp/htdocs/CodeIgniter/ci-TodoApp/vendor/codeigniter4/framework/system/CodeIgniter.php(336): CodeIgniter\CodeIgniter->handleRequest(NULL, Object(Config\Cache), false)
#21 /opt/lampp/htdocs/CodeIgniter/ci-TodoApp/public/index.php(37): CodeIgniter\CodeIgniter->run()
#22 /opt/lampp/htdocs/CodeIgniter/ci-TodoApp/vendor/codeigniter4/framework/system/Commands/Server/rewrite.php(45): require_once('/opt/lampp/htdo...')
#23 {main}
CRITICAL - 2021-07-26 11:40:44 --> Syntax error in template "file:/opt/lampp/htdocs/CodeIgniter/ci-TodoApp/app/Views/ujFeladat.tpl"  on line 31 "<span class="help-block">{php}<?= esc($error) ?>{/php}</span>" {php}{/php} tags not allowed. Use SmartyBC to enable them
#0 /opt/lampp/htdocs/CodeIgniter/ci-TodoApp/vendor/smarty/smarty/libs/sysplugins/smarty_internal_compile_private_php.php(105): Smarty_Internal_TemplateCompilerBase->trigger_template_error('{php}{/php} tag...', 31, true)
#1 /opt/lampp/htdocs/CodeIgniter/ci-TodoApp/vendor/smarty/smarty/libs/sysplugins/smarty_internal_templatecompilerbase.php(768): Smarty_Internal_Compile_Private_Php->compile(Array, Object(Smarty_Internal_SmartyTemplateCompiler), Array, NULL, NULL)
#2 /opt/lampp/htdocs/CodeIgniter/ci-TodoApp/vendor/smarty/smarty/libs/sysplugins/smarty_internal_templatecompilerbase.php(1497): Smarty_Internal_TemplateCompilerBase->callTagCompiler('private_php', Array, Array)
#3 /opt/lampp/htdocs/CodeIgniter/ci-TodoApp/vendor/smarty/smarty/libs/sysplugins/smarty_internal_templatecompilerbase.php(565): Smarty_Internal_TemplateCompilerBase->compileTag2('private_php', Array, Array)
#4 /opt/lampp/htdocs/CodeIgniter/ci-TodoApp/vendor/smarty/smarty/libs/sysplugins/smarty_internal_templateparser.php(2157): Smarty_Internal_TemplateCompilerBase->compileTag('private_php', Array, Array)
#5 /opt/lampp/htdocs/CodeIgniter/ci-TodoApp/vendor/smarty/smarty/libs/sysplugins/smarty_internal_templateparser.php(3477): Smarty_Internal_Templateparser->yy_r1()
#6 /opt/lampp/htdocs/CodeIgniter/ci-TodoApp/vendor/smarty/smarty/libs/sysplugins/smarty_internal_templateparser.php(3569): Smarty_Internal_Templateparser->yy_reduce(1)
#7 /opt/lampp/htdocs/CodeIgniter/ci-TodoApp/vendor/smarty/smarty/libs/sysplugins/smarty_internal_smartytemplatecompiler.php(128): Smarty_Internal_Templateparser->doParse(4, '</span>        ...')
#8 /opt/lampp/htdocs/CodeIgniter/ci-TodoApp/vendor/smarty/smarty/libs/sysplugins/smarty_internal_templatecompilerbase.php(481): Smarty_Internal_SmartyTemplateCompiler->doCompile('{* F\xC5\x91sablon ke...', true)
#9 /opt/lampp/htdocs/CodeIgniter/ci-TodoApp/vendor/smarty/smarty/libs/sysplugins/smarty_internal_templatecompilerbase.php(402): Smarty_Internal_TemplateCompilerBase->compileTemplateSource(Object(Smarty_Internal_Template), false, NULL)
#10 /opt/lampp/htdocs/CodeIgniter/ci-TodoApp/vendor/smarty/smarty/libs/sysplugins/smarty_template_compiled.php(184): Smarty_Internal_TemplateCompilerBase->compileTemplate(Object(Smarty_Internal_Template))
#11 /opt/lampp/htdocs/CodeIgniter/ci-TodoApp/vendor/smarty/smarty/libs/sysplugins/smarty_template_compiled.php(141): Smarty_Template_Compiled->compileTemplateSource(Object(Smarty_Internal_Template))
#12 /opt/lampp/htdocs/CodeIgniter/ci-TodoApp/vendor/smarty/smarty/libs/sysplugins/smarty_template_compiled.php(105): Smarty_Template_Compiled->process(Object(Smarty_Internal_Template))
#13 /opt/lampp/htdocs/CodeIgniter/ci-TodoApp/vendor/smarty/smarty/libs/sysplugins/smarty_internal_template.php(216): Smarty_Template_Compiled->render(Object(Smarty_Internal_Template))
#14 /opt/lampp/htdocs/CodeIgniter/ci-TodoApp/vendor/smarty/smarty/libs/sysplugins/smarty_internal_templatebase.php(232): Smarty_Internal_Template->render(false, 1)
#15 /opt/lampp/htdocs/CodeIgniter/ci-TodoApp/vendor/smarty/smarty/libs/sysplugins/smarty_internal_templatebase.php(134): Smarty_Internal_TemplateBase->_execute(Object(Smarty_Internal_Template), NULL, NULL, NULL, 1)
#16 /opt/lampp/htdocs/CodeIgniter/ci-TodoApp/app/Controllers/TodoAppController.php(43): Smarty_Internal_TemplateBase->display('ujFeladat.tpl')
#17 /opt/lampp/htdocs/CodeIgniter/ci-TodoApp/vendor/codeigniter4/framework/system/CodeIgniter.php(928): App\Controllers\TodoAppController->ujFeladat()
#18 /opt/lampp/htdocs/CodeIgniter/ci-TodoApp/vendor/codeigniter4/framework/system/CodeIgniter.php(436): CodeIgniter\CodeIgniter->runController(Object(App\Controllers\TodoAppController))
#19 /opt/lampp/htdocs/CodeIgniter/ci-TodoApp/vendor/codeigniter4/framework/system/CodeIgniter.php(336): CodeIgniter\CodeIgniter->handleRequest(NULL, Object(Config\Cache), false)
#20 /opt/lampp/htdocs/CodeIgniter/ci-TodoApp/public/index.php(37): CodeIgniter\CodeIgniter->run()
#21 /opt/lampp/htdocs/CodeIgniter/ci-TodoApp/vendor/codeigniter4/framework/system/Commands/Server/rewrite.php(45): require_once('/opt/lampp/htdo...')
#22 {main}
CRITICAL - 2021-07-26 11:42:11 --> Syntax error in template "file:/opt/lampp/htdocs/CodeIgniter/ci-TodoApp/app/Views/ujFeladat.tpl"  on line 31 "<span class="help-block">{php}esc($error){/php}</span>" {php}{/php} tags not allowed. Use SmartyBC to enable them
#0 /opt/lampp/htdocs/CodeIgniter/ci-TodoApp/vendor/smarty/smarty/libs/sysplugins/smarty_internal_compile_private_php.php(105): Smarty_Internal_TemplateCompilerBase->trigger_template_error('{php}{/php} tag...', 31, true)
#1 /opt/lampp/htdocs/CodeIgniter/ci-TodoApp/vendor/smarty/smarty/libs/sysplugins/smarty_internal_templatecompilerbase.php(768): Smarty_Internal_Compile_Private_Php->compile(Array, Object(Smarty_Internal_SmartyTemplateCompiler), Array, NULL, NULL)
#2 /opt/lampp/htdocs/CodeIgniter/ci-TodoApp/vendor/smarty/smarty/libs/sysplugins/smarty_internal_templatecompilerbase.php(1497): Smarty_Internal_TemplateCompilerBase->callTagCompiler('private_php', Array, Array)
#3 /opt/lampp/htdocs/CodeIgniter/ci-TodoApp/vendor/smarty/smarty/libs/sysplugins/smarty_internal_templatecompilerbase.php(565): Smarty_Internal_TemplateCompilerBase->compileTag2('private_php', Array, Array)
#4 /opt/lampp/htdocs/CodeIgniter/ci-TodoApp/vendor/smarty/smarty/libs/sysplugins/smarty_internal_templateparser.php(2157): Smarty_Internal_TemplateCompilerBase->compileTag('private_php', Array, Array)
#5 /opt/lampp/htdocs/CodeIgniter/ci-TodoApp/vendor/smarty/smarty/libs/sysplugins/smarty_internal_templateparser.php(3477): Smarty_Internal_Templateparser->yy_r1()
#6 /opt/lampp/htdocs/CodeIgniter/ci-TodoApp/vendor/smarty/smarty/libs/sysplugins/smarty_internal_templateparser.php(3569): Smarty_Internal_Templateparser->yy_reduce(1)
#7 /opt/lampp/htdocs/CodeIgniter/ci-TodoApp/vendor/smarty/smarty/libs/sysplugins/smarty_internal_smartytemplatecompiler.php(128): Smarty_Internal_Templateparser->doParse(4, '</span>        ...')
#8 /opt/lampp/htdocs/CodeIgniter/ci-TodoApp/vendor/smarty/smarty/libs/sysplugins/smarty_internal_templatecompilerbase.php(481): Smarty_Internal_SmartyTemplateCompiler->doCompile('{* F\xC5\x91sablon ke...', true)
#9 /opt/lampp/htdocs/CodeIgniter/ci-TodoApp/vendor/smarty/smarty/libs/sysplugins/smarty_internal_templatecompilerbase.php(402): Smarty_Internal_TemplateCompilerBase->compileTemplateSource(Object(Smarty_Internal_Template), false, NULL)
#10 /opt/lampp/htdocs/CodeIgniter/ci-TodoApp/vendor/smarty/smarty/libs/sysplugins/smarty_template_compiled.php(184): Smarty_Internal_TemplateCompilerBase->compileTemplate(Object(Smarty_Internal_Template))
#11 /opt/lampp/htdocs/CodeIgniter/ci-TodoApp/vendor/smarty/smarty/libs/sysplugins/smarty_template_compiled.php(141): Smarty_Template_Compiled->compileTemplateSource(Object(Smarty_Internal_Template))
#12 /opt/lampp/htdocs/CodeIgniter/ci-TodoApp/vendor/smarty/smarty/libs/sysplugins/smarty_template_compiled.php(105): Smarty_Template_Compiled->process(Object(Smarty_Internal_Template))
#13 /opt/lampp/htdocs/CodeIgniter/ci-TodoApp/vendor/smarty/smarty/libs/sysplugins/smarty_internal_template.php(216): Smarty_Template_Compiled->render(Object(Smarty_Internal_Template))
#14 /opt/lampp/htdocs/CodeIgniter/ci-TodoApp/vendor/smarty/smarty/libs/sysplugins/smarty_internal_templatebase.php(232): Smarty_Internal_Template->render(false, 1)
#15 /opt/lampp/htdocs/CodeIgniter/ci-TodoApp/vendor/smarty/smarty/libs/sysplugins/smarty_internal_templatebase.php(134): Smarty_Internal_TemplateBase->_execute(Object(Smarty_Internal_Template), NULL, NULL, NULL, 1)
#16 /opt/lampp/htdocs/CodeIgniter/ci-TodoApp/app/Controllers/TodoAppController.php(43): Smarty_Internal_TemplateBase->display('ujFeladat.tpl')
#17 /opt/lampp/htdocs/CodeIgniter/ci-TodoApp/vendor/codeigniter4/framework/system/CodeIgniter.php(928): App\Controllers\TodoAppController->ujFeladat()
#18 /opt/lampp/htdocs/CodeIgniter/ci-TodoApp/vendor/codeigniter4/framework/system/CodeIgniter.php(436): CodeIgniter\CodeIgniter->runController(Object(App\Controllers\TodoAppController))
#19 /opt/lampp/htdocs/CodeIgniter/ci-TodoApp/vendor/codeigniter4/framework/system/CodeIgniter.php(336): CodeIgniter\CodeIgniter->handleRequest(NULL, Object(Config\Cache), false)
#20 /opt/lampp/htdocs/CodeIgniter/ci-TodoApp/public/index.php(37): CodeIgniter\CodeIgniter->run()
#21 /opt/lampp/htdocs/CodeIgniter/ci-TodoApp/vendor/codeigniter4/framework/system/Commands/Server/rewrite.php(45): require_once('/opt/lampp/htdo...')
#22 {main}
CRITICAL - 2021-07-26 11:44:23 --> Syntax error in template "file:/opt/lampp/htdocs/CodeIgniter/ci-TodoApp/app/Views/ujFeladat.tpl"  on line 31 "<span class="help-block">{php}echo($error);{/php}</span>" {php}{/php} tags not allowed. Use SmartyBC to enable them
#0 /opt/lampp/htdocs/CodeIgniter/ci-TodoApp/vendor/smarty/smarty/libs/sysplugins/smarty_internal_compile_private_php.php(105): Smarty_Internal_TemplateCompilerBase->trigger_template_error('{php}{/php} tag...', 31, true)
#1 /opt/lampp/htdocs/CodeIgniter/ci-TodoApp/vendor/smarty/smarty/libs/sysplugins/smarty_internal_templatecompilerbase.php(768): Smarty_Internal_Compile_Private_Php->compile(Array, Object(Smarty_Internal_SmartyTemplateCompiler), Array, NULL, NULL)
#2 /opt/lampp/htdocs/CodeIgniter/ci-TodoApp/vendor/smarty/smarty/libs/sysplugins/smarty_internal_templatecompilerbase.php(1497): Smarty_Internal_TemplateCompilerBase->callTagCompiler('private_php', Array, Array)
#3 /opt/lampp/htdocs/CodeIgniter/ci-TodoApp/vendor/smarty/smarty/libs/sysplugins/smarty_internal_templatecompilerbase.php(565): Smarty_Internal_TemplateCompilerBase->compileTag2('private_php', Array, Array)
#4 /opt/lampp/htdocs/CodeIgniter/ci-TodoApp/vendor/smarty/smarty/libs/sysplugins/smarty_internal_templateparser.php(2157): Smarty_Internal_TemplateCompilerBase->compileTag('private_php', Array, Array)
#5 /opt/lampp/htdocs/CodeIgniter/ci-TodoApp/vendor/smarty/smarty/libs/sysplugins/smarty_internal_templateparser.php(3477): Smarty_Internal_Templateparser->yy_r1()
#6 /opt/lampp/htdocs/CodeIgniter/ci-TodoApp/vendor/smarty/smarty/libs/sysplugins/smarty_internal_templateparser.php(3569): Smarty_Internal_Templateparser->yy_reduce(1)
#7 /opt/lampp/htdocs/CodeIgniter/ci-TodoApp/vendor/smarty/smarty/libs/sysplugins/smarty_internal_smartytemplatecompiler.php(128): Smarty_Internal_Templateparser->doParse(4, '</span>        ...')
#8 /opt/lampp/htdocs/CodeIgniter/ci-TodoApp/vendor/smarty/smarty/libs/sysplugins/smarty_internal_templatecompilerbase.php(481): Smarty_Internal_SmartyTemplateCompiler->doCompile('{* F\xC5\x91sablon ke...', true)
#9 /opt/lampp/htdocs/CodeIgniter/ci-TodoApp/vendor/smarty/smarty/libs/sysplugins/smarty_internal_templatecompilerbase.php(402): Smarty_Internal_TemplateCompilerBase->compileTemplateSource(Object(Smarty_Internal_Template), false, NULL)
#10 /opt/lampp/htdocs/CodeIgniter/ci-TodoApp/vendor/smarty/smarty/libs/sysplugins/smarty_template_compiled.php(184): Smarty_Internal_TemplateCompilerBase->compileTemplate(Object(Smarty_Internal_Template))
#11 /opt/lampp/htdocs/CodeIgniter/ci-TodoApp/vendor/smarty/smarty/libs/sysplugins/smarty_template_compiled.php(141): Smarty_Template_Compiled->compileTemplateSource(Object(Smarty_Internal_Template))
#12 /opt/lampp/htdocs/CodeIgniter/ci-TodoApp/vendor/smarty/smarty/libs/sysplugins/smarty_template_compiled.php(105): Smarty_Template_Compiled->process(Object(Smarty_Internal_Template))
#13 /opt/lampp/htdocs/CodeIgniter/ci-TodoApp/vendor/smarty/smarty/libs/sysplugins/smarty_internal_template.php(216): Smarty_Template_Compiled->render(Object(Smarty_Internal_Template))
#14 /opt/lampp/htdocs/CodeIgniter/ci-TodoApp/vendor/smarty/smarty/libs/sysplugins/smarty_internal_templatebase.php(232): Smarty_Internal_Template->render(false, 1)
#15 /opt/lampp/htdocs/CodeIgniter/ci-TodoApp/vendor/smarty/smarty/libs/sysplugins/smarty_internal_templatebase.php(134): Smarty_Internal_TemplateBase->_execute(Object(Smarty_Internal_Template), NULL, NULL, NULL, 1)
#16 /opt/lampp/htdocs/CodeIgniter/ci-TodoApp/app/Controllers/TodoAppController.php(43): Smarty_Internal_TemplateBase->display('ujFeladat.tpl')
#17 /opt/lampp/htdocs/CodeIgniter/ci-TodoApp/vendor/codeigniter4/framework/system/CodeIgniter.php(928): App\Controllers\TodoAppController->ujFeladat()
#18 /opt/lampp/htdocs/CodeIgniter/ci-TodoApp/vendor/codeigniter4/framework/system/CodeIgniter.php(436): CodeIgniter\CodeIgniter->runController(Object(App\Controllers\TodoAppController))
#19 /opt/lampp/htdocs/CodeIgniter/ci-TodoApp/vendor/codeigniter4/framework/system/CodeIgniter.php(336): CodeIgniter\CodeIgniter->handleRequest(NULL, Object(Config\Cache), false)
#20 /opt/lampp/htdocs/CodeIgniter/ci-TodoApp/public/index.php(37): CodeIgniter\CodeIgniter->run()
#21 /opt/lampp/htdocs/CodeIgniter/ci-TodoApp/vendor/codeigniter4/framework/system/Commands/Server/rewrite.php(45): require_once('/opt/lampp/htdo...')
#22 {main}
CRITICAL - 2021-07-26 11:50:35 --> Array to string conversion
#0 /opt/lampp/htdocs/CodeIgniter/ci-TodoApp/app/Controllers/TodoAppController.php(69): CodeIgniter\Debug\Exceptions->errorHandler(8, 'Array to string...', '/opt/lampp/htdo...', 69, Array)
#1 /opt/lampp/htdocs/CodeIgniter/ci-TodoApp/vendor/codeigniter4/framework/system/CodeIgniter.php(928): App\Controllers\TodoAppController->ujFelvitel()
#2 /opt/lampp/htdocs/CodeIgniter/ci-TodoApp/vendor/codeigniter4/framework/system/CodeIgniter.php(436): CodeIgniter\CodeIgniter->runController(Object(App\Controllers\TodoAppController))
#3 /opt/lampp/htdocs/CodeIgniter/ci-TodoApp/vendor/codeigniter4/framework/system/CodeIgniter.php(336): CodeIgniter\CodeIgniter->handleRequest(NULL, Object(Config\Cache), false)
#4 /opt/lampp/htdocs/CodeIgniter/ci-TodoApp/public/index.php(37): CodeIgniter\CodeIgniter->run()
#5 /opt/lampp/htdocs/CodeIgniter/ci-TodoApp/vendor/codeigniter4/framework/system/Commands/Server/rewrite.php(45): require_once('/opt/lampp/htdo...')
#6 {main}
