CRITICAL - 2021-08-30 10:27:22 --> Too few arguments to function App\Controllers\TodoAppController::Szerkesztes(), 0 passed in /opt/lampp/htdocs/CodeIgniter/ci-TodoApp2/vendor/codeigniter4/framework/system/CodeIgniter.php on line 928 and exactly 1 expected
#0 /opt/lampp/htdocs/CodeIgniter/ci-TodoApp2/vendor/codeigniter4/framework/system/CodeIgniter.php(928): App\Controllers\TodoAppController->Szerkesztes()
#1 /opt/lampp/htdocs/CodeIgniter/ci-TodoApp2/vendor/codeigniter4/framework/system/CodeIgniter.php(436): CodeIgniter\CodeIgniter->runController(Object(App\Controllers\TodoAppController))
#2 /opt/lampp/htdocs/CodeIgniter/ci-TodoApp2/vendor/codeigniter4/framework/system/CodeIgniter.php(336): CodeIgniter\CodeIgniter->handleRequest(NULL, Object(Config\Cache), false)
#3 /opt/lampp/htdocs/CodeIgniter/ci-TodoApp2/public/index.php(37): CodeIgniter\CodeIgniter->run()
#4 /opt/lampp/htdocs/CodeIgniter/ci-TodoApp2/vendor/codeigniter4/framework/system/Commands/Server/rewrite.php(45): require_once('/opt/lampp/htdo...')
#5 {main}
CRITICAL - 2021-08-30 10:27:24 --> Too few arguments to function App\Controllers\TodoAppController::Szerkesztes(), 0 passed in /opt/lampp/htdocs/CodeIgniter/ci-TodoApp2/vendor/codeigniter4/framework/system/CodeIgniter.php on line 928 and exactly 1 expected
#0 /opt/lampp/htdocs/CodeIgniter/ci-TodoApp2/vendor/codeigniter4/framework/system/CodeIgniter.php(928): App\Controllers\TodoAppController->Szerkesztes()
#1 /opt/lampp/htdocs/CodeIgniter/ci-TodoApp2/vendor/codeigniter4/framework/system/CodeIgniter.php(436): CodeIgniter\CodeIgniter->runController(Object(App\Controllers\TodoAppController))
#2 /opt/lampp/htdocs/CodeIgniter/ci-TodoApp2/vendor/codeigniter4/framework/system/CodeIgniter.php(336): CodeIgniter\CodeIgniter->handleRequest(NULL, Object(Config\Cache), false)
#3 /opt/lampp/htdocs/CodeIgniter/ci-TodoApp2/public/index.php(37): CodeIgniter\CodeIgniter->run()
#4 /opt/lampp/htdocs/CodeIgniter/ci-TodoApp2/vendor/codeigniter4/framework/system/Commands/Server/rewrite.php(45): require_once('/opt/lampp/htdo...')
#5 {main}
CRITICAL - 2021-08-30 10:27:24 --> Too few arguments to function App\Controllers\TodoAppController::Szerkesztes(), 0 passed in /opt/lampp/htdocs/CodeIgniter/ci-TodoApp2/vendor/codeigniter4/framework/system/CodeIgniter.php on line 928 and exactly 1 expected
#0 /opt/lampp/htdocs/CodeIgniter/ci-TodoApp2/vendor/codeigniter4/framework/system/CodeIgniter.php(928): App\Controllers\TodoAppController->Szerkesztes()
#1 /opt/lampp/htdocs/CodeIgniter/ci-TodoApp2/vendor/codeigniter4/framework/system/CodeIgniter.php(436): CodeIgniter\CodeIgniter->runController(Object(App\Controllers\TodoAppController))
#2 /opt/lampp/htdocs/CodeIgniter/ci-TodoApp2/vendor/codeigniter4/framework/system/CodeIgniter.php(336): CodeIgniter\CodeIgniter->handleRequest(NULL, Object(Config\Cache), false)
#3 /opt/lampp/htdocs/CodeIgniter/ci-TodoApp2/public/index.php(37): CodeIgniter\CodeIgniter->run()
#4 /opt/lampp/htdocs/CodeIgniter/ci-TodoApp2/vendor/codeigniter4/framework/system/Commands/Server/rewrite.php(45): require_once('/opt/lampp/htdo...')
#5 {main}
