CRITICAL - 2021-06-29 09:59:12 --> Syntax error in template "file:/opt/lampp/htdocs/codeigniter/ci-TodoApp/app/Views/ujFeladat.tpl"  on line 50 "url = '{php} route_to(/index.php/ujFelvitel) {/php}';" {php}{/php} tags not allowed. Use SmartyBC to enable them
#0 /opt/lampp/htdocs/codeigniter/ci-TodoApp/vendor/smarty/smarty/libs/sysplugins/smarty_internal_compile_private_php.php(105): Smarty_Internal_TemplateCompilerBase->trigger_template_error('{php}{/php} tag...', 50, true)
#1 /opt/lampp/htdocs/codeigniter/ci-TodoApp/vendor/smarty/smarty/libs/sysplugins/smarty_internal_templatecompilerbase.php(768): Smarty_Internal_Compile_Private_Php->compile(Array, Object(Smarty_Internal_SmartyTemplateCompiler), Array, NULL, NULL)
#2 /opt/lampp/htdocs/codeigniter/ci-TodoApp/vendor/smarty/smarty/libs/sysplugins/smarty_internal_templatecompilerbase.php(1497): Smarty_Internal_TemplateCompilerBase->callTagCompiler('private_php', Array, Array)
#3 /opt/lampp/htdocs/codeigniter/ci-TodoApp/vendor/smarty/smarty/libs/sysplugins/smarty_internal_templatecompilerbase.php(565): Smarty_Internal_TemplateCompilerBase->compileTag2('private_php', Array, Array)
#4 /opt/lampp/htdocs/codeigniter/ci-TodoApp/vendor/smarty/smarty/libs/sysplugins/smarty_internal_templateparser.php(2157): Smarty_Internal_TemplateCompilerBase->compileTag('private_php', Array, Array)
#5 /opt/lampp/htdocs/codeigniter/ci-TodoApp/vendor/smarty/smarty/libs/sysplugins/smarty_internal_templateparser.php(3477): Smarty_Internal_Templateparser->yy_r1()
#6 /opt/lampp/htdocs/codeigniter/ci-TodoApp/vendor/smarty/smarty/libs/sysplugins/smarty_internal_templateparser.php(3569): Smarty_Internal_Templateparser->yy_reduce(1)
#7 /opt/lampp/htdocs/codeigniter/ci-TodoApp/vendor/smarty/smarty/libs/sysplugins/smarty_internal_smartytemplatecompiler.php(128): Smarty_Internal_Templateparser->doParse(4, '';\n        //ur...')
#8 /opt/lampp/htdocs/codeigniter/ci-TodoApp/vendor/smarty/smarty/libs/sysplugins/smarty_internal_templatecompilerbase.php(481): Smarty_Internal_SmartyTemplateCompiler->doCompile('{* F\xC5\x91sablon ke...', true)
#9 /opt/lampp/htdocs/codeigniter/ci-TodoApp/vendor/smarty/smarty/libs/sysplugins/smarty_internal_templatecompilerbase.php(402): Smarty_Internal_TemplateCompilerBase->compileTemplateSource(Object(Smarty_Internal_Template), false, NULL)
#10 /opt/lampp/htdocs/codeigniter/ci-TodoApp/vendor/smarty/smarty/libs/sysplugins/smarty_template_compiled.php(184): Smarty_Internal_TemplateCompilerBase->compileTemplate(Object(Smarty_Internal_Template))
#11 /opt/lampp/htdocs/codeigniter/ci-TodoApp/vendor/smarty/smarty/libs/sysplugins/smarty_template_compiled.php(141): Smarty_Template_Compiled->compileTemplateSource(Object(Smarty_Internal_Template))
#12 /opt/lampp/htdocs/codeigniter/ci-TodoApp/vendor/smarty/smarty/libs/sysplugins/smarty_template_compiled.php(105): Smarty_Template_Compiled->process(Object(Smarty_Internal_Template))
#13 /opt/lampp/htdocs/codeigniter/ci-TodoApp/vendor/smarty/smarty/libs/sysplugins/smarty_internal_template.php(216): Smarty_Template_Compiled->render(Object(Smarty_Internal_Template))
#14 /opt/lampp/htdocs/codeigniter/ci-TodoApp/vendor/smarty/smarty/libs/sysplugins/smarty_internal_templatebase.php(232): Smarty_Internal_Template->render(false, 1)
#15 /opt/lampp/htdocs/codeigniter/ci-TodoApp/vendor/smarty/smarty/libs/sysplugins/smarty_internal_templatebase.php(134): Smarty_Internal_TemplateBase->_execute(Object(Smarty_Internal_Template), NULL, NULL, NULL, 1)
#16 /opt/lampp/htdocs/codeigniter/ci-TodoApp/app/Controllers/TodoAppController.php(36): Smarty_Internal_TemplateBase->display('ujFeladat.tpl')
#17 /opt/lampp/htdocs/codeigniter/ci-TodoApp/vendor/codeigniter4/framework/system/CodeIgniter.php(928): App\Controllers\TodoAppController->ujFeladat()
#18 /opt/lampp/htdocs/codeigniter/ci-TodoApp/vendor/codeigniter4/framework/system/CodeIgniter.php(436): CodeIgniter\CodeIgniter->runController(Object(App\Controllers\TodoAppController))
#19 /opt/lampp/htdocs/codeigniter/ci-TodoApp/vendor/codeigniter4/framework/system/CodeIgniter.php(336): CodeIgniter\CodeIgniter->handleRequest(NULL, Object(Config\Cache), false)
#20 /opt/lampp/htdocs/codeigniter/ci-TodoApp/public/index.php(37): CodeIgniter\CodeIgniter->run()
#21 /opt/lampp/htdocs/codeigniter/ci-TodoApp/vendor/codeigniter4/framework/system/Commands/Server/rewrite.php(45): require_once('/opt/lampp/htdo...')
#22 {main}
CRITICAL - 2021-06-29 09:59:31 --> Syntax error in template "file:/opt/lampp/htdocs/codeigniter/ci-TodoApp/app/Views/ujFeladat.tpl"  on line 50 "url = '{php} route_to(/index.php/ujFelvitel) {/php}';" {php}{/php} tags not allowed. Use SmartyBC to enable them
#0 /opt/lampp/htdocs/codeigniter/ci-TodoApp/vendor/smarty/smarty/libs/sysplugins/smarty_internal_compile_private_php.php(105): Smarty_Internal_TemplateCompilerBase->trigger_template_error('{php}{/php} tag...', 50, true)
#1 /opt/lampp/htdocs/codeigniter/ci-TodoApp/vendor/smarty/smarty/libs/sysplugins/smarty_internal_templatecompilerbase.php(768): Smarty_Internal_Compile_Private_Php->compile(Array, Object(Smarty_Internal_SmartyTemplateCompiler), Array, NULL, NULL)
#2 /opt/lampp/htdocs/codeigniter/ci-TodoApp/vendor/smarty/smarty/libs/sysplugins/smarty_internal_templatecompilerbase.php(1497): Smarty_Internal_TemplateCompilerBase->callTagCompiler('private_php', Array, Array)
#3 /opt/lampp/htdocs/codeigniter/ci-TodoApp/vendor/smarty/smarty/libs/sysplugins/smarty_internal_templatecompilerbase.php(565): Smarty_Internal_TemplateCompilerBase->compileTag2('private_php', Array, Array)
#4 /opt/lampp/htdocs/codeigniter/ci-TodoApp/vendor/smarty/smarty/libs/sysplugins/smarty_internal_templateparser.php(2157): Smarty_Internal_TemplateCompilerBase->compileTag('private_php', Array, Array)
#5 /opt/lampp/htdocs/codeigniter/ci-TodoApp/vendor/smarty/smarty/libs/sysplugins/smarty_internal_templateparser.php(3477): Smarty_Internal_Templateparser->yy_r1()
#6 /opt/lampp/htdocs/codeigniter/ci-TodoApp/vendor/smarty/smarty/libs/sysplugins/smarty_internal_templateparser.php(3569): Smarty_Internal_Templateparser->yy_reduce(1)
#7 /opt/lampp/htdocs/codeigniter/ci-TodoApp/vendor/smarty/smarty/libs/sysplugins/smarty_internal_smartytemplatecompiler.php(128): Smarty_Internal_Templateparser->doParse(4, '';\n        //ur...')
#8 /opt/lampp/htdocs/codeigniter/ci-TodoApp/vendor/smarty/smarty/libs/sysplugins/smarty_internal_templatecompilerbase.php(481): Smarty_Internal_SmartyTemplateCompiler->doCompile('{* F\xC5\x91sablon ke...', true)
#9 /opt/lampp/htdocs/codeigniter/ci-TodoApp/vendor/smarty/smarty/libs/sysplugins/smarty_internal_templatecompilerbase.php(402): Smarty_Internal_TemplateCompilerBase->compileTemplateSource(Object(Smarty_Internal_Template), false, NULL)
#10 /opt/lampp/htdocs/codeigniter/ci-TodoApp/vendor/smarty/smarty/libs/sysplugins/smarty_template_compiled.php(184): Smarty_Internal_TemplateCompilerBase->compileTemplate(Object(Smarty_Internal_Template))
#11 /opt/lampp/htdocs/codeigniter/ci-TodoApp/vendor/smarty/smarty/libs/sysplugins/smarty_template_compiled.php(141): Smarty_Template_Compiled->compileTemplateSource(Object(Smarty_Internal_Template))
#12 /opt/lampp/htdocs/codeigniter/ci-TodoApp/vendor/smarty/smarty/libs/sysplugins/smarty_template_compiled.php(105): Smarty_Template_Compiled->process(Object(Smarty_Internal_Template))
#13 /opt/lampp/htdocs/codeigniter/ci-TodoApp/vendor/smarty/smarty/libs/sysplugins/smarty_internal_template.php(216): Smarty_Template_Compiled->render(Object(Smarty_Internal_Template))
#14 /opt/lampp/htdocs/codeigniter/ci-TodoApp/vendor/smarty/smarty/libs/sysplugins/smarty_internal_templatebase.php(232): Smarty_Internal_Template->render(false, 1)
#15 /opt/lampp/htdocs/codeigniter/ci-TodoApp/vendor/smarty/smarty/libs/sysplugins/smarty_internal_templatebase.php(134): Smarty_Internal_TemplateBase->_execute(Object(Smarty_Internal_Template), NULL, NULL, NULL, 1)
#16 /opt/lampp/htdocs/codeigniter/ci-TodoApp/app/Controllers/TodoAppController.php(36): Smarty_Internal_TemplateBase->display('ujFeladat.tpl')
#17 /opt/lampp/htdocs/codeigniter/ci-TodoApp/vendor/codeigniter4/framework/system/CodeIgniter.php(928): App\Controllers\TodoAppController->ujFeladat()
#18 /opt/lampp/htdocs/codeigniter/ci-TodoApp/vendor/codeigniter4/framework/system/CodeIgniter.php(436): CodeIgniter\CodeIgniter->runController(Object(App\Controllers\TodoAppController))
#19 /opt/lampp/htdocs/codeigniter/ci-TodoApp/vendor/codeigniter4/framework/system/CodeIgniter.php(336): CodeIgniter\CodeIgniter->handleRequest(NULL, Object(Config\Cache), false)
#20 /opt/lampp/htdocs/codeigniter/ci-TodoApp/public/index.php(37): CodeIgniter\CodeIgniter->run()
#21 /opt/lampp/htdocs/codeigniter/ci-TodoApp/vendor/codeigniter4/framework/system/Commands/Server/rewrite.php(45): require_once('/opt/lampp/htdo...')
#22 {main}
CRITICAL - 2021-06-29 09:59:36 --> Syntax error in template "file:/opt/lampp/htdocs/codeigniter/ci-TodoApp/app/Views/ujFeladat.tpl"  on line 50 "url = '{php} route_to(/index.php/ujFelvitel) {/php}';" {php}{/php} tags not allowed. Use SmartyBC to enable them
#0 /opt/lampp/htdocs/codeigniter/ci-TodoApp/vendor/smarty/smarty/libs/sysplugins/smarty_internal_compile_private_php.php(105): Smarty_Internal_TemplateCompilerBase->trigger_template_error('{php}{/php} tag...', 50, true)
#1 /opt/lampp/htdocs/codeigniter/ci-TodoApp/vendor/smarty/smarty/libs/sysplugins/smarty_internal_templatecompilerbase.php(768): Smarty_Internal_Compile_Private_Php->compile(Array, Object(Smarty_Internal_SmartyTemplateCompiler), Array, NULL, NULL)
#2 /opt/lampp/htdocs/codeigniter/ci-TodoApp/vendor/smarty/smarty/libs/sysplugins/smarty_internal_templatecompilerbase.php(1497): Smarty_Internal_TemplateCompilerBase->callTagCompiler('private_php', Array, Array)
#3 /opt/lampp/htdocs/codeigniter/ci-TodoApp/vendor/smarty/smarty/libs/sysplugins/smarty_internal_templatecompilerbase.php(565): Smarty_Internal_TemplateCompilerBase->compileTag2('private_php', Array, Array)
#4 /opt/lampp/htdocs/codeigniter/ci-TodoApp/vendor/smarty/smarty/libs/sysplugins/smarty_internal_templateparser.php(2157): Smarty_Internal_TemplateCompilerBase->compileTag('private_php', Array, Array)
#5 /opt/lampp/htdocs/codeigniter/ci-TodoApp/vendor/smarty/smarty/libs/sysplugins/smarty_internal_templateparser.php(3477): Smarty_Internal_Templateparser->yy_r1()
#6 /opt/lampp/htdocs/codeigniter/ci-TodoApp/vendor/smarty/smarty/libs/sysplugins/smarty_internal_templateparser.php(3569): Smarty_Internal_Templateparser->yy_reduce(1)
#7 /opt/lampp/htdocs/codeigniter/ci-TodoApp/vendor/smarty/smarty/libs/sysplugins/smarty_internal_smartytemplatecompiler.php(128): Smarty_Internal_Templateparser->doParse(4, '';\n        //ur...')
#8 /opt/lampp/htdocs/codeigniter/ci-TodoApp/vendor/smarty/smarty/libs/sysplugins/smarty_internal_templatecompilerbase.php(481): Smarty_Internal_SmartyTemplateCompiler->doCompile('{* F\xC5\x91sablon ke...', true)
#9 /opt/lampp/htdocs/codeigniter/ci-TodoApp/vendor/smarty/smarty/libs/sysplugins/smarty_internal_templatecompilerbase.php(402): Smarty_Internal_TemplateCompilerBase->compileTemplateSource(Object(Smarty_Internal_Template), false, NULL)
#10 /opt/lampp/htdocs/codeigniter/ci-TodoApp/vendor/smarty/smarty/libs/sysplugins/smarty_template_compiled.php(184): Smarty_Internal_TemplateCompilerBase->compileTemplate(Object(Smarty_Internal_Template))
#11 /opt/lampp/htdocs/codeigniter/ci-TodoApp/vendor/smarty/smarty/libs/sysplugins/smarty_template_compiled.php(141): Smarty_Template_Compiled->compileTemplateSource(Object(Smarty_Internal_Template))
#12 /opt/lampp/htdocs/codeigniter/ci-TodoApp/vendor/smarty/smarty/libs/sysplugins/smarty_template_compiled.php(105): Smarty_Template_Compiled->process(Object(Smarty_Internal_Template))
#13 /opt/lampp/htdocs/codeigniter/ci-TodoApp/vendor/smarty/smarty/libs/sysplugins/smarty_internal_template.php(216): Smarty_Template_Compiled->render(Object(Smarty_Internal_Template))
#14 /opt/lampp/htdocs/codeigniter/ci-TodoApp/vendor/smarty/smarty/libs/sysplugins/smarty_internal_templatebase.php(232): Smarty_Internal_Template->render(false, 1)
#15 /opt/lampp/htdocs/codeigniter/ci-TodoApp/vendor/smarty/smarty/libs/sysplugins/smarty_internal_templatebase.php(134): Smarty_Internal_TemplateBase->_execute(Object(Smarty_Internal_Template), NULL, NULL, NULL, 1)
#16 /opt/lampp/htdocs/codeigniter/ci-TodoApp/app/Controllers/TodoAppController.php(36): Smarty_Internal_TemplateBase->display('ujFeladat.tpl')
#17 /opt/lampp/htdocs/codeigniter/ci-TodoApp/vendor/codeigniter4/framework/system/CodeIgniter.php(928): App\Controllers\TodoAppController->ujFeladat()
#18 /opt/lampp/htdocs/codeigniter/ci-TodoApp/vendor/codeigniter4/framework/system/CodeIgniter.php(436): CodeIgniter\CodeIgniter->runController(Object(App\Controllers\TodoAppController))
#19 /opt/lampp/htdocs/codeigniter/ci-TodoApp/vendor/codeigniter4/framework/system/CodeIgniter.php(336): CodeIgniter\CodeIgniter->handleRequest(NULL, Object(Config\Cache), false)
#20 /opt/lampp/htdocs/codeigniter/ci-TodoApp/public/index.php(37): CodeIgniter\CodeIgniter->run()
#21 /opt/lampp/htdocs/codeigniter/ci-TodoApp/vendor/codeigniter4/framework/system/Commands/Server/rewrite.php(45): require_once('/opt/lampp/htdo...')
#22 {main}
CRITICAL - 2021-06-29 10:00:25 --> Syntax error in template "file:/opt/lampp/htdocs/codeigniter/ci-TodoApp/app/Views/ujFeladat.tpl"  on line 50 "url = "{php} route_to(/index.php/ujFelvitel) {/php}";" {php}{/php} tags not allowed. Use SmartyBC to enable them
#0 /opt/lampp/htdocs/codeigniter/ci-TodoApp/vendor/smarty/smarty/libs/sysplugins/smarty_internal_compile_private_php.php(105): Smarty_Internal_TemplateCompilerBase->trigger_template_error('{php}{/php} tag...', 50, true)
#1 /opt/lampp/htdocs/codeigniter/ci-TodoApp/vendor/smarty/smarty/libs/sysplugins/smarty_internal_templatecompilerbase.php(768): Smarty_Internal_Compile_Private_Php->compile(Array, Object(Smarty_Internal_SmartyTemplateCompiler), Array, NULL, NULL)
#2 /opt/lampp/htdocs/codeigniter/ci-TodoApp/vendor/smarty/smarty/libs/sysplugins/smarty_internal_templatecompilerbase.php(1497): Smarty_Internal_TemplateCompilerBase->callTagCompiler('private_php', Array, Array)
#3 /opt/lampp/htdocs/codeigniter/ci-TodoApp/vendor/smarty/smarty/libs/sysplugins/smarty_internal_templatecompilerbase.php(565): Smarty_Internal_TemplateCompilerBase->compileTag2('private_php', Array, Array)
#4 /opt/lampp/htdocs/codeigniter/ci-TodoApp/vendor/smarty/smarty/libs/sysplugins/smarty_internal_templateparser.php(2157): Smarty_Internal_TemplateCompilerBase->compileTag('private_php', Array, Array)
#5 /opt/lampp/htdocs/codeigniter/ci-TodoApp/vendor/smarty/smarty/libs/sysplugins/smarty_internal_templateparser.php(3477): Smarty_Internal_Templateparser->yy_r1()
#6 /opt/lampp/htdocs/codeigniter/ci-TodoApp/vendor/smarty/smarty/libs/sysplugins/smarty_internal_templateparser.php(3569): Smarty_Internal_Templateparser->yy_reduce(1)
#7 /opt/lampp/htdocs/codeigniter/ci-TodoApp/vendor/smarty/smarty/libs/sysplugins/smarty_internal_smartytemplatecompiler.php(128): Smarty_Internal_Templateparser->doParse(4, '";\n        //ur...')
#8 /opt/lampp/htdocs/codeigniter/ci-TodoApp/vendor/smarty/smarty/libs/sysplugins/smarty_internal_templatecompilerbase.php(481): Smarty_Internal_SmartyTemplateCompiler->doCompile('{* F\xC5\x91sablon ke...', true)
#9 /opt/lampp/htdocs/codeigniter/ci-TodoApp/vendor/smarty/smarty/libs/sysplugins/smarty_internal_templatecompilerbase.php(402): Smarty_Internal_TemplateCompilerBase->compileTemplateSource(Object(Smarty_Internal_Template), false, NULL)
#10 /opt/lampp/htdocs/codeigniter/ci-TodoApp/vendor/smarty/smarty/libs/sysplugins/smarty_template_compiled.php(184): Smarty_Internal_TemplateCompilerBase->compileTemplate(Object(Smarty_Internal_Template))
#11 /opt/lampp/htdocs/codeigniter/ci-TodoApp/vendor/smarty/smarty/libs/sysplugins/smarty_template_compiled.php(141): Smarty_Template_Compiled->compileTemplateSource(Object(Smarty_Internal_Template))
#12 /opt/lampp/htdocs/codeigniter/ci-TodoApp/vendor/smarty/smarty/libs/sysplugins/smarty_template_compiled.php(105): Smarty_Template_Compiled->process(Object(Smarty_Internal_Template))
#13 /opt/lampp/htdocs/codeigniter/ci-TodoApp/vendor/smarty/smarty/libs/sysplugins/smarty_internal_template.php(216): Smarty_Template_Compiled->render(Object(Smarty_Internal_Template))
#14 /opt/lampp/htdocs/codeigniter/ci-TodoApp/vendor/smarty/smarty/libs/sysplugins/smarty_internal_templatebase.php(232): Smarty_Internal_Template->render(false, 1)
#15 /opt/lampp/htdocs/codeigniter/ci-TodoApp/vendor/smarty/smarty/libs/sysplugins/smarty_internal_templatebase.php(134): Smarty_Internal_TemplateBase->_execute(Object(Smarty_Internal_Template), NULL, NULL, NULL, 1)
#16 /opt/lampp/htdocs/codeigniter/ci-TodoApp/app/Controllers/TodoAppController.php(36): Smarty_Internal_TemplateBase->display('ujFeladat.tpl')
#17 /opt/lampp/htdocs/codeigniter/ci-TodoApp/vendor/codeigniter4/framework/system/CodeIgniter.php(928): App\Controllers\TodoAppController->ujFeladat()
#18 /opt/lampp/htdocs/codeigniter/ci-TodoApp/vendor/codeigniter4/framework/system/CodeIgniter.php(436): CodeIgniter\CodeIgniter->runController(Object(App\Controllers\TodoAppController))
#19 /opt/lampp/htdocs/codeigniter/ci-TodoApp/vendor/codeigniter4/framework/system/CodeIgniter.php(336): CodeIgniter\CodeIgniter->handleRequest(NULL, Object(Config\Cache), false)
#20 /opt/lampp/htdocs/codeigniter/ci-TodoApp/public/index.php(37): CodeIgniter\CodeIgniter->run()
#21 /opt/lampp/htdocs/codeigniter/ci-TodoApp/vendor/codeigniter4/framework/system/Commands/Server/rewrite.php(45): require_once('/opt/lampp/htdo...')
#22 {main}
CRITICAL - 2021-06-29 10:00:48 --> Syntax error in template "file:/opt/lampp/htdocs/codeigniter/ci-TodoApp/app/Views/ujFeladat.tpl"  on line 50 "url = "{php} route_to('/index.php/ujFelvitel') {/php}";" {php}{/php} tags not allowed. Use SmartyBC to enable them
#0 /opt/lampp/htdocs/codeigniter/ci-TodoApp/vendor/smarty/smarty/libs/sysplugins/smarty_internal_compile_private_php.php(105): Smarty_Internal_TemplateCompilerBase->trigger_template_error('{php}{/php} tag...', 50, true)
#1 /opt/lampp/htdocs/codeigniter/ci-TodoApp/vendor/smarty/smarty/libs/sysplugins/smarty_internal_templatecompilerbase.php(768): Smarty_Internal_Compile_Private_Php->compile(Array, Object(Smarty_Internal_SmartyTemplateCompiler), Array, NULL, NULL)
#2 /opt/lampp/htdocs/codeigniter/ci-TodoApp/vendor/smarty/smarty/libs/sysplugins/smarty_internal_templatecompilerbase.php(1497): Smarty_Internal_TemplateCompilerBase->callTagCompiler('private_php', Array, Array)
#3 /opt/lampp/htdocs/codeigniter/ci-TodoApp/vendor/smarty/smarty/libs/sysplugins/smarty_internal_templatecompilerbase.php(565): Smarty_Internal_TemplateCompilerBase->compileTag2('private_php', Array, Array)
#4 /opt/lampp/htdocs/codeigniter/ci-TodoApp/vendor/smarty/smarty/libs/sysplugins/smarty_internal_templateparser.php(2157): Smarty_Internal_TemplateCompilerBase->compileTag('private_php', Array, Array)
#5 /opt/lampp/htdocs/codeigniter/ci-TodoApp/vendor/smarty/smarty/libs/sysplugins/smarty_internal_templateparser.php(3477): Smarty_Internal_Templateparser->yy_r1()
#6 /opt/lampp/htdocs/codeigniter/ci-TodoApp/vendor/smarty/smarty/libs/sysplugins/smarty_internal_templateparser.php(3569): Smarty_Internal_Templateparser->yy_reduce(1)
#7 /opt/lampp/htdocs/codeigniter/ci-TodoApp/vendor/smarty/smarty/libs/sysplugins/smarty_internal_smartytemplatecompiler.php(128): Smarty_Internal_Templateparser->doParse(4, '";\n        //ur...')
#8 /opt/lampp/htdocs/codeigniter/ci-TodoApp/vendor/smarty/smarty/libs/sysplugins/smarty_internal_templatecompilerbase.php(481): Smarty_Internal_SmartyTemplateCompiler->doCompile('{* F\xC5\x91sablon ke...', true)
#9 /opt/lampp/htdocs/codeigniter/ci-TodoApp/vendor/smarty/smarty/libs/sysplugins/smarty_internal_templatecompilerbase.php(402): Smarty_Internal_TemplateCompilerBase->compileTemplateSource(Object(Smarty_Internal_Template), false, NULL)
#10 /opt/lampp/htdocs/codeigniter/ci-TodoApp/vendor/smarty/smarty/libs/sysplugins/smarty_template_compiled.php(184): Smarty_Internal_TemplateCompilerBase->compileTemplate(Object(Smarty_Internal_Template))
#11 /opt/lampp/htdocs/codeigniter/ci-TodoApp/vendor/smarty/smarty/libs/sysplugins/smarty_template_compiled.php(141): Smarty_Template_Compiled->compileTemplateSource(Object(Smarty_Internal_Template))
#12 /opt/lampp/htdocs/codeigniter/ci-TodoApp/vendor/smarty/smarty/libs/sysplugins/smarty_template_compiled.php(105): Smarty_Template_Compiled->process(Object(Smarty_Internal_Template))
#13 /opt/lampp/htdocs/codeigniter/ci-TodoApp/vendor/smarty/smarty/libs/sysplugins/smarty_internal_template.php(216): Smarty_Template_Compiled->render(Object(Smarty_Internal_Template))
#14 /opt/lampp/htdocs/codeigniter/ci-TodoApp/vendor/smarty/smarty/libs/sysplugins/smarty_internal_templatebase.php(232): Smarty_Internal_Template->render(false, 1)
#15 /opt/lampp/htdocs/codeigniter/ci-TodoApp/vendor/smarty/smarty/libs/sysplugins/smarty_internal_templatebase.php(134): Smarty_Internal_TemplateBase->_execute(Object(Smarty_Internal_Template), NULL, NULL, NULL, 1)
#16 /opt/lampp/htdocs/codeigniter/ci-TodoApp/app/Controllers/TodoAppController.php(36): Smarty_Internal_TemplateBase->display('ujFeladat.tpl')
#17 /opt/lampp/htdocs/codeigniter/ci-TodoApp/vendor/codeigniter4/framework/system/CodeIgniter.php(928): App\Controllers\TodoAppController->ujFeladat()
#18 /opt/lampp/htdocs/codeigniter/ci-TodoApp/vendor/codeigniter4/framework/system/CodeIgniter.php(436): CodeIgniter\CodeIgniter->runController(Object(App\Controllers\TodoAppController))
#19 /opt/lampp/htdocs/codeigniter/ci-TodoApp/vendor/codeigniter4/framework/system/CodeIgniter.php(336): CodeIgniter\CodeIgniter->handleRequest(NULL, Object(Config\Cache), false)
#20 /opt/lampp/htdocs/codeigniter/ci-TodoApp/public/index.php(37): CodeIgniter\CodeIgniter->run()
#21 /opt/lampp/htdocs/codeigniter/ci-TodoApp/vendor/codeigniter4/framework/system/Commands/Server/rewrite.php(45): require_once('/opt/lampp/htdo...')
#22 {main}
CRITICAL - 2021-06-29 10:01:27 --> Syntax error in template "file:/opt/lampp/htdocs/codeigniter/ci-TodoApp/app/Views/ujFeladat.tpl"  on line 50 "url = '{php} route_to("/index.php/ujFelvitel") {/php}';" {php}{/php} tags not allowed. Use SmartyBC to enable them
#0 /opt/lampp/htdocs/codeigniter/ci-TodoApp/vendor/smarty/smarty/libs/sysplugins/smarty_internal_compile_private_php.php(105): Smarty_Internal_TemplateCompilerBase->trigger_template_error('{php}{/php} tag...', 50, true)
#1 /opt/lampp/htdocs/codeigniter/ci-TodoApp/vendor/smarty/smarty/libs/sysplugins/smarty_internal_templatecompilerbase.php(768): Smarty_Internal_Compile_Private_Php->compile(Array, Object(Smarty_Internal_SmartyTemplateCompiler), Array, NULL, NULL)
#2 /opt/lampp/htdocs/codeigniter/ci-TodoApp/vendor/smarty/smarty/libs/sysplugins/smarty_internal_templatecompilerbase.php(1497): Smarty_Internal_TemplateCompilerBase->callTagCompiler('private_php', Array, Array)
#3 /opt/lampp/htdocs/codeigniter/ci-TodoApp/vendor/smarty/smarty/libs/sysplugins/smarty_internal_templatecompilerbase.php(565): Smarty_Internal_TemplateCompilerBase->compileTag2('private_php', Array, Array)
#4 /opt/lampp/htdocs/codeigniter/ci-TodoApp/vendor/smarty/smarty/libs/sysplugins/smarty_internal_templateparser.php(2157): Smarty_Internal_TemplateCompilerBase->compileTag('private_php', Array, Array)
#5 /opt/lampp/htdocs/codeigniter/ci-TodoApp/vendor/smarty/smarty/libs/sysplugins/smarty_internal_templateparser.php(3477): Smarty_Internal_Templateparser->yy_r1()
#6 /opt/lampp/htdocs/codeigniter/ci-TodoApp/vendor/smarty/smarty/libs/sysplugins/smarty_internal_templateparser.php(3569): Smarty_Internal_Templateparser->yy_reduce(1)
#7 /opt/lampp/htdocs/codeigniter/ci-TodoApp/vendor/smarty/smarty/libs/sysplugins/smarty_internal_smartytemplatecompiler.php(128): Smarty_Internal_Templateparser->doParse(4, '';\n        //ur...')
#8 /opt/lampp/htdocs/codeigniter/ci-TodoApp/vendor/smarty/smarty/libs/sysplugins/smarty_internal_templatecompilerbase.php(481): Smarty_Internal_SmartyTemplateCompiler->doCompile('{* F\xC5\x91sablon ke...', true)
#9 /opt/lampp/htdocs/codeigniter/ci-TodoApp/vendor/smarty/smarty/libs/sysplugins/smarty_internal_templatecompilerbase.php(402): Smarty_Internal_TemplateCompilerBase->compileTemplateSource(Object(Smarty_Internal_Template), false, NULL)
#10 /opt/lampp/htdocs/codeigniter/ci-TodoApp/vendor/smarty/smarty/libs/sysplugins/smarty_template_compiled.php(184): Smarty_Internal_TemplateCompilerBase->compileTemplate(Object(Smarty_Internal_Template))
#11 /opt/lampp/htdocs/codeigniter/ci-TodoApp/vendor/smarty/smarty/libs/sysplugins/smarty_template_compiled.php(141): Smarty_Template_Compiled->compileTemplateSource(Object(Smarty_Internal_Template))
#12 /opt/lampp/htdocs/codeigniter/ci-TodoApp/vendor/smarty/smarty/libs/sysplugins/smarty_template_compiled.php(105): Smarty_Template_Compiled->process(Object(Smarty_Internal_Template))
#13 /opt/lampp/htdocs/codeigniter/ci-TodoApp/vendor/smarty/smarty/libs/sysplugins/smarty_internal_template.php(216): Smarty_Template_Compiled->render(Object(Smarty_Internal_Template))
#14 /opt/lampp/htdocs/codeigniter/ci-TodoApp/vendor/smarty/smarty/libs/sysplugins/smarty_internal_templatebase.php(232): Smarty_Internal_Template->render(false, 1)
#15 /opt/lampp/htdocs/codeigniter/ci-TodoApp/vendor/smarty/smarty/libs/sysplugins/smarty_internal_templatebase.php(134): Smarty_Internal_TemplateBase->_execute(Object(Smarty_Internal_Template), NULL, NULL, NULL, 1)
#16 /opt/lampp/htdocs/codeigniter/ci-TodoApp/app/Controllers/TodoAppController.php(36): Smarty_Internal_TemplateBase->display('ujFeladat.tpl')
#17 /opt/lampp/htdocs/codeigniter/ci-TodoApp/vendor/codeigniter4/framework/system/CodeIgniter.php(928): App\Controllers\TodoAppController->ujFeladat()
#18 /opt/lampp/htdocs/codeigniter/ci-TodoApp/vendor/codeigniter4/framework/system/CodeIgniter.php(436): CodeIgniter\CodeIgniter->runController(Object(App\Controllers\TodoAppController))
#19 /opt/lampp/htdocs/codeigniter/ci-TodoApp/vendor/codeigniter4/framework/system/CodeIgniter.php(336): CodeIgniter\CodeIgniter->handleRequest(NULL, Object(Config\Cache), false)
#20 /opt/lampp/htdocs/codeigniter/ci-TodoApp/public/index.php(37): CodeIgniter\CodeIgniter->run()
#21 /opt/lampp/htdocs/codeigniter/ci-TodoApp/vendor/codeigniter4/framework/system/Commands/Server/rewrite.php(45): require_once('/opt/lampp/htdo...')
#22 {main}
CRITICAL - 2021-06-29 10:02:23 --> Syntax error in template "file:/opt/lampp/htdocs/codeigniter/ci-TodoApp/app/Views/ujFeladat.tpl"  on line 50 "url = '{php} echo site_url("/index.php/ujFelvitel") {/php}';" {php}{/php} tags not allowed. Use SmartyBC to enable them
#0 /opt/lampp/htdocs/codeigniter/ci-TodoApp/vendor/smarty/smarty/libs/sysplugins/smarty_internal_compile_private_php.php(105): Smarty_Internal_TemplateCompilerBase->trigger_template_error('{php}{/php} tag...', 50, true)
#1 /opt/lampp/htdocs/codeigniter/ci-TodoApp/vendor/smarty/smarty/libs/sysplugins/smarty_internal_templatecompilerbase.php(768): Smarty_Internal_Compile_Private_Php->compile(Array, Object(Smarty_Internal_SmartyTemplateCompiler), Array, NULL, NULL)
#2 /opt/lampp/htdocs/codeigniter/ci-TodoApp/vendor/smarty/smarty/libs/sysplugins/smarty_internal_templatecompilerbase.php(1497): Smarty_Internal_TemplateCompilerBase->callTagCompiler('private_php', Array, Array)
#3 /opt/lampp/htdocs/codeigniter/ci-TodoApp/vendor/smarty/smarty/libs/sysplugins/smarty_internal_templatecompilerbase.php(565): Smarty_Internal_TemplateCompilerBase->compileTag2('private_php', Array, Array)
#4 /opt/lampp/htdocs/codeigniter/ci-TodoApp/vendor/smarty/smarty/libs/sysplugins/smarty_internal_templateparser.php(2157): Smarty_Internal_TemplateCompilerBase->compileTag('private_php', Array, Array)
#5 /opt/lampp/htdocs/codeigniter/ci-TodoApp/vendor/smarty/smarty/libs/sysplugins/smarty_internal_templateparser.php(3477): Smarty_Internal_Templateparser->yy_r1()
#6 /opt/lampp/htdocs/codeigniter/ci-TodoApp/vendor/smarty/smarty/libs/sysplugins/smarty_internal_templateparser.php(3569): Smarty_Internal_Templateparser->yy_reduce(1)
#7 /opt/lampp/htdocs/codeigniter/ci-TodoApp/vendor/smarty/smarty/libs/sysplugins/smarty_internal_smartytemplatecompiler.php(128): Smarty_Internal_Templateparser->doParse(4, '';\n        //ur...')
#8 /opt/lampp/htdocs/codeigniter/ci-TodoApp/vendor/smarty/smarty/libs/sysplugins/smarty_internal_templatecompilerbase.php(481): Smarty_Internal_SmartyTemplateCompiler->doCompile('{* F\xC5\x91sablon ke...', true)
#9 /opt/lampp/htdocs/codeigniter/ci-TodoApp/vendor/smarty/smarty/libs/sysplugins/smarty_internal_templatecompilerbase.php(402): Smarty_Internal_TemplateCompilerBase->compileTemplateSource(Object(Smarty_Internal_Template), false, NULL)
#10 /opt/lampp/htdocs/codeigniter/ci-TodoApp/vendor/smarty/smarty/libs/sysplugins/smarty_template_compiled.php(184): Smarty_Internal_TemplateCompilerBase->compileTemplate(Object(Smarty_Internal_Template))
#11 /opt/lampp/htdocs/codeigniter/ci-TodoApp/vendor/smarty/smarty/libs/sysplugins/smarty_template_compiled.php(141): Smarty_Template_Compiled->compileTemplateSource(Object(Smarty_Internal_Template))
#12 /opt/lampp/htdocs/codeigniter/ci-TodoApp/vendor/smarty/smarty/libs/sysplugins/smarty_template_compiled.php(105): Smarty_Template_Compiled->process(Object(Smarty_Internal_Template))
#13 /opt/lampp/htdocs/codeigniter/ci-TodoApp/vendor/smarty/smarty/libs/sysplugins/smarty_internal_template.php(216): Smarty_Template_Compiled->render(Object(Smarty_Internal_Template))
#14 /opt/lampp/htdocs/codeigniter/ci-TodoApp/vendor/smarty/smarty/libs/sysplugins/smarty_internal_templatebase.php(232): Smarty_Internal_Template->render(false, 1)
#15 /opt/lampp/htdocs/codeigniter/ci-TodoApp/vendor/smarty/smarty/libs/sysplugins/smarty_internal_templatebase.php(134): Smarty_Internal_TemplateBase->_execute(Object(Smarty_Internal_Template), NULL, NULL, NULL, 1)
#16 /opt/lampp/htdocs/codeigniter/ci-TodoApp/app/Controllers/TodoAppController.php(36): Smarty_Internal_TemplateBase->display('ujFeladat.tpl')
#17 /opt/lampp/htdocs/codeigniter/ci-TodoApp/vendor/codeigniter4/framework/system/CodeIgniter.php(928): App\Controllers\TodoAppController->ujFeladat()
#18 /opt/lampp/htdocs/codeigniter/ci-TodoApp/vendor/codeigniter4/framework/system/CodeIgniter.php(436): CodeIgniter\CodeIgniter->runController(Object(App\Controllers\TodoAppController))
#19 /opt/lampp/htdocs/codeigniter/ci-TodoApp/vendor/codeigniter4/framework/system/CodeIgniter.php(336): CodeIgniter\CodeIgniter->handleRequest(NULL, Object(Config\Cache), false)
#20 /opt/lampp/htdocs/codeigniter/ci-TodoApp/public/index.php(37): CodeIgniter\CodeIgniter->run()
#21 /opt/lampp/htdocs/codeigniter/ci-TodoApp/vendor/codeigniter4/framework/system/Commands/Server/rewrite.php(45): require_once('/opt/lampp/htdo...')
#22 {main}
CRITICAL - 2021-06-29 10:03:06 --> Syntax error in template "file:/opt/lampp/htdocs/codeigniter/ci-TodoApp/app/Views/ujFeladat.tpl"  on line 50 "url = '{php} echo site_url("/index.php/ujFelvitel") {/php}';" {php}{/php} tags not allowed. Use SmartyBC to enable them
#0 /opt/lampp/htdocs/codeigniter/ci-TodoApp/vendor/smarty/smarty/libs/sysplugins/smarty_internal_compile_private_php.php(105): Smarty_Internal_TemplateCompilerBase->trigger_template_error('{php}{/php} tag...', 50, true)
#1 /opt/lampp/htdocs/codeigniter/ci-TodoApp/vendor/smarty/smarty/libs/sysplugins/smarty_internal_templatecompilerbase.php(768): Smarty_Internal_Compile_Private_Php->compile(Array, Object(Smarty_Internal_SmartyTemplateCompiler), Array, NULL, NULL)
#2 /opt/lampp/htdocs/codeigniter/ci-TodoApp/vendor/smarty/smarty/libs/sysplugins/smarty_internal_templatecompilerbase.php(1497): Smarty_Internal_TemplateCompilerBase->callTagCompiler('private_php', Array, Array)
#3 /opt/lampp/htdocs/codeigniter/ci-TodoApp/vendor/smarty/smarty/libs/sysplugins/smarty_internal_templatecompilerbase.php(565): Smarty_Internal_TemplateCompilerBase->compileTag2('private_php', Array, Array)
#4 /opt/lampp/htdocs/codeigniter/ci-TodoApp/vendor/smarty/smarty/libs/sysplugins/smarty_internal_templateparser.php(2157): Smarty_Internal_TemplateCompilerBase->compileTag('private_php', Array, Array)
#5 /opt/lampp/htdocs/codeigniter/ci-TodoApp/vendor/smarty/smarty/libs/sysplugins/smarty_internal_templateparser.php(3477): Smarty_Internal_Templateparser->yy_r1()
#6 /opt/lampp/htdocs/codeigniter/ci-TodoApp/vendor/smarty/smarty/libs/sysplugins/smarty_internal_templateparser.php(3569): Smarty_Internal_Templateparser->yy_reduce(1)
#7 /opt/lampp/htdocs/codeigniter/ci-TodoApp/vendor/smarty/smarty/libs/sysplugins/smarty_internal_smartytemplatecompiler.php(128): Smarty_Internal_Templateparser->doParse(4, '';\n        //ur...')
#8 /opt/lampp/htdocs/codeigniter/ci-TodoApp/vendor/smarty/smarty/libs/sysplugins/smarty_internal_templatecompilerbase.php(481): Smarty_Internal_SmartyTemplateCompiler->doCompile('{* F\xC5\x91sablon ke...', true)
#9 /opt/lampp/htdocs/codeigniter/ci-TodoApp/vendor/smarty/smarty/libs/sysplugins/smarty_internal_templatecompilerbase.php(402): Smarty_Internal_TemplateCompilerBase->compileTemplateSource(Object(Smarty_Internal_Template), false, NULL)
#10 /opt/lampp/htdocs/codeigniter/ci-TodoApp/vendor/smarty/smarty/libs/sysplugins/smarty_template_compiled.php(184): Smarty_Internal_TemplateCompilerBase->compileTemplate(Object(Smarty_Internal_Template))
#11 /opt/lampp/htdocs/codeigniter/ci-TodoApp/vendor/smarty/smarty/libs/sysplugins/smarty_template_compiled.php(141): Smarty_Template_Compiled->compileTemplateSource(Object(Smarty_Internal_Template))
#12 /opt/lampp/htdocs/codeigniter/ci-TodoApp/vendor/smarty/smarty/libs/sysplugins/smarty_template_compiled.php(105): Smarty_Template_Compiled->process(Object(Smarty_Internal_Template))
#13 /opt/lampp/htdocs/codeigniter/ci-TodoApp/vendor/smarty/smarty/libs/sysplugins/smarty_internal_template.php(216): Smarty_Template_Compiled->render(Object(Smarty_Internal_Template))
#14 /opt/lampp/htdocs/codeigniter/ci-TodoApp/vendor/smarty/smarty/libs/sysplugins/smarty_internal_templatebase.php(232): Smarty_Internal_Template->render(false, 1)
#15 /opt/lampp/htdocs/codeigniter/ci-TodoApp/vendor/smarty/smarty/libs/sysplugins/smarty_internal_templatebase.php(134): Smarty_Internal_TemplateBase->_execute(Object(Smarty_Internal_Template), NULL, NULL, NULL, 1)
#16 /opt/lampp/htdocs/codeigniter/ci-TodoApp/app/Controllers/TodoAppController.php(36): Smarty_Internal_TemplateBase->display('ujFeladat.tpl')
#17 /opt/lampp/htdocs/codeigniter/ci-TodoApp/vendor/codeigniter4/framework/system/CodeIgniter.php(928): App\Controllers\TodoAppController->ujFeladat()
#18 /opt/lampp/htdocs/codeigniter/ci-TodoApp/vendor/codeigniter4/framework/system/CodeIgniter.php(436): CodeIgniter\CodeIgniter->runController(Object(App\Controllers\TodoAppController))
#19 /opt/lampp/htdocs/codeigniter/ci-TodoApp/vendor/codeigniter4/framework/system/CodeIgniter.php(336): CodeIgniter\CodeIgniter->handleRequest(NULL, Object(Config\Cache), false)
#20 /opt/lampp/htdocs/codeigniter/ci-TodoApp/public/index.php(37): CodeIgniter\CodeIgniter->run()
#21 /opt/lampp/htdocs/codeigniter/ci-TodoApp/vendor/codeigniter4/framework/system/Commands/Server/rewrite.php(45): require_once('/opt/lampp/htdo...')
#22 {main}
