CRITICAL - 2021-06-14 09:39:11 --> Syntax error in template "file:/opt/lampp/htdocs/codeigniter/ci-TodoApp/app/Views/template.tpl"  on line 4 "{$item<br>}"  - Unexpected "}"
#0 /opt/lampp/htdocs/codeigniter/ci-TodoApp/vendor/smarty/smarty/libs/sysplugins/smarty_internal_templateparser.php(3519): Smarty_Internal_TemplateCompilerBase->trigger_template_error()
#1 /opt/lampp/htdocs/codeigniter/ci-TodoApp/vendor/smarty/smarty/libs/sysplugins/smarty_internal_templateparser.php(3577): Smarty_Internal_Templateparser->yy_syntax_error(14, '}')
#2 /opt/lampp/htdocs/codeigniter/ci-TodoApp/vendor/smarty/smarty/libs/sysplugins/smarty_internal_smartytemplatecompiler.php(128): Smarty_Internal_Templateparser->doParse(14, '}')
#3 /opt/lampp/htdocs/codeigniter/ci-TodoApp/vendor/smarty/smarty/libs/sysplugins/smarty_internal_templatecompilerbase.php(481): Smarty_Internal_SmartyTemplateCompiler->doCompile('{$time|default:...', true)
#4 /opt/lampp/htdocs/codeigniter/ci-TodoApp/vendor/smarty/smarty/libs/sysplugins/smarty_internal_templatecompilerbase.php(402): Smarty_Internal_TemplateCompilerBase->compileTemplateSource(Object(Smarty_Internal_Template), false, NULL)
#5 /opt/lampp/htdocs/codeigniter/ci-TodoApp/vendor/smarty/smarty/libs/sysplugins/smarty_template_compiled.php(184): Smarty_Internal_TemplateCompilerBase->compileTemplate(Object(Smarty_Internal_Template))
#6 /opt/lampp/htdocs/codeigniter/ci-TodoApp/vendor/smarty/smarty/libs/sysplugins/smarty_template_compiled.php(141): Smarty_Template_Compiled->compileTemplateSource(Object(Smarty_Internal_Template))
#7 /opt/lampp/htdocs/codeigniter/ci-TodoApp/vendor/smarty/smarty/libs/sysplugins/smarty_template_compiled.php(105): Smarty_Template_Compiled->process(Object(Smarty_Internal_Template))
#8 /opt/lampp/htdocs/codeigniter/ci-TodoApp/vendor/smarty/smarty/libs/sysplugins/smarty_internal_template.php(216): Smarty_Template_Compiled->render(Object(Smarty_Internal_Template))
#9 /opt/lampp/htdocs/codeigniter/ci-TodoApp/vendor/smarty/smarty/libs/sysplugins/smarty_internal_templatebase.php(232): Smarty_Internal_Template->render(false, 1)
#10 /opt/lampp/htdocs/codeigniter/ci-TodoApp/vendor/smarty/smarty/libs/sysplugins/smarty_internal_templatebase.php(134): Smarty_Internal_TemplateBase->_execute(Object(Smarty_Internal_Template), NULL, NULL, NULL, 1)
#11 /opt/lampp/htdocs/codeigniter/ci-TodoApp/app/Controllers/Home.php(19): Smarty_Internal_TemplateBase->display('template.tpl')
#12 /opt/lampp/htdocs/codeigniter/ci-TodoApp/vendor/codeigniter4/framework/system/CodeIgniter.php(928): App\Controllers\Home->index()
#13 /opt/lampp/htdocs/codeigniter/ci-TodoApp/vendor/codeigniter4/framework/system/CodeIgniter.php(436): CodeIgniter\CodeIgniter->runController(Object(App\Controllers\Home))
#14 /opt/lampp/htdocs/codeigniter/ci-TodoApp/vendor/codeigniter4/framework/system/CodeIgniter.php(336): CodeIgniter\CodeIgniter->handleRequest(NULL, Object(Config\Cache), false)
#15 /opt/lampp/htdocs/codeigniter/ci-TodoApp/public/index.php(37): CodeIgniter\CodeIgniter->run()
#16 /opt/lampp/htdocs/codeigniter/ci-TodoApp/vendor/codeigniter4/framework/system/Commands/Server/rewrite.php(45): require_once('/opt/lampp/htdo...')
#17 {main}
CRITICAL - 2021-06-14 09:39:39 --> Undefined index: apples
#0 /opt/lampp/htdocs/codeigniter/ci-TodoApp/writable/smarty/templates_c/9efa12e9ca51925353adb8794f5ace3489eef3ab_0.file.template.tpl.php(28): CodeIgniter\Debug\Exceptions->errorHandler(8, 'Undefined index...', '/opt/lampp/htdo...', 28, Array)
#1 /opt/lampp/htdocs/codeigniter/ci-TodoApp/vendor/smarty/smarty/libs/sysplugins/smarty_template_resource_base.php(123): content_60c76a2bde3b90_89548135(Object(Smarty_Internal_Template))
#2 /opt/lampp/htdocs/codeigniter/ci-TodoApp/vendor/smarty/smarty/libs/sysplugins/smarty_template_compiled.php(114): Smarty_Template_Resource_Base->getRenderedTemplateCode(Object(Smarty_Internal_Template))
#3 /opt/lampp/htdocs/codeigniter/ci-TodoApp/vendor/smarty/smarty/libs/sysplugins/smarty_internal_template.php(216): Smarty_Template_Compiled->render(Object(Smarty_Internal_Template))
#4 /opt/lampp/htdocs/codeigniter/ci-TodoApp/vendor/smarty/smarty/libs/sysplugins/smarty_internal_templatebase.php(232): Smarty_Internal_Template->render(false, 1)
#5 /opt/lampp/htdocs/codeigniter/ci-TodoApp/vendor/smarty/smarty/libs/sysplugins/smarty_internal_templatebase.php(134): Smarty_Internal_TemplateBase->_execute(Object(Smarty_Internal_Template), NULL, NULL, NULL, 1)
#6 /opt/lampp/htdocs/codeigniter/ci-TodoApp/app/Controllers/Home.php(19): Smarty_Internal_TemplateBase->display('template.tpl')
#7 /opt/lampp/htdocs/codeigniter/ci-TodoApp/vendor/codeigniter4/framework/system/CodeIgniter.php(928): App\Controllers\Home->index()
#8 /opt/lampp/htdocs/codeigniter/ci-TodoApp/vendor/codeigniter4/framework/system/CodeIgniter.php(436): CodeIgniter\CodeIgniter->runController(Object(App\Controllers\Home))
#9 /opt/lampp/htdocs/codeigniter/ci-TodoApp/vendor/codeigniter4/framework/system/CodeIgniter.php(336): CodeIgniter\CodeIgniter->handleRequest(NULL, Object(Config\Cache), false)
#10 /opt/lampp/htdocs/codeigniter/ci-TodoApp/public/index.php(37): CodeIgniter\CodeIgniter->run()
#11 /opt/lampp/htdocs/codeigniter/ci-TodoApp/vendor/codeigniter4/framework/system/Commands/Server/rewrite.php(45): require_once('/opt/lampp/htdo...')
#12 {main}
CRITICAL - 2021-06-14 09:40:13 --> Undefined index: apples
#0 /opt/lampp/htdocs/codeigniter/ci-TodoApp/writable/smarty/templates_c/9efa12e9ca51925353adb8794f5ace3489eef3ab_0.file.template.tpl.php(28): CodeIgniter\Debug\Exceptions->errorHandler(8, 'Undefined index...', '/opt/lampp/htdo...', 28, Array)
#1 /opt/lampp/htdocs/codeigniter/ci-TodoApp/vendor/smarty/smarty/libs/sysplugins/smarty_template_resource_base.php(123): content_60c76a2bde3b90_89548135(Object(Smarty_Internal_Template))
#2 /opt/lampp/htdocs/codeigniter/ci-TodoApp/vendor/smarty/smarty/libs/sysplugins/smarty_template_compiled.php(114): Smarty_Template_Resource_Base->getRenderedTemplateCode(Object(Smarty_Internal_Template))
#3 /opt/lampp/htdocs/codeigniter/ci-TodoApp/vendor/smarty/smarty/libs/sysplugins/smarty_internal_template.php(216): Smarty_Template_Compiled->render(Object(Smarty_Internal_Template))
#4 /opt/lampp/htdocs/codeigniter/ci-TodoApp/vendor/smarty/smarty/libs/sysplugins/smarty_internal_templatebase.php(232): Smarty_Internal_Template->render(false, 1)
#5 /opt/lampp/htdocs/codeigniter/ci-TodoApp/vendor/smarty/smarty/libs/sysplugins/smarty_internal_templatebase.php(134): Smarty_Internal_TemplateBase->_execute(Object(Smarty_Internal_Template), NULL, NULL, NULL, 1)
#6 /opt/lampp/htdocs/codeigniter/ci-TodoApp/app/Controllers/Home.php(20): Smarty_Internal_TemplateBase->display('template.tpl')
#7 /opt/lampp/htdocs/codeigniter/ci-TodoApp/vendor/codeigniter4/framework/system/CodeIgniter.php(928): App\Controllers\Home->index()
#8 /opt/lampp/htdocs/codeigniter/ci-TodoApp/vendor/codeigniter4/framework/system/CodeIgniter.php(436): CodeIgniter\CodeIgniter->runController(Object(App\Controllers\Home))
#9 /opt/lampp/htdocs/codeigniter/ci-TodoApp/vendor/codeigniter4/framework/system/CodeIgniter.php(336): CodeIgniter\CodeIgniter->handleRequest(NULL, Object(Config\Cache), false)
#10 /opt/lampp/htdocs/codeigniter/ci-TodoApp/public/index.php(37): CodeIgniter\CodeIgniter->run()
#11 /opt/lampp/htdocs/codeigniter/ci-TodoApp/vendor/codeigniter4/framework/system/Commands/Server/rewrite.php(45): require_once('/opt/lampp/htdo...')
#12 {main}
