CRITICAL - 2021-08-04 11:58:18 --> Too few arguments to function App\Controllers\TodoAppController::kivalasztottFeladat(), 0 passed in /opt/lampp/htdocs/CodeIgniter/ci-TodoApp2/vendor/codeigniter4/framework/system/CodeIgniter.php on line 928 and exactly 1 expected
#0 /opt/lampp/htdocs/CodeIgniter/ci-TodoApp2/vendor/codeigniter4/framework/system/CodeIgniter.php(928): App\Controllers\TodoAppController->kivalasztottFeladat()
#1 /opt/lampp/htdocs/CodeIgniter/ci-TodoApp2/vendor/codeigniter4/framework/system/CodeIgniter.php(436): CodeIgniter\CodeIgniter->runController(Object(App\Controllers\TodoAppController))
#2 /opt/lampp/htdocs/CodeIgniter/ci-TodoApp2/vendor/codeigniter4/framework/system/CodeIgniter.php(336): CodeIgniter\CodeIgniter->handleRequest(NULL, Object(Config\Cache), false)
#3 /opt/lampp/htdocs/CodeIgniter/ci-TodoApp2/public/index.php(37): CodeIgniter\CodeIgniter->run()
#4 /opt/lampp/htdocs/CodeIgniter/ci-TodoApp2/vendor/codeigniter4/framework/system/Commands/Server/rewrite.php(45): require_once('/opt/lampp/htdo...')
#5 {main}
CRITICAL - 2021-08-04 12:01:35 --> Too few arguments to function App\Controllers\TodoAppController::kivalasztottFeladat(), 0 passed in /opt/lampp/htdocs/CodeIgniter/ci-TodoApp2/vendor/codeigniter4/framework/system/CodeIgniter.php on line 928 and exactly 1 expected
#0 /opt/lampp/htdocs/CodeIgniter/ci-TodoApp2/vendor/codeigniter4/framework/system/CodeIgniter.php(928): App\Controllers\TodoAppController->kivalasztottFeladat()
#1 /opt/lampp/htdocs/CodeIgniter/ci-TodoApp2/vendor/codeigniter4/framework/system/CodeIgniter.php(436): CodeIgniter\CodeIgniter->runController(Object(App\Controllers\TodoAppController))
#2 /opt/lampp/htdocs/CodeIgniter/ci-TodoApp2/vendor/codeigniter4/framework/system/CodeIgniter.php(336): CodeIgniter\CodeIgniter->handleRequest(NULL, Object(Config\Cache), false)
#3 /opt/lampp/htdocs/CodeIgniter/ci-TodoApp2/public/index.php(37): CodeIgniter\CodeIgniter->run()
#4 /opt/lampp/htdocs/CodeIgniter/ci-TodoApp2/vendor/codeigniter4/framework/system/Commands/Server/rewrite.php(45): require_once('/opt/lampp/htdo...')
#5 {main}
CRITICAL - 2021-08-04 12:05:00 --> Too few arguments to function App\Controllers\TodoAppController::kivalasztottFeladat(), 0 passed in /opt/lampp/htdocs/CodeIgniter/ci-TodoApp2/vendor/codeigniter4/framework/system/CodeIgniter.php on line 928 and exactly 1 expected
#0 /opt/lampp/htdocs/CodeIgniter/ci-TodoApp2/vendor/codeigniter4/framework/system/CodeIgniter.php(928): App\Controllers\TodoAppController->kivalasztottFeladat()
#1 /opt/lampp/htdocs/CodeIgniter/ci-TodoApp2/vendor/codeigniter4/framework/system/CodeIgniter.php(436): CodeIgniter\CodeIgniter->runController(Object(App\Controllers\TodoAppController))
#2 /opt/lampp/htdocs/CodeIgniter/ci-TodoApp2/vendor/codeigniter4/framework/system/CodeIgniter.php(336): CodeIgniter\CodeIgniter->handleRequest(NULL, Object(Config\Cache), false)
#3 /opt/lampp/htdocs/CodeIgniter/ci-TodoApp2/public/index.php(37): CodeIgniter\CodeIgniter->run()
#4 /opt/lampp/htdocs/CodeIgniter/ci-TodoApp2/vendor/codeigniter4/framework/system/Commands/Server/rewrite.php(45): require_once('/opt/lampp/htdo...')
#5 {main}
CRITICAL - 2021-08-04 12:07:58 --> Too few arguments to function App\Controllers\TodoAppController::kivalasztottFeladat(), 0 passed in /opt/lampp/htdocs/CodeIgniter/ci-TodoApp2/vendor/codeigniter4/framework/system/CodeIgniter.php on line 928 and exactly 1 expected
#0 /opt/lampp/htdocs/CodeIgniter/ci-TodoApp2/vendor/codeigniter4/framework/system/CodeIgniter.php(928): App\Controllers\TodoAppController->kivalasztottFeladat()
#1 /opt/lampp/htdocs/CodeIgniter/ci-TodoApp2/vendor/codeigniter4/framework/system/CodeIgniter.php(436): CodeIgniter\CodeIgniter->runController(Object(App\Controllers\TodoAppController))
#2 /opt/lampp/htdocs/CodeIgniter/ci-TodoApp2/vendor/codeigniter4/framework/system/CodeIgniter.php(336): CodeIgniter\CodeIgniter->handleRequest(NULL, Object(Config\Cache), false)
#3 /opt/lampp/htdocs/CodeIgniter/ci-TodoApp2/public/index.php(37): CodeIgniter\CodeIgniter->run()
#4 /opt/lampp/htdocs/CodeIgniter/ci-TodoApp2/vendor/codeigniter4/framework/system/Commands/Server/rewrite.php(45): require_once('/opt/lampp/htdo...')
#5 {main}
CRITICAL - 2021-08-04 12:09:42 --> Too few arguments to function App\Controllers\TodoAppController::kivalasztottFeladat(), 0 passed in /opt/lampp/htdocs/CodeIgniter/ci-TodoApp2/vendor/codeigniter4/framework/system/CodeIgniter.php on line 928 and exactly 1 expected
#0 /opt/lampp/htdocs/CodeIgniter/ci-TodoApp2/vendor/codeigniter4/framework/system/CodeIgniter.php(928): App\Controllers\TodoAppController->kivalasztottFeladat()
#1 /opt/lampp/htdocs/CodeIgniter/ci-TodoApp2/vendor/codeigniter4/framework/system/CodeIgniter.php(436): CodeIgniter\CodeIgniter->runController(Object(App\Controllers\TodoAppController))
#2 /opt/lampp/htdocs/CodeIgniter/ci-TodoApp2/vendor/codeigniter4/framework/system/CodeIgniter.php(336): CodeIgniter\CodeIgniter->handleRequest(NULL, Object(Config\Cache), false)
#3 /opt/lampp/htdocs/CodeIgniter/ci-TodoApp2/public/index.php(37): CodeIgniter\CodeIgniter->run()
#4 /opt/lampp/htdocs/CodeIgniter/ci-TodoApp2/vendor/codeigniter4/framework/system/Commands/Server/rewrite.php(45): require_once('/opt/lampp/htdo...')
#5 {main}
CRITICAL - 2021-08-04 12:10:34 --> Too few arguments to function App\Controllers\TodoAppController::kivalasztottFeladat(), 0 passed in /opt/lampp/htdocs/CodeIgniter/ci-TodoApp2/vendor/codeigniter4/framework/system/CodeIgniter.php on line 928 and exactly 1 expected
#0 /opt/lampp/htdocs/CodeIgniter/ci-TodoApp2/vendor/codeigniter4/framework/system/CodeIgniter.php(928): App\Controllers\TodoAppController->kivalasztottFeladat()
#1 /opt/lampp/htdocs/CodeIgniter/ci-TodoApp2/vendor/codeigniter4/framework/system/CodeIgniter.php(436): CodeIgniter\CodeIgniter->runController(Object(App\Controllers\TodoAppController))
#2 /opt/lampp/htdocs/CodeIgniter/ci-TodoApp2/vendor/codeigniter4/framework/system/CodeIgniter.php(336): CodeIgniter\CodeIgniter->handleRequest(NULL, Object(Config\Cache), false)
#3 /opt/lampp/htdocs/CodeIgniter/ci-TodoApp2/public/index.php(37): CodeIgniter\CodeIgniter->run()
#4 /opt/lampp/htdocs/CodeIgniter/ci-TodoApp2/vendor/codeigniter4/framework/system/Commands/Server/rewrite.php(45): require_once('/opt/lampp/htdo...')
#5 {main}
CRITICAL - 2021-08-04 12:15:27 --> Too few arguments to function App\Controllers\TodoAppController::kivalasztottFeladat(), 0 passed in /opt/lampp/htdocs/CodeIgniter/ci-TodoApp2/vendor/codeigniter4/framework/system/CodeIgniter.php on line 928 and exactly 1 expected
#0 /opt/lampp/htdocs/CodeIgniter/ci-TodoApp2/vendor/codeigniter4/framework/system/CodeIgniter.php(928): App\Controllers\TodoAppController->kivalasztottFeladat()
#1 /opt/lampp/htdocs/CodeIgniter/ci-TodoApp2/vendor/codeigniter4/framework/system/CodeIgniter.php(436): CodeIgniter\CodeIgniter->runController(Object(App\Controllers\TodoAppController))
#2 /opt/lampp/htdocs/CodeIgniter/ci-TodoApp2/vendor/codeigniter4/framework/system/CodeIgniter.php(336): CodeIgniter\CodeIgniter->handleRequest(NULL, Object(Config\Cache), false)
#3 /opt/lampp/htdocs/CodeIgniter/ci-TodoApp2/public/index.php(37): CodeIgniter\CodeIgniter->run()
#4 /opt/lampp/htdocs/CodeIgniter/ci-TodoApp2/vendor/codeigniter4/framework/system/Commands/Server/rewrite.php(45): require_once('/opt/lampp/htdo...')
#5 {main}
CRITICAL - 2021-08-04 12:16:41 --> Too few arguments to function App\Controllers\TodoAppController::kivalasztottFeladat(), 0 passed in /opt/lampp/htdocs/CodeIgniter/ci-TodoApp2/vendor/codeigniter4/framework/system/CodeIgniter.php on line 928 and exactly 1 expected
#0 /opt/lampp/htdocs/CodeIgniter/ci-TodoApp2/vendor/codeigniter4/framework/system/CodeIgniter.php(928): App\Controllers\TodoAppController->kivalasztottFeladat()
#1 /opt/lampp/htdocs/CodeIgniter/ci-TodoApp2/vendor/codeigniter4/framework/system/CodeIgniter.php(436): CodeIgniter\CodeIgniter->runController(Object(App\Controllers\TodoAppController))
#2 /opt/lampp/htdocs/CodeIgniter/ci-TodoApp2/vendor/codeigniter4/framework/system/CodeIgniter.php(336): CodeIgniter\CodeIgniter->handleRequest(NULL, Object(Config\Cache), false)
#3 /opt/lampp/htdocs/CodeIgniter/ci-TodoApp2/public/index.php(37): CodeIgniter\CodeIgniter->run()
#4 /opt/lampp/htdocs/CodeIgniter/ci-TodoApp2/vendor/codeigniter4/framework/system/Commands/Server/rewrite.php(45): require_once('/opt/lampp/htdo...')
#5 {main}
CRITICAL - 2021-08-04 12:17:54 --> Too few arguments to function App\Controllers\TodoAppController::kivalasztottFeladat(), 0 passed in /opt/lampp/htdocs/CodeIgniter/ci-TodoApp2/vendor/codeigniter4/framework/system/CodeIgniter.php on line 928 and exactly 1 expected
#0 /opt/lampp/htdocs/CodeIgniter/ci-TodoApp2/vendor/codeigniter4/framework/system/CodeIgniter.php(928): App\Controllers\TodoAppController->kivalasztottFeladat()
#1 /opt/lampp/htdocs/CodeIgniter/ci-TodoApp2/vendor/codeigniter4/framework/system/CodeIgniter.php(436): CodeIgniter\CodeIgniter->runController(Object(App\Controllers\TodoAppController))
#2 /opt/lampp/htdocs/CodeIgniter/ci-TodoApp2/vendor/codeigniter4/framework/system/CodeIgniter.php(336): CodeIgniter\CodeIgniter->handleRequest(NULL, Object(Config\Cache), false)
#3 /opt/lampp/htdocs/CodeIgniter/ci-TodoApp2/public/index.php(37): CodeIgniter\CodeIgniter->run()
#4 /opt/lampp/htdocs/CodeIgniter/ci-TodoApp2/vendor/codeigniter4/framework/system/Commands/Server/rewrite.php(45): require_once('/opt/lampp/htdo...')
#5 {main}
CRITICAL - 2021-08-04 12:22:02 --> Too few arguments to function App\Controllers\TodoAppController::kivalasztottFeladat(), 0 passed in /opt/lampp/htdocs/CodeIgniter/ci-TodoApp2/vendor/codeigniter4/framework/system/CodeIgniter.php on line 928 and exactly 1 expected
#0 /opt/lampp/htdocs/CodeIgniter/ci-TodoApp2/vendor/codeigniter4/framework/system/CodeIgniter.php(928): App\Controllers\TodoAppController->kivalasztottFeladat()
#1 /opt/lampp/htdocs/CodeIgniter/ci-TodoApp2/vendor/codeigniter4/framework/system/CodeIgniter.php(436): CodeIgniter\CodeIgniter->runController(Object(App\Controllers\TodoAppController))
#2 /opt/lampp/htdocs/CodeIgniter/ci-TodoApp2/vendor/codeigniter4/framework/system/CodeIgniter.php(336): CodeIgniter\CodeIgniter->handleRequest(NULL, Object(Config\Cache), false)
#3 /opt/lampp/htdocs/CodeIgniter/ci-TodoApp2/public/index.php(37): CodeIgniter\CodeIgniter->run()
#4 /opt/lampp/htdocs/CodeIgniter/ci-TodoApp2/vendor/codeigniter4/framework/system/Commands/Server/rewrite.php(45): require_once('/opt/lampp/htdo...')
#5 {main}
CRITICAL - 2021-08-04 12:27:14 --> Too few arguments to function App\Controllers\TodoAppController::kivalasztottFeladat(), 0 passed in /opt/lampp/htdocs/CodeIgniter/ci-TodoApp2/vendor/codeigniter4/framework/system/CodeIgniter.php on line 928 and exactly 1 expected
#0 /opt/lampp/htdocs/CodeIgniter/ci-TodoApp2/vendor/codeigniter4/framework/system/CodeIgniter.php(928): App\Controllers\TodoAppController->kivalasztottFeladat()
#1 /opt/lampp/htdocs/CodeIgniter/ci-TodoApp2/vendor/codeigniter4/framework/system/CodeIgniter.php(436): CodeIgniter\CodeIgniter->runController(Object(App\Controllers\TodoAppController))
#2 /opt/lampp/htdocs/CodeIgniter/ci-TodoApp2/vendor/codeigniter4/framework/system/CodeIgniter.php(336): CodeIgniter\CodeIgniter->handleRequest(NULL, Object(Config\Cache), false)
#3 /opt/lampp/htdocs/CodeIgniter/ci-TodoApp2/public/index.php(37): CodeIgniter\CodeIgniter->run()
#4 /opt/lampp/htdocs/CodeIgniter/ci-TodoApp2/vendor/codeigniter4/framework/system/Commands/Server/rewrite.php(45): require_once('/opt/lampp/htdo...')
#5 {main}
CRITICAL - 2021-08-04 12:28:33 --> Too few arguments to function App\Controllers\TodoAppController::kivalasztottFeladat(), 0 passed in /opt/lampp/htdocs/CodeIgniter/ci-TodoApp2/vendor/codeigniter4/framework/system/CodeIgniter.php on line 928 and exactly 1 expected
#0 /opt/lampp/htdocs/CodeIgniter/ci-TodoApp2/vendor/codeigniter4/framework/system/CodeIgniter.php(928): App\Controllers\TodoAppController->kivalasztottFeladat()
#1 /opt/lampp/htdocs/CodeIgniter/ci-TodoApp2/vendor/codeigniter4/framework/system/CodeIgniter.php(436): CodeIgniter\CodeIgniter->runController(Object(App\Controllers\TodoAppController))
#2 /opt/lampp/htdocs/CodeIgniter/ci-TodoApp2/vendor/codeigniter4/framework/system/CodeIgniter.php(336): CodeIgniter\CodeIgniter->handleRequest(NULL, Object(Config\Cache), false)
#3 /opt/lampp/htdocs/CodeIgniter/ci-TodoApp2/public/index.php(37): CodeIgniter\CodeIgniter->run()
#4 /opt/lampp/htdocs/CodeIgniter/ci-TodoApp2/vendor/codeigniter4/framework/system/Commands/Server/rewrite.php(45): require_once('/opt/lampp/htdo...')
#5 {main}
CRITICAL - 2021-08-04 12:37:46 --> Too few arguments to function App\Controllers\TodoAppController::kivalasztottFeladat(), 0 passed in /opt/lampp/htdocs/CodeIgniter/ci-TodoApp2/vendor/codeigniter4/framework/system/CodeIgniter.php on line 928 and exactly 1 expected
#0 /opt/lampp/htdocs/CodeIgniter/ci-TodoApp2/vendor/codeigniter4/framework/system/CodeIgniter.php(928): App\Controllers\TodoAppController->kivalasztottFeladat()
#1 /opt/lampp/htdocs/CodeIgniter/ci-TodoApp2/vendor/codeigniter4/framework/system/CodeIgniter.php(436): CodeIgniter\CodeIgniter->runController(Object(App\Controllers\TodoAppController))
#2 /opt/lampp/htdocs/CodeIgniter/ci-TodoApp2/vendor/codeigniter4/framework/system/CodeIgniter.php(336): CodeIgniter\CodeIgniter->handleRequest(NULL, Object(Config\Cache), false)
#3 /opt/lampp/htdocs/CodeIgniter/ci-TodoApp2/public/index.php(37): CodeIgniter\CodeIgniter->run()
#4 /opt/lampp/htdocs/CodeIgniter/ci-TodoApp2/vendor/codeigniter4/framework/system/Commands/Server/rewrite.php(45): require_once('/opt/lampp/htdo...')
#5 {main}
CRITICAL - 2021-08-04 12:41:06 --> Too few arguments to function App\Controllers\TodoAppController::kivalasztottFeladat(), 0 passed in /opt/lampp/htdocs/CodeIgniter/ci-TodoApp2/vendor/codeigniter4/framework/system/CodeIgniter.php on line 928 and exactly 1 expected
#0 /opt/lampp/htdocs/CodeIgniter/ci-TodoApp2/vendor/codeigniter4/framework/system/CodeIgniter.php(928): App\Controllers\TodoAppController->kivalasztottFeladat()
#1 /opt/lampp/htdocs/CodeIgniter/ci-TodoApp2/vendor/codeigniter4/framework/system/CodeIgniter.php(436): CodeIgniter\CodeIgniter->runController(Object(App\Controllers\TodoAppController))
#2 /opt/lampp/htdocs/CodeIgniter/ci-TodoApp2/vendor/codeigniter4/framework/system/CodeIgniter.php(336): CodeIgniter\CodeIgniter->handleRequest(NULL, Object(Config\Cache), false)
#3 /opt/lampp/htdocs/CodeIgniter/ci-TodoApp2/public/index.php(37): CodeIgniter\CodeIgniter->run()
#4 /opt/lampp/htdocs/CodeIgniter/ci-TodoApp2/vendor/codeigniter4/framework/system/Commands/Server/rewrite.php(45): require_once('/opt/lampp/htdo...')
#5 {main}
CRITICAL - 2021-08-04 12:44:06 --> Too few arguments to function App\Controllers\TodoAppController::kivalasztottFeladat(), 0 passed in /opt/lampp/htdocs/CodeIgniter/ci-TodoApp2/vendor/codeigniter4/framework/system/CodeIgniter.php on line 928 and exactly 1 expected
#0 /opt/lampp/htdocs/CodeIgniter/ci-TodoApp2/vendor/codeigniter4/framework/system/CodeIgniter.php(928): App\Controllers\TodoAppController->kivalasztottFeladat()
#1 /opt/lampp/htdocs/CodeIgniter/ci-TodoApp2/vendor/codeigniter4/framework/system/CodeIgniter.php(436): CodeIgniter\CodeIgniter->runController(Object(App\Controllers\TodoAppController))
#2 /opt/lampp/htdocs/CodeIgniter/ci-TodoApp2/vendor/codeigniter4/framework/system/CodeIgniter.php(336): CodeIgniter\CodeIgniter->handleRequest(NULL, Object(Config\Cache), false)
#3 /opt/lampp/htdocs/CodeIgniter/ci-TodoApp2/public/index.php(37): CodeIgniter\CodeIgniter->run()
#4 /opt/lampp/htdocs/CodeIgniter/ci-TodoApp2/vendor/codeigniter4/framework/system/Commands/Server/rewrite.php(45): require_once('/opt/lampp/htdo...')
#5 {main}
CRITICAL - 2021-08-04 12:57:36 --> Too few arguments to function App\Controllers\TodoAppController::kivalasztottFeladat(), 0 passed in /opt/lampp/htdocs/CodeIgniter/ci-TodoApp2/vendor/codeigniter4/framework/system/CodeIgniter.php on line 928 and exactly 1 expected
#0 /opt/lampp/htdocs/CodeIgniter/ci-TodoApp2/vendor/codeigniter4/framework/system/CodeIgniter.php(928): App\Controllers\TodoAppController->kivalasztottFeladat()
#1 /opt/lampp/htdocs/CodeIgniter/ci-TodoApp2/vendor/codeigniter4/framework/system/CodeIgniter.php(436): CodeIgniter\CodeIgniter->runController(Object(App\Controllers\TodoAppController))
#2 /opt/lampp/htdocs/CodeIgniter/ci-TodoApp2/vendor/codeigniter4/framework/system/CodeIgniter.php(336): CodeIgniter\CodeIgniter->handleRequest(NULL, Object(Config\Cache), false)
#3 /opt/lampp/htdocs/CodeIgniter/ci-TodoApp2/public/index.php(37): CodeIgniter\CodeIgniter->run()
#4 /opt/lampp/htdocs/CodeIgniter/ci-TodoApp2/vendor/codeigniter4/framework/system/Commands/Server/rewrite.php(45): require_once('/opt/lampp/htdo...')
#5 {main}
CRITICAL - 2021-08-04 12:59:57 --> Too few arguments to function App\Controllers\TodoAppController::kivalasztottFeladat(), 0 passed in /opt/lampp/htdocs/CodeIgniter/ci-TodoApp2/vendor/codeigniter4/framework/system/CodeIgniter.php on line 928 and exactly 1 expected
#0 /opt/lampp/htdocs/CodeIgniter/ci-TodoApp2/vendor/codeigniter4/framework/system/CodeIgniter.php(928): App\Controllers\TodoAppController->kivalasztottFeladat()
#1 /opt/lampp/htdocs/CodeIgniter/ci-TodoApp2/vendor/codeigniter4/framework/system/CodeIgniter.php(436): CodeIgniter\CodeIgniter->runController(Object(App\Controllers\TodoAppController))
#2 /opt/lampp/htdocs/CodeIgniter/ci-TodoApp2/vendor/codeigniter4/framework/system/CodeIgniter.php(336): CodeIgniter\CodeIgniter->handleRequest(NULL, Object(Config\Cache), false)
#3 /opt/lampp/htdocs/CodeIgniter/ci-TodoApp2/public/index.php(37): CodeIgniter\CodeIgniter->run()
#4 /opt/lampp/htdocs/CodeIgniter/ci-TodoApp2/vendor/codeigniter4/framework/system/Commands/Server/rewrite.php(45): require_once('/opt/lampp/htdo...')
#5 {main}
CRITICAL - 2021-08-04 13:03:45 --> Call to undefined function App\Controllers\setJSON()
#0 /opt/lampp/htdocs/CodeIgniter/ci-TodoApp2/vendor/codeigniter4/framework/system/CodeIgniter.php(928): App\Controllers\TodoAppController->kivalasztottFeladat('63')
#1 /opt/lampp/htdocs/CodeIgniter/ci-TodoApp2/vendor/codeigniter4/framework/system/CodeIgniter.php(436): CodeIgniter\CodeIgniter->runController(Object(App\Controllers\TodoAppController))
#2 /opt/lampp/htdocs/CodeIgniter/ci-TodoApp2/vendor/codeigniter4/framework/system/CodeIgniter.php(336): CodeIgniter\CodeIgniter->handleRequest(NULL, Object(Config\Cache), false)
#3 /opt/lampp/htdocs/CodeIgniter/ci-TodoApp2/public/index.php(37): CodeIgniter\CodeIgniter->run()
#4 /opt/lampp/htdocs/CodeIgniter/ci-TodoApp2/vendor/codeigniter4/framework/system/Commands/Server/rewrite.php(45): require_once('/opt/lampp/htdo...')
#5 {main}
